2017-03-20 10:43:37.801 [nettyDefaultEventExecutorGroup-2-1] ERROR c.n.b.e.h.r.ApplyDissolutionHandler - 加入房间出错:301148,{}
com.net.server.exceptions.GameException: 房间不存在
	at com.net.business.extensions.handler.room.JoinRoomHandler.handleClientRequest(JoinRoomHandler.java:36) ~[classes/:na]
	at com.net.business.extensions.core.GameExtension.handleClientRequest(GameExtension.java:80) [classes/:na]
	at com.net.server.controllers.ExtensionReqController.processRequest(ExtensionReqController.java:97) [classes/:na]
	at com.net.server.controllers.ExtensionReqController$RequestRunner.run(ExtensionReqController.java:150) [classes/:na]
	at io.netty.util.concurrent.DefaultEventExecutor.run(DefaultEventExecutor.java:66) [netty-all-4.1.5.Final.jar:4.1.5.Final]
	at io.netty.util.concurrent.SingleThreadEventExecutor$5.run(SingleThreadEventExecutor.java:873) [netty-all-4.1.5.Final.jar:4.1.5.Final]
	at io.netty.util.concurrent.DefaultThreadFactory$DefaultRunnableDecorator.run(DefaultThreadFactory.java:144) [netty-all-4.1.5.Final.jar:4.1.5.Final]
	at java.lang.Thread.run(Thread.java:745) [na:1.8.0_60]
2017-03-20 10:44:25.219 [nioEventLoopGroup-4-1] ERROR c.net.engine.handler.ServerHandler - Work线程池系统错误
java.io.IOException: 远程主机强迫关闭了一个现有的连接。
	at sun.nio.ch.SocketDispatcher.read0(Native Method) ~[na:1.8.0_60]
	at sun.nio.ch.SocketDispatcher.read(SocketDispatcher.java:43) ~[na:1.8.0_60]
	at sun.nio.ch.IOUtil.readIntoNativeBuffer(IOUtil.java:223) ~[na:1.8.0_60]
	at sun.nio.ch.IOUtil.read(IOUtil.java:192) ~[na:1.8.0_60]
	at sun.nio.ch.SocketChannelImpl.read(SocketChannelImpl.java:380) ~[na:1.8.0_60]
	at io.netty.buffer.PooledUnsafeDirectByteBuf.setBytes(PooledUnsafeDirectByteBuf.java:288) ~[netty-all-4.1.5.Final.jar:4.1.5.Final]
	at io.netty.buffer.AbstractByteBuf.writeBytes(AbstractByteBuf.java:1100) ~[netty-all-4.1.5.Final.jar:4.1.5.Final]
	at io.netty.channel.socket.nio.NioSocketChannel.doReadBytes(NioSocketChannel.java:367) ~[netty-all-4.1.5.Final.jar:4.1.5.Final]
	at io.netty.channel.nio.AbstractNioByteChannel$NioByteUnsafe.read(AbstractNioByteChannel.java:118) ~[netty-all-4.1.5.Final.jar:4.1.5.Final]
	at io.netty.channel.nio.NioEventLoop.processSelectedKey(NioEventLoop.java:610) [netty-all-4.1.5.Final.jar:4.1.5.Final]
	at io.netty.channel.nio.NioEventLoop.processSelectedKeysOptimized(NioEventLoop.java:551) [netty-all-4.1.5.Final.jar:4.1.5.Final]
	at io.netty.channel.nio.NioEventLoop.processSelectedKeys(NioEventLoop.java:465) [netty-all-4.1.5.Final.jar:4.1.5.Final]
	at io.netty.channel.nio.NioEventLoop.run(NioEventLoop.java:437) [netty-all-4.1.5.Final.jar:4.1.5.Final]
	at io.netty.util.concurrent.SingleThreadEventExecutor$5.run(SingleThreadEventExecutor.java:873) [netty-all-4.1.5.Final.jar:4.1.5.Final]
	at io.netty.util.concurrent.DefaultThreadFactory$DefaultRunnableDecorator.run(DefaultThreadFactory.java:144) [netty-all-4.1.5.Final.jar:4.1.5.Final]
	at java.lang.Thread.run(Thread.java:745) [na:1.8.0_60]
2017-03-20 10:46:29.732 [nettyDefaultEventExecutorGroup-2-1] ERROR c.n.b.e.h.r.ApplyDissolutionHandler - 加入房间出错:301148,{}
com.net.server.exceptions.GameException: 房间不存在
	at com.net.business.extensions.handler.room.JoinRoomHandler.handleClientRequest(JoinRoomHandler.java:36) ~[classes/:na]
	at com.net.business.extensions.core.GameExtension.handleClientRequest(GameExtension.java:80) [classes/:na]
	at com.net.server.controllers.ExtensionReqController.processRequest(ExtensionReqController.java:97) [classes/:na]
	at com.net.server.controllers.ExtensionReqController$RequestRunner.run(ExtensionReqController.java:150) [classes/:na]
	at io.netty.util.concurrent.DefaultEventExecutor.run(DefaultEventExecutor.java:66) [netty-all-4.1.5.Final.jar:4.1.5.Final]
	at io.netty.util.concurrent.SingleThreadEventExecutor$5.run(SingleThreadEventExecutor.java:873) [netty-all-4.1.5.Final.jar:4.1.5.Final]
	at io.netty.util.concurrent.DefaultThreadFactory$DefaultRunnableDecorator.run(DefaultThreadFactory.java:144) [netty-all-4.1.5.Final.jar:4.1.5.Final]
	at java.lang.Thread.run(Thread.java:745) [na:1.8.0_60]
2017-03-20 14:06:17.544 [nioEventLoopGroup-4-1] ERROR c.net.engine.handler.ServerHandler - Work线程池系统错误
java.io.IOException: 远程主机强迫关闭了一个现有的连接。
	at sun.nio.ch.SocketDispatcher.read0(Native Method) ~[na:1.8.0_60]
	at sun.nio.ch.SocketDispatcher.read(SocketDispatcher.java:43) ~[na:1.8.0_60]
	at sun.nio.ch.IOUtil.readIntoNativeBuffer(IOUtil.java:223) ~[na:1.8.0_60]
	at sun.nio.ch.IOUtil.read(IOUtil.java:192) ~[na:1.8.0_60]
	at sun.nio.ch.SocketChannelImpl.read(SocketChannelImpl.java:380) ~[na:1.8.0_60]
	at io.netty.buffer.PooledUnsafeDirectByteBuf.setBytes(PooledUnsafeDirectByteBuf.java:288) ~[netty-all-4.1.5.Final.jar:4.1.5.Final]
	at io.netty.buffer.AbstractByteBuf.writeBytes(AbstractByteBuf.java:1100) ~[netty-all-4.1.5.Final.jar:4.1.5.Final]
	at io.netty.channel.socket.nio.NioSocketChannel.doReadBytes(NioSocketChannel.java:367) ~[netty-all-4.1.5.Final.jar:4.1.5.Final]
	at io.netty.channel.nio.AbstractNioByteChannel$NioByteUnsafe.read(AbstractNioByteChannel.java:118) ~[netty-all-4.1.5.Final.jar:4.1.5.Final]
	at io.netty.channel.nio.NioEventLoop.processSelectedKey(NioEventLoop.java:610) [netty-all-4.1.5.Final.jar:4.1.5.Final]
	at io.netty.channel.nio.NioEventLoop.processSelectedKeysOptimized(NioEventLoop.java:551) [netty-all-4.1.5.Final.jar:4.1.5.Final]
	at io.netty.channel.nio.NioEventLoop.processSelectedKeys(NioEventLoop.java:465) [netty-all-4.1.5.Final.jar:4.1.5.Final]
	at io.netty.channel.nio.NioEventLoop.run(NioEventLoop.java:437) [netty-all-4.1.5.Final.jar:4.1.5.Final]
	at io.netty.util.concurrent.SingleThreadEventExecutor$5.run(SingleThreadEventExecutor.java:873) [netty-all-4.1.5.Final.jar:4.1.5.Final]
	at io.netty.util.concurrent.DefaultThreadFactory$DefaultRunnableDecorator.run(DefaultThreadFactory.java:144) [netty-all-4.1.5.Final.jar:4.1.5.Final]
	at java.lang.Thread.run(Thread.java:745) [na:1.8.0_60]
2017-03-20 14:17:00.767 [nettyDefaultEventExecutorGroup-2-3] ERROR c.n.b.e.h.r.ApplyDissolutionHandler - 游戏出牌出错:301143,{}
com.net.server.exceptions.GameException: 非法操作
	at com.net.business.util.game.GameUtils.chuPai(GameUtils.java:297) ~[classes/:na]
	at com.net.business.extensions.handler.room.OutCardHandler.handleClientRequest(OutCardHandler.java:38) ~[classes/:na]
	at com.net.business.extensions.core.GameExtension.handleClientRequest(GameExtension.java:80) [classes/:na]
	at com.net.server.controllers.ExtensionReqController.processRequest(ExtensionReqController.java:97) [classes/:na]
	at com.net.server.controllers.ExtensionReqController$RequestRunner.run(ExtensionReqController.java:150) [classes/:na]
	at io.netty.util.concurrent.DefaultEventExecutor.run(DefaultEventExecutor.java:66) [netty-all-4.1.5.Final.jar:4.1.5.Final]
	at io.netty.util.concurrent.SingleThreadEventExecutor$5.run(SingleThreadEventExecutor.java:873) [netty-all-4.1.5.Final.jar:4.1.5.Final]
	at io.netty.util.concurrent.DefaultThreadFactory$DefaultRunnableDecorator.run(DefaultThreadFactory.java:144) [netty-all-4.1.5.Final.jar:4.1.5.Final]
	at java.lang.Thread.run(Thread.java:745) [na:1.8.0_60]
2017-03-20 14:17:02.458 [nettyDefaultEventExecutorGroup-2-3] ERROR c.n.b.e.h.r.ApplyDissolutionHandler - 游戏出牌出错:301143,{}
com.net.server.exceptions.GameException: 非法操作
	at com.net.business.util.game.GameUtils.chuPai(GameUtils.java:297) ~[classes/:na]
	at com.net.business.extensions.handler.room.OutCardHandler.handleClientRequest(OutCardHandler.java:38) ~[classes/:na]
	at com.net.business.extensions.core.GameExtension.handleClientRequest(GameExtension.java:80) [classes/:na]
	at com.net.server.controllers.ExtensionReqController.processRequest(ExtensionReqController.java:97) [classes/:na]
	at com.net.server.controllers.ExtensionReqController$RequestRunner.run(ExtensionReqController.java:150) [classes/:na]
	at io.netty.util.concurrent.DefaultEventExecutor.run(DefaultEventExecutor.java:66) [netty-all-4.1.5.Final.jar:4.1.5.Final]
	at io.netty.util.concurrent.SingleThreadEventExecutor$5.run(SingleThreadEventExecutor.java:873) [netty-all-4.1.5.Final.jar:4.1.5.Final]
	at io.netty.util.concurrent.DefaultThreadFactory$DefaultRunnableDecorator.run(DefaultThreadFactory.java:144) [netty-all-4.1.5.Final.jar:4.1.5.Final]
	at java.lang.Thread.run(Thread.java:745) [na:1.8.0_60]
2017-03-20 14:17:02.626 [nettyDefaultEventExecutorGroup-2-3] ERROR c.n.b.e.h.r.ApplyDissolutionHandler - 游戏出牌出错:301143,{}
com.net.server.exceptions.GameException: 非法操作
	at com.net.business.util.game.GameUtils.chuPai(GameUtils.java:297) ~[classes/:na]
	at com.net.business.extensions.handler.room.OutCardHandler.handleClientRequest(OutCardHandler.java:38) ~[classes/:na]
	at com.net.business.extensions.core.GameExtension.handleClientRequest(GameExtension.java:80) [classes/:na]
	at com.net.server.controllers.ExtensionReqController.processRequest(ExtensionReqController.java:97) [classes/:na]
	at com.net.server.controllers.ExtensionReqController$RequestRunner.run(ExtensionReqController.java:150) [classes/:na]
	at io.netty.util.concurrent.DefaultEventExecutor.run(DefaultEventExecutor.java:66) [netty-all-4.1.5.Final.jar:4.1.5.Final]
	at io.netty.util.concurrent.SingleThreadEventExecutor$5.run(SingleThreadEventExecutor.java:873) [netty-all-4.1.5.Final.jar:4.1.5.Final]
	at io.netty.util.concurrent.DefaultThreadFactory$DefaultRunnableDecorator.run(DefaultThreadFactory.java:144) [netty-all-4.1.5.Final.jar:4.1.5.Final]
	at java.lang.Thread.run(Thread.java:745) [na:1.8.0_60]
2017-03-20 14:17:07.157 [nettyDefaultEventExecutorGroup-2-3] ERROR c.n.b.e.h.r.ApplyDissolutionHandler - 游戏出牌出错:301143,{}
com.net.server.exceptions.GameException: 非法操作
	at com.net.business.util.game.GameUtils.chuPai(GameUtils.java:297) ~[classes/:na]
	at com.net.business.extensions.handler.room.OutCardHandler.handleClientRequest(OutCardHandler.java:38) ~[classes/:na]
	at com.net.business.extensions.core.GameExtension.handleClientRequest(GameExtension.java:80) [classes/:na]
	at com.net.server.controllers.ExtensionReqController.processRequest(ExtensionReqController.java:97) [classes/:na]
	at com.net.server.controllers.ExtensionReqController$RequestRunner.run(ExtensionReqController.java:150) [classes/:na]
	at io.netty.util.concurrent.DefaultEventExecutor.run(DefaultEventExecutor.java:66) [netty-all-4.1.5.Final.jar:4.1.5.Final]
	at io.netty.util.concurrent.SingleThreadEventExecutor$5.run(SingleThreadEventExecutor.java:873) [netty-all-4.1.5.Final.jar:4.1.5.Final]
	at io.netty.util.concurrent.DefaultThreadFactory$DefaultRunnableDecorator.run(DefaultThreadFactory.java:144) [netty-all-4.1.5.Final.jar:4.1.5.Final]
	at java.lang.Thread.run(Thread.java:745) [na:1.8.0_60]
