2017-04-14 01:53:30.828 [main] INFO  com.net.server.GameServer - Boot sequence starts...
2017-04-14 01:53:32.198 [main] INFO  c.a.druid.pool.DruidDataSource - {dataSource-1} inited
2017-04-14 01:53:32.668 [main] INFO  com.net.server.GameServer - init spring container success. 
2017-04-14 01:53:32.735 [main] INFO  c.n.s.config.DefaultConfigLoader - Loading: config/core.xml
2017-04-14 01:53:33.024 [main] INFO  com.net.server.core.SFSEventManager -  initalized
2017-04-14 01:53:33.080 [main] INFO  com.net.server.GameServer - Protocol Type is: BINARY
2017-04-14 01:53:33.081 [main] INFO  c.n.s.config.DefaultConfigLoader - Loading: zones\BasicExamples.zone.xml
2017-04-14 01:53:33.130 [main] INFO  com.net.engine.core.NetEngine - NetWorkServer 1X
2017-04-14 01:53:33.141 [main] INFO  com.net.engine.core.NetEngine - BitSwarmEngine version: 3.30.1 { main }
2017-04-14 01:53:33.146 [main] INFO  com.net.engine.core.NetEngine - System Info:
	Processor(s): 8
	VM Max. memory: 1895MB
	os.name: Windows 7
	os.arch: amd64
	os.version: 6.1
	java.version: 1.8.0_60
	java.vendor: Oracle Corporation
	java.vendor.url: http://java.oracle.com/
	java.vm.specification.version: 1.8
	java.vm.version: 25.60-b23
	java.vm.vendor: Oracle Corporation
	java.vm.name: Java HotSpot(TM) 64-Bit Server VM
	java.io.tmpdir: C:\Users\ADMINI~1\AppData\Local\Temp\
	Default charset: UTF-8

2017-04-14 01:53:33.180 [main] INFO  com.net.engine.core.NetEngine - Network Info:
	Card: Software Loopback Interface 1
		 ->127.0.0.1
		 ->0:0:0:0:0:0:0:1
	Card: WAN Miniport (SSTP)
	Card: WAN Miniport (L2TP)
	Card: WAN Miniport (PPTP)
	Card: WAN Miniport (PPPOE)
	Card: WAN Miniport (IPv6)
	Card: WAN Miniport (Network Monitor)
	Card: WAN Miniport (IP)
	Card: RAS Async Adapter
	Card: WAN Miniport (IKEv2)
	Card: Microsoft Teredo Tunneling Adapter
		 ->2001:0:9d38:953c:3896:d64a:95a8:f950
		 ->fe80:0:0:0:3896:d64a:95a8:f950%net4
	Card: Intel(R) Ethernet Connection I217-V
		 ->192.168.1.114
		 ->fe80:0:0:0:8c3e:fb68:1e96:e9ff%eth3
	Card: Realtek RTL8192EU Wireless LAN 802.11n USB 2.0 Network Adapter
	Card: Realtek RTL8188EU Wireless LAN 802.11n USB 2.0 Network Adapter
	Card: Microsoft ISATAP Adapter
		 ->fe80:0:0:0:0:5efe:c0a8:172%net5
	Card: Intel(R) Ethernet Connection I217-V-QoS Packet Scheduler-0000
	Card: Intel(R) Ethernet Connection I217-V-WFP LightWeight Filter-0000
	Card: WAN Miniport (Network Monitor)-QoS Packet Scheduler-0000
	Card: WAN Miniport (IP)-QoS Packet Scheduler-0000
	Card: WAN Miniport (IPv6)-QoS Packet Scheduler-0000

2017-04-14 01:53:33.227 [main] INFO  com.net.engine.core.NetEngine - Session manager ready: com.net.engine.sessions.DefaultSessionManager@263bbfeb
2017-04-14 01:53:33.471 [Scheduler1-thread-1] INFO  bootLogger - Scheduler started: scheduler
2017-04-14 01:53:33.471 [main] INFO  bootLogger - Controller started: com.net.server.controllers.SystemReqController 
2017-04-14 01:53:33.472 [main] INFO  bootLogger - Controller started: com.net.server.controllers.ExtensionReqController 
2017-04-14 01:53:33.524 [main] INFO  bootLogger - WebSocket服务已启动:127.0.0.1:8888
2017-04-14 01:53:33.524 [main] INFO  bootLogger - Socket Writer started (pool size:1)
2017-04-14 01:53:33.536 [main] INFO  bootLogger - Security Manager started
2017-04-14 01:53:33.540 [main] INFO  com.net.engine.core.NetEngine - [[[ ===--- Boot sequence complete ---=== ]]]
2017-04-14 01:53:33.546 [nettyDefaultEventExecutorGroup-2-2] INFO  com.net.server.GameServer - Listening Sockets: { 127.0.0.1:8888 (WebSocket) }
2017-04-14 01:53:33.547 [nettyDefaultEventExecutorGroup-2-2] INFO  com.net.server.GameServer - SmartFoxServer 2X (1.0.0) READY!
2017-04-14 01:53:33.642 [nettyDefaultEventExecutorGroup-2-3] INFO  c.n.b.basedata.BaseDataManager - ==============加载静态数据成功===============
