2018-10-08 18:53:15.393 [main] INFO  com.net.server.GameServer - Boot sequence starts...
2018-10-08 18:54:23.517 [main] INFO  c.a.druid.pool.DruidDataSource - {dataSource-1} inited
2018-10-08 18:54:54.475 [main] INFO  com.net.server.GameServer - Boot sequence starts...
2018-10-08 18:55:02.539 [main] INFO  c.a.druid.pool.DruidDataSource - {dataSource-1} inited
2018-10-08 18:55:02.815 [main] INFO  com.net.server.GameServer - init spring container success. 
2018-10-08 18:55:02.821 [main] INFO  c.n.s.config.DefaultConfigLoader - Loading: config/core.xml
2018-10-08 18:55:03.028 [main] INFO  com.net.server.core.SFSEventManager -  initalized
2018-10-08 18:55:03.038 [main] INFO  com.net.server.GameServer - Protocol Type is: BINARY
2018-10-08 18:55:03.038 [main] INFO  c.n.s.config.DefaultConfigLoader - Loading: zones\BasicExamples.zone.xml
2018-10-08 18:55:03.051 [main] INFO  com.net.engine.core.NetEngine - NetWorkServer 1X
2018-10-08 18:55:03.052 [main] INFO  com.net.engine.core.NetEngine - BitSwarmEngine version: 3.30.1 { main }
2018-10-08 18:55:03.056 [main] INFO  com.net.engine.core.NetEngine - Session manager ready: com.net.engine.sessions.DefaultSessionManager@4f2613d1
2018-10-08 18:55:03.261 [main] INFO  com.net.engine.core.SocketAcceptor - 成功绑定端口192.168.2.122:9934
2018-10-08 18:55:03.264 [main] INFO  bootLogger - Controller started: com.net.server.controllers.SystemReqController 
2018-10-08 18:55:03.265 [main] INFO  bootLogger - Controller started: com.net.server.controllers.ExtensionReqController 
2018-10-08 18:55:03.268 [Scheduler1-thread-1] INFO  bootLogger - Scheduler started: scheduler
2018-10-08 18:55:03.277 [main] INFO  bootLogger - WebSocket服务已启动:192.168.2.122:8888
2018-10-08 18:55:03.277 [main] INFO  bootLogger - Socket Writer started (pool size:1)
2018-10-08 18:55:03.278 [main] INFO  bootLogger - Security Manager started
2018-10-08 18:55:03.279 [main] INFO  com.net.engine.core.NetEngine - [[[ ===--- Boot sequence complete ---=== ]]]
2018-10-08 18:55:03.281 [nettyDefaultEventExecutorGroup-2-2] INFO  com.net.server.GameServer - Listening Sockets: { 192.168.2.122:8888 (WebSocket) }
2018-10-08 18:55:03.281 [nettyDefaultEventExecutorGroup-2-2] INFO  com.net.server.GameServer - SmartFoxServer 2X (1.0.0) READY!
2018-10-08 18:55:03.283 [nettyDefaultEventExecutorGroup-2-3] INFO  c.n.b.basedata.BaseDataManager - ==============加载静态数据成功===============
2018-10-08 18:55:09.674 [nioEventLoopGroup-4-1] INFO  c.n.e.s.DefaultSessionManager - Session created: { Id: 1, Type: DEFAULT, Logged: No, IP: 27.0.0.1/127.0.0.1:62880 } on Server port: 9934 <---> 62880
2018-10-08 19:02:07.256 [nioEventLoopGroup-4-1] INFO  c.n.e.s.DefaultSessionManager - Session removed: { Id: 1, Type: DEFAULT, Logged: No, IP: 27.0.0.1/127.0.0.1:62880 }
2018-10-08 19:02:22.405 [main] INFO  com.net.server.GameServer - Boot sequence starts...
2018-10-08 19:02:30.423 [main] INFO  c.a.druid.pool.DruidDataSource - {dataSource-1} inited
2018-10-08 19:02:30.758 [main] INFO  com.net.server.GameServer - init spring container success. 
2018-10-08 19:02:30.771 [main] INFO  c.n.s.config.DefaultConfigLoader - Loading: config/core.xml
2018-10-08 19:02:31.063 [main] INFO  com.net.server.core.SFSEventManager -  initalized
2018-10-08 19:02:31.077 [main] INFO  com.net.server.GameServer - Protocol Type is: BINARY
2018-10-08 19:02:31.078 [main] INFO  c.n.s.config.DefaultConfigLoader - Loading: zones\BasicExamples.zone.xml
2018-10-08 19:02:31.091 [main] INFO  com.net.engine.core.NetEngine - NetWorkServer 1X
2018-10-08 19:02:31.092 [main] INFO  com.net.engine.core.NetEngine - BitSwarmEngine version: 3.30.1 { main }
2018-10-08 19:02:31.096 [main] INFO  com.net.engine.core.NetEngine - Session manager ready: com.net.engine.sessions.DefaultSessionManager@77e7246b
2018-10-08 19:02:31.338 [main] INFO  com.net.engine.core.SocketAcceptor - 成功绑定端口192.168.2.122:9934
2018-10-08 19:02:31.340 [main] INFO  bootLogger - Controller started: com.net.server.controllers.SystemReqController 
2018-10-08 19:02:31.341 [main] INFO  bootLogger - Controller started: com.net.server.controllers.ExtensionReqController 
2018-10-08 19:02:31.354 [Scheduler1-thread-1] INFO  bootLogger - Scheduler started: scheduler
2018-10-08 19:02:31.355 [main] INFO  bootLogger - WebSocket服务已启动:192.168.2.122:8888
2018-10-08 19:02:31.356 [main] INFO  bootLogger - Socket Writer started (pool size:1)
2018-10-08 19:02:31.357 [main] INFO  bootLogger - Security Manager started
2018-10-08 19:02:31.358 [main] INFO  com.net.engine.core.NetEngine - [[[ ===--- Boot sequence complete ---=== ]]]
2018-10-08 19:02:31.372 [nettyDefaultEventExecutorGroup-2-2] INFO  com.net.server.GameServer - Listening Sockets: { 192.168.2.122:8888 (WebSocket) }
2018-10-08 19:02:31.372 [nettyDefaultEventExecutorGroup-2-2] INFO  com.net.server.GameServer - SmartFoxServer 2X (1.0.0) READY!
2018-10-08 19:02:31.375 [nettyDefaultEventExecutorGroup-2-3] INFO  c.n.b.basedata.BaseDataManager - ==============加载静态数据成功===============
2018-10-08 19:02:36.174 [nioEventLoopGroup-4-1] INFO  c.n.e.s.DefaultSessionManager - Session created: { Id: 1, Type: DEFAULT, Logged: No, IP: 27.0.0.1/127.0.0.1:64167 } on Server port: 9934 <---> 64167
2018-10-08 19:02:52.585 [nioEventLoopGroup-6-1] INFO  c.n.e.w.boot.WebSocketFrameHandler - [id: 0x377974a6, L:/127.0.0.1:8888 - R:/127.0.0.1:64199] received [object Object]
2018-10-08 19:03:37.513 [nioEventLoopGroup-6-2] INFO  c.n.e.w.boot.WebSocketFrameHandler - [id: 0xe97feca0, L:/127.0.0.1:8888 - R:/127.0.0.1:64315] received [object Object]
2018-10-08 19:04:01.835 [nioEventLoopGroup-4-1] INFO  c.n.e.s.DefaultSessionManager - Session removed: { Id: 1, Type: DEFAULT, Logged: No, IP: 27.0.0.1/127.0.0.1:64167 }
2018-10-08 19:04:35.428 [main] INFO  com.net.server.GameServer - Boot sequence starts...
2018-10-08 19:04:42.874 [main] INFO  c.a.druid.pool.DruidDataSource - {dataSource-1} inited
2018-10-08 19:04:43.210 [main] INFO  com.net.server.GameServer - init spring container success. 
2018-10-08 19:04:43.218 [main] INFO  c.n.s.config.DefaultConfigLoader - Loading: config/core.xml
2018-10-08 19:04:43.466 [main] INFO  com.net.server.core.SFSEventManager -  initalized
2018-10-08 19:04:43.475 [main] INFO  com.net.server.GameServer - Protocol Type is: BINARY
2018-10-08 19:04:43.475 [main] INFO  c.n.s.config.DefaultConfigLoader - Loading: zones\BasicExamples.zone.xml
2018-10-08 19:04:43.488 [main] INFO  com.net.engine.core.NetEngine - NetWorkServer 1X
2018-10-08 19:04:43.489 [main] INFO  com.net.engine.core.NetEngine - BitSwarmEngine version: 3.30.1 { main }
2018-10-08 19:04:43.492 [main] INFO  com.net.engine.core.NetEngine - Session manager ready: com.net.engine.sessions.DefaultSessionManager@77e7246b
2018-10-08 19:04:43.699 [main] INFO  com.net.engine.core.SocketAcceptor - 成功绑定端口192.168.2.122:9934
2018-10-08 19:04:43.704 [main] INFO  bootLogger - Controller started: com.net.server.controllers.SystemReqController 
2018-10-08 19:04:43.704 [Scheduler1-thread-1] INFO  bootLogger - Scheduler started: scheduler
2018-10-08 19:04:43.704 [main] INFO  bootLogger - Controller started: com.net.server.controllers.ExtensionReqController 
2018-10-08 19:04:43.705 [main] INFO  bootLogger - Socket Writer started (pool size:1)
2018-10-08 19:04:43.706 [main] INFO  bootLogger - Security Manager started
2018-10-08 19:04:43.707 [main] INFO  com.net.engine.core.NetEngine - [[[ ===--- Boot sequence complete ---=== ]]]
2018-10-08 19:04:43.708 [nettyDefaultEventExecutorGroup-2-2] INFO  com.net.server.GameServer - Listening Sockets: 
2018-10-08 19:04:43.709 [nettyDefaultEventExecutorGroup-2-2] INFO  com.net.server.GameServer - SmartFoxServer 2X (1.0.0) READY!
2018-10-08 19:04:43.727 [nettyDefaultEventExecutorGroup-2-3] INFO  c.n.b.basedata.BaseDataManager - ==============加载静态数据成功===============
2018-10-08 19:04:53.728 [nioEventLoopGroup-4-1] INFO  c.n.e.s.DefaultSessionManager - Session created: { Id: 1, Type: DEFAULT, Logged: No, IP: 27.0.0.1/127.0.0.1:64482 } on Server port: 9934 <---> 64482
2018-10-08 19:16:15.422 [nettyDefaultEventExecutorGroup-2-4] INFO  com.net.server.entities.GameZone - 用户{0}登录成功
2018-10-08 19:16:15.423 [nettyDefaultEventExecutorGroup-2-4] INFO  com.net.server.api.GameApi - User login: ( User Name: 大王, Id: 1, Priv: 0, Sess:  ) 
2018-10-08 20:31:27.198 [nettyDefaultEventExecutorGroup-2-2] INFO  com.net.server.entities.GameZone - 用户{0}登录成功
2018-10-08 20:31:27.199 [nettyDefaultEventExecutorGroup-2-2] INFO  com.net.server.api.GameApi - User login: ( User Name: 大王, Id: 1, Priv: 0, Sess:  ) 
2018-10-08 20:34:24.050 [nettyDefaultEventExecutorGroup-2-4] INFO  com.net.server.entities.GameZone - 用户{0}登录成功
2018-10-08 20:34:24.050 [nettyDefaultEventExecutorGroup-2-4] INFO  com.net.server.api.GameApi - User login: ( User Name: 大王, Id: 1, Priv: 0, Sess:  ) 
2018-10-08 20:35:18.362 [nettyDefaultEventExecutorGroup-2-2] INFO  com.net.server.entities.GameZone - 用户{0}登录成功
2018-10-08 20:35:18.363 [nettyDefaultEventExecutorGroup-2-2] INFO  com.net.server.api.GameApi - User login: ( User Name: 大王, Id: 1, Priv: 0, Sess:  ) 
2018-10-08 20:35:29.410 [nettyDefaultEventExecutorGroup-2-4] INFO  com.net.server.entities.GameZone - 用户{0}登录成功
2018-10-08 20:35:29.411 [nettyDefaultEventExecutorGroup-2-4] INFO  com.net.server.api.GameApi - User login: ( User Name: 大王, Id: 1, Priv: 0, Sess:  ) 
2018-10-08 20:37:05.970 [nettyDefaultEventExecutorGroup-2-2] INFO  com.net.server.entities.GameZone - 用户{0}登录成功
2018-10-08 20:37:05.970 [nettyDefaultEventExecutorGroup-2-2] INFO  com.net.server.api.GameApi - User login: ( User Name: 大王, Id: 1, Priv: 0, Sess:  ) 
2018-10-08 20:37:41.679 [nettyDefaultEventExecutorGroup-2-4] INFO  com.net.server.entities.GameZone - 用户{0}登录成功
2018-10-08 20:37:41.679 [nettyDefaultEventExecutorGroup-2-4] INFO  com.net.server.api.GameApi - User login: ( User Name: 大王, Id: 1, Priv: 0, Sess:  ) 
2018-10-08 20:37:42.597 [nettyDefaultEventExecutorGroup-2-2] INFO  com.net.server.entities.GameZone - 用户{0}登录成功
2018-10-08 20:37:42.597 [nettyDefaultEventExecutorGroup-2-2] INFO  com.net.server.api.GameApi - User login: ( User Name: 大王, Id: 1, Priv: 0, Sess:  ) 
2018-10-08 20:37:50.798 [nettyDefaultEventExecutorGroup-2-4] INFO  com.net.server.entities.GameZone - 用户{0}登录成功
2018-10-08 20:37:50.798 [nettyDefaultEventExecutorGroup-2-4] INFO  com.net.server.api.GameApi - User login: ( User Name: 大王, Id: 1, Priv: 0, Sess:  ) 
2018-10-08 20:37:54.505 [nettyDefaultEventExecutorGroup-2-2] INFO  com.net.server.entities.GameZone - 用户{0}登录成功
2018-10-08 20:37:54.505 [nettyDefaultEventExecutorGroup-2-2] INFO  com.net.server.api.GameApi - User login: ( User Name: 大王, Id: 1, Priv: 0, Sess:  ) 
2018-10-08 21:03:06.145 [main] INFO  com.net.server.GameServer - Boot sequence starts...
2018-10-08 21:03:06.244 [main] INFO  o.s.c.s.ClassPathXmlApplicationContext - Refreshing org.springframework.context.support.ClassPathXmlApplicationContext@1a677343: startup date [Mon Oct 08 21:03:06 CST 2018]; root of context hierarchy
2018-10-08 21:03:06.284 [main] INFO  o.s.b.f.xml.XmlBeanDefinitionReader - Loading XML bean definitions from class path resource [spring/applicationContext.xml]
2018-10-08 21:03:06.560 [main] INFO  o.s.b.f.xml.XmlBeanDefinitionReader - Loading XML bean definitions from class path resource [spring/spring-redis.xml]
2018-10-08 21:03:06.735 [main] INFO  o.s.b.f.c.PropertyPlaceholderConfigurer - Loading properties file from class path resource [config.properties]
2018-10-08 21:03:06.884 [main] INFO  com.net.server.GameServer - init spring container success. 
2018-10-08 21:03:06.894 [main] INFO  c.n.s.config.DefaultConfigLoader - Loading: config/core.xml
2018-10-08 21:03:07.133 [main] INFO  com.net.server.core.SFSEventManager -  initalized
2018-10-08 21:03:07.147 [main] INFO  com.net.server.GameServer - Protocol Type is: BINARY
2018-10-08 21:03:07.148 [main] INFO  c.n.s.config.DefaultConfigLoader - Loading: zones\BasicExamples.zone.xml
2018-10-08 21:03:07.161 [main] INFO  com.net.engine.core.NetEngine - NetWorkServer 1X
2018-10-08 21:03:07.162 [main] INFO  com.net.engine.core.NetEngine - BitSwarmEngine version: 3.30.1 { main }
2018-10-08 21:03:07.167 [main] INFO  com.net.engine.core.NetEngine - Session manager ready: com.net.engine.sessions.DefaultSessionManager@726a6b94
2018-10-08 21:03:07.425 [main] INFO  com.net.engine.core.SocketAcceptor - 成功绑定端口192.168.2.122:9934
2018-10-08 21:03:07.427 [Scheduler1-thread-1] INFO  bootLogger - Scheduler started: scheduler
2018-10-08 21:03:07.428 [main] INFO  bootLogger - Controller started: com.net.server.controllers.SystemReqController 
2018-10-08 21:03:07.428 [main] INFO  bootLogger - Controller started: com.net.server.controllers.ExtensionReqController 
2018-10-08 21:03:07.429 [main] INFO  bootLogger - Socket Writer started (pool size:1)
2018-10-08 21:03:07.430 [main] INFO  bootLogger - Security Manager started
2018-10-08 21:03:07.431 [main] INFO  com.net.engine.core.NetEngine - [[[ ===--- Boot sequence complete ---=== ]]]
2018-10-08 21:03:07.433 [nettyDefaultEventExecutorGroup-2-2] INFO  com.net.server.GameServer - Listening Sockets: 
2018-10-08 21:03:07.433 [nettyDefaultEventExecutorGroup-2-2] INFO  com.net.server.GameServer - SmartFoxServer 2X (1.0.0) READY!
2018-10-08 21:03:07.435 [nettyDefaultEventExecutorGroup-2-3] INFO  c.n.b.basedata.BaseDataManager - ==============加载静态数据成功===============
2018-10-08 21:03:08.144 [nioEventLoopGroup-4-1] INFO  c.n.e.s.DefaultSessionManager - Session created: { Id: 1, Type: DEFAULT, Logged: No, IP: 27.0.0.1/127.0.0.1:55482 } on Server port: 9934 <---> 55482
2018-10-08 21:03:41.050 [main] INFO  com.net.server.GameServer - Boot sequence starts...
2018-10-08 21:03:41.141 [main] INFO  o.s.c.s.ClassPathXmlApplicationContext - Refreshing org.springframework.context.support.ClassPathXmlApplicationContext@1a677343: startup date [Mon Oct 08 21:03:41 CST 2018]; root of context hierarchy
2018-10-08 21:03:41.178 [main] INFO  o.s.b.f.xml.XmlBeanDefinitionReader - Loading XML bean definitions from class path resource [spring/applicationContext.xml]
2018-10-08 21:03:41.424 [main] INFO  o.s.b.f.xml.XmlBeanDefinitionReader - Loading XML bean definitions from class path resource [spring/spring-redis.xml]
2018-10-08 21:03:41.446 [main] INFO  o.s.b.f.xml.XmlBeanDefinitionReader - Loading XML bean definitions from class path resource [spring/spring-mongo.xml]
2018-10-08 21:03:41.706 [main] INFO  o.s.b.f.c.PropertyPlaceholderConfigurer - Loading properties file from class path resource [config.properties]
2018-10-08 21:03:42.487 [main] INFO  org.mongodb.driver.cluster - Cluster created with settings {hosts=[dds-wz9d2c8d85a85f8433310.mongodb.rds.aliyuncs.com:3717], mode=MULTIPLE, requiredClusterType=UNKNOWN, serverSelectionTimeout='30000 ms', maxWaitQueueSize=2000}
2018-10-08 21:03:42.487 [main] INFO  org.mongodb.driver.cluster - Adding discovered server dds-wz9d2c8d85a85f8433310.mongodb.rds.aliyuncs.com:3717 to client view of cluster
2018-10-08 21:03:49.201 [main] INFO  c.a.druid.pool.DruidDataSource - {dataSource-1} inited
2018-10-08 21:03:49.303 [main] INFO  com.net.server.GameServer - init spring container success. 
2018-10-08 21:03:49.311 [main] INFO  c.n.s.config.DefaultConfigLoader - Loading: config/core.xml
2018-10-08 21:03:49.526 [main] INFO  com.net.server.core.SFSEventManager -  initalized
2018-10-08 21:03:49.535 [main] INFO  com.net.server.GameServer - Protocol Type is: BINARY
2018-10-08 21:03:49.535 [main] INFO  c.n.s.config.DefaultConfigLoader - Loading: zones\BasicExamples.zone.xml
2018-10-08 21:03:49.545 [main] INFO  com.net.engine.core.NetEngine - NetWorkServer 1X
2018-10-08 21:03:49.546 [main] INFO  com.net.engine.core.NetEngine - BitSwarmEngine version: 3.30.1 { main }
2018-10-08 21:03:49.550 [main] INFO  com.net.engine.core.NetEngine - Session manager ready: com.net.engine.sessions.DefaultSessionManager@2da3b078
2018-10-08 21:03:49.703 [main] INFO  bootLogger - Controller started: com.net.server.controllers.SystemReqController 
2018-10-08 21:03:49.703 [main] INFO  bootLogger - Controller started: com.net.server.controllers.ExtensionReqController 
2018-10-08 21:03:49.704 [main] INFO  bootLogger - Socket Writer started (pool size:1)
2018-10-08 21:03:49.705 [Scheduler1-thread-1] INFO  bootLogger - Scheduler started: scheduler
2018-10-08 21:03:49.705 [main] INFO  bootLogger - Security Manager started
2018-10-08 21:03:49.707 [main] INFO  com.net.engine.core.NetEngine - [[[ ===--- Boot sequence complete ---=== ]]]
2018-10-08 21:03:49.709 [nettyDefaultEventExecutorGroup-2-2] INFO  com.net.server.GameServer - Listening Sockets: 
2018-10-08 21:03:49.709 [nettyDefaultEventExecutorGroup-2-2] INFO  com.net.server.GameServer - SmartFoxServer 2X (1.0.0) READY!
2018-10-08 21:03:49.711 [nettyDefaultEventExecutorGroup-2-3] INFO  c.n.b.basedata.BaseDataManager - ==============加载静态数据成功===============
2018-10-08 21:04:02.528 [cluster-ClusterId{value='5bbb55ae643ed32d48bebb3e', description='null'}-dds-wz9d2c8d85a85f8433310.mongodb.rds.aliyuncs.com:3717] INFO  org.mongodb.driver.cluster - Exception in monitor thread while connecting to server dds-wz9d2c8d85a85f8433310.mongodb.rds.aliyuncs.com:3717
com.mongodb.MongoSocketOpenException: Exception opening socket
	at com.mongodb.connection.SocketStream.open(SocketStream.java:62) ~[mongo-java-driver-3.6.3.jar:na]
	at com.mongodb.connection.InternalStreamConnection.open(InternalStreamConnection.java:126) ~[mongo-java-driver-3.6.3.jar:na]
	at com.mongodb.connection.DefaultServerMonitor$ServerMonitorRunnable.run(DefaultServerMonitor.java:114) ~[mongo-java-driver-3.6.3.jar:na]
	at java.lang.Thread.run(Thread.java:748) [na:1.8.0_181]
Caused by: java.net.SocketTimeoutException: connect timed out
	at java.net.DualStackPlainSocketImpl.waitForConnect(Native Method) ~[na:1.8.0_181]
	at java.net.DualStackPlainSocketImpl.socketConnect(DualStackPlainSocketImpl.java:85) ~[na:1.8.0_181]
	at java.net.AbstractPlainSocketImpl.doConnect(AbstractPlainSocketImpl.java:350) ~[na:1.8.0_181]
	at java.net.AbstractPlainSocketImpl.connectToAddress(AbstractPlainSocketImpl.java:206) ~[na:1.8.0_181]
	at java.net.AbstractPlainSocketImpl.connect(AbstractPlainSocketImpl.java:188) ~[na:1.8.0_181]
	at java.net.PlainSocketImpl.connect(PlainSocketImpl.java:172) ~[na:1.8.0_181]
	at java.net.SocksSocketImpl.connect(SocksSocketImpl.java:392) ~[na:1.8.0_181]
	at java.net.Socket.connect(Socket.java:589) ~[na:1.8.0_181]
	at com.mongodb.connection.SocketStreamHelper.initialize(SocketStreamHelper.java:59) ~[mongo-java-driver-3.6.3.jar:na]
	at com.mongodb.connection.SocketStream.open(SocketStream.java:57) ~[mongo-java-driver-3.6.3.jar:na]
	... 3 common frames omitted
2018-10-08 21:05:07.675 [main] INFO  com.net.server.GameServer - Boot sequence starts...
2018-10-08 21:05:07.759 [main] INFO  o.s.c.s.ClassPathXmlApplicationContext - Refreshing org.springframework.context.support.ClassPathXmlApplicationContext@1a677343: startup date [Mon Oct 08 21:05:07 CST 2018]; root of context hierarchy
2018-10-08 21:05:07.793 [main] INFO  o.s.b.f.xml.XmlBeanDefinitionReader - Loading XML bean definitions from class path resource [spring/applicationContext.xml]
2018-10-08 21:05:07.997 [main] INFO  o.s.b.f.xml.XmlBeanDefinitionReader - Loading XML bean definitions from class path resource [spring/spring-redis.xml]
2018-10-08 21:05:08.015 [main] INFO  o.s.b.f.xml.XmlBeanDefinitionReader - Loading XML bean definitions from class path resource [spring/spring-mongo.xml]
2018-10-08 21:05:08.202 [main] INFO  o.s.b.f.c.PropertyPlaceholderConfigurer - Loading properties file from class path resource [config.properties]
2018-10-08 21:05:09.198 [main] INFO  org.mongodb.driver.cluster - Cluster created with settings {hosts=[dds-wz9d2c8d85a85f84-pub.mongodb.rds.aliyuncs.com:3717], mode=MULTIPLE, requiredClusterType=UNKNOWN, serverSelectionTimeout='30000 ms', maxWaitQueueSize=2000}
2018-10-08 21:05:09.199 [main] INFO  org.mongodb.driver.cluster - Adding discovered server dds-wz9d2c8d85a85f84-pub.mongodb.rds.aliyuncs.com:3717 to client view of cluster
2018-10-08 21:05:09.622 [cluster-ClusterId{value='5bbb5605643ed302287a503f', description='null'}-dds-wz9d2c8d85a85f84-pub.mongodb.rds.aliyuncs.com:3717] INFO  org.mongodb.driver.connection - Opened connection [connectionId{localValue:1, serverValue:100430}] to dds-wz9d2c8d85a85f84-pub.mongodb.rds.aliyuncs.com:3717
2018-10-08 21:05:09.657 [cluster-ClusterId{value='5bbb5605643ed302287a503f', description='null'}-dds-wz9d2c8d85a85f84-pub.mongodb.rds.aliyuncs.com:3717] INFO  org.mongodb.driver.cluster - Monitor thread successfully connected to server with description ServerDescription{address=dds-wz9d2c8d85a85f84-pub.mongodb.rds.aliyuncs.com:3717, type=STANDALONE, state=CONNECTED, ok=true, version=ServerVersion{versionList=[3, 4, 6]}, minWireVersion=0, maxWireVersion=5, maxDocumentSize=16777216, logicalSessionTimeoutMinutes=null, roundTripTimeNanos=33198265}
2018-10-08 21:05:09.658 [cluster-ClusterId{value='5bbb5605643ed302287a503f', description='null'}-dds-wz9d2c8d85a85f84-pub.mongodb.rds.aliyuncs.com:3717] INFO  org.mongodb.driver.cluster - Discovered cluster type of STANDALONE
2018-10-08 21:05:15.847 [main] INFO  c.a.druid.pool.DruidDataSource - {dataSource-1} inited
2018-10-08 21:05:15.969 [main] INFO  com.net.server.GameServer - init spring container success. 
2018-10-08 21:05:15.980 [main] INFO  c.n.s.config.DefaultConfigLoader - Loading: config/core.xml
2018-10-08 21:05:16.181 [main] INFO  com.net.server.core.SFSEventManager -  initalized
2018-10-08 21:05:16.189 [main] INFO  com.net.server.GameServer - Protocol Type is: BINARY
2018-10-08 21:05:16.190 [main] INFO  c.n.s.config.DefaultConfigLoader - Loading: zones\BasicExamples.zone.xml
2018-10-08 21:05:16.200 [main] INFO  com.net.engine.core.NetEngine - NetWorkServer 1X
2018-10-08 21:05:16.201 [main] INFO  com.net.engine.core.NetEngine - BitSwarmEngine version: 3.30.1 { main }
2018-10-08 21:05:16.205 [main] INFO  com.net.engine.core.NetEngine - Session manager ready: com.net.engine.sessions.DefaultSessionManager@6cbd0674
2018-10-08 21:05:16.344 [main] INFO  com.net.engine.core.SocketAcceptor - 成功绑定端口192.168.2.122:9934
2018-10-08 21:05:16.346 [main] INFO  bootLogger - Controller started: com.net.server.controllers.SystemReqController 
2018-10-08 21:05:16.346 [main] INFO  bootLogger - Controller started: com.net.server.controllers.ExtensionReqController 
2018-10-08 21:05:16.346 [Scheduler1-thread-1] INFO  bootLogger - Scheduler started: scheduler
2018-10-08 21:05:16.347 [main] INFO  bootLogger - Socket Writer started (pool size:1)
2018-10-08 21:05:16.348 [main] INFO  bootLogger - Security Manager started
2018-10-08 21:05:16.349 [main] INFO  com.net.engine.core.NetEngine - [[[ ===--- Boot sequence complete ---=== ]]]
2018-10-08 21:05:16.350 [nettyDefaultEventExecutorGroup-2-2] INFO  com.net.server.GameServer - Listening Sockets: 
2018-10-08 21:05:16.350 [nettyDefaultEventExecutorGroup-2-2] INFO  com.net.server.GameServer - SmartFoxServer 2X (1.0.0) READY!
2018-10-08 21:05:16.352 [nettyDefaultEventExecutorGroup-2-3] INFO  c.n.b.basedata.BaseDataManager - ==============加载静态数据成功===============
2018-10-08 21:05:22.157 [nioEventLoopGroup-4-1] INFO  c.n.e.s.DefaultSessionManager - Session created: { Id: 1, Type: DEFAULT, Logged: No, IP: 27.0.0.1/127.0.0.1:55644 } on Server port: 9934 <---> 55644
2018-10-08 21:05:32.062 [nettyDefaultEventExecutorGroup-2-4] INFO  org.mongodb.driver.connection - Opened connection [connectionId{localValue:2, serverValue:100433}] to dds-wz9d2c8d85a85f84-pub.mongodb.rds.aliyuncs.com:3717
2018-10-08 21:05:32.106 [nettyDefaultEventExecutorGroup-2-4] INFO  com.net.server.api.GameApi - Login error: 登录失败,用户信息不存在. Requested by: { Id: 1, Type: DEFAULT, Logged: No, IP: 27.0.0.1/127.0.0.1:55644 }
2018-10-08 21:06:07.268 [nettyDefaultEventExecutorGroup-2-1] INFO  com.net.server.entities.GameZone - 用户{0}登录成功
2018-10-08 21:06:07.268 [nettyDefaultEventExecutorGroup-2-1] INFO  com.net.server.api.GameApi - User login: ( User Name: 大王, Id: 2, Priv: 0, Sess:  ) 
2018-10-08 21:09:28.239 [nettyDefaultEventExecutorGroup-2-3] INFO  com.net.server.entities.GameZone - 用户{0}登录成功
2018-10-08 21:09:28.240 [nettyDefaultEventExecutorGroup-2-3] INFO  com.net.server.api.GameApi - User login: ( User Name: 大王, Id: 2, Priv: 0, Sess:  ) 
2018-10-08 21:11:58.703 [nettyDefaultEventExecutorGroup-2-1] INFO  com.net.server.entities.GameZone - 用户{0}登录成功
2018-10-08 21:11:58.703 [nettyDefaultEventExecutorGroup-2-1] INFO  com.net.server.api.GameApi - User login: ( User Name: 大王, Id: 2, Priv: 0, Sess:  ) 
2018-10-08 21:12:24.840 [nettyDefaultEventExecutorGroup-2-3] INFO  com.net.server.entities.GameZone - 用户{0}登录成功
2018-10-08 21:12:24.840 [nettyDefaultEventExecutorGroup-2-3] INFO  com.net.server.api.GameApi - User login: ( User Name: 大王, Id: 2, Priv: 0, Sess:  ) 
2018-10-08 21:12:59.644 [nettyDefaultEventExecutorGroup-2-1] INFO  com.net.server.entities.GameZone - 用户{0}登录成功
2018-10-08 21:12:59.644 [nettyDefaultEventExecutorGroup-2-1] INFO  com.net.server.api.GameApi - User login: ( User Name: 大王, Id: 2, Priv: 0, Sess:  ) 
2018-10-08 21:14:54.313 [main] INFO  com.net.server.GameServer - Boot sequence starts...
2018-10-08 21:14:54.406 [main] INFO  o.s.c.s.ClassPathXmlApplicationContext - Refreshing org.springframework.context.support.ClassPathXmlApplicationContext@1a677343: startup date [Mon Oct 08 21:14:54 CST 2018]; root of context hierarchy
2018-10-08 21:14:54.451 [main] INFO  o.s.b.f.xml.XmlBeanDefinitionReader - Loading XML bean definitions from class path resource [spring/applicationContext.xml]
2018-10-08 21:14:54.820 [main] INFO  o.s.b.f.xml.XmlBeanDefinitionReader - Loading XML bean definitions from class path resource [spring/spring-redis.xml]
2018-10-08 21:14:54.842 [main] INFO  o.s.b.f.xml.XmlBeanDefinitionReader - Loading XML bean definitions from class path resource [spring/spring-mongo.xml]
2018-10-08 21:14:55.316 [main] INFO  o.s.b.f.c.PropertyPlaceholderConfigurer - Loading properties file from class path resource [config.properties]
2018-10-08 21:14:56.297 [main] INFO  org.mongodb.driver.cluster - Cluster created with settings {hosts=[dds-wz9d2c8d85a85f84-pub.mongodb.rds.aliyuncs.com:3717], mode=MULTIPLE, requiredClusterType=UNKNOWN, serverSelectionTimeout='30000 ms', maxWaitQueueSize=2000}
2018-10-08 21:14:56.298 [main] INFO  org.mongodb.driver.cluster - Adding discovered server dds-wz9d2c8d85a85f84-pub.mongodb.rds.aliyuncs.com:3717 to client view of cluster
2018-10-08 21:14:56.715 [cluster-ClusterId{value='5bbb5850643ed32e68f05981', description='null'}-dds-wz9d2c8d85a85f84-pub.mongodb.rds.aliyuncs.com:3717] INFO  org.mongodb.driver.connection - Opened connection [connectionId{localValue:1, serverValue:100509}] to dds-wz9d2c8d85a85f84-pub.mongodb.rds.aliyuncs.com:3717
2018-10-08 21:14:56.752 [cluster-ClusterId{value='5bbb5850643ed32e68f05981', description='null'}-dds-wz9d2c8d85a85f84-pub.mongodb.rds.aliyuncs.com:3717] INFO  org.mongodb.driver.cluster - Monitor thread successfully connected to server with description ServerDescription{address=dds-wz9d2c8d85a85f84-pub.mongodb.rds.aliyuncs.com:3717, type=STANDALONE, state=CONNECTED, ok=true, version=ServerVersion{versionList=[3, 4, 6]}, minWireVersion=0, maxWireVersion=5, maxDocumentSize=16777216, logicalSessionTimeoutMinutes=null, roundTripTimeNanos=34978883}
2018-10-08 21:14:56.753 [cluster-ClusterId{value='5bbb5850643ed32e68f05981', description='null'}-dds-wz9d2c8d85a85f84-pub.mongodb.rds.aliyuncs.com:3717] INFO  org.mongodb.driver.cluster - Discovered cluster type of STANDALONE
2018-10-08 21:15:03.613 [main] INFO  c.a.druid.pool.DruidDataSource - {dataSource-1} inited
2018-10-08 21:15:03.721 [main] INFO  com.net.server.GameServer - init spring container success. 
2018-10-08 21:15:03.729 [main] INFO  c.n.s.config.DefaultConfigLoader - Loading: config/core.xml
2018-10-08 21:15:03.958 [main] INFO  com.net.server.core.SFSEventManager -  initalized
2018-10-08 21:15:03.970 [main] INFO  com.net.server.GameServer - Protocol Type is: BINARY
2018-10-08 21:15:03.971 [main] INFO  c.n.s.config.DefaultConfigLoader - Loading: zones\BasicExamples.zone.xml
2018-10-08 21:15:03.985 [main] INFO  com.net.engine.core.NetEngine - NetWorkServer 1X
2018-10-08 21:15:03.986 [main] INFO  com.net.engine.core.NetEngine - BitSwarmEngine version: 3.30.1 { main }
2018-10-08 21:15:03.991 [main] INFO  com.net.engine.core.NetEngine - Session manager ready: com.net.engine.sessions.DefaultSessionManager@7ad1caa2
2018-10-08 21:15:04.154 [main] INFO  com.net.engine.core.SocketAcceptor - 成功绑定端口192.168.2.122:9934
2018-10-08 21:15:04.155 [Scheduler1-thread-1] INFO  bootLogger - Scheduler started: scheduler
2018-10-08 21:15:04.155 [main] INFO  bootLogger - Controller started: com.net.server.controllers.SystemReqController 
2018-10-08 21:15:04.156 [main] INFO  bootLogger - Controller started: com.net.server.controllers.ExtensionReqController 
2018-10-08 21:15:04.156 [main] INFO  bootLogger - Socket Writer started (pool size:1)
2018-10-08 21:15:04.157 [main] INFO  bootLogger - Security Manager started
2018-10-08 21:15:04.158 [main] INFO  com.net.engine.core.NetEngine - [[[ ===--- Boot sequence complete ---=== ]]]
2018-10-08 21:15:04.160 [nettyDefaultEventExecutorGroup-2-2] INFO  com.net.server.GameServer - Listening Sockets: 
2018-10-08 21:15:04.160 [nettyDefaultEventExecutorGroup-2-2] INFO  com.net.server.GameServer - SmartFoxServer 2X (1.0.0) READY!
2018-10-08 21:15:04.165 [nettyDefaultEventExecutorGroup-2-3] INFO  c.n.b.basedata.BaseDataManager - ==============加载静态数据成功===============
2018-10-08 21:15:07.069 [nioEventLoopGroup-4-1] INFO  c.n.e.s.DefaultSessionManager - Session created: { Id: 1, Type: DEFAULT, Logged: No, IP: 27.0.0.1/127.0.0.1:53814 } on Server port: 9934 <---> 53814
2018-10-08 21:15:10.753 [nettyDefaultEventExecutorGroup-2-4] INFO  org.mongodb.driver.connection - Opened connection [connectionId{localValue:2, serverValue:100513}] to dds-wz9d2c8d85a85f84-pub.mongodb.rds.aliyuncs.com:3717
2018-10-08 21:15:10.847 [nettyDefaultEventExecutorGroup-2-4] INFO  com.net.server.entities.GameZone - 用户{0}登录成功
2018-10-08 21:15:10.847 [nettyDefaultEventExecutorGroup-2-4] INFO  com.net.server.api.GameApi - User login: ( User Name: 大王, Id: 2, Priv: 0, Sess:  ) 
2018-10-08 21:15:14.736 [nettyDefaultEventExecutorGroup-2-3] INFO  c.n.s.e.managers.GameRoomManager - Room created: com.net.server.entities.GameZone@3caffdcf, [ Room: 好友房6373958, Id: 6373958, Group: default, isGame: false ]
2018-10-08 21:15:16.092 [nettyDefaultEventExecutorGroup-2-3] INFO  com.net.server.api.GameApi - Room joined: [ Room: 好友房6373958, Id: 6373958, Group: default, isGame: false ], ( User Name: 大王, Id: 2, Priv: 0, Sess:  ) , asSpect: false
2018-10-08 21:16:21.250 [main] INFO  com.net.server.GameServer - Boot sequence starts...
2018-10-08 21:16:21.352 [main] INFO  o.s.c.s.ClassPathXmlApplicationContext - Refreshing org.springframework.context.support.ClassPathXmlApplicationContext@385e9564: startup date [Mon Oct 08 21:16:21 CST 2018]; root of context hierarchy
2018-10-08 21:16:21.389 [main] INFO  o.s.b.f.xml.XmlBeanDefinitionReader - Loading XML bean definitions from class path resource [spring/applicationContext.xml]
2018-10-08 21:16:21.680 [main] INFO  o.s.b.f.xml.XmlBeanDefinitionReader - Loading XML bean definitions from class path resource [spring/spring-redis.xml]
2018-10-08 21:16:21.704 [main] INFO  o.s.b.f.xml.XmlBeanDefinitionReader - Loading XML bean definitions from class path resource [spring/spring-mongo.xml]
2018-10-08 21:16:21.951 [main] INFO  o.s.b.f.c.PropertyPlaceholderConfigurer - Loading properties file from class path resource [config.properties]
2018-10-08 21:16:24.040 [main] INFO  org.mongodb.driver.cluster - Cluster created with settings {hosts=[dds-wz9d2c8d85a85f84-pub.mongodb.rds.aliyuncs.com:3717], mode=MULTIPLE, requiredClusterType=UNKNOWN, serverSelectionTimeout='30000 ms', maxWaitQueueSize=2000}
2018-10-08 21:16:24.040 [main] INFO  org.mongodb.driver.cluster - Adding discovered server dds-wz9d2c8d85a85f84-pub.mongodb.rds.aliyuncs.com:3717 to client view of cluster
2018-10-08 21:16:24.748 [cluster-ClusterId{value='5bbb58a8643ed3228cda635c', description='null'}-dds-wz9d2c8d85a85f84-pub.mongodb.rds.aliyuncs.com:3717] INFO  org.mongodb.driver.connection - Opened connection [connectionId{localValue:1, serverValue:100522}] to dds-wz9d2c8d85a85f84-pub.mongodb.rds.aliyuncs.com:3717
2018-10-08 21:16:24.779 [cluster-ClusterId{value='5bbb58a8643ed3228cda635c', description='null'}-dds-wz9d2c8d85a85f84-pub.mongodb.rds.aliyuncs.com:3717] INFO  org.mongodb.driver.cluster - Monitor thread successfully connected to server with description ServerDescription{address=dds-wz9d2c8d85a85f84-pub.mongodb.rds.aliyuncs.com:3717, type=STANDALONE, state=CONNECTED, ok=true, version=ServerVersion{versionList=[3, 4, 6]}, minWireVersion=0, maxWireVersion=5, maxDocumentSize=16777216, logicalSessionTimeoutMinutes=null, roundTripTimeNanos=29850691}
2018-10-08 21:16:24.780 [cluster-ClusterId{value='5bbb58a8643ed3228cda635c', description='null'}-dds-wz9d2c8d85a85f84-pub.mongodb.rds.aliyuncs.com:3717] INFO  org.mongodb.driver.cluster - Discovered cluster type of STANDALONE
2018-10-08 21:16:31.611 [main] INFO  c.a.druid.pool.DruidDataSource - {dataSource-1} inited
2018-10-08 21:16:31.699 [main] INFO  com.net.server.GameServer - init spring container success. 
2018-10-08 21:16:31.706 [main] INFO  c.n.s.config.DefaultConfigLoader - Loading: config/core.xml
2018-10-08 21:16:32.072 [main] INFO  com.net.server.core.SFSEventManager -  initalized
2018-10-08 21:16:32.121 [main] INFO  com.net.server.GameServer - Protocol Type is: BINARY
2018-10-08 21:16:32.121 [main] INFO  c.n.s.config.DefaultConfigLoader - Loading: zones\BasicExamples.zone.xml
2018-10-08 21:16:32.134 [main] INFO  com.net.engine.core.NetEngine - NetWorkServer 1X
2018-10-08 21:16:32.135 [main] INFO  com.net.engine.core.NetEngine - BitSwarmEngine version: 3.30.1 { main }
2018-10-08 21:16:32.141 [main] INFO  com.net.engine.core.NetEngine - Session manager ready: com.net.engine.sessions.DefaultSessionManager@67de7a99
2018-10-08 21:16:32.453 [main] INFO  com.net.engine.core.SocketAcceptor - 成功绑定端口192.168.2.122:9934
2018-10-08 21:16:32.457 [main] INFO  bootLogger - Controller started: com.net.server.controllers.SystemReqController 
2018-10-08 21:16:32.458 [Scheduler1-thread-1] INFO  bootLogger - Scheduler started: scheduler
2018-10-08 21:16:32.460 [main] INFO  bootLogger - Controller started: com.net.server.controllers.ExtensionReqController 
2018-10-08 21:16:32.464 [main] INFO  bootLogger - Socket Writer started (pool size:1)
2018-10-08 21:16:32.465 [main] INFO  bootLogger - Security Manager started
2018-10-08 21:16:32.467 [main] INFO  com.net.engine.core.NetEngine - [[[ ===--- Boot sequence complete ---=== ]]]
2018-10-08 21:16:32.470 [nettyDefaultEventExecutorGroup-2-2] INFO  com.net.server.GameServer - Listening Sockets: 
2018-10-08 21:16:32.471 [nettyDefaultEventExecutorGroup-2-2] INFO  com.net.server.GameServer - SmartFoxServer 2X (1.0.0) READY!
2018-10-08 21:16:32.474 [nettyDefaultEventExecutorGroup-2-3] INFO  c.n.b.basedata.BaseDataManager - ==============加载静态数据成功===============
2018-10-08 21:16:32.730 [nioEventLoopGroup-4-1] INFO  c.n.e.s.DefaultSessionManager - Session created: { Id: 1, Type: DEFAULT, Logged: No, IP: 27.0.0.1/127.0.0.1:54076 } on Server port: 9934 <---> 54076
2018-10-08 21:16:39.193 [nettyDefaultEventExecutorGroup-2-4] INFO  org.mongodb.driver.connection - Opened connection [connectionId{localValue:2, serverValue:100525}] to dds-wz9d2c8d85a85f84-pub.mongodb.rds.aliyuncs.com:3717
2018-10-08 21:16:39.279 [nettyDefaultEventExecutorGroup-2-4] INFO  com.net.server.entities.GameZone - 用户{0}登录成功
2018-10-08 21:16:39.279 [nettyDefaultEventExecutorGroup-2-4] INFO  com.net.server.api.GameApi - User login: ( User Name: 大王, Id: 2, Priv: 0, Sess:  ) 
2018-10-08 21:16:42.243 [nettyDefaultEventExecutorGroup-2-3] INFO  c.n.s.e.managers.GameRoomManager - Room created: com.net.server.entities.GameZone@652e776c, [ Room: 好友房2597339, Id: 2597339, Group: default, isGame: false ]
2018-10-08 21:16:42.869 [nettyDefaultEventExecutorGroup-2-3] INFO  com.net.server.api.GameApi - Room joined: [ Room: 好友房2597339, Id: 2597339, Group: default, isGame: false ], ( User Name: 大王, Id: 2, Priv: 0, Sess:  ) , asSpect: false
2018-10-08 21:17:43.605 [main] INFO  com.net.server.GameServer - Boot sequence starts...
2018-10-08 21:17:43.706 [main] INFO  o.s.c.s.ClassPathXmlApplicationContext - Refreshing org.springframework.context.support.ClassPathXmlApplicationContext@1a677343: startup date [Mon Oct 08 21:17:43 CST 2018]; root of context hierarchy
2018-10-08 21:17:43.750 [main] INFO  o.s.b.f.xml.XmlBeanDefinitionReader - Loading XML bean definitions from class path resource [spring/applicationContext.xml]
2018-10-08 21:17:43.996 [main] INFO  o.s.b.f.xml.XmlBeanDefinitionReader - Loading XML bean definitions from class path resource [spring/spring-redis.xml]
2018-10-08 21:17:44.039 [main] INFO  o.s.b.f.xml.XmlBeanDefinitionReader - Loading XML bean definitions from class path resource [spring/spring-mongo.xml]
2018-10-08 21:17:44.293 [main] INFO  o.s.b.f.c.PropertyPlaceholderConfigurer - Loading properties file from class path resource [config.properties]
2018-10-08 21:17:45.235 [main] INFO  org.mongodb.driver.cluster - Cluster created with settings {hosts=[dds-wz9d2c8d85a85f84-pub.mongodb.rds.aliyuncs.com:3717], mode=MULTIPLE, requiredClusterType=UNKNOWN, serverSelectionTimeout='30000 ms', maxWaitQueueSize=2000}
2018-10-08 21:17:45.236 [main] INFO  org.mongodb.driver.cluster - Adding discovered server dds-wz9d2c8d85a85f84-pub.mongodb.rds.aliyuncs.com:3717 to client view of cluster
2018-10-08 21:17:45.562 [cluster-ClusterId{value='5bbb58f9643ed321a8e08278', description='null'}-dds-wz9d2c8d85a85f84-pub.mongodb.rds.aliyuncs.com:3717] INFO  org.mongodb.driver.connection - Opened connection [connectionId{localValue:1, serverValue:100536}] to dds-wz9d2c8d85a85f84-pub.mongodb.rds.aliyuncs.com:3717
2018-10-08 21:17:45.613 [cluster-ClusterId{value='5bbb58f9643ed321a8e08278', description='null'}-dds-wz9d2c8d85a85f84-pub.mongodb.rds.aliyuncs.com:3717] INFO  org.mongodb.driver.cluster - Monitor thread successfully connected to server with description ServerDescription{address=dds-wz9d2c8d85a85f84-pub.mongodb.rds.aliyuncs.com:3717, type=STANDALONE, state=CONNECTED, ok=true, version=ServerVersion{versionList=[3, 4, 6]}, minWireVersion=0, maxWireVersion=5, maxDocumentSize=16777216, logicalSessionTimeoutMinutes=null, roundTripTimeNanos=28252332}
2018-10-08 21:17:45.615 [cluster-ClusterId{value='5bbb58f9643ed321a8e08278', description='null'}-dds-wz9d2c8d85a85f84-pub.mongodb.rds.aliyuncs.com:3717] INFO  org.mongodb.driver.cluster - Discovered cluster type of STANDALONE
2018-10-08 21:17:52.315 [main] INFO  c.a.druid.pool.DruidDataSource - {dataSource-1} inited
2018-10-08 21:17:52.422 [main] INFO  com.net.server.GameServer - init spring container success. 
2018-10-08 21:17:52.431 [main] INFO  c.n.s.config.DefaultConfigLoader - Loading: config/core.xml
2018-10-08 21:17:52.666 [main] INFO  com.net.server.core.SFSEventManager -  initalized
2018-10-08 21:17:52.681 [main] INFO  com.net.server.GameServer - Protocol Type is: BINARY
2018-10-08 21:17:52.682 [main] INFO  c.n.s.config.DefaultConfigLoader - Loading: zones\BasicExamples.zone.xml
2018-10-08 21:17:52.694 [main] INFO  com.net.engine.core.NetEngine - NetWorkServer 1X
2018-10-08 21:17:52.696 [main] INFO  com.net.engine.core.NetEngine - BitSwarmEngine version: 3.30.1 { main }
2018-10-08 21:17:52.700 [main] INFO  com.net.engine.core.NetEngine - Session manager ready: com.net.engine.sessions.DefaultSessionManager@15c4af7a
2018-10-08 21:17:52.888 [main] INFO  com.net.engine.core.SocketAcceptor - 成功绑定端口192.168.2.122:9934
2018-10-08 21:17:52.890 [main] INFO  bootLogger - Controller started: com.net.server.controllers.SystemReqController 
2018-10-08 21:17:52.891 [Scheduler1-thread-1] INFO  bootLogger - Scheduler started: scheduler
2018-10-08 21:17:52.891 [main] INFO  bootLogger - Controller started: com.net.server.controllers.ExtensionReqController 
2018-10-08 21:17:52.893 [main] INFO  bootLogger - Socket Writer started (pool size:1)
2018-10-08 21:17:52.894 [main] INFO  bootLogger - Security Manager started
2018-10-08 21:17:52.896 [main] INFO  com.net.engine.core.NetEngine - [[[ ===--- Boot sequence complete ---=== ]]]
2018-10-08 21:17:52.898 [nettyDefaultEventExecutorGroup-2-2] INFO  com.net.server.GameServer - Listening Sockets: 
2018-10-08 21:17:52.898 [nettyDefaultEventExecutorGroup-2-2] INFO  com.net.server.GameServer - SmartFoxServer 2X (1.0.0) READY!
2018-10-08 21:17:52.900 [nettyDefaultEventExecutorGroup-2-3] INFO  c.n.b.basedata.BaseDataManager - ==============加载静态数据成功===============
2018-10-08 21:17:58.653 [nioEventLoopGroup-4-1] INFO  c.n.e.s.DefaultSessionManager - Session created: { Id: 1, Type: DEFAULT, Logged: No, IP: 27.0.0.1/127.0.0.1:54336 } on Server port: 9934 <---> 54336
2018-10-08 21:18:03.900 [nettyDefaultEventExecutorGroup-2-4] INFO  org.mongodb.driver.connection - Opened connection [connectionId{localValue:2, serverValue:100541}] to dds-wz9d2c8d85a85f84-pub.mongodb.rds.aliyuncs.com:3717
2018-10-08 21:18:03.997 [nettyDefaultEventExecutorGroup-2-4] INFO  com.net.server.entities.GameZone - 用户{0}登录成功
2018-10-08 21:18:03.997 [nettyDefaultEventExecutorGroup-2-4] INFO  com.net.server.api.GameApi - User login: ( User Name: 大王, Id: 2, Priv: 0, Sess:  ) 
2018-10-08 21:18:06.999 [nettyDefaultEventExecutorGroup-2-3] INFO  c.n.s.e.managers.GameRoomManager - Room created: com.net.server.entities.GameZone@6eeccfbf, [ Room: 好友房6557616, Id: 6557616, Group: default, isGame: false ]
2018-10-08 21:18:07.596 [nettyDefaultEventExecutorGroup-2-3] INFO  com.net.server.api.GameApi - Room joined: [ Room: 好友房6557616, Id: 6557616, Group: default, isGame: false ], ( User Name: 大王, Id: 2, Priv: 0, Sess:  ) , asSpect: false
2018-10-08 21:19:02.348 [nettyDefaultEventExecutorGroup-2-2] INFO  com.net.server.entities.GameZone - 用户{0}登录成功
2018-10-08 21:19:02.348 [nettyDefaultEventExecutorGroup-2-2] INFO  com.net.server.api.GameApi - User login: ( User Name: 大王, Id: 2, Priv: 0, Sess:  ) 
2018-10-08 21:19:03.727 [nettyDefaultEventExecutorGroup-2-1] INFO  c.n.s.e.managers.GameRoomManager - Room created: com.net.server.entities.GameZone@6eeccfbf, [ Room: 好友房8822474, Id: 8822474, Group: default, isGame: false ]
2018-10-08 21:19:03.727 [nettyDefaultEventExecutorGroup-2-1] INFO  com.net.server.api.GameApi - Room joined: [ Room: 好友房8822474, Id: 8822474, Group: default, isGame: false ], ( User Name: 大王, Id: 2, Priv: 0, Sess:  ) , asSpect: false
2018-10-08 21:19:12.923 [main] INFO  com.net.server.GameServer - Boot sequence starts...
2018-10-08 21:19:13.010 [main] INFO  o.s.c.s.ClassPathXmlApplicationContext - Refreshing org.springframework.context.support.ClassPathXmlApplicationContext@1a677343: startup date [Mon Oct 08 21:19:13 CST 2018]; root of context hierarchy
2018-10-08 21:19:13.050 [main] INFO  o.s.b.f.xml.XmlBeanDefinitionReader - Loading XML bean definitions from class path resource [spring/applicationContext.xml]
2018-10-08 21:19:13.276 [main] INFO  o.s.b.f.xml.XmlBeanDefinitionReader - Loading XML bean definitions from class path resource [spring/spring-redis.xml]
2018-10-08 21:19:13.306 [main] INFO  o.s.b.f.xml.XmlBeanDefinitionReader - Loading XML bean definitions from class path resource [spring/spring-mongo.xml]
2018-10-08 21:19:13.540 [main] INFO  o.s.b.f.c.PropertyPlaceholderConfigurer - Loading properties file from class path resource [config.properties]
2018-10-08 21:19:14.281 [main] INFO  org.mongodb.driver.cluster - Cluster created with settings {hosts=[dds-wz9d2c8d85a85f84-pub.mongodb.rds.aliyuncs.com:3717], mode=MULTIPLE, requiredClusterType=UNKNOWN, serverSelectionTimeout='30000 ms', maxWaitQueueSize=2000}
2018-10-08 21:19:14.282 [main] INFO  org.mongodb.driver.cluster - Adding discovered server dds-wz9d2c8d85a85f84-pub.mongodb.rds.aliyuncs.com:3717 to client view of cluster
2018-10-08 21:19:14.620 [cluster-ClusterId{value='5bbb5952643ed325f413a36f', description='null'}-dds-wz9d2c8d85a85f84-pub.mongodb.rds.aliyuncs.com:3717] INFO  org.mongodb.driver.connection - Opened connection [connectionId{localValue:1, serverValue:100550}] to dds-wz9d2c8d85a85f84-pub.mongodb.rds.aliyuncs.com:3717
2018-10-08 21:19:14.652 [cluster-ClusterId{value='5bbb5952643ed325f413a36f', description='null'}-dds-wz9d2c8d85a85f84-pub.mongodb.rds.aliyuncs.com:3717] INFO  org.mongodb.driver.cluster - Monitor thread successfully connected to server with description ServerDescription{address=dds-wz9d2c8d85a85f84-pub.mongodb.rds.aliyuncs.com:3717, type=STANDALONE, state=CONNECTED, ok=true, version=ServerVersion{versionList=[3, 4, 6]}, minWireVersion=0, maxWireVersion=5, maxDocumentSize=16777216, logicalSessionTimeoutMinutes=null, roundTripTimeNanos=30417948}
2018-10-08 21:19:14.653 [cluster-ClusterId{value='5bbb5952643ed325f413a36f', description='null'}-dds-wz9d2c8d85a85f84-pub.mongodb.rds.aliyuncs.com:3717] INFO  org.mongodb.driver.cluster - Discovered cluster type of STANDALONE
2018-10-08 21:19:20.753 [main] INFO  c.a.druid.pool.DruidDataSource - {dataSource-1} inited
2018-10-08 21:19:20.865 [main] INFO  com.net.server.GameServer - init spring container success. 
2018-10-08 21:19:20.870 [main] INFO  c.n.s.config.DefaultConfigLoader - Loading: config/core.xml
2018-10-08 21:19:21.094 [main] INFO  com.net.server.core.SFSEventManager -  initalized
2018-10-08 21:19:21.105 [main] INFO  com.net.server.GameServer - Protocol Type is: BINARY
2018-10-08 21:19:21.106 [main] INFO  c.n.s.config.DefaultConfigLoader - Loading: zones\BasicExamples.zone.xml
2018-10-08 21:19:21.123 [main] INFO  com.net.engine.core.NetEngine - NetWorkServer 1X
2018-10-08 21:19:21.124 [main] INFO  com.net.engine.core.NetEngine - BitSwarmEngine version: 3.30.1 { main }
2018-10-08 21:19:21.130 [main] INFO  com.net.engine.core.NetEngine - Session manager ready: com.net.engine.sessions.DefaultSessionManager@19a64eae
2018-10-08 21:19:21.280 [main] INFO  com.net.engine.core.SocketAcceptor - 成功绑定端口192.168.2.122:9934
2018-10-08 21:19:21.282 [main] INFO  bootLogger - Controller started: com.net.server.controllers.SystemReqController 
2018-10-08 21:19:21.282 [Scheduler1-thread-1] INFO  bootLogger - Scheduler started: scheduler
2018-10-08 21:19:21.282 [main] INFO  bootLogger - Controller started: com.net.server.controllers.ExtensionReqController 
2018-10-08 21:19:21.283 [main] INFO  bootLogger - Socket Writer started (pool size:1)
2018-10-08 21:19:21.284 [main] INFO  bootLogger - Security Manager started
2018-10-08 21:19:21.284 [main] INFO  com.net.engine.core.NetEngine - [[[ ===--- Boot sequence complete ---=== ]]]
2018-10-08 21:19:21.286 [nettyDefaultEventExecutorGroup-2-2] INFO  com.net.server.GameServer - Listening Sockets: 
2018-10-08 21:19:21.286 [nettyDefaultEventExecutorGroup-2-2] INFO  com.net.server.GameServer - SmartFoxServer 2X (1.0.0) READY!
2018-10-08 21:19:21.287 [nettyDefaultEventExecutorGroup-2-3] INFO  c.n.b.basedata.BaseDataManager - ==============加载静态数据成功===============
2018-10-08 21:19:29.319 [nioEventLoopGroup-4-1] INFO  c.n.e.s.DefaultSessionManager - Session created: { Id: 1, Type: DEFAULT, Logged: No, IP: 27.0.0.1/127.0.0.1:54615 } on Server port: 9934 <---> 54615
2018-10-08 21:19:38.222 [nettyDefaultEventExecutorGroup-2-4] INFO  org.mongodb.driver.connection - Opened connection [connectionId{localValue:2, serverValue:100553}] to dds-wz9d2c8d85a85f84-pub.mongodb.rds.aliyuncs.com:3717
2018-10-08 21:20:08.890 [nettyDefaultEventExecutorGroup-2-4] INFO  com.net.server.entities.GameZone - 用户{0}登录成功
2018-10-08 21:20:08.891 [nettyDefaultEventExecutorGroup-2-4] INFO  com.net.server.api.GameApi - User login: ( User Name: 大王, Id: 2, Priv: 0, Sess:  ) 
2018-10-08 21:20:09.585 [nettyDefaultEventExecutorGroup-2-3] INFO  c.n.s.e.managers.GameRoomManager - Room created: com.net.server.entities.GameZone@21ea0b31, [ Room: 好友房7780272, Id: 7780272, Group: default, isGame: false ]
2018-10-08 21:20:09.588 [nettyDefaultEventExecutorGroup-2-3] INFO  com.net.server.api.GameApi - Room joined: [ Room: 好友房7780272, Id: 7780272, Group: default, isGame: false ], ( User Name: 大王, Id: 2, Priv: 0, Sess:  ) , asSpect: false
2018-10-08 21:29:34.580 [main] INFO  com.net.server.GameServer - Boot sequence starts...
2018-10-08 21:29:34.655 [main] INFO  o.s.c.s.ClassPathXmlApplicationContext - Refreshing org.springframework.context.support.ClassPathXmlApplicationContext@1a677343: startup date [Mon Oct 08 21:29:34 CST 2018]; root of context hierarchy
2018-10-08 21:29:34.694 [main] INFO  o.s.b.f.xml.XmlBeanDefinitionReader - Loading XML bean definitions from class path resource [spring/applicationContext.xml]
2018-10-08 21:29:34.909 [main] INFO  o.s.b.f.xml.XmlBeanDefinitionReader - Loading XML bean definitions from class path resource [spring/spring-redis.xml]
2018-10-08 21:29:34.924 [main] INFO  o.s.b.f.xml.XmlBeanDefinitionReader - Loading XML bean definitions from class path resource [spring/spring-mongo.xml]
2018-10-08 21:29:35.149 [main] INFO  o.s.b.f.c.PropertyPlaceholderConfigurer - Loading properties file from class path resource [config.properties]
2018-10-08 21:29:35.980 [main] INFO  org.mongodb.driver.cluster - Cluster created with settings {hosts=[dds-wz9d2c8d85a85f84-pub.mongodb.rds.aliyuncs.com:3717], mode=MULTIPLE, requiredClusterType=UNKNOWN, serverSelectionTimeout='30000 ms', maxWaitQueueSize=2000}
2018-10-08 21:29:35.980 [main] INFO  org.mongodb.driver.cluster - Adding discovered server dds-wz9d2c8d85a85f84-pub.mongodb.rds.aliyuncs.com:3717 to client view of cluster
2018-10-08 21:29:36.353 [cluster-ClusterId{value='5bbb5bbf643ed32018b3d7d1', description='null'}-dds-wz9d2c8d85a85f84-pub.mongodb.rds.aliyuncs.com:3717] INFO  org.mongodb.driver.connection - Opened connection [connectionId{localValue:1, serverValue:100632}] to dds-wz9d2c8d85a85f84-pub.mongodb.rds.aliyuncs.com:3717
2018-10-08 21:29:36.392 [cluster-ClusterId{value='5bbb5bbf643ed32018b3d7d1', description='null'}-dds-wz9d2c8d85a85f84-pub.mongodb.rds.aliyuncs.com:3717] INFO  org.mongodb.driver.cluster - Monitor thread successfully connected to server with description ServerDescription{address=dds-wz9d2c8d85a85f84-pub.mongodb.rds.aliyuncs.com:3717, type=STANDALONE, state=CONNECTED, ok=true, version=ServerVersion{versionList=[3, 4, 6]}, minWireVersion=0, maxWireVersion=5, maxDocumentSize=16777216, logicalSessionTimeoutMinutes=null, roundTripTimeNanos=37012753}
2018-10-08 21:29:36.397 [cluster-ClusterId{value='5bbb5bbf643ed32018b3d7d1', description='null'}-dds-wz9d2c8d85a85f84-pub.mongodb.rds.aliyuncs.com:3717] INFO  org.mongodb.driver.cluster - Discovered cluster type of STANDALONE
2018-10-08 21:29:42.472 [main] INFO  c.a.druid.pool.DruidDataSource - {dataSource-1} inited
2018-10-08 21:29:42.576 [main] INFO  com.net.server.GameServer - init spring container success. 
2018-10-08 21:29:42.583 [main] INFO  c.n.s.config.DefaultConfigLoader - Loading: config/core.xml
2018-10-08 21:29:42.822 [main] INFO  com.net.server.core.SFSEventManager -  initalized
2018-10-08 21:29:42.836 [main] INFO  com.net.server.GameServer - Protocol Type is: BINARY
2018-10-08 21:29:42.837 [main] INFO  c.n.s.config.DefaultConfigLoader - Loading: zones\BasicExamples.zone.xml
2018-10-08 21:29:42.854 [main] INFO  com.net.engine.core.NetEngine - NetWorkServer 1X
2018-10-08 21:29:42.855 [main] INFO  com.net.engine.core.NetEngine - BitSwarmEngine version: 3.30.1 { main }
2018-10-08 21:29:42.860 [main] INFO  com.net.engine.core.NetEngine - Session manager ready: com.net.engine.sessions.DefaultSessionManager@55d58825
2018-10-08 21:29:43.029 [main] INFO  com.net.engine.core.SocketAcceptor - 成功绑定端口192.168.2.122:9934
2018-10-08 21:29:43.032 [Scheduler1-thread-1] INFO  bootLogger - Scheduler started: scheduler
2018-10-08 21:29:43.032 [main] INFO  bootLogger - Controller started: com.net.server.controllers.SystemReqController 
2018-10-08 21:29:43.033 [main] INFO  bootLogger - Controller started: com.net.server.controllers.ExtensionReqController 
2018-10-08 21:29:43.034 [main] INFO  bootLogger - Socket Writer started (pool size:1)
2018-10-08 21:29:43.035 [main] INFO  bootLogger - Security Manager started
2018-10-08 21:29:43.036 [main] INFO  com.net.engine.core.NetEngine - [[[ ===--- Boot sequence complete ---=== ]]]
2018-10-08 21:29:43.037 [nettyDefaultEventExecutorGroup-2-2] INFO  com.net.server.GameServer - Listening Sockets: 
2018-10-08 21:29:43.037 [nettyDefaultEventExecutorGroup-2-2] INFO  com.net.server.GameServer - SmartFoxServer 2X (1.0.0) READY!
2018-10-08 21:29:43.038 [nettyDefaultEventExecutorGroup-2-3] INFO  c.n.b.basedata.BaseDataManager - ==============加载静态数据成功===============
2018-10-08 21:29:48.613 [nioEventLoopGroup-4-1] INFO  c.n.e.s.DefaultSessionManager - Session created: { Id: 1, Type: DEFAULT, Logged: No, IP: 27.0.0.1/127.0.0.1:55978 } on Server port: 9934 <---> 55978
2018-10-08 21:30:13.096 [nettyDefaultEventExecutorGroup-2-4] INFO  org.mongodb.driver.connection - Opened connection [connectionId{localValue:2, serverValue:100639}] to dds-wz9d2c8d85a85f84-pub.mongodb.rds.aliyuncs.com:3717
2018-10-08 21:30:13.186 [nettyDefaultEventExecutorGroup-2-4] INFO  com.net.server.entities.GameZone - 用户{0}登录成功
2018-10-08 21:30:13.186 [nettyDefaultEventExecutorGroup-2-4] INFO  com.net.server.api.GameApi - User login: ( User Name: 大王, Id: 2, Priv: 0, Sess:  ) 
2018-10-08 21:30:16.870 [nettyDefaultEventExecutorGroup-2-3] INFO  c.n.s.e.managers.GameRoomManager - Room created: com.net.server.entities.GameZone@4dd3f4b7, [ Room: 好友房5275677, Id: 5275677, Group: default, isGame: false ]
2018-10-08 21:30:16.871 [nettyDefaultEventExecutorGroup-2-3] INFO  com.net.server.api.GameApi - Room joined: [ Room: 好友房5275677, Id: 5275677, Group: default, isGame: false ], ( User Name: 大王, Id: 2, Priv: 0, Sess:  ) , asSpect: false
2018-10-08 21:33:03.250 [nettyDefaultEventExecutorGroup-2-3] INFO  com.net.server.entities.GameZone - 用户{0}登录成功
2018-10-08 21:33:03.250 [nettyDefaultEventExecutorGroup-2-3] INFO  com.net.server.api.GameApi - User login: ( User Name: 大王, Id: 2, Priv: 0, Sess:  ) 
2018-10-08 21:33:03.259 [nettyDefaultEventExecutorGroup-2-2] INFO  c.n.s.e.managers.GameRoomManager - Room created: com.net.server.entities.GameZone@4dd3f4b7, [ Room: 好友房6160146, Id: 6160146, Group: default, isGame: false ]
2018-10-08 21:33:03.259 [nettyDefaultEventExecutorGroup-2-2] INFO  com.net.server.api.GameApi - Room joined: [ Room: 好友房6160146, Id: 6160146, Group: default, isGame: false ], ( User Name: 大王, Id: 2, Priv: 0, Sess:  ) , asSpect: false
2018-10-08 21:33:03.275 [nettyDefaultEventExecutorGroup-2-2] INFO  c.n.s.e.managers.GameRoomManager - Cannot remove room: 好友房5275677 from it's group: default. The group was not found.
2018-10-08 21:33:03.276 [nettyDefaultEventExecutorGroup-2-2] INFO  c.n.s.e.managers.GameRoomManager - Room removed: com.net.server.entities.GameZone@4dd3f4b7, [ Room: 好友房5275677, Id: 5275677, Group: default, isGame: false ], Duration: 166407
2018-10-08 21:36:15.172 [nettyDefaultEventExecutorGroup-2-4] INFO  com.net.server.entities.GameZone - 用户{0}登录成功
2018-10-08 21:36:15.172 [nettyDefaultEventExecutorGroup-2-4] INFO  com.net.server.api.GameApi - User login: ( User Name: 大王, Id: 2, Priv: 0, Sess:  ) 
2018-10-08 21:36:15.182 [nettyDefaultEventExecutorGroup-2-3] INFO  c.n.s.e.managers.GameRoomManager - Room created: com.net.server.entities.GameZone@4dd3f4b7, [ Room: 好友房1048681, Id: 1048681, Group: default, isGame: false ]
2018-10-08 21:36:15.183 [nettyDefaultEventExecutorGroup-2-3] INFO  com.net.server.api.GameApi - Room joined: [ Room: 好友房1048681, Id: 1048681, Group: default, isGame: false ], ( User Name: 大王, Id: 2, Priv: 0, Sess:  ) , asSpect: false
2018-10-08 21:36:15.188 [nettyDefaultEventExecutorGroup-2-3] INFO  c.n.s.e.managers.GameRoomManager - Cannot remove room: 好友房6160146 from it's group: default. The group was not found.
2018-10-08 21:36:15.188 [nettyDefaultEventExecutorGroup-2-3] INFO  c.n.s.e.managers.GameRoomManager - Room removed: com.net.server.entities.GameZone@4dd3f4b7, [ Room: 好友房6160146, Id: 6160146, Group: default, isGame: false ], Duration: 191930
2018-10-08 21:36:47.625 [nettyDefaultEventExecutorGroup-2-1] INFO  com.net.server.entities.GameZone - 用户{0}登录成功
2018-10-08 21:36:47.626 [nettyDefaultEventExecutorGroup-2-1] INFO  com.net.server.api.GameApi - User login: ( User Name: 大王, Id: 2, Priv: 0, Sess:  ) 
2018-10-08 21:36:47.632 [nettyDefaultEventExecutorGroup-2-2] INFO  c.n.s.e.managers.GameRoomManager - Room created: com.net.server.entities.GameZone@4dd3f4b7, [ Room: 好友房2436732, Id: 2436732, Group: default, isGame: false ]
2018-10-08 21:36:47.632 [nettyDefaultEventExecutorGroup-2-2] INFO  com.net.server.api.GameApi - Room joined: [ Room: 好友房2436732, Id: 2436732, Group: default, isGame: false ], ( User Name: 大王, Id: 2, Priv: 0, Sess:  ) , asSpect: false
2018-10-08 21:36:47.633 [nettyDefaultEventExecutorGroup-2-2] INFO  c.n.s.e.managers.GameRoomManager - Cannot remove room: 好友房1048681 from it's group: default. The group was not found.
2018-10-08 21:36:47.634 [nettyDefaultEventExecutorGroup-2-2] INFO  c.n.s.e.managers.GameRoomManager - Room removed: com.net.server.entities.GameZone@4dd3f4b7, [ Room: 好友房1048681, Id: 1048681, Group: default, isGame: false ], Duration: 32451
2018-10-08 21:37:16.849 [nettyDefaultEventExecutorGroup-2-2] INFO  com.net.server.entities.GameZone - 用户{0}登录成功
2018-10-08 21:37:16.850 [nettyDefaultEventExecutorGroup-2-2] INFO  com.net.server.api.GameApi - User login: ( User Name: 大王, Id: 2, Priv: 0, Sess:  ) 
2018-10-08 21:37:16.961 [nettyDefaultEventExecutorGroup-2-1] INFO  c.n.s.e.managers.GameRoomManager - Room created: com.net.server.entities.GameZone@4dd3f4b7, [ Room: 好友房2365643, Id: 2365643, Group: default, isGame: false ]
2018-10-08 21:37:16.962 [nettyDefaultEventExecutorGroup-2-1] INFO  com.net.server.api.GameApi - Room joined: [ Room: 好友房2365643, Id: 2365643, Group: default, isGame: false ], ( User Name: 大王, Id: 2, Priv: 0, Sess:  ) , asSpect: false
2018-10-08 21:37:16.964 [nettyDefaultEventExecutorGroup-2-1] INFO  c.n.s.e.managers.GameRoomManager - Cannot remove room: 好友房2436732 from it's group: default. The group was not found.
2018-10-08 21:37:16.965 [nettyDefaultEventExecutorGroup-2-1] INFO  c.n.s.e.managers.GameRoomManager - Room removed: com.net.server.entities.GameZone@4dd3f4b7, [ Room: 好友房2436732, Id: 2436732, Group: default, isGame: false ], Duration: 29334
2018-10-08 21:37:17.467 [nettyDefaultEventExecutorGroup-2-3] INFO  com.net.server.entities.GameZone - 用户{0}登录成功
2018-10-08 21:37:17.468 [nettyDefaultEventExecutorGroup-2-3] INFO  com.net.server.api.GameApi - User login: ( User Name: 大王, Id: 2, Priv: 0, Sess:  ) 
2018-10-08 21:37:17.478 [nettyDefaultEventExecutorGroup-2-4] INFO  c.n.s.e.managers.GameRoomManager - Room created: com.net.server.entities.GameZone@4dd3f4b7, [ Room: 好友房8743143, Id: 8743143, Group: default, isGame: false ]
2018-10-08 21:37:17.478 [nettyDefaultEventExecutorGroup-2-4] INFO  com.net.server.api.GameApi - Room joined: [ Room: 好友房8743143, Id: 8743143, Group: default, isGame: false ], ( User Name: 大王, Id: 2, Priv: 0, Sess:  ) , asSpect: false
2018-10-08 21:37:17.479 [nettyDefaultEventExecutorGroup-2-4] INFO  c.n.s.e.managers.GameRoomManager - Cannot remove room: 好友房2365643 from it's group: default. The group was not found.
2018-10-08 21:37:17.480 [nettyDefaultEventExecutorGroup-2-4] INFO  c.n.s.e.managers.GameRoomManager - Room removed: com.net.server.entities.GameZone@4dd3f4b7, [ Room: 好友房2365643, Id: 2365643, Group: default, isGame: false ], Duration: 519
2018-10-08 21:37:36.226 [nettyDefaultEventExecutorGroup-2-4] INFO  com.net.server.entities.GameZone - 用户{0}登录成功
2018-10-08 21:37:36.226 [nettyDefaultEventExecutorGroup-2-4] INFO  com.net.server.api.GameApi - User login: ( User Name: 大王, Id: 2, Priv: 0, Sess:  ) 
2018-10-08 21:37:36.233 [nettyDefaultEventExecutorGroup-2-4] INFO  c.n.s.e.managers.GameRoomManager - Room created: com.net.server.entities.GameZone@4dd3f4b7, [ Room: 好友房6041570, Id: 6041570, Group: default, isGame: false ]
2018-10-08 21:37:36.233 [nettyDefaultEventExecutorGroup-2-4] INFO  com.net.server.api.GameApi - Room joined: [ Room: 好友房6041570, Id: 6041570, Group: default, isGame: false ], ( User Name: 大王, Id: 2, Priv: 0, Sess:  ) , asSpect: false
2018-10-08 21:37:36.235 [nettyDefaultEventExecutorGroup-2-4] INFO  c.n.s.e.managers.GameRoomManager - Cannot remove room: 好友房8743143 from it's group: default. The group was not found.
2018-10-08 21:37:36.236 [nettyDefaultEventExecutorGroup-2-4] INFO  c.n.s.e.managers.GameRoomManager - Room removed: com.net.server.entities.GameZone@4dd3f4b7, [ Room: 好友房8743143, Id: 8743143, Group: default, isGame: false ], Duration: 18758
2018-10-08 21:38:13.868 [nettyDefaultEventExecutorGroup-2-1] INFO  com.net.server.entities.GameZone - 用户{0}登录成功
2018-10-08 21:38:13.868 [nettyDefaultEventExecutorGroup-2-1] INFO  com.net.server.api.GameApi - User login: ( User Name: 大王, Id: 2, Priv: 0, Sess:  ) 
2018-10-08 21:38:13.872 [nettyDefaultEventExecutorGroup-2-3] INFO  c.n.s.e.managers.GameRoomManager - Room created: com.net.server.entities.GameZone@4dd3f4b7, [ Room: 好友房2865632, Id: 2865632, Group: default, isGame: false ]
2018-10-08 21:38:13.873 [nettyDefaultEventExecutorGroup-2-3] INFO  com.net.server.api.GameApi - Room joined: [ Room: 好友房2865632, Id: 2865632, Group: default, isGame: false ], ( User Name: 大王, Id: 2, Priv: 0, Sess:  ) , asSpect: false
2018-10-08 21:38:13.889 [nettyDefaultEventExecutorGroup-2-3] INFO  c.n.s.e.managers.GameRoomManager - Cannot remove room: 好友房6041570 from it's group: default. The group was not found.
2018-10-08 21:38:13.890 [nettyDefaultEventExecutorGroup-2-3] INFO  c.n.s.e.managers.GameRoomManager - Room removed: com.net.server.entities.GameZone@4dd3f4b7, [ Room: 好友房6041570, Id: 6041570, Group: default, isGame: false ], Duration: 37657
2018-10-08 21:38:45.177 [nettyDefaultEventExecutorGroup-2-2] INFO  com.net.server.entities.GameZone - 用户{0}登录成功
2018-10-08 21:38:45.177 [nettyDefaultEventExecutorGroup-2-2] INFO  com.net.server.api.GameApi - User login: ( User Name: 大王, Id: 2, Priv: 0, Sess:  ) 
2018-10-08 21:38:45.216 [nettyDefaultEventExecutorGroup-2-1] INFO  c.n.s.e.managers.GameRoomManager - Room created: com.net.server.entities.GameZone@4dd3f4b7, [ Room: 好友房8558749, Id: 8558749, Group: default, isGame: false ]
2018-10-08 21:38:45.217 [nettyDefaultEventExecutorGroup-2-1] INFO  com.net.server.api.GameApi - Room joined: [ Room: 好友房8558749, Id: 8558749, Group: default, isGame: false ], ( User Name: 大王, Id: 2, Priv: 0, Sess:  ) , asSpect: false
2018-10-08 21:38:45.223 [nettyDefaultEventExecutorGroup-2-1] INFO  c.n.s.e.managers.GameRoomManager - Cannot remove room: 好友房2865632 from it's group: default. The group was not found.
2018-10-08 21:38:45.224 [nettyDefaultEventExecutorGroup-2-1] INFO  c.n.s.e.managers.GameRoomManager - Room removed: com.net.server.entities.GameZone@4dd3f4b7, [ Room: 好友房2865632, Id: 2865632, Group: default, isGame: false ], Duration: 31352
2018-10-08 21:40:10.300 [nettyDefaultEventExecutorGroup-2-3] INFO  com.net.server.entities.GameZone - 用户{0}登录成功
2018-10-08 21:40:10.301 [nettyDefaultEventExecutorGroup-2-3] INFO  com.net.server.api.GameApi - User login: ( User Name: 大王, Id: 2, Priv: 0, Sess:  ) 
2018-10-08 21:40:10.305 [nettyDefaultEventExecutorGroup-2-2] INFO  c.n.s.e.managers.GameRoomManager - Room created: com.net.server.entities.GameZone@4dd3f4b7, [ Room: 好友房5245240, Id: 5245240, Group: default, isGame: false ]
2018-10-08 21:40:10.306 [nettyDefaultEventExecutorGroup-2-2] INFO  com.net.server.api.GameApi - Room joined: [ Room: 好友房5245240, Id: 5245240, Group: default, isGame: false ], ( User Name: 大王, Id: 2, Priv: 0, Sess:  ) , asSpect: false
2018-10-08 21:40:10.307 [nettyDefaultEventExecutorGroup-2-2] INFO  c.n.s.e.managers.GameRoomManager - Cannot remove room: 好友房8558749 from it's group: default. The group was not found.
2018-10-08 21:40:10.307 [nettyDefaultEventExecutorGroup-2-2] INFO  c.n.s.e.managers.GameRoomManager - Room removed: com.net.server.entities.GameZone@4dd3f4b7, [ Room: 好友房8558749, Id: 8558749, Group: default, isGame: false ], Duration: 85091
2018-10-08 21:40:54.487 [nettyDefaultEventExecutorGroup-2-4] INFO  com.net.server.entities.GameZone - 用户{0}登录成功
2018-10-08 21:40:54.487 [nettyDefaultEventExecutorGroup-2-4] INFO  com.net.server.api.GameApi - User login: ( User Name: 大王, Id: 2, Priv: 0, Sess:  ) 
2018-10-08 21:40:54.490 [nettyDefaultEventExecutorGroup-2-1] INFO  c.n.s.e.managers.GameRoomManager - Room created: com.net.server.entities.GameZone@4dd3f4b7, [ Room: 好友房9082559, Id: 9082559, Group: default, isGame: false ]
2018-10-08 21:40:54.490 [nettyDefaultEventExecutorGroup-2-1] INFO  com.net.server.api.GameApi - Room joined: [ Room: 好友房9082559, Id: 9082559, Group: default, isGame: false ], ( User Name: 大王, Id: 2, Priv: 0, Sess:  ) , asSpect: false
2018-10-08 21:40:54.493 [nettyDefaultEventExecutorGroup-2-1] INFO  c.n.s.e.managers.GameRoomManager - Cannot remove room: 好友房5245240 from it's group: default. The group was not found.
2018-10-08 21:40:54.494 [nettyDefaultEventExecutorGroup-2-1] INFO  c.n.s.e.managers.GameRoomManager - Room removed: com.net.server.entities.GameZone@4dd3f4b7, [ Room: 好友房5245240, Id: 5245240, Group: default, isGame: false ], Duration: 44189
2018-10-08 21:41:10.389 [nettyDefaultEventExecutorGroup-2-1] INFO  com.net.server.entities.GameZone - 用户{0}登录成功
2018-10-08 21:41:10.390 [nettyDefaultEventExecutorGroup-2-1] INFO  com.net.server.api.GameApi - User login: ( User Name: 大王, Id: 2, Priv: 0, Sess:  ) 
2018-10-08 21:41:10.395 [nettyDefaultEventExecutorGroup-2-4] INFO  c.n.s.e.managers.GameRoomManager - Room created: com.net.server.entities.GameZone@4dd3f4b7, [ Room: 好友房1971381, Id: 1971381, Group: default, isGame: false ]
2018-10-08 21:41:10.395 [nettyDefaultEventExecutorGroup-2-4] INFO  com.net.server.api.GameApi - Room joined: [ Room: 好友房1971381, Id: 1971381, Group: default, isGame: false ], ( User Name: 大王, Id: 2, Priv: 0, Sess:  ) , asSpect: false
2018-10-08 21:41:10.398 [nettyDefaultEventExecutorGroup-2-4] INFO  c.n.s.e.managers.GameRoomManager - Cannot remove room: 好友房9082559 from it's group: default. The group was not found.
2018-10-08 21:41:10.398 [nettyDefaultEventExecutorGroup-2-4] INFO  c.n.s.e.managers.GameRoomManager - Room removed: com.net.server.entities.GameZone@4dd3f4b7, [ Room: 好友房9082559, Id: 9082559, Group: default, isGame: false ], Duration: 15908
2018-10-08 21:41:56.630 [nettyDefaultEventExecutorGroup-2-2] INFO  com.net.server.entities.GameZone - 用户{0}登录成功
2018-10-08 21:41:56.630 [nettyDefaultEventExecutorGroup-2-2] INFO  com.net.server.api.GameApi - User login: ( User Name: 大王, Id: 2, Priv: 0, Sess:  ) 
2018-10-08 21:41:56.640 [nettyDefaultEventExecutorGroup-2-2] INFO  c.n.s.e.managers.GameRoomManager - Room created: com.net.server.entities.GameZone@4dd3f4b7, [ Room: 好友房2833210, Id: 2833210, Group: default, isGame: false ]
2018-10-08 21:41:56.640 [nettyDefaultEventExecutorGroup-2-2] INFO  com.net.server.api.GameApi - Room joined: [ Room: 好友房2833210, Id: 2833210, Group: default, isGame: false ], ( User Name: 大王, Id: 2, Priv: 0, Sess:  ) , asSpect: false
2018-10-08 21:41:56.644 [nettyDefaultEventExecutorGroup-2-2] INFO  c.n.s.e.managers.GameRoomManager - Cannot remove room: 好友房1971381 from it's group: default. The group was not found.
2018-10-08 21:41:56.644 [nettyDefaultEventExecutorGroup-2-2] INFO  c.n.s.e.managers.GameRoomManager - Room removed: com.net.server.entities.GameZone@4dd3f4b7, [ Room: 好友房1971381, Id: 1971381, Group: default, isGame: false ], Duration: 46249
