2017-04-17 16:28:52.769 [main] INFO  com.net.server.GameServer - Boot sequence starts...
2017-04-17 16:28:54.517 [main] INFO  c.a.druid.pool.DruidDataSource - {dataSource-1} inited
2017-04-17 16:28:55.016 [main] INFO  com.net.server.GameServer - init spring container success. 
2017-04-17 16:28:55.103 [main] INFO  c.n.s.config.DefaultConfigLoader - Loading: config/core.xml
2017-04-17 16:28:55.533 [main] INFO  com.net.server.core.SFSEventManager -  initalized
2017-04-17 16:28:55.598 [main] INFO  com.net.server.GameServer - Protocol Type is: BINARY
2017-04-17 16:28:55.598 [main] INFO  c.n.s.config.DefaultConfigLoader - Loading: zones\BasicExamples.zone.xml
2017-04-17 16:28:55.657 [main] INFO  com.net.engine.core.NetEngine - NetWorkServer 1X
2017-04-17 16:28:55.674 [main] INFO  com.net.engine.core.NetEngine - BitSwarmEngine version: 3.30.1 { main }
2017-04-17 16:28:55.680 [main] INFO  com.net.engine.core.NetEngine - System Info:
	Processor(s): 8
	VM Max. memory: 1895MB
	os.name: Windows 7
	os.arch: amd64
	os.version: 6.1
	java.version: 1.8.0_60
	java.vendor: Oracle Corporation
	java.vendor.url: http://java.oracle.com/
	java.vm.specification.version: 1.8
	java.vm.version: 25.60-b23
	java.vm.vendor: Oracle Corporation
	java.vm.name: Java HotSpot(TM) 64-Bit Server VM
	java.io.tmpdir: C:\Users\ADMINI~1\AppData\Local\Temp\
	Default charset: UTF-8

2017-04-17 16:28:55.717 [main] INFO  com.net.engine.core.NetEngine - Network Info:
	Card: Software Loopback Interface 1
		 ->127.0.0.1
		 ->0:0:0:0:0:0:0:1
	Card: WAN Miniport (SSTP)
	Card: WAN Miniport (L2TP)
	Card: WAN Miniport (PPTP)
	Card: WAN Miniport (PPPOE)
	Card: WAN Miniport (IPv6)
	Card: WAN Miniport (Network Monitor)
	Card: WAN Miniport (IP)
	Card: RAS Async Adapter
	Card: WAN Miniport (IKEv2)
	Card: Microsoft Teredo Tunneling Adapter
		 ->2001:0:9d38:953c:88c:d53e:95a8:fa09
		 ->fe80:0:0:0:88c:d53e:95a8:fa09%net4
	Card: Intel(R) Ethernet Connection I217-V
		 ->192.168.1.114
		 ->fe80:0:0:0:8c3e:fb68:1e96:e9ff%eth3
	Card: Realtek RTL8192EU Wireless LAN 802.11n USB 2.0 Network Adapter
	Card: Realtek RTL8188EU Wireless LAN 802.11n USB 2.0 Network Adapter
	Card: Microsoft ISATAP Adapter
		 ->fe80:0:0:0:0:5efe:c0a8:172%net5
	Card: Intel(R) Ethernet Connection I217-V-QoS Packet Scheduler-0000
	Card: Intel(R) Ethernet Connection I217-V-WFP LightWeight Filter-0000
	Card: WAN Miniport (IPv6)-QoS Packet Scheduler-0000
	Card: WAN Miniport (IP)-QoS Packet Scheduler-0000
	Card: WAN Miniport (Network Monitor)-QoS Packet Scheduler-0000

2017-04-17 16:28:55.803 [main] INFO  com.net.engine.core.NetEngine - Session manager ready: com.net.engine.sessions.DefaultSessionManager@263bbfeb
2017-04-17 16:28:56.185 [main] INFO  bootLogger - Controller started: com.net.server.controllers.SystemReqController 
2017-04-17 16:28:56.185 [Scheduler1-thread-1] INFO  bootLogger - Scheduler started: scheduler
2017-04-17 16:28:56.186 [main] INFO  bootLogger - Controller started: com.net.server.controllers.ExtensionReqController 
2017-04-17 16:28:56.241 [main] INFO  bootLogger - WebSocket服务已启动:127.0.0.1:8888
2017-04-17 16:28:56.241 [main] INFO  bootLogger - Socket Writer started (pool size:1)
2017-04-17 16:28:56.253 [main] INFO  bootLogger - Security Manager started
2017-04-17 16:28:56.257 [main] INFO  com.net.engine.core.NetEngine - [[[ ===--- Boot sequence complete ---=== ]]]
2017-04-17 16:28:56.264 [nettyDefaultEventExecutorGroup-2-2] INFO  com.net.server.GameServer - Listening Sockets: { 127.0.0.1:8888 (WebSocket) }
2017-04-17 16:28:56.264 [nettyDefaultEventExecutorGroup-2-2] INFO  com.net.server.GameServer - SmartFoxServer 2X (1.0.0) READY!
2017-04-17 16:28:56.434 [nettyDefaultEventExecutorGroup-2-3] INFO  c.n.b.basedata.BaseDataManager - ==============加载静态数据成功===============
2017-04-17 16:30:03.509 [main] INFO  com.net.server.GameServer - Boot sequence starts...
2017-04-17 16:30:04.311 [main] INFO  c.a.druid.pool.DruidDataSource - {dataSource-1} inited
2017-04-17 16:30:04.688 [main] INFO  com.net.server.GameServer - init spring container success. 
2017-04-17 16:30:04.695 [main] INFO  c.n.s.config.DefaultConfigLoader - Loading: config/core.xml
2017-04-17 16:30:04.947 [main] INFO  com.net.server.core.SFSEventManager -  initalized
2017-04-17 16:30:04.960 [main] INFO  com.net.server.GameServer - Protocol Type is: BINARY
2017-04-17 16:30:04.960 [main] INFO  c.n.s.config.DefaultConfigLoader - Loading: zones\BasicExamples.zone.xml
2017-04-17 16:30:04.972 [main] INFO  com.net.engine.core.NetEngine - NetWorkServer 1X
2017-04-17 16:30:04.973 [main] INFO  com.net.engine.core.NetEngine - BitSwarmEngine version: 3.30.1 { main }
2017-04-17 16:30:04.974 [main] INFO  com.net.engine.core.NetEngine - System Info:
	Processor(s): 8
	VM Max. memory: 1895MB
	os.name: Windows 7
	os.arch: amd64
	os.version: 6.1
	java.version: 1.8.0_60
	java.vendor: Oracle Corporation
	java.vendor.url: http://java.oracle.com/
	java.vm.specification.version: 1.8
	java.vm.version: 25.60-b23
	java.vm.vendor: Oracle Corporation
	java.vm.name: Java HotSpot(TM) 64-Bit Server VM
	java.io.tmpdir: C:\Users\ADMINI~1\AppData\Local\Temp\
	Default charset: UTF-8

2017-04-17 16:30:05.009 [main] INFO  com.net.engine.core.NetEngine - Network Info:
	Card: Software Loopback Interface 1
		 ->127.0.0.1
		 ->0:0:0:0:0:0:0:1
	Card: WAN Miniport (SSTP)
	Card: WAN Miniport (L2TP)
	Card: WAN Miniport (PPTP)
	Card: WAN Miniport (PPPOE)
	Card: WAN Miniport (IPv6)
	Card: WAN Miniport (Network Monitor)
	Card: WAN Miniport (IP)
	Card: RAS Async Adapter
	Card: WAN Miniport (IKEv2)
	Card: Microsoft Teredo Tunneling Adapter
		 ->2001:0:9d38:953c:88c:d53e:95a8:fa09
		 ->fe80:0:0:0:88c:d53e:95a8:fa09%net4
	Card: Intel(R) Ethernet Connection I217-V
		 ->192.168.1.114
		 ->fe80:0:0:0:8c3e:fb68:1e96:e9ff%eth3
	Card: Realtek RTL8192EU Wireless LAN 802.11n USB 2.0 Network Adapter
	Card: Realtek RTL8188EU Wireless LAN 802.11n USB 2.0 Network Adapter
	Card: Microsoft ISATAP Adapter
		 ->fe80:0:0:0:0:5efe:c0a8:172%net5
	Card: Intel(R) Ethernet Connection I217-V-QoS Packet Scheduler-0000
	Card: Intel(R) Ethernet Connection I217-V-WFP LightWeight Filter-0000
	Card: WAN Miniport (IPv6)-QoS Packet Scheduler-0000
	Card: WAN Miniport (IP)-QoS Packet Scheduler-0000
	Card: WAN Miniport (Network Monitor)-QoS Packet Scheduler-0000

2017-04-17 16:30:05.014 [main] INFO  com.net.engine.core.NetEngine - Session manager ready: com.net.engine.sessions.DefaultSessionManager@6fca5907
2017-04-17 16:30:05.196 [main] INFO  bootLogger - Controller started: com.net.server.controllers.SystemReqController 
2017-04-17 16:30:05.196 [Scheduler1-thread-1] INFO  bootLogger - Scheduler started: scheduler
2017-04-17 16:30:05.196 [main] INFO  bootLogger - Controller started: com.net.server.controllers.ExtensionReqController 
2017-04-17 16:30:05.224 [main] INFO  bootLogger - WebSocket服务已启动:127.0.0.1:8888
2017-04-17 16:30:05.224 [main] INFO  bootLogger - Socket Writer started (pool size:1)
2017-04-17 16:30:05.225 [main] INFO  bootLogger - Security Manager started
2017-04-17 16:30:05.226 [main] INFO  com.net.engine.core.NetEngine - [[[ ===--- Boot sequence complete ---=== ]]]
2017-04-17 16:30:05.226 [nettyDefaultEventExecutorGroup-2-2] INFO  com.net.server.GameServer - Listening Sockets: { 127.0.0.1:8888 (WebSocket) }
2017-04-17 16:30:05.227 [nettyDefaultEventExecutorGroup-2-2] INFO  com.net.server.GameServer - SmartFoxServer 2X (1.0.0) READY!
2017-04-17 16:30:05.317 [nettyDefaultEventExecutorGroup-2-3] INFO  c.n.b.basedata.BaseDataManager - ==============加载静态数据成功===============
2017-04-17 16:30:08.109 [nioEventLoopGroup-4-1] INFO  c.n.e.s.DefaultSessionManager - Session created: { Id: 1, Type: DEFAULT, Logged: No, IP: 27.0.0.1/127.0.0.1:50163 } on Server port: 9934 <---> 50163
2017-04-17 16:30:49.106 [nioEventLoopGroup-4-1] INFO  c.n.e.s.DefaultSessionManager - Session removed: { Id: 1, Type: DEFAULT, Logged: No, IP: 27.0.0.1/127.0.0.1:50163 }
2017-04-17 16:31:22.450 [main] INFO  com.net.server.GameServer - Boot sequence starts...
2017-04-17 16:31:23.255 [main] INFO  c.a.druid.pool.DruidDataSource - {dataSource-1} inited
2017-04-17 16:31:23.591 [main] INFO  com.net.server.GameServer - init spring container success. 
2017-04-17 16:31:23.595 [main] INFO  c.n.s.config.DefaultConfigLoader - Loading: config/core.xml
2017-04-17 16:31:23.824 [main] INFO  com.net.server.core.SFSEventManager -  initalized
2017-04-17 16:31:23.835 [main] INFO  com.net.server.GameServer - Protocol Type is: BINARY
2017-04-17 16:31:23.836 [main] INFO  c.n.s.config.DefaultConfigLoader - Loading: zones\BasicExamples.zone.xml
2017-04-17 16:31:23.847 [main] INFO  com.net.engine.core.NetEngine - NetWorkServer 1X
2017-04-17 16:31:23.848 [main] INFO  com.net.engine.core.NetEngine - BitSwarmEngine version: 3.30.1 { main }
2017-04-17 16:31:23.849 [main] INFO  com.net.engine.core.NetEngine - System Info:
	Processor(s): 8
	VM Max. memory: 1895MB
	os.name: Windows 7
	os.arch: amd64
	os.version: 6.1
	java.version: 1.8.0_60
	java.vendor: Oracle Corporation
	java.vendor.url: http://java.oracle.com/
	java.vm.specification.version: 1.8
	java.vm.version: 25.60-b23
	java.vm.vendor: Oracle Corporation
	java.vm.name: Java HotSpot(TM) 64-Bit Server VM
	java.io.tmpdir: C:\Users\ADMINI~1\AppData\Local\Temp\
	Default charset: UTF-8

2017-04-17 16:31:23.884 [main] INFO  com.net.engine.core.NetEngine - Network Info:
	Card: Software Loopback Interface 1
		 ->127.0.0.1
		 ->0:0:0:0:0:0:0:1
	Card: WAN Miniport (SSTP)
	Card: WAN Miniport (L2TP)
	Card: WAN Miniport (PPTP)
	Card: WAN Miniport (PPPOE)
	Card: WAN Miniport (IPv6)
	Card: WAN Miniport (Network Monitor)
	Card: WAN Miniport (IP)
	Card: RAS Async Adapter
	Card: WAN Miniport (IKEv2)
	Card: Microsoft Teredo Tunneling Adapter
		 ->2001:0:9d38:953c:88c:d53e:95a8:fa09
		 ->fe80:0:0:0:88c:d53e:95a8:fa09%net4
	Card: Intel(R) Ethernet Connection I217-V
		 ->192.168.1.114
		 ->fe80:0:0:0:8c3e:fb68:1e96:e9ff%eth3
	Card: Realtek RTL8192EU Wireless LAN 802.11n USB 2.0 Network Adapter
	Card: Realtek RTL8188EU Wireless LAN 802.11n USB 2.0 Network Adapter
	Card: Microsoft ISATAP Adapter
		 ->fe80:0:0:0:0:5efe:c0a8:172%net5
	Card: Intel(R) Ethernet Connection I217-V-QoS Packet Scheduler-0000
	Card: Intel(R) Ethernet Connection I217-V-WFP LightWeight Filter-0000
	Card: WAN Miniport (IPv6)-QoS Packet Scheduler-0000
	Card: WAN Miniport (IP)-QoS Packet Scheduler-0000
	Card: WAN Miniport (Network Monitor)-QoS Packet Scheduler-0000

2017-04-17 16:31:23.888 [main] INFO  com.net.engine.core.NetEngine - Session manager ready: com.net.engine.sessions.DefaultSessionManager@451882b2
2017-04-17 16:31:24.088 [Scheduler1-thread-1] INFO  bootLogger - Scheduler started: scheduler
2017-04-17 16:31:24.088 [main] INFO  bootLogger - Controller started: com.net.server.controllers.SystemReqController 
2017-04-17 16:31:24.088 [main] INFO  bootLogger - Controller started: com.net.server.controllers.ExtensionReqController 
2017-04-17 16:31:24.116 [main] INFO  bootLogger - WebSocket服务已启动:127.0.0.1:8888
2017-04-17 16:31:24.116 [main] INFO  bootLogger - Socket Writer started (pool size:1)
2017-04-17 16:31:24.117 [main] INFO  bootLogger - Security Manager started
2017-04-17 16:31:24.118 [main] INFO  com.net.engine.core.NetEngine - [[[ ===--- Boot sequence complete ---=== ]]]
2017-04-17 16:31:24.119 [nettyDefaultEventExecutorGroup-2-2] INFO  com.net.server.GameServer - Listening Sockets: { 127.0.0.1:8888 (WebSocket) }
2017-04-17 16:31:24.119 [nettyDefaultEventExecutorGroup-2-2] INFO  com.net.server.GameServer - SmartFoxServer 2X (1.0.0) READY!
2017-04-17 16:31:24.205 [nettyDefaultEventExecutorGroup-2-3] INFO  c.n.b.basedata.BaseDataManager - ==============加载静态数据成功===============
2017-04-17 16:31:35.183 [nioEventLoopGroup-4-1] INFO  c.n.e.s.DefaultSessionManager - Session created: { Id: 1, Type: DEFAULT, Logged: No, IP: 27.0.0.1/127.0.0.1:50354 } on Server port: 9934 <---> 50354
2017-04-17 16:33:48.238 [main] INFO  com.net.server.GameServer - Boot sequence starts...
2017-04-17 16:33:49.088 [main] INFO  c.a.druid.pool.DruidDataSource - {dataSource-1} inited
2017-04-17 16:33:49.456 [main] INFO  com.net.server.GameServer - init spring container success. 
2017-04-17 16:33:49.463 [main] INFO  c.n.s.config.DefaultConfigLoader - Loading: config/core.xml
2017-04-17 16:33:49.683 [main] INFO  com.net.server.core.SFSEventManager -  initalized
2017-04-17 16:33:49.694 [main] INFO  com.net.server.GameServer - Protocol Type is: BINARY
2017-04-17 16:33:49.695 [main] INFO  c.n.s.config.DefaultConfigLoader - Loading: zones\BasicExamples.zone.xml
2017-04-17 16:33:49.705 [main] INFO  com.net.engine.core.NetEngine - NetWorkServer 1X
2017-04-17 16:33:49.706 [main] INFO  com.net.engine.core.NetEngine - BitSwarmEngine version: 3.30.1 { main }
2017-04-17 16:33:49.707 [main] INFO  com.net.engine.core.NetEngine - System Info:
	Processor(s): 8
	VM Max. memory: 1895MB
	os.name: Windows 7
	os.arch: amd64
	os.version: 6.1
	java.version: 1.8.0_60
	java.vendor: Oracle Corporation
	java.vendor.url: http://java.oracle.com/
	java.vm.specification.version: 1.8
	java.vm.version: 25.60-b23
	java.vm.vendor: Oracle Corporation
	java.vm.name: Java HotSpot(TM) 64-Bit Server VM
	java.io.tmpdir: C:\Users\ADMINI~1\AppData\Local\Temp\
	Default charset: UTF-8

2017-04-17 16:33:49.743 [main] INFO  com.net.engine.core.NetEngine - Network Info:
	Card: Software Loopback Interface 1
		 ->127.0.0.1
		 ->0:0:0:0:0:0:0:1
	Card: WAN Miniport (SSTP)
	Card: WAN Miniport (L2TP)
	Card: WAN Miniport (PPTP)
	Card: WAN Miniport (PPPOE)
	Card: WAN Miniport (IPv6)
	Card: WAN Miniport (Network Monitor)
	Card: WAN Miniport (IP)
	Card: RAS Async Adapter
	Card: WAN Miniport (IKEv2)
	Card: Microsoft Teredo Tunneling Adapter
		 ->2001:0:9d38:953c:88c:d53e:95a8:fa09
		 ->fe80:0:0:0:88c:d53e:95a8:fa09%net4
	Card: Intel(R) Ethernet Connection I217-V
		 ->192.168.1.114
		 ->fe80:0:0:0:8c3e:fb68:1e96:e9ff%eth3
	Card: Realtek RTL8192EU Wireless LAN 802.11n USB 2.0 Network Adapter
	Card: Realtek RTL8188EU Wireless LAN 802.11n USB 2.0 Network Adapter
	Card: Microsoft ISATAP Adapter
		 ->fe80:0:0:0:0:5efe:c0a8:172%net5
	Card: Intel(R) Ethernet Connection I217-V-QoS Packet Scheduler-0000
	Card: Intel(R) Ethernet Connection I217-V-WFP LightWeight Filter-0000
	Card: WAN Miniport (IPv6)-QoS Packet Scheduler-0000
	Card: WAN Miniport (IP)-QoS Packet Scheduler-0000
	Card: WAN Miniport (Network Monitor)-QoS Packet Scheduler-0000

2017-04-17 16:33:49.747 [main] INFO  com.net.engine.core.NetEngine - Session manager ready: com.net.engine.sessions.DefaultSessionManager@451882b2
2017-04-17 16:33:49.922 [main] INFO  bootLogger - Controller started: com.net.server.controllers.SystemReqController 
2017-04-17 16:33:49.922 [Scheduler1-thread-1] INFO  bootLogger - Scheduler started: scheduler
2017-04-17 16:33:49.922 [main] INFO  bootLogger - Controller started: com.net.server.controllers.ExtensionReqController 
2017-04-17 16:33:49.953 [main] INFO  bootLogger - WebSocket服务已启动:127.0.0.1:8888
2017-04-17 16:33:49.953 [main] INFO  bootLogger - Socket Writer started (pool size:1)
2017-04-17 16:33:49.954 [main] INFO  bootLogger - Security Manager started
2017-04-17 16:33:49.955 [main] INFO  com.net.engine.core.NetEngine - [[[ ===--- Boot sequence complete ---=== ]]]
2017-04-17 16:33:49.956 [nettyDefaultEventExecutorGroup-2-2] INFO  com.net.server.GameServer - Listening Sockets: { 127.0.0.1:8888 (WebSocket) }
2017-04-17 16:33:49.957 [nettyDefaultEventExecutorGroup-2-2] INFO  com.net.server.GameServer - SmartFoxServer 2X (1.0.0) READY!
2017-04-17 16:33:50.042 [nettyDefaultEventExecutorGroup-2-3] INFO  c.n.b.basedata.BaseDataManager - ==============加载静态数据成功===============
2017-04-17 16:34:09.254 [nioEventLoopGroup-4-1] INFO  c.n.e.s.DefaultSessionManager - Session created: { Id: 1, Type: DEFAULT, Logged: No, IP: 27.0.0.1/127.0.0.1:50554 } on Server port: 9934 <---> 50554
2017-04-17 16:35:04.115 [nettyDefaultEventExecutorGroup-2-4] INFO  com.net.server.entities.GameZone - 用户{0}登录成功
2017-04-17 16:35:04.128 [nettyDefaultEventExecutorGroup-2-4] INFO  com.net.server.api.GameApi - User login: ( User Name: sundawang, Id: 303069, Priv: 0, Sess:  ) 
2017-04-17 16:36:51.151 [nioEventLoopGroup-4-1] INFO  c.n.e.s.DefaultSessionManager - Session removed: { Id: 1, Type: DEFAULT, Logged: No, IP: 27.0.0.1/127.0.0.1:50554 }
2017-04-17 16:37:01.143 [nioEventLoopGroup-4-2] INFO  c.n.e.s.DefaultSessionManager - Session created: { Id: 2, Type: DEFAULT, Logged: No, IP: 27.0.0.1/127.0.0.1:50621 } on Server port: 9934 <---> 50621
2017-04-17 16:37:37.853 [nettyDefaultEventExecutorGroup-2-2] INFO  com.net.server.entities.GameZone - 用户{0}登录成功
2017-04-17 16:37:37.854 [nettyDefaultEventExecutorGroup-2-2] INFO  com.net.server.api.GameApi - User login: ( User Name: sundawang, Id: 303069, Priv: 0, Sess:  ) 
2017-04-17 16:39:52.061 [main] INFO  com.net.server.GameServer - Boot sequence starts...
2017-04-17 16:39:52.920 [main] INFO  c.a.druid.pool.DruidDataSource - {dataSource-1} inited
2017-04-17 16:39:53.310 [main] INFO  com.net.server.GameServer - init spring container success. 
2017-04-17 16:39:53.314 [main] INFO  c.n.s.config.DefaultConfigLoader - Loading: config/core.xml
2017-04-17 16:39:53.546 [main] INFO  com.net.server.core.SFSEventManager -  initalized
2017-04-17 16:39:53.564 [main] INFO  com.net.server.GameServer - Protocol Type is: BINARY
2017-04-17 16:39:53.564 [main] INFO  c.n.s.config.DefaultConfigLoader - Loading: zones\BasicExamples.zone.xml
2017-04-17 16:39:53.574 [main] INFO  com.net.engine.core.NetEngine - NetWorkServer 1X
2017-04-17 16:39:53.575 [main] INFO  com.net.engine.core.NetEngine - BitSwarmEngine version: 3.30.1 { main }
2017-04-17 16:39:53.576 [main] INFO  com.net.engine.core.NetEngine - System Info:
	Processor(s): 8
	VM Max. memory: 1895MB
	os.name: Windows 7
	os.arch: amd64
	os.version: 6.1
	java.version: 1.8.0_60
	java.vendor: Oracle Corporation
	java.vendor.url: http://java.oracle.com/
	java.vm.specification.version: 1.8
	java.vm.version: 25.60-b23
	java.vm.vendor: Oracle Corporation
	java.vm.name: Java HotSpot(TM) 64-Bit Server VM
	java.io.tmpdir: C:\Users\ADMINI~1\AppData\Local\Temp\
	Default charset: UTF-8

2017-04-17 16:39:53.613 [main] INFO  com.net.engine.core.NetEngine - Network Info:
	Card: Software Loopback Interface 1
		 ->127.0.0.1
		 ->0:0:0:0:0:0:0:1
	Card: WAN Miniport (SSTP)
	Card: WAN Miniport (L2TP)
	Card: WAN Miniport (PPTP)
	Card: WAN Miniport (PPPOE)
	Card: WAN Miniport (IPv6)
	Card: WAN Miniport (Network Monitor)
	Card: WAN Miniport (IP)
	Card: RAS Async Adapter
	Card: WAN Miniport (IKEv2)
	Card: Microsoft Teredo Tunneling Adapter
		 ->2001:0:9d38:953c:88c:d53e:95a8:fa09
		 ->fe80:0:0:0:88c:d53e:95a8:fa09%net4
	Card: Intel(R) Ethernet Connection I217-V
		 ->192.168.1.114
		 ->fe80:0:0:0:8c3e:fb68:1e96:e9ff%eth3
	Card: Realtek RTL8192EU Wireless LAN 802.11n USB 2.0 Network Adapter
	Card: Realtek RTL8188EU Wireless LAN 802.11n USB 2.0 Network Adapter
	Card: Microsoft ISATAP Adapter
		 ->fe80:0:0:0:0:5efe:c0a8:172%net5
	Card: Intel(R) Ethernet Connection I217-V-QoS Packet Scheduler-0000
	Card: Intel(R) Ethernet Connection I217-V-WFP LightWeight Filter-0000
	Card: WAN Miniport (IPv6)-QoS Packet Scheduler-0000
	Card: WAN Miniport (IP)-QoS Packet Scheduler-0000
	Card: WAN Miniport (Network Monitor)-QoS Packet Scheduler-0000

2017-04-17 16:39:53.618 [main] INFO  com.net.engine.core.NetEngine - Session manager ready: com.net.engine.sessions.DefaultSessionManager@15f8701f
2017-04-17 16:39:53.799 [main] INFO  bootLogger - Controller started: com.net.server.controllers.SystemReqController 
2017-04-17 16:39:53.799 [Scheduler1-thread-1] INFO  bootLogger - Scheduler started: scheduler
2017-04-17 16:39:53.799 [main] INFO  bootLogger - Controller started: com.net.server.controllers.ExtensionReqController 
2017-04-17 16:39:53.827 [main] INFO  bootLogger - WebSocket服务已启动:127.0.0.1:8888
2017-04-17 16:39:53.828 [main] INFO  bootLogger - Socket Writer started (pool size:1)
2017-04-17 16:39:53.828 [main] INFO  bootLogger - Security Manager started
2017-04-17 16:39:53.829 [main] INFO  com.net.engine.core.NetEngine - [[[ ===--- Boot sequence complete ---=== ]]]
2017-04-17 16:39:53.836 [nettyDefaultEventExecutorGroup-2-2] INFO  com.net.server.GameServer - Listening Sockets: { 127.0.0.1:8888 (WebSocket) }
2017-04-17 16:39:53.836 [nettyDefaultEventExecutorGroup-2-2] INFO  com.net.server.GameServer - SmartFoxServer 2X (1.0.0) READY!
2017-04-17 16:39:53.926 [nettyDefaultEventExecutorGroup-2-3] INFO  c.n.b.basedata.BaseDataManager - ==============加载静态数据成功===============
2017-04-17 16:39:57.593 [nioEventLoopGroup-4-1] INFO  c.n.e.s.DefaultSessionManager - Session created: { Id: 1, Type: DEFAULT, Logged: No, IP: 27.0.0.1/127.0.0.1:50831 } on Server port: 9934 <---> 50831
2017-04-17 16:40:09.932 [nettyDefaultEventExecutorGroup-2-4] INFO  com.net.server.entities.GameZone - 用户{0}登录成功
2017-04-17 16:40:09.934 [nettyDefaultEventExecutorGroup-2-4] INFO  com.net.server.api.GameApi - User login: ( User Name: sundawang, Id: 303069, Priv: 0, Sess:  ) 
2017-04-17 16:41:14.595 [nioEventLoopGroup-4-1] INFO  c.n.e.s.DefaultSessionManager - Session removed: { Id: 1, Type: DEFAULT, Logged: No, IP: 27.0.0.1/127.0.0.1:50831 }
2017-04-17 16:41:21.456 [main] INFO  com.net.server.GameServer - Boot sequence starts...
2017-04-17 16:41:22.315 [main] INFO  c.a.druid.pool.DruidDataSource - {dataSource-1} inited
2017-04-17 16:41:22.679 [main] INFO  com.net.server.GameServer - init spring container success. 
2017-04-17 16:41:22.683 [main] INFO  c.n.s.config.DefaultConfigLoader - Loading: config/core.xml
2017-04-17 16:41:22.948 [main] INFO  com.net.server.core.SFSEventManager -  initalized
2017-04-17 16:41:22.968 [main] INFO  com.net.server.GameServer - Protocol Type is: BINARY
2017-04-17 16:41:22.968 [main] INFO  c.n.s.config.DefaultConfigLoader - Loading: zones\BasicExamples.zone.xml
2017-04-17 16:41:22.977 [main] INFO  com.net.engine.core.NetEngine - NetWorkServer 1X
2017-04-17 16:41:22.978 [main] INFO  com.net.engine.core.NetEngine - BitSwarmEngine version: 3.30.1 { main }
2017-04-17 16:41:22.979 [main] INFO  com.net.engine.core.NetEngine - System Info:
	Processor(s): 8
	VM Max. memory: 1895MB
	os.name: Windows 7
	os.arch: amd64
	os.version: 6.1
	java.version: 1.8.0_60
	java.vendor: Oracle Corporation
	java.vendor.url: http://java.oracle.com/
	java.vm.specification.version: 1.8
	java.vm.version: 25.60-b23
	java.vm.vendor: Oracle Corporation
	java.vm.name: Java HotSpot(TM) 64-Bit Server VM
	java.io.tmpdir: C:\Users\ADMINI~1\AppData\Local\Temp\
	Default charset: UTF-8

2017-04-17 16:41:23.014 [main] INFO  com.net.engine.core.NetEngine - Network Info:
	Card: Software Loopback Interface 1
		 ->127.0.0.1
		 ->0:0:0:0:0:0:0:1
	Card: WAN Miniport (SSTP)
	Card: WAN Miniport (L2TP)
	Card: WAN Miniport (PPTP)
	Card: WAN Miniport (PPPOE)
	Card: WAN Miniport (IPv6)
	Card: WAN Miniport (Network Monitor)
	Card: WAN Miniport (IP)
	Card: RAS Async Adapter
	Card: WAN Miniport (IKEv2)
	Card: Microsoft Teredo Tunneling Adapter
		 ->2001:0:9d38:953c:88c:d53e:95a8:fa09
		 ->fe80:0:0:0:88c:d53e:95a8:fa09%net4
	Card: Intel(R) Ethernet Connection I217-V
		 ->192.168.1.114
		 ->fe80:0:0:0:8c3e:fb68:1e96:e9ff%eth3
	Card: Realtek RTL8192EU Wireless LAN 802.11n USB 2.0 Network Adapter
	Card: Realtek RTL8188EU Wireless LAN 802.11n USB 2.0 Network Adapter
	Card: Microsoft ISATAP Adapter
		 ->fe80:0:0:0:0:5efe:c0a8:172%net5
	Card: Intel(R) Ethernet Connection I217-V-QoS Packet Scheduler-0000
	Card: Intel(R) Ethernet Connection I217-V-WFP LightWeight Filter-0000
	Card: WAN Miniport (IPv6)-QoS Packet Scheduler-0000
	Card: WAN Miniport (IP)-QoS Packet Scheduler-0000
	Card: WAN Miniport (Network Monitor)-QoS Packet Scheduler-0000

2017-04-17 16:41:23.017 [main] INFO  com.net.engine.core.NetEngine - Session manager ready: com.net.engine.sessions.DefaultSessionManager@15f8701f
2017-04-17 16:41:23.203 [main] INFO  bootLogger - Controller started: com.net.server.controllers.SystemReqController 
2017-04-17 16:41:23.203 [Scheduler1-thread-1] INFO  bootLogger - Scheduler started: scheduler
2017-04-17 16:41:23.203 [main] INFO  bootLogger - Controller started: com.net.server.controllers.ExtensionReqController 
2017-04-17 16:41:23.249 [main] INFO  bootLogger - WebSocket服务已启动:127.0.0.1:8888
2017-04-17 16:41:23.250 [main] INFO  bootLogger - Socket Writer started (pool size:1)
2017-04-17 16:41:23.252 [main] INFO  bootLogger - Security Manager started
2017-04-17 16:41:23.253 [main] INFO  com.net.engine.core.NetEngine - [[[ ===--- Boot sequence complete ---=== ]]]
2017-04-17 16:41:23.254 [nettyDefaultEventExecutorGroup-2-2] INFO  com.net.server.GameServer - Listening Sockets: { 127.0.0.1:8888 (WebSocket) }
2017-04-17 16:41:23.255 [nettyDefaultEventExecutorGroup-2-2] INFO  com.net.server.GameServer - SmartFoxServer 2X (1.0.0) READY!
2017-04-17 16:41:23.344 [nettyDefaultEventExecutorGroup-2-3] INFO  c.n.b.basedata.BaseDataManager - ==============加载静态数据成功===============
2017-04-17 16:41:26.221 [nioEventLoopGroup-4-1] INFO  c.n.e.s.DefaultSessionManager - Session created: { Id: 1, Type: DEFAULT, Logged: No, IP: 27.0.0.1/127.0.0.1:51025 } on Server port: 9934 <---> 51025
2017-04-17 16:41:59.450 [nettyDefaultEventExecutorGroup-2-4] INFO  com.net.server.entities.GameZone - 用户{0}登录成功
2017-04-17 16:41:59.451 [nettyDefaultEventExecutorGroup-2-4] INFO  com.net.server.api.GameApi - User login: ( User Name: sundawang, Id: 303069, Priv: 0, Sess:  ) 
2017-04-17 16:45:30.444 [main] INFO  com.net.server.GameServer - Boot sequence starts...
2017-04-17 16:45:31.328 [main] INFO  c.a.druid.pool.DruidDataSource - {dataSource-1} inited
2017-04-17 16:45:31.702 [main] INFO  com.net.server.GameServer - init spring container success. 
2017-04-17 16:45:31.707 [main] INFO  c.n.s.config.DefaultConfigLoader - Loading: config/core.xml
2017-04-17 16:45:31.960 [main] INFO  com.net.server.core.SFSEventManager -  initalized
2017-04-17 16:45:31.974 [main] INFO  com.net.server.GameServer - Protocol Type is: BINARY
2017-04-17 16:45:31.975 [main] INFO  c.n.s.config.DefaultConfigLoader - Loading: zones\BasicExamples.zone.xml
2017-04-17 16:45:31.985 [main] INFO  com.net.engine.core.NetEngine - NetWorkServer 1X
2017-04-17 16:45:31.986 [main] INFO  com.net.engine.core.NetEngine - BitSwarmEngine version: 3.30.1 { main }
2017-04-17 16:45:31.987 [main] INFO  com.net.engine.core.NetEngine - System Info:
	Processor(s): 8
	VM Max. memory: 1895MB
	os.name: Windows 7
	os.arch: amd64
	os.version: 6.1
	java.version: 1.8.0_60
	java.vendor: Oracle Corporation
	java.vendor.url: http://java.oracle.com/
	java.vm.specification.version: 1.8
	java.vm.version: 25.60-b23
	java.vm.vendor: Oracle Corporation
	java.vm.name: Java HotSpot(TM) 64-Bit Server VM
	java.io.tmpdir: C:\Users\ADMINI~1\AppData\Local\Temp\
	Default charset: UTF-8

2017-04-17 16:45:32.027 [main] INFO  com.net.engine.core.NetEngine - Network Info:
	Card: Software Loopback Interface 1
		 ->127.0.0.1
		 ->0:0:0:0:0:0:0:1
	Card: WAN Miniport (SSTP)
	Card: WAN Miniport (L2TP)
	Card: WAN Miniport (PPTP)
	Card: WAN Miniport (PPPOE)
	Card: WAN Miniport (IPv6)
	Card: WAN Miniport (Network Monitor)
	Card: WAN Miniport (IP)
	Card: RAS Async Adapter
	Card: WAN Miniport (IKEv2)
	Card: Microsoft Teredo Tunneling Adapter
		 ->2001:0:9d38:953c:88c:d53e:95a8:fa09
		 ->fe80:0:0:0:88c:d53e:95a8:fa09%net4
	Card: Intel(R) Ethernet Connection I217-V
		 ->192.168.1.114
		 ->fe80:0:0:0:8c3e:fb68:1e96:e9ff%eth3
	Card: Realtek RTL8192EU Wireless LAN 802.11n USB 2.0 Network Adapter
	Card: Realtek RTL8188EU Wireless LAN 802.11n USB 2.0 Network Adapter
	Card: Microsoft ISATAP Adapter
		 ->fe80:0:0:0:0:5efe:c0a8:172%net5
	Card: Intel(R) Ethernet Connection I217-V-QoS Packet Scheduler-0000
	Card: Intel(R) Ethernet Connection I217-V-WFP LightWeight Filter-0000
	Card: WAN Miniport (IPv6)-QoS Packet Scheduler-0000
	Card: WAN Miniport (IP)-QoS Packet Scheduler-0000
	Card: WAN Miniport (Network Monitor)-QoS Packet Scheduler-0000

2017-04-17 16:45:32.033 [main] INFO  com.net.engine.core.NetEngine - Session manager ready: com.net.engine.sessions.DefaultSessionManager@451882b2
2017-04-17 16:45:32.236 [Scheduler1-thread-1] INFO  bootLogger - Scheduler started: scheduler
2017-04-17 16:45:32.236 [main] INFO  bootLogger - Controller started: com.net.server.controllers.SystemReqController 
2017-04-17 16:45:32.236 [main] INFO  bootLogger - Controller started: com.net.server.controllers.ExtensionReqController 
2017-04-17 16:45:32.264 [main] INFO  bootLogger - WebSocket服务已启动:127.0.0.1:8888
2017-04-17 16:45:32.265 [main] INFO  bootLogger - Socket Writer started (pool size:1)
2017-04-17 16:45:32.266 [main] INFO  bootLogger - Security Manager started
2017-04-17 16:45:32.266 [main] INFO  com.net.engine.core.NetEngine - [[[ ===--- Boot sequence complete ---=== ]]]
2017-04-17 16:45:32.267 [nettyDefaultEventExecutorGroup-2-2] INFO  com.net.server.GameServer - Listening Sockets: { 127.0.0.1:8888 (WebSocket) }
2017-04-17 16:45:32.268 [nettyDefaultEventExecutorGroup-2-2] INFO  com.net.server.GameServer - SmartFoxServer 2X (1.0.0) READY!
2017-04-17 16:45:32.362 [nettyDefaultEventExecutorGroup-2-3] INFO  c.n.b.basedata.BaseDataManager - ==============加载静态数据成功===============
2017-04-17 16:45:33.474 [nioEventLoopGroup-4-1] INFO  c.n.e.s.DefaultSessionManager - Session created: { Id: 1, Type: DEFAULT, Logged: No, IP: 27.0.0.1/127.0.0.1:51238 } on Server port: 9934 <---> 51238
2017-04-17 16:45:38.376 [nettyDefaultEventExecutorGroup-2-4] INFO  com.net.server.entities.GameZone - 用户{0}登录成功
2017-04-17 16:45:38.377 [nettyDefaultEventExecutorGroup-2-4] INFO  com.net.server.api.GameApi - User login: ( User Name: sundawang, Id: 303069, Priv: 0, Sess:  ) 
2017-04-17 16:47:46.265 [nioEventLoopGroup-4-1] INFO  c.n.e.s.DefaultSessionManager - Session removed: { Id: 1, Type: DEFAULT, Logged: No, IP: 27.0.0.1/127.0.0.1:51238 }
2017-04-17 16:47:51.596 [main] INFO  com.net.server.GameServer - Boot sequence starts...
2017-04-17 16:47:52.410 [main] INFO  c.a.druid.pool.DruidDataSource - {dataSource-1} inited
2017-04-17 16:47:52.786 [main] INFO  com.net.server.GameServer - init spring container success. 
2017-04-17 16:47:52.793 [main] INFO  c.n.s.config.DefaultConfigLoader - Loading: config/core.xml
2017-04-17 16:47:53.009 [main] INFO  com.net.server.core.SFSEventManager -  initalized
2017-04-17 16:47:53.026 [main] INFO  com.net.server.GameServer - Protocol Type is: BINARY
2017-04-17 16:47:53.027 [main] INFO  c.n.s.config.DefaultConfigLoader - Loading: zones\BasicExamples.zone.xml
2017-04-17 16:47:53.036 [main] INFO  com.net.engine.core.NetEngine - NetWorkServer 1X
2017-04-17 16:47:53.037 [main] INFO  com.net.engine.core.NetEngine - BitSwarmEngine version: 3.30.1 { main }
2017-04-17 16:47:53.038 [main] INFO  com.net.engine.core.NetEngine - System Info:
	Processor(s): 8
	VM Max. memory: 1895MB
	os.name: Windows 7
	os.arch: amd64
	os.version: 6.1
	java.version: 1.8.0_60
	java.vendor: Oracle Corporation
	java.vendor.url: http://java.oracle.com/
	java.vm.specification.version: 1.8
	java.vm.version: 25.60-b23
	java.vm.vendor: Oracle Corporation
	java.vm.name: Java HotSpot(TM) 64-Bit Server VM
	java.io.tmpdir: C:\Users\ADMINI~1\AppData\Local\Temp\
	Default charset: UTF-8

2017-04-17 16:47:53.075 [main] INFO  com.net.engine.core.NetEngine - Network Info:
	Card: Software Loopback Interface 1
		 ->127.0.0.1
		 ->0:0:0:0:0:0:0:1
	Card: WAN Miniport (SSTP)
	Card: WAN Miniport (L2TP)
	Card: WAN Miniport (PPTP)
	Card: WAN Miniport (PPPOE)
	Card: WAN Miniport (IPv6)
	Card: WAN Miniport (Network Monitor)
	Card: WAN Miniport (IP)
	Card: RAS Async Adapter
	Card: WAN Miniport (IKEv2)
	Card: Microsoft Teredo Tunneling Adapter
		 ->2001:0:9d38:953c:88c:d53e:95a8:fa09
		 ->fe80:0:0:0:88c:d53e:95a8:fa09%net4
	Card: Intel(R) Ethernet Connection I217-V
		 ->192.168.1.114
		 ->fe80:0:0:0:8c3e:fb68:1e96:e9ff%eth3
	Card: Realtek RTL8192EU Wireless LAN 802.11n USB 2.0 Network Adapter
	Card: Realtek RTL8188EU Wireless LAN 802.11n USB 2.0 Network Adapter
	Card: Microsoft ISATAP Adapter
		 ->fe80:0:0:0:0:5efe:c0a8:172%net5
	Card: Intel(R) Ethernet Connection I217-V-QoS Packet Scheduler-0000
	Card: Intel(R) Ethernet Connection I217-V-WFP LightWeight Filter-0000
	Card: WAN Miniport (IPv6)-QoS Packet Scheduler-0000
	Card: WAN Miniport (IP)-QoS Packet Scheduler-0000
	Card: WAN Miniport (Network Monitor)-QoS Packet Scheduler-0000

2017-04-17 16:47:53.079 [main] INFO  com.net.engine.core.NetEngine - Session manager ready: com.net.engine.sessions.DefaultSessionManager@451882b2
2017-04-17 16:47:53.263 [main] INFO  bootLogger - Controller started: com.net.server.controllers.SystemReqController 
2017-04-17 16:47:53.263 [Scheduler1-thread-1] INFO  bootLogger - Scheduler started: scheduler
2017-04-17 16:47:53.264 [main] INFO  bootLogger - Controller started: com.net.server.controllers.ExtensionReqController 
2017-04-17 16:47:53.291 [main] INFO  bootLogger - WebSocket服务已启动:127.0.0.1:8888
2017-04-17 16:47:53.292 [main] INFO  bootLogger - Socket Writer started (pool size:1)
2017-04-17 16:47:53.293 [main] INFO  bootLogger - Security Manager started
2017-04-17 16:47:53.294 [main] INFO  com.net.engine.core.NetEngine - [[[ ===--- Boot sequence complete ---=== ]]]
2017-04-17 16:47:53.296 [nettyDefaultEventExecutorGroup-2-2] INFO  com.net.server.GameServer - Listening Sockets: { 127.0.0.1:8888 (WebSocket) }
2017-04-17 16:47:53.296 [nettyDefaultEventExecutorGroup-2-2] INFO  com.net.server.GameServer - SmartFoxServer 2X (1.0.0) READY!
2017-04-17 16:47:53.389 [nettyDefaultEventExecutorGroup-2-3] INFO  c.n.b.basedata.BaseDataManager - ==============加载静态数据成功===============
2017-04-17 16:47:57.710 [nioEventLoopGroup-4-1] INFO  c.n.e.s.DefaultSessionManager - Session created: { Id: 1, Type: DEFAULT, Logged: No, IP: 27.0.0.1/127.0.0.1:51438 } on Server port: 9934 <---> 51438
2017-04-17 16:48:00.732 [nettyDefaultEventExecutorGroup-2-4] INFO  com.net.server.entities.GameZone - 用户{0}登录成功
2017-04-17 16:48:00.733 [nettyDefaultEventExecutorGroup-2-4] INFO  com.net.server.api.GameApi - User login: ( User Name: sundawang, Id: 303069, Priv: 0, Sess:  ) 
2017-04-17 16:49:19.287 [main] INFO  com.net.server.GameServer - Boot sequence starts...
2017-04-17 16:49:20.116 [main] INFO  c.a.druid.pool.DruidDataSource - {dataSource-1} inited
2017-04-17 16:49:20.474 [main] INFO  com.net.server.GameServer - init spring container success. 
2017-04-17 16:49:20.478 [main] INFO  c.n.s.config.DefaultConfigLoader - Loading: config/core.xml
2017-04-17 16:49:20.708 [main] INFO  com.net.server.core.SFSEventManager -  initalized
2017-04-17 16:49:20.721 [main] INFO  com.net.server.GameServer - Protocol Type is: BINARY
2017-04-17 16:49:20.722 [main] INFO  c.n.s.config.DefaultConfigLoader - Loading: zones\BasicExamples.zone.xml
2017-04-17 16:49:20.731 [main] INFO  com.net.engine.core.NetEngine - NetWorkServer 1X
2017-04-17 16:49:20.732 [main] INFO  com.net.engine.core.NetEngine - BitSwarmEngine version: 3.30.1 { main }
2017-04-17 16:49:20.732 [main] INFO  com.net.engine.core.NetEngine - System Info:
	Processor(s): 8
	VM Max. memory: 1895MB
	os.name: Windows 7
	os.arch: amd64
	os.version: 6.1
	java.version: 1.8.0_60
	java.vendor: Oracle Corporation
	java.vendor.url: http://java.oracle.com/
	java.vm.specification.version: 1.8
	java.vm.version: 25.60-b23
	java.vm.vendor: Oracle Corporation
	java.vm.name: Java HotSpot(TM) 64-Bit Server VM
	java.io.tmpdir: C:\Users\ADMINI~1\AppData\Local\Temp\
	Default charset: UTF-8

2017-04-17 16:49:20.771 [main] INFO  com.net.engine.core.NetEngine - Network Info:
	Card: Software Loopback Interface 1
		 ->127.0.0.1
		 ->0:0:0:0:0:0:0:1
	Card: WAN Miniport (SSTP)
	Card: WAN Miniport (L2TP)
	Card: WAN Miniport (PPTP)
	Card: WAN Miniport (PPPOE)
	Card: WAN Miniport (IPv6)
	Card: WAN Miniport (Network Monitor)
	Card: WAN Miniport (IP)
	Card: RAS Async Adapter
	Card: WAN Miniport (IKEv2)
	Card: Microsoft Teredo Tunneling Adapter
		 ->2001:0:9d38:953c:88c:d53e:95a8:fa09
		 ->fe80:0:0:0:88c:d53e:95a8:fa09%net4
	Card: Intel(R) Ethernet Connection I217-V
		 ->192.168.1.114
		 ->fe80:0:0:0:8c3e:fb68:1e96:e9ff%eth3
	Card: Realtek RTL8192EU Wireless LAN 802.11n USB 2.0 Network Adapter
	Card: Realtek RTL8188EU Wireless LAN 802.11n USB 2.0 Network Adapter
	Card: Microsoft ISATAP Adapter
		 ->fe80:0:0:0:0:5efe:c0a8:172%net5
	Card: Intel(R) Ethernet Connection I217-V-QoS Packet Scheduler-0000
	Card: Intel(R) Ethernet Connection I217-V-WFP LightWeight Filter-0000
	Card: WAN Miniport (IPv6)-QoS Packet Scheduler-0000
	Card: WAN Miniport (IP)-QoS Packet Scheduler-0000
	Card: WAN Miniport (Network Monitor)-QoS Packet Scheduler-0000

2017-04-17 16:49:20.777 [main] INFO  com.net.engine.core.NetEngine - Session manager ready: com.net.engine.sessions.DefaultSessionManager@263bbfeb
2017-04-17 16:49:20.972 [main] INFO  bootLogger - Controller started: com.net.server.controllers.SystemReqController 
2017-04-17 16:49:20.972 [Scheduler1-thread-1] INFO  bootLogger - Scheduler started: scheduler
2017-04-17 16:49:20.972 [main] INFO  bootLogger - Controller started: com.net.server.controllers.ExtensionReqController 
2017-04-17 16:49:21.003 [main] INFO  bootLogger - WebSocket服务已启动:127.0.0.1:8888
2017-04-17 16:49:21.004 [main] INFO  bootLogger - Socket Writer started (pool size:1)
2017-04-17 16:49:21.005 [main] INFO  bootLogger - Security Manager started
2017-04-17 16:49:21.005 [main] INFO  com.net.engine.core.NetEngine - [[[ ===--- Boot sequence complete ---=== ]]]
2017-04-17 16:49:21.006 [nettyDefaultEventExecutorGroup-2-2] INFO  com.net.server.GameServer - Listening Sockets: { 127.0.0.1:8888 (WebSocket) }
2017-04-17 16:49:21.007 [nettyDefaultEventExecutorGroup-2-2] INFO  com.net.server.GameServer - SmartFoxServer 2X (1.0.0) READY!
2017-04-17 16:49:21.098 [nettyDefaultEventExecutorGroup-2-3] INFO  c.n.b.basedata.BaseDataManager - ==============加载静态数据成功===============
2017-04-17 16:49:27.813 [nioEventLoopGroup-4-1] INFO  c.n.e.s.DefaultSessionManager - Session created: { Id: 1, Type: DEFAULT, Logged: No, IP: 27.0.0.1/127.0.0.1:51622 } on Server port: 9934 <---> 51622
2017-04-17 16:49:31.464 [nettyDefaultEventExecutorGroup-2-4] INFO  com.net.server.entities.GameZone - 用户{0}登录成功
2017-04-17 16:49:31.465 [nettyDefaultEventExecutorGroup-2-4] INFO  com.net.server.api.GameApi - User login: ( User Name: sundawang, Id: 303069, Priv: 0, Sess:  ) 
2017-04-17 16:49:57.692 [nioEventLoopGroup-4-1] INFO  c.n.e.s.DefaultSessionManager - Session removed: { Id: 1, Type: DEFAULT, Logged: No, IP: 27.0.0.1/127.0.0.1:51622 }
2017-04-17 16:50:05.283 [nioEventLoopGroup-4-2] INFO  c.n.e.s.DefaultSessionManager - Session created: { Id: 2, Type: DEFAULT, Logged: No, IP: 27.0.0.1/127.0.0.1:51667 } on Server port: 9934 <---> 51667
2017-04-17 16:50:26.550 [nettyDefaultEventExecutorGroup-2-3] INFO  com.net.server.entities.GameZone - 用户{0}登录成功
2017-04-17 16:50:26.550 [nettyDefaultEventExecutorGroup-2-3] INFO  com.net.server.api.GameApi - User login: ( User Name: sundawang, Id: 303069, Priv: 0, Sess:  ) 
2017-04-17 16:51:20.419 [nioEventLoopGroup-4-2] INFO  c.n.e.s.DefaultSessionManager - Session removed: { Id: 2, Type: DEFAULT, Logged: No, IP: 27.0.0.1/127.0.0.1:51667 }
2017-04-17 16:51:25.785 [main] INFO  com.net.server.GameServer - Boot sequence starts...
2017-04-17 16:51:26.624 [main] INFO  c.a.druid.pool.DruidDataSource - {dataSource-1} inited
2017-04-17 16:51:27.056 [main] INFO  com.net.server.GameServer - init spring container success. 
2017-04-17 16:51:27.061 [main] INFO  c.n.s.config.DefaultConfigLoader - Loading: config/core.xml
2017-04-17 16:51:27.291 [main] INFO  com.net.server.core.SFSEventManager -  initalized
2017-04-17 16:51:27.303 [main] INFO  com.net.server.GameServer - Protocol Type is: BINARY
2017-04-17 16:51:27.303 [main] INFO  c.n.s.config.DefaultConfigLoader - Loading: zones\BasicExamples.zone.xml
2017-04-17 16:51:27.315 [main] INFO  com.net.engine.core.NetEngine - NetWorkServer 1X
2017-04-17 16:51:27.316 [main] INFO  com.net.engine.core.NetEngine - BitSwarmEngine version: 3.30.1 { main }
2017-04-17 16:51:27.317 [main] INFO  com.net.engine.core.NetEngine - System Info:
	Processor(s): 8
	VM Max. memory: 1895MB
	os.name: Windows 7
	os.arch: amd64
	os.version: 6.1
	java.version: 1.8.0_60
	java.vendor: Oracle Corporation
	java.vendor.url: http://java.oracle.com/
	java.vm.specification.version: 1.8
	java.vm.version: 25.60-b23
	java.vm.vendor: Oracle Corporation
	java.vm.name: Java HotSpot(TM) 64-Bit Server VM
	java.io.tmpdir: C:\Users\ADMINI~1\AppData\Local\Temp\
	Default charset: UTF-8

2017-04-17 16:51:27.355 [main] INFO  com.net.engine.core.NetEngine - Network Info:
	Card: Software Loopback Interface 1
		 ->127.0.0.1
		 ->0:0:0:0:0:0:0:1
	Card: WAN Miniport (SSTP)
	Card: WAN Miniport (L2TP)
	Card: WAN Miniport (PPTP)
	Card: WAN Miniport (PPPOE)
	Card: WAN Miniport (IPv6)
	Card: WAN Miniport (Network Monitor)
	Card: WAN Miniport (IP)
	Card: RAS Async Adapter
	Card: WAN Miniport (IKEv2)
	Card: Microsoft Teredo Tunneling Adapter
		 ->2001:0:9d38:953c:88c:d53e:95a8:fa09
		 ->fe80:0:0:0:88c:d53e:95a8:fa09%net4
	Card: Intel(R) Ethernet Connection I217-V
		 ->192.168.1.114
		 ->fe80:0:0:0:8c3e:fb68:1e96:e9ff%eth3
	Card: Realtek RTL8192EU Wireless LAN 802.11n USB 2.0 Network Adapter
	Card: Realtek RTL8188EU Wireless LAN 802.11n USB 2.0 Network Adapter
	Card: Microsoft ISATAP Adapter
		 ->fe80:0:0:0:0:5efe:c0a8:172%net5
	Card: Intel(R) Ethernet Connection I217-V-QoS Packet Scheduler-0000
	Card: Intel(R) Ethernet Connection I217-V-WFP LightWeight Filter-0000
	Card: WAN Miniport (IPv6)-QoS Packet Scheduler-0000
	Card: WAN Miniport (IP)-QoS Packet Scheduler-0000
	Card: WAN Miniport (Network Monitor)-QoS Packet Scheduler-0000

2017-04-17 16:51:27.358 [main] INFO  com.net.engine.core.NetEngine - Session manager ready: com.net.engine.sessions.DefaultSessionManager@451882b2
2017-04-17 16:51:27.533 [main] INFO  bootLogger - Controller started: com.net.server.controllers.SystemReqController 
2017-04-17 16:51:27.533 [Scheduler1-thread-1] INFO  bootLogger - Scheduler started: scheduler
2017-04-17 16:51:27.533 [main] INFO  bootLogger - Controller started: com.net.server.controllers.ExtensionReqController 
2017-04-17 16:51:27.561 [main] INFO  bootLogger - WebSocket服务已启动:127.0.0.1:8888
2017-04-17 16:51:27.562 [main] INFO  bootLogger - Socket Writer started (pool size:1)
2017-04-17 16:51:27.562 [main] INFO  bootLogger - Security Manager started
2017-04-17 16:51:27.563 [main] INFO  com.net.engine.core.NetEngine - [[[ ===--- Boot sequence complete ---=== ]]]
2017-04-17 16:51:27.564 [nettyDefaultEventExecutorGroup-2-2] INFO  com.net.server.GameServer - Listening Sockets: { 127.0.0.1:8888 (WebSocket) }
2017-04-17 16:51:27.565 [nettyDefaultEventExecutorGroup-2-2] INFO  com.net.server.GameServer - SmartFoxServer 2X (1.0.0) READY!
2017-04-17 16:51:27.651 [nettyDefaultEventExecutorGroup-2-3] INFO  c.n.b.basedata.BaseDataManager - ==============加载静态数据成功===============
2017-04-17 16:51:29.295 [nioEventLoopGroup-4-1] INFO  c.n.e.s.DefaultSessionManager - Session created: { Id: 1, Type: DEFAULT, Logged: No, IP: 27.0.0.1/127.0.0.1:51862 } on Server port: 9934 <---> 51862
2017-04-17 16:52:48.497 [nioEventLoopGroup-4-1] INFO  c.n.e.s.DefaultSessionManager - Session removed: { Id: 1, Type: DEFAULT, Logged: No, IP: 27.0.0.1/127.0.0.1:51862 }
2017-04-17 16:53:15.131 [main] INFO  com.net.server.GameServer - Boot sequence starts...
2017-04-17 16:53:15.996 [main] INFO  c.a.druid.pool.DruidDataSource - {dataSource-1} inited
2017-04-17 16:53:16.334 [main] INFO  com.net.server.GameServer - init spring container success. 
2017-04-17 16:53:16.339 [main] INFO  c.n.s.config.DefaultConfigLoader - Loading: config/core.xml
2017-04-17 16:53:16.565 [main] INFO  com.net.server.core.SFSEventManager -  initalized
2017-04-17 16:53:16.578 [main] INFO  com.net.server.GameServer - Protocol Type is: BINARY
2017-04-17 16:53:16.578 [main] INFO  c.n.s.config.DefaultConfigLoader - Loading: zones\BasicExamples.zone.xml
2017-04-17 16:53:16.590 [main] INFO  com.net.engine.core.NetEngine - NetWorkServer 1X
2017-04-17 16:53:16.591 [main] INFO  com.net.engine.core.NetEngine - BitSwarmEngine version: 3.30.1 { main }
2017-04-17 16:53:16.592 [main] INFO  com.net.engine.core.NetEngine - System Info:
	Processor(s): 8
	VM Max. memory: 1895MB
	os.name: Windows 7
	os.arch: amd64
	os.version: 6.1
	java.version: 1.8.0_60
	java.vendor: Oracle Corporation
	java.vendor.url: http://java.oracle.com/
	java.vm.specification.version: 1.8
	java.vm.version: 25.60-b23
	java.vm.vendor: Oracle Corporation
	java.vm.name: Java HotSpot(TM) 64-Bit Server VM
	java.io.tmpdir: C:\Users\ADMINI~1\AppData\Local\Temp\
	Default charset: UTF-8

2017-04-17 16:53:16.629 [main] INFO  com.net.engine.core.NetEngine - Network Info:
	Card: Software Loopback Interface 1
		 ->127.0.0.1
		 ->0:0:0:0:0:0:0:1
	Card: WAN Miniport (SSTP)
	Card: WAN Miniport (L2TP)
	Card: WAN Miniport (PPTP)
	Card: WAN Miniport (PPPOE)
	Card: WAN Miniport (IPv6)
	Card: WAN Miniport (Network Monitor)
	Card: WAN Miniport (IP)
	Card: RAS Async Adapter
	Card: WAN Miniport (IKEv2)
	Card: Microsoft Teredo Tunneling Adapter
		 ->2001:0:9d38:953c:88c:d53e:95a8:fa09
		 ->fe80:0:0:0:88c:d53e:95a8:fa09%net4
	Card: Intel(R) Ethernet Connection I217-V
		 ->192.168.1.114
		 ->fe80:0:0:0:8c3e:fb68:1e96:e9ff%eth3
	Card: Realtek RTL8192EU Wireless LAN 802.11n USB 2.0 Network Adapter
	Card: Realtek RTL8188EU Wireless LAN 802.11n USB 2.0 Network Adapter
	Card: Microsoft ISATAP Adapter
		 ->fe80:0:0:0:0:5efe:c0a8:172%net5
	Card: Intel(R) Ethernet Connection I217-V-QoS Packet Scheduler-0000
	Card: Intel(R) Ethernet Connection I217-V-WFP LightWeight Filter-0000
	Card: WAN Miniport (IPv6)-QoS Packet Scheduler-0000
	Card: WAN Miniport (IP)-QoS Packet Scheduler-0000
	Card: WAN Miniport (Network Monitor)-QoS Packet Scheduler-0000

2017-04-17 16:53:16.633 [main] INFO  com.net.engine.core.NetEngine - Session manager ready: com.net.engine.sessions.DefaultSessionManager@514cd540
2017-04-17 16:53:16.816 [main] INFO  bootLogger - Controller started: com.net.server.controllers.SystemReqController 
2017-04-17 16:53:16.816 [Scheduler1-thread-1] INFO  bootLogger - Scheduler started: scheduler
2017-04-17 16:53:16.817 [main] INFO  bootLogger - Controller started: com.net.server.controllers.ExtensionReqController 
2017-04-17 16:53:16.845 [main] INFO  bootLogger - WebSocket服务已启动:127.0.0.1:8888
2017-04-17 16:53:16.845 [main] INFO  bootLogger - Socket Writer started (pool size:1)
2017-04-17 16:53:16.853 [main] INFO  bootLogger - Security Manager started
2017-04-17 16:53:16.854 [main] INFO  com.net.engine.core.NetEngine - [[[ ===--- Boot sequence complete ---=== ]]]
2017-04-17 16:53:16.855 [nettyDefaultEventExecutorGroup-2-2] INFO  com.net.server.GameServer - Listening Sockets: { 127.0.0.1:8888 (WebSocket) }
2017-04-17 16:53:16.856 [nettyDefaultEventExecutorGroup-2-2] INFO  com.net.server.GameServer - SmartFoxServer 2X (1.0.0) READY!
2017-04-17 16:53:16.959 [nettyDefaultEventExecutorGroup-2-3] INFO  c.n.b.basedata.BaseDataManager - ==============加载静态数据成功===============
2017-04-17 16:53:27.780 [nioEventLoopGroup-4-1] INFO  c.n.e.s.DefaultSessionManager - Session created: { Id: 1, Type: DEFAULT, Logged: No, IP: 27.0.0.1/127.0.0.1:52064 } on Server port: 9934 <---> 52064
2017-04-17 16:53:28.446 [nettyDefaultEventExecutorGroup-2-4] INFO  com.net.server.entities.GameZone - 用户{0}登录成功
2017-04-17 16:53:28.447 [nettyDefaultEventExecutorGroup-2-4] INFO  com.net.server.api.GameApi - User login: ( User Name: sundawang, Id: 303069, Priv: 0, Sess:  ) 
2017-04-17 16:53:32.148 [nioEventLoopGroup-4-1] INFO  c.n.e.s.DefaultSessionManager - Session removed: { Id: 1, Type: DEFAULT, Logged: No, IP: 27.0.0.1/127.0.0.1:52064 }
