2017-02-22 16:45:21pais:{"dt":30,"hz":-1,"s":0,"pd":84,"sz":[3,6],"pai":[4,0,0,0,4,0,0,0,4,0,0,0,1,0,0,0,0,0,0,0,0,0,0,0,0,0,0,0,0,0,0,0,0,0],"z":0,"us":[300791]}
2017-02-22 16:45:21pais:{"dt":30,"hz":-1,"s":0,"pd":84,"sz":[3,6],"pai":[0,4,0,0,0,4,0,0,0,4,0,0,1,0,0,0,0,0,0,0,0,0,0,0,0,0,0,0,0,0,0,0,0,0],"z":0,"us":[300792]}
2017-02-22 16:45:21pais:{"dt":30,"hz":-1,"s":0,"pd":84,"sz":[3,6],"pai":[0,0,4,0,0,0,4,0,0,0,4,0,1,0,0,0,0,0,0,0,0,0,0,0,0,0,0,0,0,0,0,0,0,0],"z":0,"us":[300789]}
2017-02-22 16:45:21pais:{"dt":30,"hz":-1,"s":0,"pd":84,"sz":[3,6],"pai":[0,0,0,4,0,0,0,4,0,0,0,4,1,0,0,0,0,0,0,0,0,0,0,0,0,0,0,0,0,0,0,0,0,0],"z":0,"us":[300790]}
0摸牌13
通知玩家0摸牌:{"dt":30,"pd":83,"ot":130,"m":13,"us":[300791]}
通知其他玩家有摸牌事件:{"dt":30,"t":256,"pd":83,"idx":0,"us":[300789,300790,300792]}
0:出牌13
通知其他人0出牌:{"dt":30,"c":13,"t":128,"pd":83,"it":false,"idx":0,"dr":false,"us":[300789,300790,300791,300792]}
1摸牌13
通知玩家1摸牌:{"dt":30,"pd":82,"ot":130,"m":13,"us":[300792]}
通知其他玩家有摸牌事件:{"dt":30,"t":256,"pd":82,"idx":1,"us":[300789,300790,300791]}
1摸牌13
通知玩家1摸牌:{"dt":30,"pd":81,"ot":130,"m":13,"us":[300792]}
通知其他玩家有摸牌事件:{"dt":30,"t":256,"pd":81,"idx":1,"us":[300789,300790,300791]}
1摸牌13
1没有听牌，且可以听牌
通知玩家1摸牌:{"dt":30,"pd":80,"ot":194,"m":13,"us":[300792],"ts":[{"chu":1,"hu":[11,12,14]},{"chu":12,"hu":[1]}]}
通知其他玩家有摸牌事件:{"dt":30,"t":256,"pd":80,"idx":1,"us":[300789,300790,300791]}
1摸牌14
1没有听牌，且可以听牌
通知玩家1摸牌:{"dt":30,"pd":79,"ot":192,"m":14,"us":[300792],"ts":[{"chu":12,"hu":[12,14,15]},{"chu":13,"hu":[13]},{"chu":14,"hu":[11,12,14]}]}
通知其他玩家有摸牌事件:{"dt":30,"t":256,"pd":79,"idx":1,"us":[300789,300790,300791]}
1:出牌13
通知其他人1出牌:{"dt":30,"c":13,"t":128,"pd":79,"it":true,"idx":1,"dr":false,"us":[300789,300790,300791,300792]}
2摸牌14
通知玩家2摸牌:{"dt":30,"pd":78,"ot":130,"m":14,"us":[300789]}
通知其他玩家有摸牌事件:{"dt":30,"t":256,"pd":78,"idx":2,"us":[300790,300791,300792]}
2:出牌14
通知其他人2出牌:{"dt":30,"c":14,"t":128,"pd":78,"it":false,"idx":2,"dr":false}
3摸牌14
超时任务出错,位置:2,动作:128.{}
java.lang.NullPointerException: null
	at com.net.business.extensions.core.BaseGameExtension.send(BaseGameExtension.java:102) ~[classes/:na]
	at com.net.business.extensions.core.BaseGameExtension.send(BaseGameExtension.java:83) ~[classes/:na]
	at com.net.business.util.game.GameUtils.moPai(GameUtils.java:227) ~[classes/:na]
	at com.net.business.util.game.GameUtils.chuPai(GameUtils.java:349) ~[classes/:na]
	at com.net.business.util.game.TimeOutRunner.run(TimeOutRunner.java:44) ~[classes/:na]
	at io.netty.util.concurrent.PromiseTask$RunnableAdapter.call(PromiseTask.java:38) [netty-all-4.1.5.Final.jar:4.1.5.Final]
	at io.netty.util.concurrent.ScheduledFutureTask.run(ScheduledFutureTask.java:120) [netty-all-4.1.5.Final.jar:4.1.5.Final]
	at io.netty.util.concurrent.DefaultEventExecutor.run(DefaultEventExecutor.java:66) [netty-all-4.1.5.Final.jar:4.1.5.Final]
	at io.netty.util.concurrent.SingleThreadEventExecutor$5.run(SingleThreadEventExecutor.java:873) [netty-all-4.1.5.Final.jar:4.1.5.Final]
	at io.netty.util.concurrent.DefaultThreadFactory$DefaultRunnableDecorator.run(DefaultThreadFactory.java:144) [netty-all-4.1.5.Final.jar:4.1.5.Final]
	at java.lang.Thread.run(Thread.java:745) [na:1.8.0_60]
2017-02-22 16:46:59pais:{"dt":30,"hz":-1,"s":0,"pd":84,"sz":[1,1],"pai":[4,0,0,0,4,0,0,0,4,0,0,0,1,0,0,0,0,0,0,0,0,0,0,0,0,0,0,0,0,0,0,0,0,0],"z":0,"us":[300791]}
2017-02-22 16:46:59pais:{"dt":30,"hz":-1,"s":0,"pd":84,"sz":[1,1],"pai":[0,4,0,0,0,4,0,0,0,4,0,0,1,0,0,0,0,0,0,0,0,0,0,0,0,0,0,0,0,0,0,0,0,0],"z":0,"us":[300792]}
2017-02-22 16:46:59pais:{"dt":30,"hz":-1,"s":0,"pd":84,"sz":[1,1],"pai":[0,0,4,0,0,0,4,0,0,0,4,0,1,0,0,0,0,0,0,0,0,0,0,0,0,0,0,0,0,0,0,0,0,0],"z":0,"us":[300789]}
2017-02-22 16:46:59pais:{"dt":30,"hz":-1,"s":0,"pd":84,"sz":[1,1],"pai":[0,0,0,4,0,0,0,4,0,0,0,4,1,0,0,0,0,0,0,0,0,0,0,0,0,0,0,0,0,0,0,0,0,0],"z":0,"us":[300790]}
0摸牌13
通知玩家0摸牌:{"dt":30,"pd":83,"ot":130,"m":13,"us":[300791]}
通知其他玩家有摸牌事件:{"dt":30,"t":256,"pd":83,"idx":0,"us":[300789,300790,300792]}
2017-02-22 16:47:24pais:{"dt":30,"hz":-1,"s":0,"pd":84,"sz":[1,2],"pai":[4,0,0,0,4,0,0,0,4,0,0,0,1,0,0,0,0,0,0,0,0,0,0,0,0,0,0,0,0,0,0,0,0,0],"z":0,"us":[300791]}
2017-02-22 16:47:24pais:{"dt":30,"hz":-1,"s":0,"pd":84,"sz":[1,2],"pai":[0,4,0,0,0,4,0,0,0,4,0,0,1,0,0,0,0,0,0,0,0,0,0,0,0,0,0,0,0,0,0,0,0,0],"z":0,"us":[300792]}
2017-02-22 16:47:24pais:{"dt":30,"hz":-1,"s":0,"pd":84,"sz":[1,2],"pai":[0,0,4,0,0,0,4,0,0,0,4,0,1,0,0,0,0,0,0,0,0,0,0,0,0,0,0,0,0,0,0,0,0,0],"z":0,"us":[300789]}
2017-02-22 16:47:24pais:{"dt":30,"hz":-1,"s":0,"pd":84,"sz":[1,2],"pai":[0,0,0,4,0,0,0,4,0,0,0,4,1,0,0,0,0,0,0,0,0,0,0,0,0,0,0,0,0,0,0,0,0,0],"z":0,"us":[300790]}
0摸牌13
通知玩家0摸牌:{"dt":30,"pd":83,"ot":130,"m":13,"us":[300791]}
通知其他玩家有摸牌事件:{"dt":30,"t":256,"pd":83,"idx":0,"us":[300789,300790,300792]}
0:出牌13
通知其他人0出牌:{"dt":30,"c":13,"t":128,"pd":83,"it":false,"idx":0,"dr":false,"us":[300789,300790,300791,300792]}
1摸牌13
通知玩家1摸牌:{"dt":30,"pd":82,"ot":130,"m":13,"us":[300792]}
通知其他玩家有摸牌事件:{"dt":30,"t":256,"pd":82,"idx":1,"us":[300789,300790,300791]}
2017-02-22 16:51:01pais:{"dt":30,"hz":-1,"s":0,"pd":84,"sz":[3,1],"pai":[4,0,0,0,4,0,0,0,4,0,0,0,1,0,0,0,0,0,0,0,0,0,0,0,0,0,0,0,0,0,0,0,0,0],"z":0,"us":[300791]}
2017-02-22 16:51:01pais:{"dt":30,"hz":-1,"s":0,"pd":84,"sz":[3,1],"pai":[0,4,0,0,0,4,0,0,0,4,0,0,1,0,0,0,0,0,0,0,0,0,0,0,0,0,0,0,0,0,0,0,0,0],"z":0,"us":[300792]}
2017-02-22 16:51:01pais:{"dt":30,"hz":-1,"s":0,"pd":84,"sz":[3,1],"pai":[0,0,4,0,0,0,4,0,0,0,4,0,1,0,0,0,0,0,0,0,0,0,0,0,0,0,0,0,0,0,0,0,0,0],"z":0,"us":[300789]}
2017-02-22 16:51:01pais:{"dt":30,"hz":-1,"s":0,"pd":84,"sz":[3,1],"pai":[0,0,0,4,0,0,0,4,0,0,0,4,1,0,0,0,0,0,0,0,0,0,0,0,0,0,0,0,0,0,0,0,0,0],"z":0,"us":[300790]}
0摸牌13
通知玩家0摸牌:{"dt":30,"pd":83,"ot":130,"m":13,"us":[300791]}
通知其他玩家有摸牌事件:{"dt":30,"t":256,"pd":83,"idx":0,"us":[300789,300790,300792]}
0:出牌13
通知其他人0出牌:{"dt":30,"c":13,"t":128,"pd":83,"it":false,"idx":0,"dr":false}
1摸牌13
超时任务出错,位置:0,动作:128.{}
java.lang.NullPointerException: null
	at com.net.business.extensions.core.BaseGameExtension.send(BaseGameExtension.java:102) ~[classes/:na]
	at com.net.business.extensions.core.BaseGameExtension.send(BaseGameExtension.java:83) ~[classes/:na]
	at com.net.business.util.game.GameUtils.moPai(GameUtils.java:227) ~[classes/:na]
	at com.net.business.util.game.GameUtils.chuPai(GameUtils.java:349) ~[classes/:na]
	at com.net.business.util.game.TimeOutRunner.run(TimeOutRunner.java:44) ~[classes/:na]
	at io.netty.util.concurrent.PromiseTask$RunnableAdapter.call(PromiseTask.java:38) [netty-all-4.1.5.Final.jar:4.1.5.Final]
	at io.netty.util.concurrent.ScheduledFutureTask.run(ScheduledFutureTask.java:120) [netty-all-4.1.5.Final.jar:4.1.5.Final]
	at io.netty.util.concurrent.DefaultEventExecutor.run(DefaultEventExecutor.java:66) [netty-all-4.1.5.Final.jar:4.1.5.Final]
	at io.netty.util.concurrent.SingleThreadEventExecutor$5.run(SingleThreadEventExecutor.java:873) [netty-all-4.1.5.Final.jar:4.1.5.Final]
	at io.netty.util.concurrent.DefaultThreadFactory$DefaultRunnableDecorator.run(DefaultThreadFactory.java:144) [netty-all-4.1.5.Final.jar:4.1.5.Final]
	at java.lang.Thread.run(Thread.java:745) [na:1.8.0_60]
2017-02-22 16:53:22pais:{"dt":30,"hz":-1,"s":0,"pd":84,"sz":[6,2],"pai":[4,0,0,0,4,0,0,0,4,0,0,0,1,0,0,0,0,0,0,0,0,0,0,0,0,0,0,0,0,0,0,0,0,0],"z":0,"us":[300791]}
2017-02-22 16:53:22pais:{"dt":30,"hz":-1,"s":0,"pd":84,"sz":[6,2],"pai":[0,4,0,0,0,4,0,0,0,4,0,0,1,0,0,0,0,0,0,0,0,0,0,0,0,0,0,0,0,0,0,0,0,0],"z":0,"us":[300792]}
2017-02-22 16:53:22pais:{"dt":30,"hz":-1,"s":0,"pd":84,"sz":[6,2],"pai":[0,0,4,0,0,0,4,0,0,0,4,0,1,0,0,0,0,0,0,0,0,0,0,0,0,0,0,0,0,0,0,0,0,0],"z":0,"us":[300789]}
2017-02-22 16:53:22pais:{"dt":30,"hz":-1,"s":0,"pd":84,"sz":[6,2],"pai":[0,0,0,4,0,0,0,4,0,0,0,4,1,0,0,0,0,0,0,0,0,0,0,0,0,0,0,0,0,0,0,0,0,0],"z":0,"us":[300790]}
0摸牌13
通知玩家0摸牌:{"dt":30,"pd":83,"ot":130,"m":13,"us":[300791]}
通知其他玩家有摸牌事件:{"dt":30,"t":256,"pd":83,"idx":0,"us":[300789,300790,300792]}
0:出牌13
通知其他人0出牌:{"dt":30,"c":13,"t":128,"pd":83,"it":false,"idx":0,"dr":false,"us":[300789,300790,300791,300792]}
1摸牌13
通知玩家1摸牌:{"dt":30,"pd":82,"ot":130,"m":13,"us":[300792]}
通知其他玩家有摸牌事件:{"dt":30,"t":256,"pd":82,"idx":1,"us":[300789,300790,300791]}
2017-02-22 16:54:05pais:{"dt":30,"hz":-1,"s":0,"pd":84,"sz":[1,1],"pai":[4,0,0,0,4,0,0,0,4,0,0,0,1,0,0,0,0,0,0,0,0,0,0,0,0,0,0,0,0,0,0,0,0,0],"z":0,"us":[300791]}
2017-02-22 16:54:05pais:{"dt":30,"hz":-1,"s":0,"pd":84,"sz":[1,1],"pai":[0,4,0,0,0,4,0,0,0,4,0,0,1,0,0,0,0,0,0,0,0,0,0,0,0,0,0,0,0,0,0,0,0,0],"z":0,"us":[300792]}
2017-02-22 16:54:05pais:{"dt":30,"hz":-1,"s":0,"pd":84,"sz":[1,1],"pai":[0,0,4,0,0,0,4,0,0,0,4,0,1,0,0,0,0,0,0,0,0,0,0,0,0,0,0,0,0,0,0,0,0,0],"z":0,"us":[300789]}
2017-02-22 16:54:05pais:{"dt":30,"hz":-1,"s":0,"pd":84,"sz":[1,1],"pai":[0,0,0,4,0,0,0,4,0,0,0,4,1,0,0,0,0,0,0,0,0,0,0,0,0,0,0,0,0,0,0,0,0,0],"z":0,"us":[300790]}
0摸牌13
通知玩家0摸牌:{"dt":30,"pd":83,"ot":130,"m":13,"us":[300791]}
通知其他玩家有摸牌事件:{"dt":30,"t":256,"pd":83,"idx":0,"us":[300789,300790,300792]}
1:出牌13
通知其他人1出牌:{"dt":30,"c":13,"t":128,"pd":82,"it":false,"idx":1,"dr":false}
2摸牌13
超时任务出错,位置:1,动作:128.{}
java.lang.NullPointerException: null
	at com.net.business.extensions.core.BaseGameExtension.send(BaseGameExtension.java:102) ~[classes/:na]
	at com.net.business.extensions.core.BaseGameExtension.send(BaseGameExtension.java:83) ~[classes/:na]
	at com.net.business.util.game.GameUtils.moPai(GameUtils.java:227) ~[classes/:na]
	at com.net.business.util.game.GameUtils.chuPai(GameUtils.java:349) ~[classes/:na]
	at com.net.business.util.game.TimeOutRunner.run(TimeOutRunner.java:44) ~[classes/:na]
	at io.netty.util.concurrent.PromiseTask$RunnableAdapter.call(PromiseTask.java:38) [netty-all-4.1.5.Final.jar:4.1.5.Final]
	at io.netty.util.concurrent.ScheduledFutureTask.run(ScheduledFutureTask.java:120) [netty-all-4.1.5.Final.jar:4.1.5.Final]
	at io.netty.util.concurrent.DefaultEventExecutor.run(DefaultEventExecutor.java:66) [netty-all-4.1.5.Final.jar:4.1.5.Final]
	at io.netty.util.concurrent.SingleThreadEventExecutor$5.run(SingleThreadEventExecutor.java:873) [netty-all-4.1.5.Final.jar:4.1.5.Final]
	at io.netty.util.concurrent.DefaultThreadFactory$DefaultRunnableDecorator.run(DefaultThreadFactory.java:144) [netty-all-4.1.5.Final.jar:4.1.5.Final]
	at java.lang.Thread.run(Thread.java:745) [na:1.8.0_60]
2017-02-22 16:54:22pais:{"dt":30,"hz":-1,"s":0,"pd":84,"sz":[2,3],"pai":[4,0,0,0,4,0,0,0,4,0,0,0,1,0,0,0,0,0,0,0,0,0,0,0,0,0,0,0,0,0,0,0,0,0],"z":0,"us":[300792]}
2017-02-22 16:54:22pais:{"dt":30,"hz":-1,"s":0,"pd":84,"sz":[2,3],"pai":[0,4,0,0,0,4,0,0,0,4,0,0,1,0,0,0,0,0,0,0,0,0,0,0,0,0,0,0,0,0,0,0,0,0],"z":0,"us":[300789]}
2017-02-22 16:54:22pais:{"dt":30,"hz":-1,"s":0,"pd":84,"sz":[2,3],"pai":[0,0,4,0,0,0,4,0,0,0,4,0,1,0,0,0,0,0,0,0,0,0,0,0,0,0,0,0,0,0,0,0,0,0],"z":0,"us":[300791]}
2017-02-22 16:54:22pais:{"dt":30,"hz":-1,"s":0,"pd":84,"sz":[2,3],"pai":[0,0,0,4,0,0,0,4,0,0,0,4,1,0,0,0,0,0,0,0,0,0,0,0,0,0,0,0,0,0,0,0,0,0],"z":0,"us":[300790]}
0摸牌13
通知玩家0摸牌:{"dt":30,"pd":83,"ot":130,"m":13,"us":[300792]}
通知其他玩家有摸牌事件:{"dt":30,"t":256,"pd":83,"idx":0,"us":[300789,300790,300791]}
0:出牌13
通知其他人0出牌:{"dt":30,"c":13,"t":128,"pd":83,"it":false,"idx":0,"dr":false}
1摸牌13
超时任务出错,位置:0,动作:128.{}
java.lang.NullPointerException: null
	at com.net.business.extensions.core.BaseGameExtension.send(BaseGameExtension.java:102) ~[classes/:na]
	at com.net.business.extensions.core.BaseGameExtension.send(BaseGameExtension.java:83) ~[classes/:na]
	at com.net.business.util.game.GameUtils.moPai(GameUtils.java:227) ~[classes/:na]
	at com.net.business.util.game.GameUtils.chuPai(GameUtils.java:349) ~[classes/:na]
	at com.net.business.util.game.TimeOutRunner.run(TimeOutRunner.java:44) ~[classes/:na]
	at io.netty.util.concurrent.PromiseTask$RunnableAdapter.call(PromiseTask.java:38) [netty-all-4.1.5.Final.jar:4.1.5.Final]
	at io.netty.util.concurrent.ScheduledFutureTask.run(ScheduledFutureTask.java:120) [netty-all-4.1.5.Final.jar:4.1.5.Final]
	at io.netty.util.concurrent.DefaultEventExecutor.run(DefaultEventExecutor.java:66) [netty-all-4.1.5.Final.jar:4.1.5.Final]
	at io.netty.util.concurrent.SingleThreadEventExecutor$5.run(SingleThreadEventExecutor.java:873) [netty-all-4.1.5.Final.jar:4.1.5.Final]
	at io.netty.util.concurrent.DefaultThreadFactory$DefaultRunnableDecorator.run(DefaultThreadFactory.java:144) [netty-all-4.1.5.Final.jar:4.1.5.Final]
	at java.lang.Thread.run(Thread.java:745) [na:1.8.0_60]
0:出牌13
通知其他人0出牌:{"dt":30,"c":13,"t":128,"pd":83,"it":false,"idx":0,"dr":false,"us":[300789,300790,300791,300792]}
1摸牌13
通知玩家1摸牌:{"dt":30,"pd":82,"ot":130,"m":13,"us":[300789]}
通知其他玩家有摸牌事件:{"dt":30,"t":256,"pd":82,"idx":1,"us":[300790,300791,300792]}
1:出牌13
通知其他人1出牌:{"dt":30,"c":13,"t":128,"pd":82,"it":false,"idx":1,"dr":false,"us":[300789,300790,300791,300792]}
2摸牌13
通知玩家2摸牌:{"dt":30,"pd":81,"ot":130,"m":13,"us":[300791]}
通知其他玩家有摸牌事件:{"dt":30,"t":256,"pd":81,"idx":2,"us":[300789,300790,300792]}
2017-02-22 16:55:39pais:{"dt":30,"hz":-1,"s":0,"pd":84,"sz":[5,5],"pai":[4,0,0,0,4,0,0,0,4,0,0,0,1,0,0,0,0,0,0,0,0,0,0,0,0,0,0,0,0,0,0,0,0,0],"z":0,"us":[300791]}
2017-02-22 16:55:39pais:{"dt":30,"hz":-1,"s":0,"pd":84,"sz":[5,5],"pai":[0,4,0,0,0,4,0,0,0,4,0,0,1,0,0,0,0,0,0,0,0,0,0,0,0,0,0,0,0,0,0,0,0,0],"z":0,"us":[300792]}
2017-02-22 16:55:39pais:{"dt":30,"hz":-1,"s":0,"pd":84,"sz":[5,5],"pai":[0,0,4,0,0,0,4,0,0,0,4,0,1,0,0,0,0,0,0,0,0,0,0,0,0,0,0,0,0,0,0,0,0,0],"z":0,"us":[300789]}
2017-02-22 16:55:39pais:{"dt":30,"hz":-1,"s":0,"pd":84,"sz":[5,5],"pai":[0,0,0,4,0,0,0,4,0,0,0,4,1,0,0,0,0,0,0,0,0,0,0,0,0,0,0,0,0,0,0,0,0,0],"z":0,"us":[300790]}
0摸牌13
通知玩家0摸牌:{"dt":30,"pd":83,"ot":130,"m":13,"us":[300791]}
通知其他玩家有摸牌事件:{"dt":30,"t":256,"pd":83,"idx":0,"us":[300789,300790,300792]}
2:出牌13
通知其他人2出牌:{"dt":30,"c":13,"t":128,"pd":81,"it":false,"idx":2,"dr":false}
3摸牌13
3没有听牌，且可以听牌
超时任务出错,位置:2,动作:128.{}
java.lang.NullPointerException: null
	at com.net.business.extensions.core.BaseGameExtension.send(BaseGameExtension.java:102) ~[classes/:na]
	at com.net.business.extensions.core.BaseGameExtension.send(BaseGameExtension.java:83) ~[classes/:na]
	at com.net.business.util.game.GameUtils.moPai(GameUtils.java:227) ~[classes/:na]
	at com.net.business.util.game.GameUtils.chuPai(GameUtils.java:349) ~[classes/:na]
	at com.net.business.util.game.TimeOutRunner.run(TimeOutRunner.java:44) ~[classes/:na]
	at io.netty.util.concurrent.PromiseTask$RunnableAdapter.call(PromiseTask.java:38) [netty-all-4.1.5.Final.jar:4.1.5.Final]
	at io.netty.util.concurrent.ScheduledFutureTask.run(ScheduledFutureTask.java:120) [netty-all-4.1.5.Final.jar:4.1.5.Final]
	at io.netty.util.concurrent.DefaultEventExecutor.run(DefaultEventExecutor.java:66) [netty-all-4.1.5.Final.jar:4.1.5.Final]
	at io.netty.util.concurrent.SingleThreadEventExecutor$5.run(SingleThreadEventExecutor.java:873) [netty-all-4.1.5.Final.jar:4.1.5.Final]
	at io.netty.util.concurrent.DefaultThreadFactory$DefaultRunnableDecorator.run(DefaultThreadFactory.java:144) [netty-all-4.1.5.Final.jar:4.1.5.Final]
	at java.lang.Thread.run(Thread.java:745) [na:1.8.0_60]
0:出牌13
通知其他人0出牌:{"dt":30,"c":13,"t":128,"pd":83,"it":false,"idx":0,"dr":false}
1摸牌13
超时任务出错,位置:0,动作:128.{}
java.lang.NullPointerException: null
	at com.net.business.extensions.core.BaseGameExtension.send(BaseGameExtension.java:102) ~[classes/:na]
	at com.net.business.extensions.core.BaseGameExtension.send(BaseGameExtension.java:83) ~[classes/:na]
	at com.net.business.util.game.GameUtils.moPai(GameUtils.java:227) ~[classes/:na]
	at com.net.business.util.game.GameUtils.chuPai(GameUtils.java:349) ~[classes/:na]
	at com.net.business.util.game.TimeOutRunner.run(TimeOutRunner.java:44) ~[classes/:na]
	at io.netty.util.concurrent.PromiseTask$RunnableAdapter.call(PromiseTask.java:38) [netty-all-4.1.5.Final.jar:4.1.5.Final]
	at io.netty.util.concurrent.ScheduledFutureTask.run(ScheduledFutureTask.java:120) [netty-all-4.1.5.Final.jar:4.1.5.Final]
	at io.netty.util.concurrent.DefaultEventExecutor.run(DefaultEventExecutor.java:66) [netty-all-4.1.5.Final.jar:4.1.5.Final]
	at io.netty.util.concurrent.SingleThreadEventExecutor$5.run(SingleThreadEventExecutor.java:873) [netty-all-4.1.5.Final.jar:4.1.5.Final]
	at io.netty.util.concurrent.DefaultThreadFactory$DefaultRunnableDecorator.run(DefaultThreadFactory.java:144) [netty-all-4.1.5.Final.jar:4.1.5.Final]
	at java.lang.Thread.run(Thread.java:745) [na:1.8.0_60]
2017-02-22 17:25:08pais:{"dt":30,"hz":-1,"s":0,"pd":84,"sz":[4,6],"pai":[4,0,0,0,4,0,0,0,4,0,0,0,1,0,0,0,0,0,0,0,0,0,0,0,0,0,0,0,0,0,0,0,0,0],"z":0,"us":[300791]}
2017-02-22 17:25:08pais:{"dt":30,"hz":-1,"s":0,"pd":84,"sz":[4,6],"pai":[0,4,0,0,0,4,0,0,0,4,0,0,1,0,0,0,0,0,0,0,0,0,0,0,0,0,0,0,0,0,0,0,0,0],"z":0,"us":[300792]}
2017-02-22 17:25:08pais:{"dt":30,"hz":-1,"s":0,"pd":84,"sz":[4,6],"pai":[0,0,4,0,0,0,4,0,0,0,4,0,1,0,0,0,0,0,0,0,0,0,0,0,0,0,0,0,0,0,0,0,0,0],"z":0,"us":[300789]}
2017-02-22 17:25:08pais:{"dt":30,"hz":-1,"s":0,"pd":84,"sz":[4,6],"pai":[0,0,0,4,0,0,0,4,0,0,0,4,1,0,0,0,0,0,0,0,0,0,0,0,0,0,0,0,0,0,0,0,0,0],"z":0,"us":[300790]}
0摸牌13
通知玩家0摸牌:{"dt":30,"pd":83,"ot":130,"m":13,"us":[300791]}
通知其他玩家有摸牌事件:{"dt":30,"t":256,"pd":83,"idx":0,"us":[300789,300790,300792]}
0:出牌13
通知其他人0出牌:{"dt":30,"c":13,"t":128,"pd":83,"it":false,"idx":0,"dr":false,"us":[300789,300790,300791,300792]}
1摸牌13
通知玩家1摸牌:{"dt":30,"pd":82,"ot":130,"m":13,"us":[300792]}
通知其他玩家有摸牌事件:{"dt":30,"t":256,"pd":82,"idx":1,"us":[300789,300790,300791]}
1:出牌13
通知其他人1出牌:{"dt":30,"c":13,"t":128,"pd":82,"it":false,"idx":1,"dr":false,"us":[300789,300790,300791,300792]}
2摸牌13
通知玩家2摸牌:{"dt":30,"pd":81,"ot":130,"m":13,"us":[300789]}
通知其他玩家有摸牌事件:{"dt":30,"t":256,"pd":81,"idx":2,"us":[300790,300791,300792]}
2:出牌13
通知其他人2出牌:{"dt":30,"c":13,"t":128,"pd":81,"it":false,"idx":2,"dr":false}
3摸牌13
3没有听牌，且可以听牌
超时任务出错,位置:2,动作:128.{}
java.lang.NullPointerException: null
	at com.net.business.extensions.core.BaseGameExtension.send(BaseGameExtension.java:102) ~[classes/:na]
	at com.net.business.extensions.core.BaseGameExtension.send(BaseGameExtension.java:83) ~[classes/:na]
	at com.net.business.util.game.GameUtils.moPai(GameUtils.java:227) ~[classes/:na]
	at com.net.business.util.game.GameUtils.chuPai(GameUtils.java:349) ~[classes/:na]
	at com.net.business.util.game.TimeOutRunner.run(TimeOutRunner.java:44) ~[classes/:na]
	at io.netty.util.concurrent.PromiseTask$RunnableAdapter.call(PromiseTask.java:38) [netty-all-4.1.5.Final.jar:4.1.5.Final]
	at io.netty.util.concurrent.ScheduledFutureTask.run(ScheduledFutureTask.java:120) [netty-all-4.1.5.Final.jar:4.1.5.Final]
	at io.netty.util.concurrent.DefaultEventExecutor.run(DefaultEventExecutor.java:66) [netty-all-4.1.5.Final.jar:4.1.5.Final]
	at io.netty.util.concurrent.SingleThreadEventExecutor$5.run(SingleThreadEventExecutor.java:873) [netty-all-4.1.5.Final.jar:4.1.5.Final]
	at io.netty.util.concurrent.DefaultThreadFactory$DefaultRunnableDecorator.run(DefaultThreadFactory.java:144) [netty-all-4.1.5.Final.jar:4.1.5.Final]
	at java.lang.Thread.run(Thread.java:745) [na:1.8.0_60]
2017-02-22 17:29:57pais:{"dt":30,"hz":-1,"s":0,"pd":84,"sz":[3,1],"pai":[4,0,0,0,4,0,0,0,4,0,0,0,1,0,0,0,0,0,0,0,0,0,0,0,0,0,0,0,0,0,0,0,0,0],"z":0,"us":[300791]}
2017-02-22 17:29:57pais:{"dt":30,"hz":-1,"s":0,"pd":84,"sz":[3,1],"pai":[0,4,0,0,0,4,0,0,0,4,0,0,1,0,0,0,0,0,0,0,0,0,0,0,0,0,0,0,0,0,0,0,0,0],"z":0,"us":[300792]}
2017-02-22 17:29:57pais:{"dt":30,"hz":-1,"s":0,"pd":84,"sz":[3,1],"pai":[0,0,4,0,0,0,4,0,0,0,4,0,1,0,0,0,0,0,0,0,0,0,0,0,0,0,0,0,0,0,0,0,0,0],"z":0,"us":[300789]}
2017-02-22 17:29:57pais:{"dt":30,"hz":-1,"s":0,"pd":84,"sz":[3,1],"pai":[0,0,0,4,0,0,0,4,0,0,0,4,1,0,0,0,0,0,0,0,0,0,0,0,0,0,0,0,0,0,0,0,0,0],"z":0,"us":[300790]}
0摸牌13
通知玩家0摸牌:{"dt":30,"pd":83,"ot":130,"m":13,"us":[300791]}
通知其他玩家有摸牌事件:{"dt":30,"t":256,"pd":83,"idx":0,"us":[300789,300790,300792]}
0摸牌13
通知玩家0摸牌:{"dt":30,"pd":82,"ot":130,"m":13,"us":[300791]}
通知其他玩家有摸牌事件:{"dt":30,"t":256,"pd":82,"idx":0,"us":[300789,300790,300792]}
2017-02-22 17:30:52pais:{"dt":30,"hz":-1,"s":0,"pd":84,"sz":[3,1],"pai":[4,0,0,0,4,0,0,0,4,0,0,0,1,0,0,0,0,0,0,0,0,0,0,0,0,0,0,0,0,0,0,0,0,0],"z":0,"us":[300791]}
2017-02-22 17:30:52pais:{"dt":30,"hz":-1,"s":0,"pd":84,"sz":[3,1],"pai":[0,4,0,0,0,4,0,0,0,4,0,0,1,0,0,0,0,0,0,0,0,0,0,0,0,0,0,0,0,0,0,0,0,0],"z":0,"us":[300792]}
2017-02-22 17:30:52pais:{"dt":30,"hz":-1,"s":0,"pd":84,"sz":[3,1],"pai":[0,0,4,0,0,0,4,0,0,0,4,0,1,0,0,0,0,0,0,0,0,0,0,0,0,0,0,0,0,0,0,0,0,0],"z":0,"us":[300789]}
2017-02-22 17:30:52pais:{"dt":30,"hz":-1,"s":0,"pd":84,"sz":[3,1],"pai":[0,0,0,4,0,0,0,4,0,0,0,4,1,0,0,0,0,0,0,0,0,0,0,0,0,0,0,0,0,0,0,0,0,0],"z":0,"us":[300790]}
0摸牌13
通知玩家0摸牌:{"dt":30,"pd":83,"ot":130,"m":13,"us":[300791]}
通知其他玩家有摸牌事件:{"dt":30,"t":256,"pd":83,"idx":0,"us":[300789,300790,300792]}
0:出牌13
通知其他人0出牌:{"dt":30,"c":13,"t":128,"pd":82,"it":false,"idx":0,"dr":false}
1摸牌13
超时任务出错,位置:0,动作:128.{}
java.lang.NullPointerException: null
	at com.net.business.extensions.core.BaseGameExtension.send(BaseGameExtension.java:102) ~[classes/:na]
	at com.net.business.extensions.core.BaseGameExtension.send(BaseGameExtension.java:83) ~[classes/:na]
	at com.net.business.util.game.GameUtils.moPai(GameUtils.java:227) ~[classes/:na]
	at com.net.business.util.game.GameUtils.chuPai(GameUtils.java:349) ~[classes/:na]
	at com.net.business.util.game.TimeOutRunner.run(TimeOutRunner.java:44) ~[classes/:na]
	at io.netty.util.concurrent.PromiseTask$RunnableAdapter.call(PromiseTask.java:38) [netty-all-4.1.5.Final.jar:4.1.5.Final]
	at io.netty.util.concurrent.ScheduledFutureTask.run(ScheduledFutureTask.java:120) [netty-all-4.1.5.Final.jar:4.1.5.Final]
	at io.netty.util.concurrent.DefaultEventExecutor.run(DefaultEventExecutor.java:66) [netty-all-4.1.5.Final.jar:4.1.5.Final]
	at io.netty.util.concurrent.SingleThreadEventExecutor$5.run(SingleThreadEventExecutor.java:873) [netty-all-4.1.5.Final.jar:4.1.5.Final]
	at io.netty.util.concurrent.DefaultThreadFactory$DefaultRunnableDecorator.run(DefaultThreadFactory.java:144) [netty-all-4.1.5.Final.jar:4.1.5.Final]
	at java.lang.Thread.run(Thread.java:745) [na:1.8.0_60]
0摸牌13
通知玩家0摸牌:{"dt":30,"pd":82,"ot":130,"m":13,"us":[300791]}
通知其他玩家有摸牌事件:{"dt":30,"t":256,"pd":82,"idx":0,"us":[300789,300790,300792]}
0摸牌13
0没有听牌，且可以听牌
通知玩家0摸牌:{"dt":30,"pd":81,"ot":194,"m":13,"us":[300791],"ts":[{"chu":4,"hu":[11,12,14]},{"chu":12,"hu":[4]}]}
通知其他玩家有摸牌事件:{"dt":30,"t":256,"pd":81,"idx":0,"us":[300789,300790,300792]}
0摸牌13
0没有听牌，且可以听牌
通知玩家0摸牌:{"dt":30,"pd":80,"ot":194,"m":13,"us":[300791],"ts":[{"chu":12,"hu":[13]},{"chu":13,"hu":[11,12,14]}]}
通知其他玩家有摸牌事件:{"dt":30,"t":256,"pd":80,"idx":0,"us":[300789,300790,300792]}
0摸牌14
0没有听牌，且可以听牌
通知玩家0摸牌:{"dt":30,"pd":79,"ot":192,"m":14,"us":[300791],"ts":[{"chu":12,"hu":[14]},{"chu":14,"hu":[12]}]}
通知其他玩家有摸牌事件:{"dt":30,"t":256,"pd":79,"idx":0,"us":[300789,300790,300792]}
0:出牌14
通知其他人0出牌:{"dt":30,"c":14,"t":128,"pd":79,"it":true,"idx":0,"dr":false,"us":[300789,300790,300791,300792]}
1摸牌14
通知玩家1摸牌:{"dt":30,"pd":78,"ot":130,"m":14,"us":[300792]}
通知其他玩家有摸牌事件:{"dt":30,"t":256,"pd":78,"idx":1,"us":[300789,300790,300791]}
1:出牌12
通知其他人1出牌:{"dt":30,"c":12,"t":128,"pd":78,"it":false,"idx":1,"dr":false,"us":[300789,300790,300791,300792]}
2摸牌14
通知玩家2摸牌:{"dt":30,"pd":77,"ot":130,"m":14,"us":[300789]}
通知其他玩家有摸牌事件:{"dt":30,"t":256,"pd":77,"idx":2,"us":[300790,300791,300792]}
2:出牌12
通知其他人2出牌:{"dt":30,"c":12,"t":128,"pd":77,"it":false,"idx":2,"dr":false,"us":[300789,300790,300791,300792]}
3摸牌14
通知玩家3摸牌:{"dt":30,"pd":76,"ot":130,"m":14,"us":[300790]}
通知其他玩家有摸牌事件:{"dt":30,"t":256,"pd":76,"idx":3,"us":[300789,300791,300792]}
3:出牌12
通知其他人3出牌:{"dt":30,"c":12,"t":128,"pd":76,"it":false,"idx":3,"dr":false,"us":[300789,300790,300791,300792]}
0摸牌15
0已经听牌
通知玩家0摸牌:{"dt":30,"pd":75,"ot":128,"m":15,"us":[300791]}
通知其他玩家有摸牌事件:{"dt":30,"t":256,"pd":75,"idx":0,"us":[300789,300790,300792]}
0:出牌15
通知其他人0出牌:{"dt":30,"c":15,"t":128,"pd":75,"it":false,"idx":0,"dr":false,"us":[300789,300790,300791,300792]}
1摸牌15
通知玩家1摸牌:{"dt":30,"pd":74,"ot":130,"m":15,"us":[300792]}
通知其他玩家有摸牌事件:{"dt":30,"t":256,"pd":74,"idx":1,"us":[300789,300790,300791]}
1摸牌15
通知玩家1摸牌:{"dt":30,"pd":73,"ot":130,"m":15,"us":[300792]}
通知其他玩家有摸牌事件:{"dt":30,"t":256,"pd":73,"idx":1,"us":[300789,300790,300791]}
2017-02-22 17:51:27pais:{"dt":30,"hz":-1,"s":0,"pd":84,"sz":[6,6],"pai":[4,0,0,0,4,0,0,0,4,0,0,0,1,0,0,0,0,0,0,0,0,0,0,0,0,0,0,0,0,0,0,0,0,0],"z":0,"us":[300791]}
2017-02-22 17:51:27pais:{"dt":30,"hz":-1,"s":0,"pd":84,"sz":[6,6],"pai":[0,4,0,0,0,4,0,0,0,4,0,0,1,0,0,0,0,0,0,0,0,0,0,0,0,0,0,0,0,0,0,0,0,0],"z":0,"us":[300792]}
2017-02-22 17:51:27pais:{"dt":30,"hz":-1,"s":0,"pd":84,"sz":[6,6],"pai":[0,0,4,0,0,0,4,0,0,0,4,0,1,0,0,0,0,0,0,0,0,0,0,0,0,0,0,0,0,0,0,0,0,0],"z":0,"us":[300789]}
2017-02-22 17:51:27pais:{"dt":30,"hz":-1,"s":0,"pd":84,"sz":[6,6],"pai":[0,0,0,4,0,0,0,4,0,0,0,4,1,0,0,0,0,0,0,0,0,0,0,0,0,0,0,0,0,0,0,0,0,0],"z":0,"us":[300790]}
0摸牌13
通知玩家0摸牌:{"dt":30,"pd":83,"ot":130,"m":13,"us":[300791]}
通知其他玩家有摸牌事件:{"dt":30,"t":256,"pd":83,"idx":0,"us":[300789,300790,300792]}
2017-02-22 18:21:58pais:{"dt":30,"hz":-1,"s":0,"pd":84,"sz":[6,3],"pai":[4,0,0,0,4,0,0,0,4,0,0,0,1,0,0,0,0,0,0,0,0,0,0,0,0,0,0,0,0,0,0,0,0,0],"z":0,"us":[300778]}
2017-02-22 18:21:58pais:{"dt":30,"hz":-1,"s":0,"pd":84,"sz":[6,3],"pai":[0,4,0,0,0,4,0,0,0,4,0,0,1,0,0,0,0,0,0,0,0,0,0,0,0,0,0,0,0,0,0,0,0,0],"z":0,"us":[300779]}
2017-02-22 18:21:58pais:{"dt":30,"hz":-1,"s":0,"pd":84,"sz":[6,3],"pai":[0,0,4,0,0,0,4,0,0,0,4,0,1,0,0,0,0,0,0,0,0,0,0,0,0,0,0,0,0,0,0,0,0,0],"z":0,"us":[300777]}
2017-02-22 18:21:58pais:{"dt":30,"hz":-1,"s":0,"pd":84,"sz":[6,3],"pai":[0,0,0,4,0,0,0,4,0,0,0,4,1,0,0,0,0,0,0,0,0,0,0,0,0,0,0,0,0,0,0,0,0,0],"z":0,"us":[300805]}
0摸牌13
通知玩家0摸牌:{"dt":30,"pd":83,"ot":130,"m":13,"us":[300778]}
通知其他玩家有摸牌事件:{"dt":30,"t":256,"pd":83,"idx":0,"us":[300805,300777,300779]}
0摸牌13
通知玩家0摸牌:{"dt":30,"pd":82,"ot":130,"m":13,"us":[300778]}
通知其他玩家有摸牌事件:{"dt":30,"t":256,"pd":82,"idx":0,"us":[300805,300777,300779]}
0摸牌13
0没有听牌，且可以听牌
通知玩家0摸牌:{"dt":30,"pd":81,"ot":194,"m":13,"us":[300778],"ts":[{"chu":8,"hu":[11,12,14]},{"chu":12,"hu":[8]}]}
通知其他玩家有摸牌事件:{"dt":30,"t":256,"pd":81,"idx":0,"us":[300805,300777,300779]}
0摸牌13
0没有听牌，且可以听牌
通知玩家0摸牌:{"dt":30,"pd":80,"ot":194,"m":13,"us":[300778],"ts":[{"chu":12,"hu":[13]},{"chu":13,"hu":[11,12,14]}]}
通知其他玩家有摸牌事件:{"dt":30,"t":256,"pd":80,"idx":0,"us":[300805,300777,300779]}
0摸牌14
0没有听牌，且可以听牌
通知玩家0摸牌:{"dt":30,"pd":79,"ot":192,"m":14,"us":[300778],"ts":[{"chu":12,"hu":[14]},{"chu":14,"hu":[12]}]}
通知其他玩家有摸牌事件:{"dt":30,"t":256,"pd":79,"idx":0,"us":[300805,300777,300779]}
0:出牌12
通知其他人0出牌:{"dt":30,"c":12,"t":128,"pd":79,"it":true,"idx":0,"dr":false,"us":[300805,300777,300778,300779]}
1摸牌14
通知玩家1摸牌:{"dt":30,"pd":78,"ot":130,"m":14,"us":[300779]}
通知其他玩家有摸牌事件:{"dt":30,"t":256,"pd":78,"idx":1,"us":[300805,300777,300778]}
1:出牌12
通知其他人1出牌:{"dt":30,"c":12,"t":128,"pd":78,"it":false,"idx":1,"dr":false,"us":[300805,300777,300778,300779]}
2摸牌14
通知玩家2摸牌:{"dt":30,"pd":77,"ot":130,"m":14,"us":[300777]}
通知其他玩家有摸牌事件:{"dt":30,"t":256,"pd":77,"idx":2,"us":[300805,300778,300779]}
2摸牌14
2没有听牌，且可以听牌
通知玩家2摸牌:{"dt":30,"pd":76,"ot":194,"m":14,"us":[300777],"ts":[{"chu":2,"hu":[11]}]}
通知其他玩家有摸牌事件:{"dt":30,"t":256,"pd":76,"idx":2,"us":[300805,300778,300779]}
2摸牌15
2没有听牌，且可以听牌
通知玩家2摸牌:{"dt":30,"pd":75,"ot":194,"m":15,"us":[300777],"ts":[{"chu":15,"hu":[11]}]}
通知其他玩家有摸牌事件:{"dt":30,"t":256,"pd":75,"idx":2,"us":[300805,300778,300779]}
2摸牌15
2没有听牌，且可以听牌
通知玩家2摸牌:{"dt":30,"pd":74,"ot":192,"m":15,"us":[300777],"ts":[{"chu":12,"hu":[14,15]},{"chu":14,"hu":[13]}]}
通知其他玩家有摸牌事件:{"dt":30,"t":256,"pd":74,"idx":2,"us":[300805,300778,300779]}
2:出牌12
通知其他人2出牌:{"dt":30,"c":12,"t":128,"pd":74,"it":true,"idx":2,"dr":false,"us":[300805,300777,300778,300779]}
3摸牌15
通知玩家3摸牌:{"dt":30,"pd":73,"ot":130,"m":15,"us":[300805]}
通知其他玩家有摸牌事件:{"dt":30,"t":256,"pd":73,"idx":3,"us":[300777,300778,300779]}
3摸牌15
3没有听牌，且可以听牌
通知玩家3摸牌:{"dt":30,"pd":72,"ot":194,"m":15,"us":[300805],"ts":[{"chu":7,"hu":[10,13]}]}
通知其他玩家有摸牌事件:{"dt":30,"t":256,"pd":72,"idx":3,"us":[300777,300778,300779]}
3摸牌16
3没有听牌，且可以听牌
通知玩家3摸牌:{"dt":30,"pd":71,"ot":194,"m":16,"us":[300805],"ts":[{"chu":16,"hu":[10,13]}]}
通知其他玩家有摸牌事件:{"dt":30,"t":256,"pd":71,"idx":3,"us":[300777,300778,300779]}
3摸牌16
3没有听牌，且可以听牌
通知玩家3摸牌:{"dt":30,"pd":70,"ot":192,"m":16,"us":[300805],"ts":[{"chu":12,"hu":[15,16]}]}
通知其他玩家有摸牌事件:{"dt":30,"t":256,"pd":70,"idx":3,"us":[300777,300778,300779]}
3:出牌12
通知其他人3出牌:{"dt":30,"c":12,"t":128,"pd":70,"it":true,"idx":3,"dr":false,"us":[300805,300777,300778,300779]}
0摸牌16
0已经听牌
通知玩家0摸牌:{"dt":30,"pd":69,"ot":128,"m":16,"us":[300778]}
通知其他玩家有摸牌事件:{"dt":30,"t":256,"pd":69,"idx":0,"us":[300805,300777,300779]}
0:出牌16
通知其他人0出牌:{"dt":30,"c":16,"t":128,"pd":69,"it":false,"idx":0,"dr":false,"us":[300805,300777,300778,300779]}
1摸牌16
通知玩家1摸牌:{"dt":30,"pd":68,"ot":130,"m":16,"us":[300779]}
通知其他玩家有摸牌事件:{"dt":30,"t":256,"pd":68,"idx":1,"us":[300805,300777,300778]}
1摸牌17
通知玩家1摸牌:{"dt":30,"pd":67,"ot":130,"m":17,"us":[300779]}
通知其他玩家有摸牌事件:{"dt":30,"t":256,"pd":67,"idx":1,"us":[300805,300777,300778]}
1摸牌17
1没有听牌，且可以听牌
通知玩家1摸牌:{"dt":30,"pd":66,"ot":194,"m":17,"us":[300779],"ts":[{"chu":5,"hu":[15]}]}
通知其他玩家有摸牌事件:{"dt":30,"t":256,"pd":66,"idx":1,"us":[300805,300777,300778]}
1摸牌17
1没有听牌，且可以听牌
通知玩家1摸牌:{"dt":30,"pd":65,"ot":192,"m":17,"us":[300779],"ts":[{"chu":16,"hu":[14]},{"chu":17,"hu":[15]},{"chu":14,"hu":[15,16]}]}
通知其他玩家有摸牌事件:{"dt":30,"t":256,"pd":65,"idx":1,"us":[300805,300777,300778]}
1:出牌14
通知其他人1出牌:{"dt":30,"c":14,"t":128,"pd":65,"it":true,"idx":1,"dr":false,"us":[300805,300777,300778,300779]}
2摸牌17
2已经听牌
通知玩家2摸牌:{"dt":30,"pd":64,"ot":128,"m":17,"us":[300777]}
通知其他玩家有摸牌事件:{"dt":30,"t":256,"pd":64,"idx":2,"us":[300805,300778,300779]}
2:出牌17
通知其他人2出牌:{"dt":30,"c":17,"t":128,"pd":64,"it":false,"idx":2,"dr":false,"us":[300805,300777,300778,300779]}
3摸牌18
3已经听牌
通知玩家3摸牌:{"dt":30,"pd":63,"ot":128,"m":18,"us":[300805]}
通知其他玩家有摸牌事件:{"dt":30,"t":256,"pd":63,"idx":3,"us":[300777,300778,300779]}
3:出牌18
通知其他人3出牌:{"dt":30,"c":18,"t":128,"pd":63,"it":false,"idx":3,"dr":false,"us":[300805,300777,300778,300779]}
0摸牌18
0已经听牌
通知玩家0摸牌:{"dt":30,"pd":62,"ot":128,"m":18,"us":[300778]}
通知其他玩家有摸牌事件:{"dt":30,"t":256,"pd":62,"idx":0,"us":[300805,300777,300779]}
0:出牌18
通知其他人0出牌:{"dt":30,"c":18,"t":128,"pd":62,"it":false,"idx":0,"dr":false,"us":[300805,300777,300778,300779]}
1摸牌18
1已经听牌
通知玩家1摸牌:{"dt":30,"pd":61,"ot":128,"m":18,"us":[300779]}
通知其他玩家有摸牌事件:{"dt":30,"t":256,"pd":61,"idx":1,"us":[300805,300777,300778]}
1:出牌18
通知其他人1出牌:{"dt":30,"c":18,"t":128,"pd":61,"it":false,"idx":1,"dr":false,"us":[300805,300777,300778,300779]}
2摸牌18
2已经听牌
通知玩家2摸牌:{"dt":30,"pd":60,"ot":128,"m":18,"us":[300777]}
通知其他玩家有摸牌事件:{"dt":30,"t":256,"pd":60,"idx":2,"us":[300805,300778,300779]}
2:出牌18
通知其他人2出牌:{"dt":30,"c":18,"t":128,"pd":60,"it":false,"idx":2,"dr":false,"us":[300805,300777,300778,300779]}
3摸牌19
3已经听牌
通知玩家3摸牌:{"dt":30,"pd":59,"ot":128,"m":19,"us":[300805]}
通知其他玩家有摸牌事件:{"dt":30,"t":256,"pd":59,"idx":3,"us":[300777,300778,300779]}
3:出牌19
通知其他人3出牌:{"dt":30,"c":19,"t":128,"pd":59,"it":false,"idx":3,"dr":false,"us":[300805,300777,300778,300779]}
0摸牌19
0已经听牌
通知玩家0摸牌:{"dt":30,"pd":58,"ot":128,"m":19,"us":[300778]}
通知其他玩家有摸牌事件:{"dt":30,"t":256,"pd":58,"idx":0,"us":[300805,300777,300779]}
0:出牌19
通知其他人0出牌:{"dt":30,"c":19,"t":128,"pd":58,"it":false,"idx":0,"dr":false,"us":[300805,300777,300778,300779]}
1摸牌19
1已经听牌
通知玩家1摸牌:{"dt":30,"pd":57,"ot":128,"m":19,"us":[300779]}
通知其他玩家有摸牌事件:{"dt":30,"t":256,"pd":57,"idx":1,"us":[300805,300777,300778]}
1:出牌19
通知其他人1出牌:{"dt":30,"c":19,"t":128,"pd":57,"it":false,"idx":1,"dr":false,"us":[300805,300777,300778,300779]}
2摸牌19
2已经听牌
通知玩家2摸牌:{"dt":30,"pd":56,"ot":128,"m":19,"us":[300777]}
通知其他玩家有摸牌事件:{"dt":30,"t":256,"pd":56,"idx":2,"us":[300805,300778,300779]}
2:出牌19
通知其他人2出牌:{"dt":30,"c":19,"t":128,"pd":56,"it":false,"idx":2,"dr":false,"us":[300805,300777,300778,300779]}
3摸牌20
3已经听牌
通知玩家3摸牌:{"dt":30,"pd":55,"ot":128,"m":20,"us":[300805]}
通知其他玩家有摸牌事件:{"dt":30,"t":256,"pd":55,"idx":3,"us":[300777,300778,300779]}
3:出牌20
通知其他人3出牌:{"dt":30,"c":20,"t":128,"pd":55,"it":false,"idx":3,"dr":false,"us":[300805,300777,300778,300779]}
0摸牌20
0已经听牌
通知玩家0摸牌:{"dt":30,"pd":54,"ot":128,"m":20,"us":[300778]}
通知其他玩家有摸牌事件:{"dt":30,"t":256,"pd":54,"idx":0,"us":[300805,300777,300779]}
0:出牌20
通知其他人0出牌:{"dt":30,"c":20,"t":128,"pd":54,"it":false,"idx":0,"dr":false,"us":[300805,300777,300778,300779]}
1摸牌20
1已经听牌
通知玩家1摸牌:{"dt":30,"pd":53,"ot":128,"m":20,"us":[300779]}
通知其他玩家有摸牌事件:{"dt":30,"t":256,"pd":53,"idx":1,"us":[300805,300777,300778]}
1:出牌20
通知其他人1出牌:{"dt":30,"c":20,"t":128,"pd":53,"it":false,"idx":1,"dr":false,"us":[300805,300777,300778,300779]}
2摸牌20
2已经听牌
通知玩家2摸牌:{"dt":30,"pd":52,"ot":128,"m":20,"us":[300777]}
通知其他玩家有摸牌事件:{"dt":30,"t":256,"pd":52,"idx":2,"us":[300805,300778,300779]}
2:出牌20
通知其他人2出牌:{"dt":30,"c":20,"t":128,"pd":52,"it":false,"idx":2,"dr":false,"us":[300805,300777,300778,300779]}
3摸牌21
3已经听牌
通知玩家3摸牌:{"dt":30,"pd":51,"ot":128,"m":21,"us":[300805]}
通知其他玩家有摸牌事件:{"dt":30,"t":256,"pd":51,"idx":3,"us":[300777,300778,300779]}
3:出牌21
通知其他人3出牌:{"dt":30,"c":21,"t":128,"pd":51,"it":false,"idx":3,"dr":false,"us":[300805,300777,300778,300779]}
0摸牌21
0已经听牌
通知玩家0摸牌:{"dt":30,"pd":50,"ot":128,"m":21,"us":[300778]}
通知其他玩家有摸牌事件:{"dt":30,"t":256,"pd":50,"idx":0,"us":[300805,300777,300779]}
0:出牌21
通知其他人0出牌:{"dt":30,"c":21,"t":128,"pd":50,"it":false,"idx":0,"dr":false,"us":[300805,300777,300778,300779]}
1摸牌21
1已经听牌
通知玩家1摸牌:{"dt":30,"pd":49,"ot":128,"m":21,"us":[300779]}
通知其他玩家有摸牌事件:{"dt":30,"t":256,"pd":49,"idx":1,"us":[300805,300777,300778]}
1:出牌21
通知其他人1出牌:{"dt":30,"c":21,"t":128,"pd":49,"it":false,"idx":1,"dr":false,"us":[300805,300777,300778,300779]}
2摸牌21
2已经听牌
通知玩家2摸牌:{"dt":30,"pd":48,"ot":128,"m":21,"us":[300777]}
通知其他玩家有摸牌事件:{"dt":30,"t":256,"pd":48,"idx":2,"us":[300805,300778,300779]}
2:出牌21
通知其他人2出牌:{"dt":30,"c":21,"t":128,"pd":48,"it":false,"idx":2,"dr":false,"us":[300805,300777,300778,300779]}
3摸牌22
3已经听牌
通知玩家3摸牌:{"dt":30,"pd":47,"ot":128,"m":22,"us":[300805]}
通知其他玩家有摸牌事件:{"dt":30,"t":256,"pd":47,"idx":3,"us":[300777,300778,300779]}
3:出牌22
通知其他人3出牌:{"dt":30,"c":22,"t":128,"pd":47,"it":false,"idx":3,"dr":false,"us":[300805,300777,300778,300779]}
0摸牌22
0已经听牌
通知玩家0摸牌:{"dt":30,"pd":46,"ot":128,"m":22,"us":[300778]}
通知其他玩家有摸牌事件:{"dt":30,"t":256,"pd":46,"idx":0,"us":[300805,300777,300779]}
0:出牌22
通知其他人0出牌:{"dt":30,"c":22,"t":128,"pd":46,"it":false,"idx":0,"dr":false,"us":[300805,300777,300778,300779]}
1摸牌22
1已经听牌
通知玩家1摸牌:{"dt":30,"pd":45,"ot":128,"m":22,"us":[300779]}
通知其他玩家有摸牌事件:{"dt":30,"t":256,"pd":45,"idx":1,"us":[300805,300777,300778]}
1:出牌22
通知其他人1出牌:{"dt":30,"c":22,"t":128,"pd":45,"it":false,"idx":1,"dr":false,"us":[300805,300777,300778,300779]}
2摸牌22
2已经听牌
通知玩家2摸牌:{"dt":30,"pd":44,"ot":128,"m":22,"us":[300777]}
通知其他玩家有摸牌事件:{"dt":30,"t":256,"pd":44,"idx":2,"us":[300805,300778,300779]}
2:出牌22
通知其他人2出牌:{"dt":30,"c":22,"t":128,"pd":44,"it":false,"idx":2,"dr":false,"us":[300805,300777,300778,300779]}
3摸牌23
3已经听牌
通知玩家3摸牌:{"dt":30,"pd":43,"ot":128,"m":23,"us":[300805]}
通知其他玩家有摸牌事件:{"dt":30,"t":256,"pd":43,"idx":3,"us":[300777,300778,300779]}
3:出牌23
通知其他人3出牌:{"dt":30,"c":23,"t":128,"pd":43,"it":false,"idx":3,"dr":false,"us":[300805,300777,300778,300779]}
0摸牌23
0已经听牌
通知玩家0摸牌:{"dt":30,"pd":42,"ot":128,"m":23,"us":[300778]}
通知其他玩家有摸牌事件:{"dt":30,"t":256,"pd":42,"idx":0,"us":[300805,300777,300779]}
0:出牌23
通知其他人0出牌:{"dt":30,"c":23,"t":128,"pd":42,"it":false,"idx":0,"dr":false,"us":[300805,300777,300778,300779]}
1摸牌23
1已经听牌
通知玩家1摸牌:{"dt":30,"pd":41,"ot":128,"m":23,"us":[300779]}
通知其他玩家有摸牌事件:{"dt":30,"t":256,"pd":41,"idx":1,"us":[300805,300777,300778]}
1:出牌23
通知其他人1出牌:{"dt":30,"c":23,"t":128,"pd":41,"it":false,"idx":1,"dr":false,"us":[300805,300777,300778,300779]}
2摸牌23
2已经听牌
通知玩家2摸牌:{"dt":30,"pd":40,"ot":128,"m":23,"us":[300777]}
通知其他玩家有摸牌事件:{"dt":30,"t":256,"pd":40,"idx":2,"us":[300805,300778,300779]}
2:出牌23
通知其他人2出牌:{"dt":30,"c":23,"t":128,"pd":40,"it":false,"idx":2,"dr":false,"us":[300805,300777,300778,300779]}
3摸牌24
3已经听牌
通知玩家3摸牌:{"dt":30,"pd":39,"ot":128,"m":24,"us":[300805]}
通知其他玩家有摸牌事件:{"dt":30,"t":256,"pd":39,"idx":3,"us":[300777,300778,300779]}
3:出牌24
通知其他人3出牌:{"dt":30,"c":24,"t":128,"pd":39,"it":false,"idx":3,"dr":false,"us":[300805,300777,300778,300779]}
0摸牌24
0已经听牌
通知玩家0摸牌:{"dt":30,"pd":38,"ot":128,"m":24,"us":[300778]}
通知其他玩家有摸牌事件:{"dt":30,"t":256,"pd":38,"idx":0,"us":[300805,300777,300779]}
0:出牌24
通知其他人0出牌:{"dt":30,"c":24,"t":128,"pd":38,"it":false,"idx":0,"dr":false,"us":[300805,300777,300778,300779]}
1摸牌24
1已经听牌
通知玩家1摸牌:{"dt":30,"pd":37,"ot":128,"m":24,"us":[300779]}
通知其他玩家有摸牌事件:{"dt":30,"t":256,"pd":37,"idx":1,"us":[300805,300777,300778]}
1:出牌24
通知其他人1出牌:{"dt":30,"c":24,"t":128,"pd":37,"it":false,"idx":1,"dr":false,"us":[300805,300777,300778,300779]}
2摸牌24
2已经听牌
通知玩家2摸牌:{"dt":30,"pd":36,"ot":128,"m":24,"us":[300777]}
通知其他玩家有摸牌事件:{"dt":30,"t":256,"pd":36,"idx":2,"us":[300805,300778,300779]}
2:出牌24
通知其他人2出牌:{"dt":30,"c":24,"t":128,"pd":36,"it":false,"idx":2,"dr":false,"us":[300805,300777,300778,300779]}
3摸牌25
3已经听牌
通知玩家3摸牌:{"dt":30,"pd":35,"ot":128,"m":25,"us":[300805]}
通知其他玩家有摸牌事件:{"dt":30,"t":256,"pd":35,"idx":3,"us":[300777,300778,300779]}
3:出牌25
通知其他人3出牌:{"dt":30,"c":25,"t":128,"pd":35,"it":false,"idx":3,"dr":false,"us":[300805,300777,300778,300779]}
0摸牌25
0已经听牌
通知玩家0摸牌:{"dt":30,"pd":34,"ot":128,"m":25,"us":[300778]}
通知其他玩家有摸牌事件:{"dt":30,"t":256,"pd":34,"idx":0,"us":[300805,300777,300779]}
0:出牌25
通知其他人0出牌:{"dt":30,"c":25,"t":128,"pd":34,"it":false,"idx":0,"dr":false,"us":[300805,300777,300778,300779]}
1摸牌25
1已经听牌
通知玩家1摸牌:{"dt":30,"pd":33,"ot":128,"m":25,"us":[300779]}
通知其他玩家有摸牌事件:{"dt":30,"t":256,"pd":33,"idx":1,"us":[300805,300777,300778]}
1:出牌25
通知其他人1出牌:{"dt":30,"c":25,"t":128,"pd":33,"it":false,"idx":1,"dr":false,"us":[300805,300777,300778,300779]}
2摸牌25
2已经听牌
通知玩家2摸牌:{"dt":30,"pd":32,"ot":128,"m":25,"us":[300777]}
通知其他玩家有摸牌事件:{"dt":30,"t":256,"pd":32,"idx":2,"us":[300805,300778,300779]}
2:出牌25
通知其他人2出牌:{"dt":30,"c":25,"t":128,"pd":32,"it":false,"idx":2,"dr":false,"us":[300805,300777,300778,300779]}
3摸牌26
3已经听牌
通知玩家3摸牌:{"dt":30,"pd":31,"ot":128,"m":26,"us":[300805]}
通知其他玩家有摸牌事件:{"dt":30,"t":256,"pd":31,"idx":3,"us":[300777,300778,300779]}
3:出牌26
通知其他人3出牌:{"dt":30,"c":26,"t":128,"pd":31,"it":false,"idx":3,"dr":false,"us":[300805,300777,300778,300779]}
0摸牌26
0已经听牌
通知玩家0摸牌:{"dt":30,"pd":30,"ot":128,"m":26,"us":[300778]}
通知其他玩家有摸牌事件:{"dt":30,"t":256,"pd":30,"idx":0,"us":[300805,300777,300779]}
0:出牌26
通知其他人0出牌:{"dt":30,"c":26,"t":128,"pd":30,"it":false,"idx":0,"dr":false,"us":[300805,300777,300778,300779]}
1摸牌26
1已经听牌
通知玩家1摸牌:{"dt":30,"pd":29,"ot":128,"m":26,"us":[300779]}
通知其他玩家有摸牌事件:{"dt":30,"t":256,"pd":29,"idx":1,"us":[300805,300777,300778]}
1:出牌26
通知其他人1出牌:{"dt":30,"c":26,"t":128,"pd":29,"it":false,"idx":1,"dr":false,"us":[300805,300777,300778,300779]}
2摸牌26
2已经听牌
通知玩家2摸牌:{"dt":30,"pd":28,"ot":128,"m":26,"us":[300777]}
通知其他玩家有摸牌事件:{"dt":30,"t":256,"pd":28,"idx":2,"us":[300805,300778,300779]}
2:出牌26
通知其他人2出牌:{"dt":30,"c":26,"t":128,"pd":28,"it":false,"idx":2,"dr":false,"us":[300805,300777,300778,300779]}
3摸牌27
3已经听牌
通知玩家3摸牌:{"dt":30,"pd":27,"ot":128,"m":27,"us":[300805]}
通知其他玩家有摸牌事件:{"dt":30,"t":256,"pd":27,"idx":3,"us":[300777,300778,300779]}
3:出牌27
通知其他人3出牌:{"dt":30,"c":27,"t":128,"pd":27,"it":false,"idx":3,"dr":false,"us":[300805,300777,300778,300779]}
0摸牌27
0已经听牌
通知玩家0摸牌:{"dt":30,"pd":26,"ot":128,"m":27,"us":[300778]}
通知其他玩家有摸牌事件:{"dt":30,"t":256,"pd":26,"idx":0,"us":[300805,300777,300779]}
0:出牌27
通知其他人0出牌:{"dt":30,"c":27,"t":128,"pd":26,"it":false,"idx":0,"dr":false,"us":[300805,300777,300778,300779]}
1摸牌27
1已经听牌
通知玩家1摸牌:{"dt":30,"pd":25,"ot":128,"m":27,"us":[300779]}
通知其他玩家有摸牌事件:{"dt":30,"t":256,"pd":25,"idx":1,"us":[300805,300777,300778]}
1:出牌27
通知其他人1出牌:{"dt":30,"c":27,"t":128,"pd":25,"it":false,"idx":1,"dr":false,"us":[300805,300777,300778,300779]}
2摸牌27
2已经听牌
通知玩家2摸牌:{"dt":30,"pd":24,"ot":128,"m":27,"us":[300777]}
通知其他玩家有摸牌事件:{"dt":30,"t":256,"pd":24,"idx":2,"us":[300805,300778,300779]}
2:出牌27
通知其他人2出牌:{"dt":30,"c":27,"t":128,"pd":24,"it":false,"idx":2,"dr":false,"us":[300805,300777,300778,300779]}
3摸牌28
3已经听牌
通知玩家3摸牌:{"dt":30,"pd":23,"ot":128,"m":28,"us":[300805]}
通知其他玩家有摸牌事件:{"dt":30,"t":256,"pd":23,"idx":3,"us":[300777,300778,300779]}
3:出牌28
通知其他人3出牌:{"dt":30,"c":28,"t":128,"pd":23,"it":false,"idx":3,"dr":false,"us":[300805,300777,300778,300779]}
0摸牌28
0已经听牌
通知玩家0摸牌:{"dt":30,"pd":22,"ot":128,"m":28,"us":[300778]}
通知其他玩家有摸牌事件:{"dt":30,"t":256,"pd":22,"idx":0,"us":[300805,300777,300779]}
0:出牌28
通知其他人0出牌:{"dt":30,"c":28,"t":128,"pd":22,"it":false,"idx":0,"dr":false,"us":[300805,300777,300778,300779]}
1摸牌28
1已经听牌
通知玩家1摸牌:{"dt":30,"pd":21,"ot":128,"m":28,"us":[300779]}
通知其他玩家有摸牌事件:{"dt":30,"t":256,"pd":21,"idx":1,"us":[300805,300777,300778]}
1:出牌28
通知其他人1出牌:{"dt":30,"c":28,"t":128,"pd":21,"it":false,"idx":1,"dr":false,"us":[300805,300777,300778,300779]}
2摸牌28
2已经听牌
通知玩家2摸牌:{"dt":30,"pd":20,"ot":128,"m":28,"us":[300777]}
通知其他玩家有摸牌事件:{"dt":30,"t":256,"pd":20,"idx":2,"us":[300805,300778,300779]}
2:出牌28
通知其他人2出牌:{"dt":30,"c":28,"t":128,"pd":20,"it":false,"idx":2,"dr":false,"us":[300805,300777,300778,300779]}
3摸牌29
3已经听牌
通知玩家3摸牌:{"dt":30,"pd":19,"ot":128,"m":29,"us":[300805]}
通知其他玩家有摸牌事件:{"dt":30,"t":256,"pd":19,"idx":3,"us":[300777,300778,300779]}
3:出牌29
通知其他人3出牌:{"dt":30,"c":29,"t":128,"pd":19,"it":false,"idx":3,"dr":false,"us":[300805,300777,300778,300779]}
0摸牌29
0已经听牌
通知玩家0摸牌:{"dt":30,"pd":18,"ot":128,"m":29,"us":[300778]}
通知其他玩家有摸牌事件:{"dt":30,"t":256,"pd":18,"idx":0,"us":[300805,300777,300779]}
0:出牌29
通知其他人0出牌:{"dt":30,"c":29,"t":128,"pd":18,"it":false,"idx":0,"dr":false,"us":[300805,300777,300778,300779]}
1摸牌29
1已经听牌
通知玩家1摸牌:{"dt":30,"pd":17,"ot":128,"m":29,"us":[300779]}
通知其他玩家有摸牌事件:{"dt":30,"t":256,"pd":17,"idx":1,"us":[300805,300777,300778]}
1:出牌29
通知其他人1出牌:{"dt":30,"c":29,"t":128,"pd":17,"it":false,"idx":1,"dr":false,"us":[300805,300777,300778,300779]}
2摸牌29
2已经听牌
通知玩家2摸牌:{"dt":30,"pd":16,"ot":128,"m":29,"us":[300777]}
通知其他玩家有摸牌事件:{"dt":30,"t":256,"pd":16,"idx":2,"us":[300805,300778,300779]}
2:出牌29
通知其他人2出牌:{"dt":30,"c":29,"t":128,"pd":16,"it":false,"idx":2,"dr":false,"us":[300805,300777,300778,300779]}
3摸牌30
3已经听牌
通知玩家3摸牌:{"dt":30,"pd":15,"ot":128,"m":30,"us":[300805]}
通知其他玩家有摸牌事件:{"dt":30,"t":256,"pd":15,"idx":3,"us":[300777,300778,300779]}
3:出牌30
通知其他人3出牌:{"dt":30,"c":30,"t":128,"pd":15,"it":false,"idx":3,"dr":false,"us":[300805,300777,300778,300779]}
0摸牌30
0已经听牌
通知玩家0摸牌:{"dt":30,"pd":14,"ot":128,"m":30,"us":[300778]}
通知其他玩家有摸牌事件:{"dt":30,"t":256,"pd":14,"idx":0,"us":[300805,300777,300779]}
0:出牌30
通知其他人0出牌:{"dt":30,"c":30,"t":128,"pd":14,"it":false,"idx":0,"dr":false,"us":[300805,300777,300778,300779]}
1摸牌30
1已经听牌
通知玩家1摸牌:{"dt":30,"pd":13,"ot":128,"m":30,"us":[300779]}
通知其他玩家有摸牌事件:{"dt":30,"t":256,"pd":13,"idx":1,"us":[300805,300777,300778]}
1:出牌30
通知其他人1出牌:{"dt":30,"c":30,"t":128,"pd":13,"it":false,"idx":1,"dr":false,"us":[300805,300777,300778,300779]}
2摸牌30
2已经听牌
通知玩家2摸牌:{"dt":30,"pd":12,"ot":128,"m":30,"us":[300777]}
通知其他玩家有摸牌事件:{"dt":30,"t":256,"pd":12,"idx":2,"us":[300805,300778,300779]}
2:出牌30
通知其他人2出牌:{"dt":30,"c":30,"t":128,"pd":12,"it":false,"idx":2,"dr":false,"us":[300805,300777,300778,300779]}
3摸牌31
3已经听牌
通知玩家3摸牌:{"dt":30,"pd":11,"ot":128,"m":31,"us":[300805]}
通知其他玩家有摸牌事件:{"dt":30,"t":256,"pd":11,"idx":3,"us":[300777,300778,300779]}
3:出牌31
通知其他人3出牌:{"dt":30,"c":31,"t":128,"pd":11,"it":false,"idx":3,"dr":false,"us":[300805,300777,300778,300779]}
0摸牌31
0已经听牌
通知玩家0摸牌:{"dt":30,"pd":10,"ot":128,"m":31,"us":[300778]}
通知其他玩家有摸牌事件:{"dt":30,"t":256,"pd":10,"idx":0,"us":[300805,300777,300779]}
0:出牌31
通知其他人0出牌:{"dt":30,"c":31,"t":128,"pd":10,"it":false,"idx":0,"dr":false,"us":[300805,300777,300778,300779]}
1摸牌31
1已经听牌
通知玩家1摸牌:{"dt":30,"pd":9,"ot":128,"m":31,"us":[300779]}
通知其他玩家有摸牌事件:{"dt":30,"t":256,"pd":9,"idx":1,"us":[300805,300777,300778]}
1:出牌31
通知其他人1出牌:{"dt":30,"c":31,"t":128,"pd":9,"it":false,"idx":1,"dr":false,"us":[300805,300777,300778,300779]}
2摸牌31
2已经听牌
通知玩家2摸牌:{"dt":30,"pd":8,"ot":128,"m":31,"us":[300777]}
通知其他玩家有摸牌事件:{"dt":30,"t":256,"pd":8,"idx":2,"us":[300805,300778,300779]}
2:出牌31
通知其他人2出牌:{"dt":30,"c":31,"t":128,"pd":8,"it":false,"idx":2,"dr":false,"us":[300805,300777,300778,300779]}
3摸牌32
3已经听牌
通知玩家3摸牌:{"dt":30,"pd":7,"ot":128,"m":32,"us":[300805]}
通知其他玩家有摸牌事件:{"dt":30,"t":256,"pd":7,"idx":3,"us":[300777,300778,300779]}
3:出牌32
通知其他人3出牌:{"dt":30,"c":32,"t":128,"pd":7,"it":false,"idx":3,"dr":false,"us":[300805,300777,300778,300779]}
0摸牌32
0已经听牌
通知玩家0摸牌:{"dt":30,"pd":6,"ot":128,"m":32,"us":[300778]}
通知其他玩家有摸牌事件:{"dt":30,"t":256,"pd":6,"idx":0,"us":[300805,300777,300779]}
0:出牌32
通知其他人0出牌:{"dt":30,"c":32,"t":128,"pd":6,"it":false,"idx":0,"dr":false,"us":[300805,300777,300778,300779]}
1摸牌32
1已经听牌
通知玩家1摸牌:{"dt":30,"pd":5,"ot":128,"m":32,"us":[300779]}
通知其他玩家有摸牌事件:{"dt":30,"t":256,"pd":5,"idx":1,"us":[300805,300777,300778]}
1:出牌32
通知其他人1出牌:{"dt":30,"c":32,"t":128,"pd":5,"it":false,"idx":1,"dr":false,"us":[300805,300777,300778,300779]}
2摸牌32
2已经听牌
通知玩家2摸牌:{"dt":30,"pd":4,"ot":128,"m":32,"us":[300777]}
通知其他玩家有摸牌事件:{"dt":30,"t":256,"pd":4,"idx":2,"us":[300805,300778,300779]}
2:出牌32
通知其他人2出牌:{"dt":30,"c":32,"t":128,"pd":4,"it":false,"idx":2,"dr":false,"us":[300805,300777,300778,300779]}
3摸牌33
3已经听牌
通知玩家3摸牌:{"dt":30,"pd":3,"ot":128,"m":33,"us":[300805]}
通知其他玩家有摸牌事件:{"dt":30,"t":256,"pd":3,"idx":3,"us":[300777,300778,300779]}
3:出牌33
通知其他人3出牌:{"dt":30,"c":33,"t":128,"pd":3,"it":false,"idx":3,"dr":false,"us":[300805,300777,300778,300779]}
0摸牌33
0已经听牌
通知玩家0摸牌:{"dt":30,"pd":2,"ot":128,"m":33,"us":[300778]}
通知其他玩家有摸牌事件:{"dt":30,"t":256,"pd":2,"idx":0,"us":[300805,300777,300779]}
0:出牌33
通知其他人0出牌:{"dt":30,"c":33,"t":128,"pd":2,"it":false,"idx":0,"dr":false,"us":[300805,300777,300778,300779]}
1摸牌33
1已经听牌
通知玩家1摸牌:{"dt":30,"pd":1,"ot":128,"m":33,"us":[300779]}
通知其他玩家有摸牌事件:{"dt":30,"t":256,"pd":1,"idx":1,"us":[300805,300777,300778]}
1:出牌33
通知其他人1出牌:{"dt":30,"c":33,"t":128,"pd":1,"it":false,"idx":1,"dr":false,"us":[300805,300777,300778,300779]}
2摸牌33
2已经听牌
通知玩家2摸牌:{"dt":30,"pd":0,"ot":128,"m":33,"us":[300777]}
通知其他玩家有摸牌事件:{"dt":30,"t":256,"pd":0,"idx":2,"us":[300805,300778,300779]}
2:出牌33
通知其他人2出牌:{"dt":30,"c":33,"t":128,"pd":0,"it":false,"idx":2,"dr":false,"us":[300805,300777,300778,300779]}
2017-02-22 20:43:42pais:{"dt":30,"hz":-1,"s":0,"pd":84,"sz":[4,6],"pai":[4,0,0,0,4,0,0,0,4,0,0,0,1,0,0,0,0,0,0,0,0,0,0,0,0,0,0,0,0,0,0,0,0,0],"z":0,"us":[301028]}
2017-02-22 20:43:42pais:{"dt":30,"hz":-1,"s":0,"pd":84,"sz":[4,6],"pai":[0,4,0,0,0,4,0,0,0,4,0,0,1,0,0,0,0,0,0,0,0,0,0,0,0,0,0,0,0,0,0,0,0,0],"z":0,"us":[300766]}
2017-02-22 20:43:42pais:{"dt":30,"hz":-1,"s":0,"pd":84,"sz":[4,6],"pai":[0,0,4,0,0,0,4,0,0,0,4,0,1,0,0,0,0,0,0,0,0,0,0,0,0,0,0,0,0,0,0,0,0,0],"z":0,"us":[300703]}
2017-02-22 20:43:42pais:{"dt":30,"hz":-1,"s":0,"pd":84,"sz":[4,6],"pai":[0,0,0,4,0,0,0,4,0,0,0,4,1,0,0,0,0,0,0,0,0,0,0,0,0,0,0,0,0,0,0,0,0,0],"z":0,"us":[300761]}
0摸牌13
通知玩家0摸牌:{"dt":30,"pd":83,"ot":130,"m":13,"us":[301028]}
通知其他玩家有摸牌事件:{"dt":30,"t":256,"pd":83,"idx":0,"us":[300766,300703,300761]}
2017-02-22 20:50:51pais:{"dt":30,"hz":-1,"s":0,"pd":84,"sz":[1,2],"pai":[4,0,0,0,4,0,0,0,4,0,0,0,1,0,0,0,0,0,0,0,0,0,0,0,0,0,0,0,0,0,0,0,0,0],"z":0,"us":[301030]}
2017-02-22 20:50:51pais:{"dt":30,"hz":-1,"s":0,"pd":84,"sz":[1,2],"pai":[0,4,0,0,0,4,0,0,0,4,0,0,1,0,0,0,0,0,0,0,0,0,0,0,0,0,0,0,0,0,0,0,0,0],"z":0,"us":[301029]}
2017-02-22 20:50:51pais:{"dt":30,"hz":-1,"s":0,"pd":84,"sz":[1,2],"pai":[0,0,4,0,0,0,4,0,0,0,4,0,1,0,0,0,0,0,0,0,0,0,0,0,0,0,0,0,0,0,0,0,0,0],"z":0,"us":[300916]}
2017-02-22 20:50:51pais:{"dt":30,"hz":-1,"s":0,"pd":84,"sz":[1,2],"pai":[0,0,0,4,0,0,0,4,0,0,0,4,1,0,0,0,0,0,0,0,0,0,0,0,0,0,0,0,0,0,0,0,0,0],"z":0,"us":[301023]}
0摸牌13
通知玩家0摸牌:{"dt":30,"pd":83,"ot":130,"m":13,"us":[301030]}
通知其他玩家有摸牌事件:{"dt":30,"t":256,"pd":83,"idx":0,"us":[300916,301029,301023]}
2017-02-22 21:12:43pais:{"dt":30,"hz":-1,"s":0,"pd":84,"sz":[1,4],"pai":[4,0,0,0,4,0,0,0,4,0,0,0,1,0,0,0,0,0,0,0,0,0,0,0,0,0,0,0,0,0,0,0,0,0],"z":0,"us":[301032]}
2017-02-22 21:12:43pais:{"dt":30,"hz":-1,"s":0,"pd":84,"sz":[1,4],"pai":[0,4,0,0,0,4,0,0,0,4,0,0,1,0,0,0,0,0,0,0,0,0,0,0,0,0,0,0,0,0,0,0,0,0],"z":0,"us":[301033]}
2017-02-22 21:12:43pais:{"dt":30,"hz":-1,"s":0,"pd":84,"sz":[1,4],"pai":[0,0,4,0,0,0,4,0,0,0,4,0,1,0,0,0,0,0,0,0,0,0,0,0,0,0,0,0,0,0,0,0,0,0],"z":0,"us":[301034]}
2017-02-22 21:12:43pais:{"dt":30,"hz":-1,"s":0,"pd":84,"sz":[1,4],"pai":[0,0,0,4,0,0,0,4,0,0,0,4,1,0,0,0,0,0,0,0,0,0,0,0,0,0,0,0,0,0,0,0,0,0],"z":0,"us":[301035]}
0摸牌13
通知玩家0摸牌:{"dt":30,"pd":83,"ot":130,"m":13,"us":[301032]}
通知其他玩家有摸牌事件:{"dt":30,"t":256,"pd":83,"idx":0,"us":[301033,301034,301035]}
2017-02-22 21:27:10pais:{"dt":30,"hz":-1,"s":0,"pd":84,"sz":[2,3],"pai":[4,0,0,0,4,0,0,0,4,0,0,0,1,0,0,0,0,0,0,0,0,0,0,0,0,0,0,0,0,0,0,0,0,0],"z":0,"us":[300627]}
2017-02-22 21:27:10pais:{"dt":30,"hz":-1,"s":0,"pd":84,"sz":[2,3],"pai":[0,4,0,0,0,4,0,0,0,4,0,0,1,0,0,0,0,0,0,0,0,0,0,0,0,0,0,0,0,0,0,0,0,0],"z":0,"us":[300647]}
2017-02-22 21:27:10pais:{"dt":30,"hz":-1,"s":0,"pd":84,"sz":[2,3],"pai":[0,0,4,0,0,0,4,0,0,0,4,0,1,0,0,0,0,0,0,0,0,0,0,0,0,0,0,0,0,0,0,0,0,0],"z":0,"us":[300681]}
2017-02-22 21:27:10pais:{"dt":30,"hz":-1,"s":0,"pd":84,"sz":[2,3],"pai":[0,0,0,4,0,0,0,4,0,0,0,4,1,0,0,0,0,0,0,0,0,0,0,0,0,0,0,0,0,0,0,0,0,0],"z":0,"us":[300682]}
0摸牌13
通知玩家0摸牌:{"dt":30,"pd":83,"ot":130,"m":13,"us":[300627]}
通知其他玩家有摸牌事件:{"dt":30,"t":256,"pd":83,"idx":0,"us":[300647,300681,300682]}
2017-02-22 21:29:05pais:{"dt":30,"hz":-1,"s":0,"pd":84,"sz":[5,4],"pai":[4,0,0,0,4,0,0,0,4,0,0,0,1,0,0,0,0,0,0,0,0,0,0,0,0,0,0,0,0,0,0,0,0,0],"z":0,"us":[300627]}
2017-02-22 21:29:05pais:{"dt":30,"hz":-1,"s":0,"pd":84,"sz":[5,4],"pai":[0,4,0,0,0,4,0,0,0,4,0,0,1,0,0,0,0,0,0,0,0,0,0,0,0,0,0,0,0,0,0,0,0,0],"z":0,"us":[300647]}
2017-02-22 21:29:05pais:{"dt":30,"hz":-1,"s":0,"pd":84,"sz":[5,4],"pai":[0,0,4,0,0,0,4,0,0,0,4,0,1,0,0,0,0,0,0,0,0,0,0,0,0,0,0,0,0,0,0,0,0,0],"z":0,"us":[300681]}
2017-02-22 21:29:05pais:{"dt":30,"hz":-1,"s":0,"pd":84,"sz":[5,4],"pai":[0,0,0,4,0,0,0,4,0,0,0,4,1,0,0,0,0,0,0,0,0,0,0,0,0,0,0,0,0,0,0,0,0,0],"z":0,"us":[300682]}
0摸牌13
通知玩家0摸牌:{"dt":30,"pd":83,"ot":130,"m":13,"us":[300627]}
通知其他玩家有摸牌事件:{"dt":30,"t":256,"pd":83,"idx":0,"us":[300647,300681,300682]}
0摸牌13
通知玩家0摸牌:{"dt":30,"pd":82,"ot":130,"m":13,"us":[300627]}
通知其他玩家有摸牌事件:{"dt":30,"t":256,"pd":82,"idx":0,"us":[300647,300681,300682]}
0摸牌13
0没有听牌，且可以听牌
通知玩家0摸牌:{"dt":30,"pd":81,"ot":194,"m":13,"us":[300627],"ts":[{"chu":0,"hu":[11,12,14]},{"chu":12,"hu":[0]}]}
通知其他玩家有摸牌事件:{"dt":30,"t":256,"pd":81,"idx":0,"us":[300647,300681,300682]}
0摸牌13
0没有听牌，且可以听牌
通知玩家0摸牌:{"dt":30,"pd":80,"ot":194,"m":13,"us":[300627],"ts":[{"chu":12,"hu":[13]},{"chu":13,"hu":[11,12,14]}]}
通知其他玩家有摸牌事件:{"dt":30,"t":256,"pd":80,"idx":0,"us":[300647,300681,300682]}
0摸牌14
0没有听牌，且可以听牌
通知玩家0摸牌:{"dt":30,"pd":79,"ot":192,"m":14,"us":[300627],"ts":[{"chu":12,"hu":[14]},{"chu":14,"hu":[12]}]}
通知其他玩家有摸牌事件:{"dt":30,"t":256,"pd":79,"idx":0,"us":[300647,300681,300682]}
0:出牌12
通知其他人0出牌:{"dt":30,"c":12,"t":128,"pd":79,"it":true,"idx":0,"dr":false,"us":[300647,300627,300681,300682]}
1摸牌14
通知玩家1摸牌:{"dt":30,"pd":78,"ot":130,"m":14,"us":[300647]}
通知其他玩家有摸牌事件:{"dt":30,"t":256,"pd":78,"idx":1,"us":[300627,300681,300682]}
