2017-02-23 01:32:10pais:{"dt":30,"hz":-1,"s":0,"pd":84,"sz":[5,2],"pai":[4,0,0,0,4,0,0,0,4,0,0,0,1,0,0,0,0,0,0,0,0,0,0,0,0,0,0,0,0,0,0,0,0,0],"z":0,"us":[300792]}
2017-02-23 01:32:10pais:{"dt":30,"hz":-1,"s":0,"pd":84,"sz":[5,2],"pai":[0,4,0,0,0,4,0,0,0,4,0,0,1,0,0,0,0,0,0,0,0,0,0,0,0,0,0,0,0,0,0,0,0,0],"z":0,"us":[300791]}
2017-02-23 01:32:10pais:{"dt":30,"hz":-1,"s":0,"pd":84,"sz":[5,2],"pai":[0,0,4,0,0,0,4,0,0,0,4,0,1,0,0,0,0,0,0,0,0,0,0,0,0,0,0,0,0,0,0,0,0,0],"z":0,"us":[300789]}
2017-02-23 01:32:10pais:{"dt":30,"hz":-1,"s":0,"pd":84,"sz":[5,2],"pai":[0,0,0,4,0,0,0,4,0,0,0,4,1,0,0,0,0,0,0,0,0,0,0,0,0,0,0,0,0,0,0,0,0,0],"z":0,"us":[300790]}
0摸牌13
通知玩家0摸牌:{"dt":30,"pd":83,"ot":130,"m":13,"us":[300792]}
通知其他玩家有摸牌事件:{"dt":30,"t":256,"pd":83,"idx":0,"us":[300789,300790,300791]}
2017-02-23 01:35:11pais:{"dt":30,"hz":-1,"s":0,"pd":84,"sz":[5,4],"pai":[4,0,0,0,4,0,0,0,4,0,0,0,1,0,0,0,0,0,0,0,0,0,0,0,0,0,0,0,0,0,0,0,0,0],"z":0,"us":[300791]}
2017-02-23 01:35:11pais:{"dt":30,"hz":-1,"s":0,"pd":84,"sz":[5,4],"pai":[0,4,0,0,0,4,0,0,0,4,0,0,1,0,0,0,0,0,0,0,0,0,0,0,0,0,0,0,0,0,0,0,0,0],"z":0,"us":[300792]}
2017-02-23 01:35:11pais:{"dt":30,"hz":-1,"s":0,"pd":84,"sz":[5,4],"pai":[0,0,4,0,0,0,4,0,0,0,4,0,1,0,0,0,0,0,0,0,0,0,0,0,0,0,0,0,0,0,0,0,0,0],"z":0,"us":[300789]}
2017-02-23 01:35:11pais:{"dt":30,"hz":-1,"s":0,"pd":84,"sz":[5,4],"pai":[0,0,0,4,0,0,0,4,0,0,0,4,1,0,0,0,0,0,0,0,0,0,0,0,0,0,0,0,0,0,0,0,0,0],"z":0,"us":[300790]}
0摸牌13
通知玩家0摸牌:{"dt":30,"pd":83,"ot":130,"m":13,"us":[300791]}
通知其他玩家有摸牌事件:{"dt":30,"t":256,"pd":83,"idx":0,"us":[300789,300790,300792]}
0摸牌13
通知玩家0摸牌:{"dt":30,"pd":82,"ot":130,"m":13,"us":[300791]}
通知其他玩家有摸牌事件:{"dt":30,"t":256,"pd":82,"idx":0,"us":[300789,300790,300792]}
0摸牌13
0没有听牌，且可以听牌
通知玩家0摸牌:{"dt":30,"pd":81,"ot":194,"m":13,"us":[300791],"ts":[{"chu":4,"hu":[11,12,14]},{"chu":12,"hu":[4]}]}
通知其他玩家有摸牌事件:{"dt":30,"t":256,"pd":81,"idx":0,"us":[300789,300790,300792]}
0摸牌13
0没有听牌，且可以听牌
通知玩家0摸牌:{"dt":30,"pd":80,"ot":194,"m":13,"us":[300791],"ts":[{"chu":12,"hu":[13]},{"chu":13,"hu":[11,12,14]}]}
通知其他玩家有摸牌事件:{"dt":30,"t":256,"pd":80,"idx":0,"us":[300789,300790,300792]}
0摸牌14
0没有听牌，且可以听牌
通知玩家0摸牌:{"dt":30,"pd":79,"ot":192,"m":14,"us":[300791],"ts":[{"chu":12,"hu":[14]},{"chu":14,"hu":[12]}]}
通知其他玩家有摸牌事件:{"dt":30,"t":256,"pd":79,"idx":0,"us":[300789,300790,300792]}
0:出牌14
通知其他人0出牌:{"dt":30,"c":14,"t":128,"pd":79,"it":true,"idx":0,"dr":false,"us":[300789,300790,300791,300792]}
1摸牌14
通知玩家1摸牌:{"dt":30,"pd":78,"ot":130,"m":14,"us":[300792]}
通知其他玩家有摸牌事件:{"dt":30,"t":256,"pd":78,"idx":1,"us":[300789,300790,300791]}
1:出牌12
通知其他人1出牌:{"dt":30,"c":12,"t":128,"pd":78,"it":false,"idx":1,"dr":false,"us":[300789,300790,300791,300792]}
通知0-528
0摸牌13
通知玩家0摸牌:{"dt":30,"pd":83,"ot":130,"m":13,"us":[300791]}
通知其他玩家有摸牌事件:{"dt":30,"t":256,"pd":83,"idx":0,"us":[300789,300790,300792]}
0摸牌13
通知玩家0摸牌:{"dt":30,"pd":82,"ot":130,"m":13,"us":[300791]}
通知其他玩家有摸牌事件:{"dt":30,"t":256,"pd":82,"idx":0,"us":[300789,300790,300792]}
0摸牌13
0没有听牌，且可以听牌
通知玩家0摸牌:{"dt":30,"pd":81,"ot":194,"m":13,"us":[300791],"ts":[{"chu":4,"hu":[11,12,14]},{"chu":12,"hu":[4]}]}
通知其他玩家有摸牌事件:{"dt":30,"t":256,"pd":81,"idx":0,"us":[300789,300790,300792]}
0摸牌13
0没有听牌，且可以听牌
通知玩家0摸牌:{"dt":30,"pd":80,"ot":194,"m":13,"us":[300791],"ts":[{"chu":12,"hu":[13]},{"chu":13,"hu":[11,12,14]}]}
通知其他玩家有摸牌事件:{"dt":30,"t":256,"pd":80,"idx":0,"us":[300789,300790,300792]}
0摸牌14
0没有听牌，且可以听牌
通知玩家0摸牌:{"dt":30,"pd":79,"ot":192,"m":14,"us":[300791],"ts":[{"chu":12,"hu":[14]},{"chu":14,"hu":[12]}]}
通知其他玩家有摸牌事件:{"dt":30,"t":256,"pd":79,"idx":0,"us":[300789,300790,300792]}
2017-02-23 01:35:54pais:{"dt":30,"hz":-1,"s":0,"pd":56,"sz":[6,6],"pai":[4,0,0,0,4,0,0,0,4,0,0,0,1,0,0,0,0,0,0,0,0,0,0,0,0,0,0,0,0,0,0,0,0,0],"z":0,"us":[300627]}
2017-02-23 01:35:54pais:{"dt":30,"hz":-1,"s":0,"pd":56,"sz":[6,6],"pai":[0,4,0,0,0,4,0,0,0,4,0,0,1,0,0,0,0,0,0,0,0,0,0,0,0,0,0,0,0,0,0,0,0,0],"z":0,"us":[300647]}
2017-02-23 01:35:54pais:{"dt":30,"hz":-1,"s":0,"pd":56,"sz":[6,6],"pai":[0,0,4,0,0,0,4,0,0,0,4,0,1,0,0,0,0,0,0,0,0,0,0,0,0,0,0,0,0,0,0,0,0,0],"z":0,"us":[300681]}
2017-02-23 01:35:54pais:{"dt":30,"hz":-1,"s":0,"pd":56,"sz":[6,6],"pai":[0,0,0,4,0,0,0,4,0,0,0,4,1,0,0,0,0,0,0,0,0,0,0,0,0,0,0,0,0,0,0,0,0,0],"z":0,"us":[300682]}
0摸牌13
通知玩家0摸牌:{"dt":30,"pd":55,"ot":130,"m":13,"us":[300627]}
通知其他玩家有摸牌事件:{"dt":30,"t":256,"pd":55,"idx":0,"us":[300647,300681,300682]}
0:出牌14
通知其他人0出牌:{"dt":30,"c":14,"t":128,"pd":79,"it":true,"idx":0,"dr":false,"us":[300789,300790,300791,300792]}
1摸牌14
通知玩家1摸牌:{"dt":30,"pd":78,"ot":130,"m":14,"us":[300792]}
通知其他玩家有摸牌事件:{"dt":30,"t":256,"pd":78,"idx":1,"us":[300789,300790,300791]}
1:出牌12
通知其他人1出牌:{"dt":30,"c":12,"t":128,"pd":78,"it":false,"idx":1,"dr":false,"us":[300789,300790,300791,300792]}
通知0-528
0摸牌13
通知玩家0摸牌:{"dt":30,"pd":83,"ot":130,"m":13,"us":[300791]}
通知其他玩家有摸牌事件:{"dt":30,"t":256,"pd":83,"idx":0,"us":[300789,300790,300792]}
0摸牌13
通知玩家0摸牌:{"dt":30,"pd":82,"ot":130,"m":13,"us":[300791]}
通知其他玩家有摸牌事件:{"dt":30,"t":256,"pd":82,"idx":0,"us":[300789,300790,300792]}
0摸牌13
0没有听牌，且可以听牌
通知玩家0摸牌:{"dt":30,"pd":81,"ot":194,"m":13,"us":[300791],"ts":[{"chu":4,"hu":[11,12,14]},{"chu":12,"hu":[4]}]}
通知其他玩家有摸牌事件:{"dt":30,"t":256,"pd":81,"idx":0,"us":[300789,300790,300792]}
0摸牌13
0没有听牌，且可以听牌
通知玩家0摸牌:{"dt":30,"pd":80,"ot":194,"m":13,"us":[300791],"ts":[{"chu":12,"hu":[13]},{"chu":13,"hu":[11,12,14]}]}
通知其他玩家有摸牌事件:{"dt":30,"t":256,"pd":80,"idx":0,"us":[300789,300790,300792]}
0摸牌14
0没有听牌，且可以听牌
通知玩家0摸牌:{"dt":30,"pd":79,"ot":192,"m":14,"us":[300791],"ts":[{"chu":12,"hu":[14]},{"chu":14,"hu":[12]}]}
通知其他玩家有摸牌事件:{"dt":30,"t":256,"pd":79,"idx":0,"us":[300789,300790,300792]}
0:出牌14
通知其他人0出牌:{"dt":30,"c":14,"t":128,"pd":79,"it":true,"idx":0,"dr":false,"us":[300789,300790,300791,300792]}
1摸牌14
通知玩家1摸牌:{"dt":30,"pd":78,"ot":130,"m":14,"us":[300792]}
通知其他玩家有摸牌事件:{"dt":30,"t":256,"pd":78,"idx":1,"us":[300789,300790,300791]}
1:出牌12
通知其他人1出牌:{"dt":30,"c":12,"t":128,"pd":78,"it":false,"idx":1,"dr":false,"us":[300789,300790,300791,300792]}
通知0-528
0摸牌13
通知玩家0摸牌:{"dt":30,"pd":83,"ot":130,"m":13,"us":[300791]}
通知其他玩家有摸牌事件:{"dt":30,"t":256,"pd":83,"idx":0,"us":[300789,300790,300792]}
0摸牌13
通知玩家0摸牌:{"dt":30,"pd":82,"ot":130,"m":13,"us":[300791]}
通知其他玩家有摸牌事件:{"dt":30,"t":256,"pd":82,"idx":0,"us":[300789,300790,300792]}
0摸牌13
0没有听牌，且可以听牌
通知玩家0摸牌:{"dt":30,"pd":81,"ot":194,"m":13,"us":[300791],"ts":[{"chu":4,"hu":[11,12,14]},{"chu":12,"hu":[4]}]}
通知其他玩家有摸牌事件:{"dt":30,"t":256,"pd":81,"idx":0,"us":[300789,300790,300792]}
0摸牌13
0没有听牌，且可以听牌
通知玩家0摸牌:{"dt":30,"pd":80,"ot":194,"m":13,"us":[300791],"ts":[{"chu":12,"hu":[13]},{"chu":13,"hu":[11,12,14]}]}
通知其他玩家有摸牌事件:{"dt":30,"t":256,"pd":80,"idx":0,"us":[300789,300790,300792]}
0摸牌14
0没有听牌，且可以听牌
通知玩家0摸牌:{"dt":30,"pd":79,"ot":192,"m":14,"us":[300791],"ts":[{"chu":12,"hu":[14]},{"chu":14,"hu":[12]}]}
通知其他玩家有摸牌事件:{"dt":30,"t":256,"pd":79,"idx":0,"us":[300789,300790,300792]}
0:出牌14
通知其他人0出牌:{"dt":30,"c":14,"t":128,"pd":79,"it":true,"idx":0,"dr":false,"us":[300789,300790,300791,300792]}
1摸牌14
通知玩家1摸牌:{"dt":30,"pd":78,"ot":130,"m":14,"us":[300792]}
通知其他玩家有摸牌事件:{"dt":30,"t":256,"pd":78,"idx":1,"us":[300789,300790,300791]}
1:出牌12
通知其他人1出牌:{"dt":30,"c":12,"t":128,"pd":78,"it":false,"idx":1,"dr":false,"us":[300789,300790,300791,300792]}
通知0-528
2017-02-23 01:45:28pais:{"dt":30,"hz":-1,"s":0,"pd":84,"sz":[1,4],"pai":[4,0,0,0,4,0,0,0,4,0,0,0,1,0,0,0,0,0,0,0,0,0,0,0,0,0,0,0,0,0,0,0,0,0],"z":0,"us":[300791]}
2017-02-23 01:45:28pais:{"dt":30,"hz":-1,"s":0,"pd":84,"sz":[1,4],"pai":[0,4,0,0,0,4,0,0,0,4,0,0,1,0,0,0,0,0,0,0,0,0,0,0,0,0,0,0,0,0,0,0,0,0],"z":0,"us":[300792]}
2017-02-23 01:45:28pais:{"dt":30,"hz":-1,"s":0,"pd":84,"sz":[1,4],"pai":[0,0,4,0,0,0,4,0,0,0,4,0,1,0,0,0,0,0,0,0,0,0,0,0,0,0,0,0,0,0,0,0,0,0],"z":0,"us":[300789]}
2017-02-23 01:45:28pais:{"dt":30,"hz":-1,"s":0,"pd":84,"sz":[1,4],"pai":[0,0,0,4,0,0,0,4,0,0,0,4,1,0,0,0,0,0,0,0,0,0,0,0,0,0,0,0,0,0,0,0,0,0],"z":0,"us":[300790]}
0摸牌13
通知玩家0摸牌:{"dt":30,"pd":83,"ot":130,"m":13,"us":[300791]}
通知其他玩家有摸牌事件:{"dt":30,"t":256,"pd":83,"idx":0,"us":[300789,300790,300792]}
0摸牌13
通知玩家0摸牌:{"dt":30,"pd":82,"ot":130,"m":13,"us":[300791]}
通知其他玩家有摸牌事件:{"dt":30,"t":256,"pd":82,"idx":0,"us":[300789,300790,300792]}
0摸牌13
0没有听牌，且可以听牌
通知玩家0摸牌:{"dt":30,"pd":81,"ot":194,"m":13,"us":[300791],"ts":[{"chu":4,"hu":[11,12,14]},{"chu":12,"hu":[4]}]}
通知其他玩家有摸牌事件:{"dt":30,"t":256,"pd":81,"idx":0,"us":[300789,300790,300792]}
0摸牌13
0没有听牌，且可以听牌
通知玩家0摸牌:{"dt":30,"pd":80,"ot":194,"m":13,"us":[300791],"ts":[{"chu":12,"hu":[13]},{"chu":13,"hu":[11,12,14]}]}
通知其他玩家有摸牌事件:{"dt":30,"t":256,"pd":80,"idx":0,"us":[300789,300790,300792]}
0摸牌14
0没有听牌，且可以听牌
通知玩家0摸牌:{"dt":30,"pd":79,"ot":192,"m":14,"us":[300791],"ts":[{"chu":12,"hu":[14]},{"chu":14,"hu":[12]}]}
通知其他玩家有摸牌事件:{"dt":30,"t":256,"pd":79,"idx":0,"us":[300789,300790,300792]}
0:出牌14
通知其他人0出牌:{"dt":30,"c":14,"t":128,"pd":79,"it":true,"idx":0,"dr":false,"us":[300789,300790,300791,300792]}
1摸牌14
通知玩家1摸牌:{"dt":30,"pd":78,"ot":130,"m":14,"us":[300792]}
通知其他玩家有摸牌事件:{"dt":30,"t":256,"pd":78,"idx":1,"us":[300789,300790,300791]}
1:出牌12
通知其他人1出牌:{"dt":30,"c":12,"t":128,"pd":78,"it":false,"idx":1,"dr":false,"us":[300789,300790,300791,300792]}
通知0-528
0摸牌13
通知玩家0摸牌:{"dt":30,"pd":83,"ot":130,"m":13,"us":[300791]}
通知其他玩家有摸牌事件:{"dt":30,"t":256,"pd":83,"idx":0,"us":[300789,300790,300792]}
0摸牌13
通知玩家0摸牌:{"dt":30,"pd":82,"ot":130,"m":13,"us":[300791]}
通知其他玩家有摸牌事件:{"dt":30,"t":256,"pd":82,"idx":0,"us":[300789,300790,300792]}
0摸牌13
0没有听牌，且可以听牌
通知玩家0摸牌:{"dt":30,"pd":81,"ot":194,"m":13,"us":[300791],"ts":[{"chu":4,"hu":[11,12,14]},{"chu":12,"hu":[4]}]}
通知其他玩家有摸牌事件:{"dt":30,"t":256,"pd":81,"idx":0,"us":[300789,300790,300792]}
0摸牌13
0没有听牌，且可以听牌
通知玩家0摸牌:{"dt":30,"pd":80,"ot":194,"m":13,"us":[300791],"ts":[{"chu":12,"hu":[13]},{"chu":13,"hu":[11,12,14]}]}
通知其他玩家有摸牌事件:{"dt":30,"t":256,"pd":80,"idx":0,"us":[300789,300790,300792]}
0摸牌14
0没有听牌，且可以听牌
通知玩家0摸牌:{"dt":30,"pd":79,"ot":192,"m":14,"us":[300791],"ts":[{"chu":12,"hu":[14]},{"chu":14,"hu":[12]}]}
通知其他玩家有摸牌事件:{"dt":30,"t":256,"pd":79,"idx":0,"us":[300789,300790,300792]}
0:出牌14
通知其他人0出牌:{"dt":30,"c":14,"t":128,"pd":79,"it":true,"idx":0,"dr":false,"us":[300789,300790,300791,300792]}
1摸牌14
通知玩家1摸牌:{"dt":30,"pd":78,"ot":130,"m":14,"us":[300792]}
通知其他玩家有摸牌事件:{"dt":30,"t":256,"pd":78,"idx":1,"us":[300789,300790,300791]}
1:出牌12
通知其他人1出牌:{"dt":30,"c":12,"t":128,"pd":78,"it":false,"idx":1,"dr":false,"us":[300789,300790,300791,300792]}
通知0-528
0摸牌13
通知玩家0摸牌:{"dt":30,"pd":83,"ot":130,"m":13,"us":[300791]}
通知其他玩家有摸牌事件:{"dt":30,"t":256,"pd":83,"idx":0,"us":[300789,300790,300792]}
0摸牌13
通知玩家0摸牌:{"dt":30,"pd":82,"ot":130,"m":13,"us":[300791]}
通知其他玩家有摸牌事件:{"dt":30,"t":256,"pd":82,"idx":0,"us":[300789,300790,300792]}
0摸牌13
0没有听牌，且可以听牌
通知玩家0摸牌:{"dt":30,"pd":81,"ot":194,"m":13,"us":[300791],"ts":[{"chu":4,"hu":[11,12,14]},{"chu":12,"hu":[4]}]}
通知其他玩家有摸牌事件:{"dt":30,"t":256,"pd":81,"idx":0,"us":[300789,300790,300792]}
0摸牌13
0没有听牌，且可以听牌
通知玩家0摸牌:{"dt":30,"pd":80,"ot":194,"m":13,"us":[300791],"ts":[{"chu":12,"hu":[13]},{"chu":13,"hu":[11,12,14]}]}
通知其他玩家有摸牌事件:{"dt":30,"t":256,"pd":80,"idx":0,"us":[300789,300790,300792]}
0摸牌14
0没有听牌，且可以听牌
通知玩家0摸牌:{"dt":30,"pd":79,"ot":192,"m":14,"us":[300791],"ts":[{"chu":12,"hu":[14]},{"chu":14,"hu":[12]}]}
通知其他玩家有摸牌事件:{"dt":30,"t":256,"pd":79,"idx":0,"us":[300789,300790,300792]}
0:出牌14
通知其他人0出牌:{"dt":30,"c":14,"t":128,"pd":79,"it":true,"idx":0,"dr":false,"us":[300789,300790,300791,300792]}
1摸牌14
通知玩家1摸牌:{"dt":30,"pd":78,"ot":130,"m":14,"us":[300792]}
通知其他玩家有摸牌事件:{"dt":30,"t":256,"pd":78,"idx":1,"us":[300789,300790,300791]}
1:出牌12
通知其他人1出牌:{"dt":30,"c":12,"t":128,"pd":78,"it":false,"idx":1,"dr":false,"us":[300789,300790,300791,300792]}
通知0-528
0摸牌13
通知玩家0摸牌:{"dt":30,"pd":83,"ot":130,"m":13,"us":[300791]}
通知其他玩家有摸牌事件:{"dt":30,"t":256,"pd":83,"idx":0,"us":[300789,300790,300792]}
0摸牌13
通知玩家0摸牌:{"dt":30,"pd":82,"ot":130,"m":13,"us":[300791]}
通知其他玩家有摸牌事件:{"dt":30,"t":256,"pd":82,"idx":0,"us":[300789,300790,300792]}
0摸牌13
0没有听牌，且可以听牌
通知玩家0摸牌:{"dt":30,"pd":81,"ot":194,"m":13,"us":[300791],"ts":[{"chu":4,"hu":[11,12,14]},{"chu":12,"hu":[4]}]}
通知其他玩家有摸牌事件:{"dt":30,"t":256,"pd":81,"idx":0,"us":[300789,300790,300792]}
0摸牌13
0没有听牌，且可以听牌
通知玩家0摸牌:{"dt":30,"pd":80,"ot":194,"m":13,"us":[300791],"ts":[{"chu":12,"hu":[13]},{"chu":13,"hu":[11,12,14]}]}
通知其他玩家有摸牌事件:{"dt":30,"t":256,"pd":80,"idx":0,"us":[300789,300790,300792]}
0摸牌14
0没有听牌，且可以听牌
通知玩家0摸牌:{"dt":30,"pd":79,"ot":192,"m":14,"us":[300791],"ts":[{"chu":12,"hu":[14]},{"chu":14,"hu":[12]}]}
通知其他玩家有摸牌事件:{"dt":30,"t":256,"pd":79,"idx":0,"us":[300789,300790,300792]}
0:出牌14
通知其他人0出牌:{"dt":30,"c":14,"t":128,"pd":79,"it":true,"idx":0,"dr":false,"us":[300789,300790,300791,300792]}
1摸牌14
通知玩家1摸牌:{"dt":30,"pd":78,"ot":130,"m":14,"us":[300792]}
通知其他玩家有摸牌事件:{"dt":30,"t":256,"pd":78,"idx":1,"us":[300789,300790,300791]}
1:出牌12
通知其他人1出牌:{"dt":30,"c":12,"t":128,"pd":78,"it":false,"idx":1,"dr":false,"us":[300789,300790,300791,300792]}
通知0-528
2017-02-23 01:56:28pais:{"dt":30,"hz":-1,"s":0,"pd":84,"sz":[3,3],"pai":[4,0,0,0,4,0,0,0,4,0,0,0,1,0,0,0,0,0,0,0,0,0,0,0,0,0,0,0,0,0,0,0,0,0],"z":0,"us":[300791]}
2017-02-23 01:56:28pais:{"dt":30,"hz":-1,"s":0,"pd":84,"sz":[3,3],"pai":[0,4,0,0,0,4,0,0,0,4,0,0,1,0,0,0,0,0,0,0,0,0,0,0,0,0,0,0,0,0,0,0,0,0],"z":0,"us":[300792]}
2017-02-23 01:56:28pais:{"dt":30,"hz":-1,"s":0,"pd":84,"sz":[3,3],"pai":[0,0,4,0,0,0,4,0,0,0,4,0,1,0,0,0,0,0,0,0,0,0,0,0,0,0,0,0,0,0,0,0,0,0],"z":0,"us":[300789]}
2017-02-23 01:56:28pais:{"dt":30,"hz":-1,"s":0,"pd":84,"sz":[3,3],"pai":[0,0,0,4,0,0,0,4,0,0,0,4,1,0,0,0,0,0,0,0,0,0,0,0,0,0,0,0,0,0,0,0,0,0],"z":0,"us":[300790]}
0摸牌13
通知玩家0摸牌:{"dt":30,"pd":83,"ot":130,"m":13,"us":[300791]}
通知其他玩家有摸牌事件:{"dt":30,"t":256,"pd":83,"idx":0,"us":[300789,300790,300792]}
0摸牌13
通知玩家0摸牌:{"dt":30,"pd":82,"ot":130,"m":13,"us":[300791]}
通知其他玩家有摸牌事件:{"dt":30,"t":256,"pd":82,"idx":0,"us":[300789,300790,300792]}
0摸牌13
0没有听牌，且可以听牌
通知玩家0摸牌:{"dt":30,"pd":81,"ot":194,"m":13,"us":[300791],"ts":[{"chu":4,"hu":[11,12,14]},{"chu":12,"hu":[4]}]}
通知其他玩家有摸牌事件:{"dt":30,"t":256,"pd":81,"idx":0,"us":[300789,300790,300792]}
0摸牌13
0没有听牌，且可以听牌
通知玩家0摸牌:{"dt":30,"pd":80,"ot":194,"m":13,"us":[300791],"ts":[{"chu":12,"hu":[13]},{"chu":13,"hu":[11,12,14]}]}
通知其他玩家有摸牌事件:{"dt":30,"t":256,"pd":80,"idx":0,"us":[300789,300790,300792]}
0摸牌14
0没有听牌，且可以听牌
通知玩家0摸牌:{"dt":30,"pd":79,"ot":192,"m":14,"us":[300791],"ts":[{"chu":12,"hu":[14]},{"chu":14,"hu":[12]}]}
通知其他玩家有摸牌事件:{"dt":30,"t":256,"pd":79,"idx":0,"us":[300789,300790,300792]}
0:出牌14
通知其他人0出牌:{"dt":30,"c":14,"t":128,"pd":79,"it":true,"idx":0,"dr":false,"us":[300789,300790,300791,300792]}
1摸牌14
通知玩家1摸牌:{"dt":30,"pd":78,"ot":130,"m":14,"us":[300792]}
通知其他玩家有摸牌事件:{"dt":30,"t":256,"pd":78,"idx":1,"us":[300789,300790,300791]}
1:出牌12
通知其他人1出牌:{"dt":30,"c":12,"t":128,"pd":78,"it":false,"idx":1,"dr":false,"us":[300789,300790,300791,300792]}
通知0-528
0摸牌13
通知玩家0摸牌:{"dt":30,"pd":83,"ot":130,"m":13,"us":[300791]}
通知其他玩家有摸牌事件:{"dt":30,"t":256,"pd":83,"idx":0,"us":[300789,300790,300792]}
0:出牌13
通知其他人0出牌:{"dt":30,"c":13,"t":128,"pd":83,"it":false,"idx":0,"dr":false,"us":[300789,300790,300791,300792]}
1摸牌13
通知玩家1摸牌:{"dt":30,"pd":82,"ot":130,"m":13,"us":[300792]}
通知其他玩家有摸牌事件:{"dt":30,"t":256,"pd":82,"idx":1,"us":[300789,300790,300791]}
1:出牌9
通知其他人1出牌:{"dt":30,"c":9,"t":128,"pd":82,"it":false,"idx":1,"dr":false,"us":[300789,300790,300791,300792]}
2摸牌13
通知玩家2摸牌:{"dt":30,"pd":81,"ot":130,"m":13,"us":[300789]}
通知其他玩家有摸牌事件:{"dt":30,"t":256,"pd":81,"idx":2,"us":[300790,300791,300792]}
2摸牌13
通知玩家2摸牌:{"dt":30,"pd":80,"ot":130,"m":13,"us":[300789]}
通知其他玩家有摸牌事件:{"dt":30,"t":256,"pd":80,"idx":2,"us":[300790,300791,300792]}
2摸牌14
2没有听牌，且可以听牌
通知玩家2摸牌:{"dt":30,"pd":79,"ot":194,"m":14,"us":[300789],"ts":[{"chu":6,"hu":[13]},{"chu":13,"hu":[6]}]}
通知其他玩家有摸牌事件:{"dt":30,"t":256,"pd":79,"idx":2,"us":[300790,300791,300792]}
2摸牌14
2没有听牌，且可以听牌
通知玩家2摸牌:{"dt":30,"pd":78,"ot":192,"m":14,"us":[300789],"ts":[{"chu":12,"hu":[13,14]},{"chu":13,"hu":[11,14]},{"chu":14,"hu":[13]}]}
通知其他玩家有摸牌事件:{"dt":30,"t":256,"pd":78,"idx":2,"us":[300790,300791,300792]}
2:出牌12
通知其他人2出牌:{"dt":30,"c":12,"t":128,"pd":78,"it":true,"idx":2,"dr":false,"us":[300789,300790,300791,300792]}
3摸牌14
通知玩家3摸牌:{"dt":30,"pd":77,"ot":130,"m":14,"us":[300790]}
通知其他玩家有摸牌事件:{"dt":30,"t":256,"pd":77,"idx":3,"us":[300789,300791,300792]}
3:出牌12
通知其他人3出牌:{"dt":30,"c":12,"t":128,"pd":77,"it":false,"idx":3,"dr":false,"us":[300789,300790,300791,300792]}
0摸牌14
通知玩家0摸牌:{"dt":30,"pd":76,"ot":130,"m":14,"us":[300791]}
通知其他玩家有摸牌事件:{"dt":30,"t":256,"pd":76,"idx":0,"us":[300789,300790,300792]}
0:出牌14
通知其他人0出牌:{"dt":30,"c":14,"t":128,"pd":76,"it":false,"idx":0,"dr":false}
超时任务出错,位置:0,动作:128.{}
java.lang.NullPointerException: null
	at com.net.business.util.game.GameUtils.sendCommonOperation(GameUtils.java:694) ~[classes/:na]
	at com.net.business.util.game.GameUtils.chuPai(GameUtils.java:337) ~[classes/:na]
	at com.net.business.util.game.TimeOutRunner.run(TimeOutRunner.java:44) ~[classes/:na]
	at io.netty.util.concurrent.PromiseTask$RunnableAdapter.call(PromiseTask.java:38) [netty-all-4.1.5.Final.jar:4.1.5.Final]
	at io.netty.util.concurrent.ScheduledFutureTask.run(ScheduledFutureTask.java:120) [netty-all-4.1.5.Final.jar:4.1.5.Final]
	at io.netty.util.concurrent.DefaultEventExecutor.run(DefaultEventExecutor.java:66) [netty-all-4.1.5.Final.jar:4.1.5.Final]
	at io.netty.util.concurrent.SingleThreadEventExecutor$5.run(SingleThreadEventExecutor.java:873) [netty-all-4.1.5.Final.jar:4.1.5.Final]
	at io.netty.util.concurrent.DefaultThreadFactory$DefaultRunnableDecorator.run(DefaultThreadFactory.java:144) [netty-all-4.1.5.Final.jar:4.1.5.Final]
	at java.lang.Thread.run(Thread.java:745) [na:1.8.0_60]
2017-02-23 02:07:40pais:{"dt":30,"hz":-1,"s":0,"pd":84,"sz":[5,1],"pai":[4,0,0,0,4,0,0,0,4,0,0,0,1,0,0,0,0,0,0,0,0,0,0,0,0,0,0,0,0,0,0,0,0,0],"z":0,"us":[300791]}
2017-02-23 02:07:40pais:{"dt":30,"hz":-1,"s":0,"pd":84,"sz":[5,1],"pai":[0,4,0,0,0,4,0,0,0,4,0,0,1,0,0,0,0,0,0,0,0,0,0,0,0,0,0,0,0,0,0,0,0,0],"z":0,"us":[300792]}
2017-02-23 02:07:40pais:{"dt":30,"hz":-1,"s":0,"pd":84,"sz":[5,1],"pai":[0,0,4,0,0,0,4,0,0,0,4,0,1,0,0,0,0,0,0,0,0,0,0,0,0,0,0,0,0,0,0,0,0,0],"z":0,"us":[300789]}
2017-02-23 02:07:40pais:{"dt":30,"hz":-1,"s":0,"pd":84,"sz":[5,1],"pai":[0,0,0,4,0,0,0,4,0,0,0,4,1,0,0,0,0,0,0,0,0,0,0,0,0,0,0,0,0,0,0,0,0,0],"z":0,"us":[300790]}
0摸牌13
通知玩家0摸牌:{"dt":30,"pd":83,"ot":130,"m":13,"us":[300791]}
通知其他玩家有摸牌事件:{"dt":30,"t":256,"pd":83,"idx":0,"us":[300789,300790,300792]}
0摸牌13
通知玩家0摸牌:{"dt":30,"pd":82,"ot":130,"m":13,"us":[300791]}
通知其他玩家有摸牌事件:{"dt":30,"t":256,"pd":82,"idx":0,"us":[300789,300790,300792]}
0摸牌13
0没有听牌，且可以听牌
通知玩家0摸牌:{"dt":30,"pd":81,"ot":194,"m":13,"us":[300791],"ts":[{"chu":4,"hu":[11,12,14]},{"chu":12,"hu":[4]}]}
通知其他玩家有摸牌事件:{"dt":30,"t":256,"pd":81,"idx":0,"us":[300789,300790,300792]}
0摸牌13
0没有听牌，且可以听牌
通知玩家0摸牌:{"dt":30,"pd":80,"ot":194,"m":13,"us":[300791],"ts":[{"chu":12,"hu":[13]},{"chu":13,"hu":[11,12,14]}]}
通知其他玩家有摸牌事件:{"dt":30,"t":256,"pd":80,"idx":0,"us":[300789,300790,300792]}
0摸牌14
0没有听牌，且可以听牌
通知玩家0摸牌:{"dt":30,"pd":79,"ot":192,"m":14,"us":[300791],"ts":[{"chu":12,"hu":[14]},{"chu":14,"hu":[12]}]}
通知其他玩家有摸牌事件:{"dt":30,"t":256,"pd":79,"idx":0,"us":[300789,300790,300792]}
0:出牌14
通知其他人0出牌:{"dt":30,"c":14,"t":128,"pd":79,"it":true,"idx":0,"dr":false,"us":[300789,300790,300791,300792]}
1摸牌14
通知玩家1摸牌:{"dt":30,"pd":78,"ot":130,"m":14,"us":[300792]}
通知其他玩家有摸牌事件:{"dt":30,"t":256,"pd":78,"idx":1,"us":[300789,300790,300791]}
1:出牌12
通知其他人1出牌:{"dt":30,"c":12,"t":128,"pd":78,"it":false,"idx":1,"dr":false,"us":[300789,300790,300791,300792]}
通知0-528
0摸牌13
通知玩家0摸牌:{"dt":30,"pd":83,"ot":130,"m":13,"us":[300791]}
通知其他玩家有摸牌事件:{"dt":30,"t":256,"pd":83,"idx":0,"us":[300789,300790,300792]}
0摸牌13
通知玩家0摸牌:{"dt":30,"pd":82,"ot":130,"m":13,"us":[300791]}
通知其他玩家有摸牌事件:{"dt":30,"t":256,"pd":82,"idx":0,"us":[300789,300790,300792]}
0摸牌13
0没有听牌，且可以听牌
通知玩家0摸牌:{"dt":30,"pd":81,"ot":194,"m":13,"us":[300791],"ts":[{"chu":4,"hu":[11,12,14]},{"chu":12,"hu":[4]}]}
通知其他玩家有摸牌事件:{"dt":30,"t":256,"pd":81,"idx":0,"us":[300789,300790,300792]}
0摸牌13
0没有听牌，且可以听牌
通知玩家0摸牌:{"dt":30,"pd":80,"ot":194,"m":13,"us":[300791],"ts":[{"chu":12,"hu":[13]},{"chu":13,"hu":[11,12,14]}]}
通知其他玩家有摸牌事件:{"dt":30,"t":256,"pd":80,"idx":0,"us":[300789,300790,300792]}
0摸牌14
0没有听牌，且可以听牌
通知玩家0摸牌:{"dt":30,"pd":79,"ot":192,"m":14,"us":[300791],"ts":[{"chu":12,"hu":[14]},{"chu":14,"hu":[12]}]}
通知其他玩家有摸牌事件:{"dt":30,"t":256,"pd":79,"idx":0,"us":[300789,300790,300792]}
0:出牌14
通知其他人0出牌:{"dt":30,"c":14,"t":128,"pd":79,"it":true,"idx":0,"dr":false,"us":[300789,300790,300791,300792]}
1摸牌14
通知玩家1摸牌:{"dt":30,"pd":78,"ot":130,"m":14,"us":[300792]}
通知其他玩家有摸牌事件:{"dt":30,"t":256,"pd":78,"idx":1,"us":[300789,300790,300791]}
1:出牌12
通知其他人1出牌:{"dt":30,"c":12,"t":128,"pd":78,"it":false,"idx":1,"dr":false,"us":[300789,300790,300791,300792]}
通知0-528
0摸牌13
通知玩家0摸牌:{"dt":30,"pd":83,"ot":130,"m":13,"us":[300791]}
通知其他玩家有摸牌事件:{"dt":30,"t":256,"pd":83,"idx":0,"us":[300789,300790,300792]}
0摸牌13
通知玩家0摸牌:{"dt":30,"pd":82,"ot":130,"m":13,"us":[300791]}
通知其他玩家有摸牌事件:{"dt":30,"t":256,"pd":82,"idx":0,"us":[300789,300790,300792]}
0摸牌13
0没有听牌，且可以听牌
通知玩家0摸牌:{"dt":30,"pd":81,"ot":194,"m":13,"us":[300791],"ts":[{"chu":4,"hu":[11,12,14]},{"chu":12,"hu":[4]}]}
通知其他玩家有摸牌事件:{"dt":30,"t":256,"pd":81,"idx":0,"us":[300789,300790,300792]}
0摸牌13
0没有听牌，且可以听牌
通知玩家0摸牌:{"dt":30,"pd":80,"ot":194,"m":13,"us":[300791],"ts":[{"chu":12,"hu":[13]},{"chu":13,"hu":[11,12,14]}]}
通知其他玩家有摸牌事件:{"dt":30,"t":256,"pd":80,"idx":0,"us":[300789,300790,300792]}
0摸牌14
0没有听牌，且可以听牌
通知玩家0摸牌:{"dt":30,"pd":79,"ot":192,"m":14,"us":[300791],"ts":[{"chu":12,"hu":[14]},{"chu":14,"hu":[12]}]}
通知其他玩家有摸牌事件:{"dt":30,"t":256,"pd":79,"idx":0,"us":[300789,300790,300792]}
0:出牌14
通知其他人0出牌:{"dt":30,"c":14,"t":128,"pd":79,"it":true,"idx":0,"dr":false,"us":[300789,300790,300791,300792]}
1摸牌14
通知玩家1摸牌:{"dt":30,"pd":78,"ot":130,"m":14,"us":[300792]}
通知其他玩家有摸牌事件:{"dt":30,"t":256,"pd":78,"idx":1,"us":[300789,300790,300791]}
1:出牌12
通知其他人1出牌:{"dt":30,"c":12,"t":128,"pd":78,"it":false,"idx":1,"dr":false,"us":[300789,300790,300791,300792]}
通知0-528
0摸牌13
通知玩家0摸牌:{"dt":30,"pd":83,"ot":130,"m":13,"us":[300791]}
通知其他玩家有摸牌事件:{"dt":30,"t":256,"pd":83,"idx":0,"us":[300789,300790,300792]}
0摸牌13
通知玩家0摸牌:{"dt":30,"pd":82,"ot":130,"m":13,"us":[300791]}
通知其他玩家有摸牌事件:{"dt":30,"t":256,"pd":82,"idx":0,"us":[300789,300790,300792]}
0摸牌13
0没有听牌，且可以听牌
通知玩家0摸牌:{"dt":30,"pd":81,"ot":194,"m":13,"us":[300791],"ts":[{"chu":4,"hu":[11,12,14]},{"chu":12,"hu":[4]}]}
通知其他玩家有摸牌事件:{"dt":30,"t":256,"pd":81,"idx":0,"us":[300789,300790,300792]}
0摸牌13
0没有听牌，且可以听牌
通知玩家0摸牌:{"dt":30,"pd":80,"ot":194,"m":13,"us":[300791],"ts":[{"chu":12,"hu":[13]},{"chu":13,"hu":[11,12,14]}]}
通知其他玩家有摸牌事件:{"dt":30,"t":256,"pd":80,"idx":0,"us":[300789,300790,300792]}
0摸牌14
0没有听牌，且可以听牌
通知玩家0摸牌:{"dt":30,"pd":79,"ot":192,"m":14,"us":[300791],"ts":[{"chu":12,"hu":[14]},{"chu":14,"hu":[12]}]}
通知其他玩家有摸牌事件:{"dt":30,"t":256,"pd":79,"idx":0,"us":[300789,300790,300792]}
0:出牌14
通知其他人0出牌:{"dt":30,"c":14,"t":128,"pd":79,"it":true,"idx":0,"dr":false,"us":[300789,300790,300791,300792]}
1摸牌14
通知玩家1摸牌:{"dt":30,"pd":78,"ot":130,"m":14,"us":[300792]}
通知其他玩家有摸牌事件:{"dt":30,"t":256,"pd":78,"idx":1,"us":[300789,300790,300791]}
1:出牌12
通知其他人1出牌:{"dt":30,"c":12,"t":128,"pd":78,"it":false,"idx":1,"dr":false,"us":[300789,300790,300791,300792]}
通知0-528
2017-02-23 02:18:17pais:{"dt":30,"hz":-1,"s":0,"pd":84,"sz":[6,5],"pai":[4,0,0,0,4,0,0,0,4,0,0,0,1,0,0,0,0,0,0,0,0,0,0,0,0,0,0,0,0,0,0,0,0,0],"z":0,"us":[300791]}
2017-02-23 02:18:17pais:{"dt":30,"hz":-1,"s":0,"pd":84,"sz":[6,5],"pai":[0,4,0,0,0,4,0,0,0,4,0,0,1,0,0,0,0,0,0,0,0,0,0,0,0,0,0,0,0,0,0,0,0,0],"z":0,"us":[300792]}
2017-02-23 02:18:17pais:{"dt":30,"hz":-1,"s":0,"pd":84,"sz":[6,5],"pai":[0,0,4,0,0,0,4,0,0,0,4,0,1,0,0,0,0,0,0,0,0,0,0,0,0,0,0,0,0,0,0,0,0,0],"z":0,"us":[300789]}
2017-02-23 02:18:17pais:{"dt":30,"hz":-1,"s":0,"pd":84,"sz":[6,5],"pai":[0,0,0,4,0,0,0,4,0,0,0,4,1,0,0,0,0,0,0,0,0,0,0,0,0,0,0,0,0,0,0,0,0,0],"z":0,"us":[300790]}
0摸牌13
通知玩家0摸牌:{"dt":30,"pd":83,"ot":130,"m":13,"us":[300791]}
通知其他玩家有摸牌事件:{"dt":30,"t":256,"pd":83,"idx":0,"us":[300789,300790,300792]}
0摸牌13
通知玩家0摸牌:{"dt":30,"pd":82,"ot":130,"m":13,"us":[300791]}
通知其他玩家有摸牌事件:{"dt":30,"t":256,"pd":82,"idx":0,"us":[300789,300790,300792]}
0摸牌13
0没有听牌，且可以听牌
通知玩家0摸牌:{"dt":30,"pd":81,"ot":194,"m":13,"us":[300791],"ts":[{"chu":4,"hu":[11,12,14]},{"chu":12,"hu":[4]}]}
通知其他玩家有摸牌事件:{"dt":30,"t":256,"pd":81,"idx":0,"us":[300789,300790,300792]}
0摸牌13
0没有听牌，且可以听牌
通知玩家0摸牌:{"dt":30,"pd":80,"ot":194,"m":13,"us":[300791],"ts":[{"chu":12,"hu":[13]},{"chu":13,"hu":[11,12,14]}]}
通知其他玩家有摸牌事件:{"dt":30,"t":256,"pd":80,"idx":0,"us":[300789,300790,300792]}
0摸牌14
0没有听牌，且可以听牌
通知玩家0摸牌:{"dt":30,"pd":79,"ot":192,"m":14,"us":[300791],"ts":[{"chu":12,"hu":[14]},{"chu":14,"hu":[12]}]}
通知其他玩家有摸牌事件:{"dt":30,"t":256,"pd":79,"idx":0,"us":[300789,300790,300792]}
0:出牌14
通知其他人0出牌:{"dt":30,"c":14,"t":128,"pd":79,"it":true,"idx":0,"dr":false,"us":[300789,300790,300791,300792]}
1摸牌14
通知玩家1摸牌:{"dt":30,"pd":78,"ot":130,"m":14,"us":[300792]}
通知其他玩家有摸牌事件:{"dt":30,"t":256,"pd":78,"idx":1,"us":[300789,300790,300791]}
1:出牌12
通知其他人1出牌:{"dt":30,"c":12,"t":128,"pd":78,"it":false,"idx":1,"dr":false,"us":[300789,300790,300791,300792]}
通知0-528
0摸牌13
通知玩家0摸牌:{"dt":30,"pd":83,"ot":130,"m":13,"us":[300791]}
通知其他玩家有摸牌事件:{"dt":30,"t":256,"pd":83,"idx":0,"us":[300789,300790,300792]}
0摸牌13
通知玩家0摸牌:{"dt":30,"pd":82,"ot":130,"m":13,"us":[300791]}
通知其他玩家有摸牌事件:{"dt":30,"t":256,"pd":82,"idx":0,"us":[300789,300790,300792]}
0摸牌13
0没有听牌，且可以听牌
通知玩家0摸牌:{"dt":30,"pd":81,"ot":194,"m":13,"us":[300791],"ts":[{"chu":4,"hu":[11,12,14]},{"chu":12,"hu":[4]}]}
通知其他玩家有摸牌事件:{"dt":30,"t":256,"pd":81,"idx":0,"us":[300789,300790,300792]}
0摸牌13
0没有听牌，且可以听牌
通知玩家0摸牌:{"dt":30,"pd":80,"ot":194,"m":13,"us":[300791],"ts":[{"chu":12,"hu":[13]},{"chu":13,"hu":[11,12,14]}]}
通知其他玩家有摸牌事件:{"dt":30,"t":256,"pd":80,"idx":0,"us":[300789,300790,300792]}
0摸牌14
0没有听牌，且可以听牌
通知玩家0摸牌:{"dt":30,"pd":79,"ot":192,"m":14,"us":[300791],"ts":[{"chu":12,"hu":[14]},{"chu":14,"hu":[12]}]}
通知其他玩家有摸牌事件:{"dt":30,"t":256,"pd":79,"idx":0,"us":[300789,300790,300792]}
0:出牌14
通知其他人0出牌:{"dt":30,"c":14,"t":128,"pd":79,"it":true,"idx":0,"dr":false,"us":[300789,300790,300791,300792]}
1摸牌14
通知玩家1摸牌:{"dt":30,"pd":78,"ot":130,"m":14,"us":[300792]}
通知其他玩家有摸牌事件:{"dt":30,"t":256,"pd":78,"idx":1,"us":[300789,300790,300791]}
1:出牌12
通知其他人1出牌:{"dt":30,"c":12,"t":128,"pd":78,"it":false,"idx":1,"dr":false,"us":[300789,300790,300791,300792]}
通知0-528
0摸牌13
通知玩家0摸牌:{"dt":30,"pd":83,"ot":130,"m":13,"us":[300791]}
通知其他玩家有摸牌事件:{"dt":30,"t":256,"pd":83,"idx":0,"us":[300789,300790,300792]}
0摸牌13
通知玩家0摸牌:{"dt":30,"pd":82,"ot":130,"m":13,"us":[300791]}
通知其他玩家有摸牌事件:{"dt":30,"t":256,"pd":82,"idx":0,"us":[300789,300790,300792]}
0摸牌13
0没有听牌，且可以听牌
通知玩家0摸牌:{"dt":30,"pd":81,"ot":194,"m":13,"us":[300791],"ts":[{"chu":4,"hu":[11,12,14]},{"chu":12,"hu":[4]}]}
通知其他玩家有摸牌事件:{"dt":30,"t":256,"pd":81,"idx":0,"us":[300789,300790,300792]}
0摸牌13
0没有听牌，且可以听牌
通知玩家0摸牌:{"dt":30,"pd":80,"ot":194,"m":13,"us":[300791],"ts":[{"chu":12,"hu":[13]},{"chu":13,"hu":[11,12,14]}]}
通知其他玩家有摸牌事件:{"dt":30,"t":256,"pd":80,"idx":0,"us":[300789,300790,300792]}
0摸牌14
0没有听牌，且可以听牌
通知玩家0摸牌:{"dt":30,"pd":79,"ot":192,"m":14,"us":[300791],"ts":[{"chu":12,"hu":[14]},{"chu":14,"hu":[12]}]}
通知其他玩家有摸牌事件:{"dt":30,"t":256,"pd":79,"idx":0,"us":[300789,300790,300792]}
0:出牌14
通知其他人0出牌:{"dt":30,"c":14,"t":128,"pd":79,"it":true,"idx":0,"dr":false,"us":[300789,300790,300791,300792]}
1摸牌14
通知玩家1摸牌:{"dt":30,"pd":78,"ot":130,"m":14,"us":[300792]}
通知其他玩家有摸牌事件:{"dt":30,"t":256,"pd":78,"idx":1,"us":[300789,300790,300791]}
1:出牌12
通知其他人1出牌:{"dt":30,"c":12,"t":128,"pd":78,"it":false,"idx":1,"dr":false,"us":[300789,300790,300791,300792]}
通知0-528
0摸牌13
通知玩家0摸牌:{"dt":30,"pd":83,"ot":130,"m":13,"us":[300791]}
通知其他玩家有摸牌事件:{"dt":30,"t":256,"pd":83,"idx":0,"us":[300789,300790,300792]}
0摸牌13
通知玩家0摸牌:{"dt":30,"pd":82,"ot":130,"m":13,"us":[300791]}
通知其他玩家有摸牌事件:{"dt":30,"t":256,"pd":82,"idx":0,"us":[300789,300790,300792]}
0摸牌13
0没有听牌，且可以听牌
通知玩家0摸牌:{"dt":30,"pd":81,"ot":194,"m":13,"us":[300791],"ts":[{"chu":4,"hu":[11,12,14]},{"chu":12,"hu":[4]}]}
通知其他玩家有摸牌事件:{"dt":30,"t":256,"pd":81,"idx":0,"us":[300789,300790,300792]}
0摸牌13
0没有听牌，且可以听牌
通知玩家0摸牌:{"dt":30,"pd":80,"ot":194,"m":13,"us":[300791],"ts":[{"chu":12,"hu":[13]},{"chu":13,"hu":[11,12,14]}]}
通知其他玩家有摸牌事件:{"dt":30,"t":256,"pd":80,"idx":0,"us":[300789,300790,300792]}
0摸牌14
0没有听牌，且可以听牌
通知玩家0摸牌:{"dt":30,"pd":79,"ot":192,"m":14,"us":[300791],"ts":[{"chu":12,"hu":[14]},{"chu":14,"hu":[12]}]}
通知其他玩家有摸牌事件:{"dt":30,"t":256,"pd":79,"idx":0,"us":[300789,300790,300792]}
0:出牌14
通知其他人0出牌:{"dt":30,"c":14,"t":128,"pd":79,"it":true,"idx":0,"dr":false,"us":[300789,300790,300791,300792]}
1摸牌14
通知玩家1摸牌:{"dt":30,"pd":78,"ot":130,"m":14,"us":[300792]}
通知其他玩家有摸牌事件:{"dt":30,"t":256,"pd":78,"idx":1,"us":[300789,300790,300791]}
1:出牌12
通知其他人1出牌:{"dt":30,"c":12,"t":128,"pd":78,"it":false,"idx":1,"dr":false,"us":[300789,300790,300791,300792]}
通知0-528
2017-02-23 02:21:26pais:{"dt":30,"hz":-1,"s":0,"pd":84,"sz":[6,5],"pai":[4,0,0,0,4,0,0,0,4,0,0,0,1,0,0,0,0,0,0,0,0,0,0,0,0,0,0,0,0,0,0,0,0,0],"z":0,"us":[300791]}
2017-02-23 02:21:26pais:{"dt":30,"hz":-1,"s":0,"pd":84,"sz":[6,5],"pai":[0,4,0,0,0,4,0,0,0,4,0,0,1,0,0,0,0,0,0,0,0,0,0,0,0,0,0,0,0,0,0,0,0,0],"z":0,"us":[300792]}
2017-02-23 02:21:26pais:{"dt":30,"hz":-1,"s":0,"pd":84,"sz":[6,5],"pai":[0,0,4,0,0,0,4,0,0,0,4,0,1,0,0,0,0,0,0,0,0,0,0,0,0,0,0,0,0,0,0,0,0,0],"z":0,"us":[300789]}
2017-02-23 02:21:26pais:{"dt":30,"hz":-1,"s":0,"pd":84,"sz":[6,5],"pai":[0,0,0,4,0,0,0,4,0,0,0,4,1,0,0,0,0,0,0,0,0,0,0,0,0,0,0,0,0,0,0,0,0,0],"z":0,"us":[300790]}
0摸牌13
通知玩家0摸牌:{"dt":30,"pd":83,"ot":130,"m":13,"us":[300791]}
通知其他玩家有摸牌事件:{"dt":30,"t":256,"pd":83,"idx":0,"us":[300789,300790,300792]}
0摸牌13
通知玩家0摸牌:{"dt":30,"pd":82,"ot":130,"m":13,"us":[300791]}
通知其他玩家有摸牌事件:{"dt":30,"t":256,"pd":82,"idx":0,"us":[300789,300790,300792]}
0摸牌13
0没有听牌，且可以听牌
通知玩家0摸牌:{"dt":30,"pd":81,"ot":194,"m":13,"us":[300791],"ts":[{"chu":4,"hu":[11,12,14]},{"chu":12,"hu":[4]}]}
通知其他玩家有摸牌事件:{"dt":30,"t":256,"pd":81,"idx":0,"us":[300789,300790,300792]}
0摸牌13
0没有听牌，且可以听牌
通知玩家0摸牌:{"dt":30,"pd":80,"ot":194,"m":13,"us":[300791],"ts":[{"chu":12,"hu":[13]},{"chu":13,"hu":[11,12,14]}]}
通知其他玩家有摸牌事件:{"dt":30,"t":256,"pd":80,"idx":0,"us":[300789,300790,300792]}
0摸牌14
0没有听牌，且可以听牌
通知玩家0摸牌:{"dt":30,"pd":79,"ot":192,"m":14,"us":[300791],"ts":[{"chu":12,"hu":[14]},{"chu":14,"hu":[12]}]}
通知其他玩家有摸牌事件:{"dt":30,"t":256,"pd":79,"idx":0,"us":[300789,300790,300792]}
0:出牌14
通知其他人0出牌:{"dt":30,"c":14,"t":128,"pd":79,"it":true,"idx":0,"dr":false,"us":[300789,300790,300791,300792]}
1摸牌14
通知玩家1摸牌:{"dt":30,"pd":78,"ot":130,"m":14,"us":[300792]}
通知其他玩家有摸牌事件:{"dt":30,"t":256,"pd":78,"idx":1,"us":[300789,300790,300791]}
1:出牌12
通知其他人1出牌:{"dt":30,"c":12,"t":128,"pd":78,"it":false,"idx":1,"dr":false,"us":[300789,300790,300791,300792]}
通知0-528
0摸牌13
通知玩家0摸牌:{"dt":30,"pd":83,"ot":130,"m":13,"us":[300791]}
通知其他玩家有摸牌事件:{"dt":30,"t":256,"pd":83,"idx":0,"us":[300789,300790,300792]}
0摸牌13
通知玩家0摸牌:{"dt":30,"pd":82,"ot":130,"m":13,"us":[300791]}
通知其他玩家有摸牌事件:{"dt":30,"t":256,"pd":82,"idx":0,"us":[300789,300790,300792]}
0摸牌13
0没有听牌，且可以听牌
通知玩家0摸牌:{"dt":30,"pd":81,"ot":194,"m":13,"us":[300791],"ts":[{"chu":4,"hu":[11,12,14]},{"chu":12,"hu":[4]}]}
通知其他玩家有摸牌事件:{"dt":30,"t":256,"pd":81,"idx":0,"us":[300789,300790,300792]}
0摸牌13
0没有听牌，且可以听牌
通知玩家0摸牌:{"dt":30,"pd":80,"ot":194,"m":13,"us":[300791],"ts":[{"chu":12,"hu":[13]},{"chu":13,"hu":[11,12,14]}]}
通知其他玩家有摸牌事件:{"dt":30,"t":256,"pd":80,"idx":0,"us":[300789,300790,300792]}
0摸牌14
0没有听牌，且可以听牌
通知玩家0摸牌:{"dt":30,"pd":79,"ot":192,"m":14,"us":[300791],"ts":[{"chu":12,"hu":[14]},{"chu":14,"hu":[12]}]}
通知其他玩家有摸牌事件:{"dt":30,"t":256,"pd":79,"idx":0,"us":[300789,300790,300792]}
0:出牌14
通知其他人0出牌:{"dt":30,"c":14,"t":128,"pd":79,"it":true,"idx":0,"dr":false,"us":[300789,300790,300791,300792]}
1摸牌14
通知玩家1摸牌:{"dt":30,"pd":78,"ot":130,"m":14,"us":[300792]}
通知其他玩家有摸牌事件:{"dt":30,"t":256,"pd":78,"idx":1,"us":[300789,300790,300791]}
1:出牌12
通知其他人1出牌:{"dt":30,"c":12,"t":128,"pd":78,"it":false,"idx":1,"dr":false,"us":[300789,300790,300791,300792]}
通知0-528
0摸牌13
通知玩家0摸牌:{"dt":30,"pd":83,"ot":130,"m":13,"us":[300791]}
通知其他玩家有摸牌事件:{"dt":30,"t":256,"pd":83,"idx":0,"us":[300789,300790,300792]}
0摸牌13
通知玩家0摸牌:{"dt":30,"pd":82,"ot":130,"m":13,"us":[300791]}
通知其他玩家有摸牌事件:{"dt":30,"t":256,"pd":82,"idx":0,"us":[300789,300790,300792]}
0摸牌13
0没有听牌，且可以听牌
通知玩家0摸牌:{"dt":30,"pd":81,"ot":194,"m":13,"us":[300791],"ts":[{"chu":4,"hu":[11,12,14]},{"chu":12,"hu":[4]}]}
通知其他玩家有摸牌事件:{"dt":30,"t":256,"pd":81,"idx":0,"us":[300789,300790,300792]}
0摸牌13
0没有听牌，且可以听牌
通知玩家0摸牌:{"dt":30,"pd":80,"ot":194,"m":13,"us":[300791],"ts":[{"chu":12,"hu":[13]},{"chu":13,"hu":[11,12,14]}]}
通知其他玩家有摸牌事件:{"dt":30,"t":256,"pd":80,"idx":0,"us":[300789,300790,300792]}
0摸牌14
0没有听牌，且可以听牌
通知玩家0摸牌:{"dt":30,"pd":79,"ot":192,"m":14,"us":[300791],"ts":[{"chu":12,"hu":[14]},{"chu":14,"hu":[12]}]}
通知其他玩家有摸牌事件:{"dt":30,"t":256,"pd":79,"idx":0,"us":[300789,300790,300792]}
0:出牌14
通知其他人0出牌:{"dt":30,"c":14,"t":128,"pd":79,"it":true,"idx":0,"dr":false,"us":[300789,300790,300791,300792]}
1摸牌14
通知玩家1摸牌:{"dt":30,"pd":78,"ot":130,"m":14,"us":[300792]}
通知其他玩家有摸牌事件:{"dt":30,"t":256,"pd":78,"idx":1,"us":[300789,300790,300791]}
1:出牌12
通知其他人1出牌:{"dt":30,"c":12,"t":128,"pd":78,"it":false,"idx":1,"dr":false,"us":[300789,300790,300791,300792]}
通知0-528
0摸牌13
通知玩家0摸牌:{"dt":30,"pd":83,"ot":130,"m":13,"us":[300791]}
通知其他玩家有摸牌事件:{"dt":30,"t":256,"pd":83,"idx":0,"us":[300789,300790,300792]}
0摸牌13
通知玩家0摸牌:{"dt":30,"pd":82,"ot":130,"m":13,"us":[300791]}
通知其他玩家有摸牌事件:{"dt":30,"t":256,"pd":82,"idx":0,"us":[300789,300790,300792]}
0摸牌13
0没有听牌，且可以听牌
通知玩家0摸牌:{"dt":30,"pd":81,"ot":194,"m":13,"us":[300791],"ts":[{"chu":4,"hu":[11,12,14]},{"chu":12,"hu":[4]}]}
通知其他玩家有摸牌事件:{"dt":30,"t":256,"pd":81,"idx":0,"us":[300789,300790,300792]}
0摸牌13
0没有听牌，且可以听牌
通知玩家0摸牌:{"dt":30,"pd":80,"ot":194,"m":13,"us":[300791],"ts":[{"chu":12,"hu":[13]},{"chu":13,"hu":[11,12,14]}]}
通知其他玩家有摸牌事件:{"dt":30,"t":256,"pd":80,"idx":0,"us":[300789,300790,300792]}
0摸牌14
0没有听牌，且可以听牌
通知玩家0摸牌:{"dt":30,"pd":79,"ot":192,"m":14,"us":[300791],"ts":[{"chu":12,"hu":[14]},{"chu":14,"hu":[12]}]}
通知其他玩家有摸牌事件:{"dt":30,"t":256,"pd":79,"idx":0,"us":[300789,300790,300792]}
0:出牌14
通知其他人0出牌:{"dt":30,"c":14,"t":128,"pd":79,"it":true,"idx":0,"dr":false,"us":[300789,300790,300791,300792]}
1摸牌14
通知玩家1摸牌:{"dt":30,"pd":78,"ot":130,"m":14,"us":[300792]}
通知其他玩家有摸牌事件:{"dt":30,"t":256,"pd":78,"idx":1,"us":[300789,300790,300791]}
1:出牌12
通知其他人1出牌:{"dt":30,"c":12,"t":128,"pd":78,"it":false,"idx":1,"dr":false,"us":[300789,300790,300791,300792]}
通知0-528
2017-02-23 03:22:51pais:{"dt":30,"hz":-1,"s":0,"pd":56,"sz":[1,1],"pai":[4,0,0,0,4,0,0,0,4,0,0,0,1,0,0,0,0,0,0,0,0,0,0,0,0,0,0,0,0,0,0,0,0,0],"z":0,"us":[300627]}
2017-02-23 03:22:51pais:{"dt":30,"hz":-1,"s":0,"pd":56,"sz":[1,1],"pai":[0,4,0,0,0,4,0,0,0,4,0,0,1,0,0,0,0,0,0,0,0,0,0,0,0,0,0,0,0,0,0,0,0,0],"z":0,"us":[300647]}
2017-02-23 03:22:51pais:{"dt":30,"hz":-1,"s":0,"pd":56,"sz":[1,1],"pai":[0,0,4,0,0,0,4,0,0,0,4,0,1,0,0,0,0,0,0,0,0,0,0,0,0,0,0,0,0,0,0,0,0,0],"z":0,"us":[300681]}
2017-02-23 03:22:51pais:{"dt":30,"hz":-1,"s":0,"pd":56,"sz":[1,1],"pai":[0,0,0,4,0,0,0,4,0,0,0,4,1,0,0,0,0,0,0,0,0,0,0,0,0,0,0,0,0,0,0,0,0,0],"z":0,"us":[300682]}
0摸牌13
通知玩家0摸牌:{"dt":30,"pd":55,"ot":130,"m":13,"us":[300627]}
通知其他玩家有摸牌事件:{"dt":30,"t":256,"pd":55,"idx":0,"us":[300647,300681,300682]}
2017-02-23 03:23:41pais:{"dt":30,"hz":14,"s":0,"pd":56,"sz":[4,6],"pai":[4,0,0,0,4,0,0,0,4,0,0,0,1,0,0,0,0,0,0,0,0,0,0,0,0,0,0,0,0,0,0,0,0,0],"z":0,"us":[300627]}
2017-02-23 03:23:41pais:{"dt":30,"hz":14,"s":0,"pd":56,"sz":[4,6],"pai":[0,4,0,0,0,4,0,0,0,4,0,0,1,0,0,0,0,0,0,0,0,0,0,0,0,0,0,0,0,0,0,0,0,0],"z":0,"us":[300647]}
2017-02-23 03:23:41pais:{"dt":30,"hz":14,"s":0,"pd":56,"sz":[4,6],"pai":[0,0,4,0,0,0,4,0,0,0,4,0,1,0,0,0,0,0,0,0,0,0,0,0,0,0,0,0,0,0,0,0,0,0],"z":0,"us":[300681]}
2017-02-23 03:23:41pais:{"dt":30,"hz":14,"s":0,"pd":56,"sz":[4,6],"pai":[0,0,0,4,0,0,0,4,0,0,0,4,1,0,0,0,0,0,0,0,0,0,0,0,0,0,0,0,0,0,0,0,0,0],"z":0,"us":[300682]}
0摸牌13
通知玩家0摸牌:{"dt":30,"pd":55,"ot":130,"m":13,"us":[300627]}
通知其他玩家有摸牌事件:{"dt":30,"t":256,"pd":55,"idx":0,"us":[300647,300681,300682]}
0摸牌13
通知玩家0摸牌:{"dt":30,"pd":54,"ot":130,"m":13,"us":[300627]}
通知其他玩家有摸牌事件:{"dt":30,"t":256,"pd":54,"idx":0,"us":[300647,300681,300682]}
0摸牌13
0没有听牌，且可以听牌
通知玩家0摸牌:{"dt":30,"pd":53,"ot":194,"m":13,"us":[300627],"ts":[{"chu":12,"hu":[8]}]}
通知其他玩家有摸牌事件:{"dt":30,"t":256,"pd":53,"idx":0,"us":[300647,300681,300682]}
0摸牌13
通知玩家0摸牌:{"dt":30,"pd":52,"ot":130,"m":13,"us":[300627]}
通知其他玩家有摸牌事件:{"dt":30,"t":256,"pd":52,"idx":0,"us":[300647,300681,300682]}
0摸牌14
0没有听牌，且可以听牌
通知玩家0摸牌:{"dt":30,"pd":51,"ot":192,"m":14,"us":[300627],"ts":[{"chu":12,"hu":[15]}]}
通知其他玩家有摸牌事件:{"dt":30,"t":256,"pd":51,"idx":0,"us":[300647,300681,300682]}
2017-02-23 04:12:23pais:{"dt":30,"hz":-1,"s":0,"pd":56,"sz":[4,2],"pai":[4,0,0,0,4,0,0,0,4,0,0,0,1,0,0,0,0,0,0,0,0,0,0,0,0,0,0,0,0,0,0,0,0,0],"z":0,"us":[300627]}
2017-02-23 04:12:23pais:{"dt":30,"hz":-1,"s":0,"pd":56,"sz":[4,2],"pai":[0,4,0,0,0,4,0,0,0,4,0,0,1,0,0,0,0,0,0,0,0,0,0,0,0,0,0,0,0,0,0,0,0,0],"z":0,"us":[300647]}
2017-02-23 04:12:23pais:{"dt":30,"hz":-1,"s":0,"pd":56,"sz":[4,2],"pai":[0,0,4,0,0,0,4,0,0,0,4,0,1,0,0,0,0,0,0,0,0,0,0,0,0,0,0,0,0,0,0,0,0,0],"z":0,"us":[300681]}
2017-02-23 04:12:23pais:{"dt":30,"hz":-1,"s":0,"pd":56,"sz":[4,2],"pai":[0,0,0,4,0,0,0,4,0,0,0,4,1,0,0,0,0,0,0,0,0,0,0,0,0,0,0,0,0,0,0,0,0,0],"z":0,"us":[300682]}
0摸牌13
通知玩家0摸牌:{"dt":30,"pd":55,"ot":130,"m":13,"us":[300627]}
通知其他玩家有摸牌事件:{"dt":30,"t":256,"pd":55,"idx":0,"us":[300647,300681,300682]}
2017-02-23 10:18:00pais:{"dt":30,"hz":-1,"s":0,"pd":56,"sz":[2,6],"pai":[4,0,0,0,4,0,0,0,4,0,0,0,1,0,0,0,0,0,0,0,0,0,0,0,0,0,0,0,0,0,0,0,0,0],"z":0,"us":[300630]}
2017-02-23 10:18:00pais:{"dt":30,"hz":-1,"s":0,"pd":56,"sz":[2,6],"pai":[0,4,0,0,0,4,0,0,0,4,0,0,1,0,0,0,0,0,0,0,0,0,0,0,0,0,0,0,0,0,0,0,0,0],"z":0,"us":[300761]}
2017-02-23 10:18:00pais:{"dt":30,"hz":-1,"s":0,"pd":56,"sz":[2,6],"pai":[0,0,4,0,0,0,4,0,0,0,4,0,1,0,0,0,0,0,0,0,0,0,0,0,0,0,0,0,0,0,0,0,0,0],"z":0,"us":[300762]}
2017-02-23 10:18:00pais:{"dt":30,"hz":-1,"s":0,"pd":56,"sz":[2,6],"pai":[0,0,0,4,0,0,0,4,0,0,0,4,1,0,0,0,0,0,0,0,0,0,0,0,0,0,0,0,0,0,0,0,0,0],"z":0,"us":[300763]}
0摸牌13
通知玩家0摸牌:{"dt":30,"pd":55,"ot":130,"m":13,"us":[300630]}
通知其他玩家有摸牌事件:{"dt":30,"t":256,"pd":55,"idx":0,"us":[300761,300762,300763]}
2017-02-23 10:18:26pais:{"dt":30,"hz":-1,"s":0,"pd":56,"sz":[5,5],"pai":[4,0,0,0,4,0,0,0,4,0,0,0,1,0,0,0,0,0,0,0,0,0,0,0,0,0,0,0,0,0,0,0,0,0],"z":0,"us":[300630]}
2017-02-23 10:18:26pais:{"dt":30,"hz":-1,"s":0,"pd":56,"sz":[5,5],"pai":[0,4,0,0,0,4,0,0,0,4,0,0,1,0,0,0,0,0,0,0,0,0,0,0,0,0,0,0,0,0,0,0,0,0],"z":0,"us":[300761]}
2017-02-23 10:18:26pais:{"dt":30,"hz":-1,"s":0,"pd":56,"sz":[5,5],"pai":[0,0,4,0,0,0,4,0,0,0,4,0,1,0,0,0,0,0,0,0,0,0,0,0,0,0,0,0,0,0,0,0,0,0],"z":0,"us":[300762]}
2017-02-23 10:18:26pais:{"dt":30,"hz":-1,"s":0,"pd":56,"sz":[5,5],"pai":[0,0,0,4,0,0,0,4,0,0,0,4,1,0,0,0,0,0,0,0,0,0,0,0,0,0,0,0,0,0,0,0,0,0],"z":0,"us":[300763]}
0摸牌13
通知玩家0摸牌:{"dt":30,"pd":55,"ot":130,"m":13,"us":[300630]}
通知其他玩家有摸牌事件:{"dt":30,"t":256,"pd":55,"idx":0,"us":[300761,300762,300763]}
0:出牌12
通知其他人0出牌:{"dt":30,"c":12,"t":128,"pd":55,"it":false,"idx":0,"dr":false,"us":[300647,300627,300681,300682]}
1摸牌13
通知玩家1摸牌:{"dt":30,"pd":54,"ot":130,"m":13,"us":[300647]}
通知其他玩家有摸牌事件:{"dt":30,"t":256,"pd":54,"idx":1,"us":[300627,300681,300682]}
1:出牌13
通知其他人1出牌:{"dt":30,"c":13,"t":128,"pd":54,"it":false,"idx":1,"dr":false,"us":[300647,300627,300681,300682]}
2摸牌13
通知玩家2摸牌:{"dt":30,"pd":53,"ot":130,"m":13,"us":[300681]}
通知其他玩家有摸牌事件:{"dt":30,"t":256,"pd":53,"idx":2,"us":[300647,300627,300682]}
2:出牌13
通知其他人2出牌:{"dt":30,"c":13,"t":128,"pd":53,"it":false,"idx":2,"dr":false,"us":[300647,300627,300681,300682]}
3摸牌13
3没有听牌，且可以听牌
通知玩家3摸牌:{"dt":30,"pd":52,"ot":194,"m":13,"us":[300682],"ts":[{"chu":3,"hu":[7]},{"chu":7,"hu":[3]}]}
通知其他玩家有摸牌事件:{"dt":30,"t":256,"pd":52,"idx":3,"us":[300647,300627,300681]}
3:出牌13
通知其他人3出牌:{"dt":30,"c":13,"t":128,"pd":52,"it":false,"idx":3,"dr":false,"us":[300647,300627,300681,300682]}
0摸牌14
通知玩家0摸牌:{"dt":30,"pd":51,"ot":130,"m":14,"us":[300627]}
通知其他玩家有摸牌事件:{"dt":30,"t":256,"pd":51,"idx":0,"us":[300647,300681,300682]}
0:出牌14
通知其他人0出牌:{"dt":30,"c":14,"t":128,"pd":51,"it":false,"idx":0,"dr":false,"us":[300647,300627,300681,300682]}
1摸牌14
通知玩家1摸牌:{"dt":30,"pd":50,"ot":130,"m":14,"us":[300647]}
通知其他玩家有摸牌事件:{"dt":30,"t":256,"pd":50,"idx":1,"us":[300627,300681,300682]}
1:出牌14
通知其他人1出牌:{"dt":30,"c":14,"t":128,"pd":50,"it":false,"idx":1,"dr":false,"us":[300647,300627,300681,300682]}
2摸牌14
通知玩家2摸牌:{"dt":30,"pd":49,"ot":130,"m":14,"us":[300681]}
通知其他玩家有摸牌事件:{"dt":30,"t":256,"pd":49,"idx":2,"us":[300647,300627,300682]}
2:出牌14
通知其他人2出牌:{"dt":30,"c":14,"t":128,"pd":49,"it":false,"idx":2,"dr":false,"us":[300647,300627,300681,300682]}
3摸牌14
通知玩家3摸牌:{"dt":30,"pd":48,"ot":130,"m":14,"us":[300682]}
通知其他玩家有摸牌事件:{"dt":30,"t":256,"pd":48,"idx":3,"us":[300647,300627,300681]}
3:出牌14
通知其他人3出牌:{"dt":30,"c":14,"t":128,"pd":48,"it":false,"idx":3,"dr":false,"us":[300647,300627,300681,300682]}
0摸牌15
通知玩家0摸牌:{"dt":30,"pd":47,"ot":130,"m":15,"us":[300627]}
通知其他玩家有摸牌事件:{"dt":30,"t":256,"pd":47,"idx":0,"us":[300647,300681,300682]}
0:出牌8
通知其他人0出牌:{"dt":30,"c":8,"t":128,"pd":47,"it":false,"idx":0,"dr":false,"us":[300647,300627,300681,300682]}
1摸牌15
通知玩家1摸牌:{"dt":30,"pd":46,"ot":130,"m":15,"us":[300647]}
通知其他玩家有摸牌事件:{"dt":30,"t":256,"pd":46,"idx":1,"us":[300627,300681,300682]}
1:出牌15
通知其他人1出牌:{"dt":30,"c":15,"t":128,"pd":46,"it":false,"idx":1,"dr":false,"us":[300647,300627,300681,300682]}
2摸牌15
通知玩家2摸牌:{"dt":30,"pd":45,"ot":130,"m":15,"us":[300681]}
通知其他玩家有摸牌事件:{"dt":30,"t":256,"pd":45,"idx":2,"us":[300647,300627,300682]}
2:出牌15
通知其他人2出牌:{"dt":30,"c":15,"t":128,"pd":45,"it":false,"idx":2,"dr":false,"us":[300647,300627,300681,300682]}
3摸牌15
通知玩家3摸牌:{"dt":30,"pd":44,"ot":130,"m":15,"us":[300682]}
通知其他玩家有摸牌事件:{"dt":30,"t":256,"pd":44,"idx":3,"us":[300647,300627,300681]}
3:出牌15
通知其他人3出牌:{"dt":30,"c":15,"t":128,"pd":44,"it":false,"idx":3,"dr":false,"us":[300647,300627,300681,300682]}
0摸牌16
通知玩家0摸牌:{"dt":30,"pd":43,"ot":130,"m":16,"us":[300627]}
通知其他玩家有摸牌事件:{"dt":30,"t":256,"pd":43,"idx":0,"us":[300647,300681,300682]}
0:出牌8
通知其他人0出牌:{"dt":30,"c":8,"t":128,"pd":43,"it":false,"idx":0,"dr":false,"us":[300647,300627,300681,300682]}
1摸牌16
通知玩家1摸牌:{"dt":30,"pd":42,"ot":130,"m":16,"us":[300647]}
通知其他玩家有摸牌事件:{"dt":30,"t":256,"pd":42,"idx":1,"us":[300627,300681,300682]}
1:出牌16
通知其他人1出牌:{"dt":30,"c":16,"t":128,"pd":42,"it":false,"idx":1,"dr":false,"us":[300647,300627,300681,300682]}
2摸牌16
通知玩家2摸牌:{"dt":30,"pd":41,"ot":130,"m":16,"us":[300681]}
通知其他玩家有摸牌事件:{"dt":30,"t":256,"pd":41,"idx":2,"us":[300647,300627,300682]}
2:出牌16
通知其他人2出牌:{"dt":30,"c":16,"t":128,"pd":41,"it":false,"idx":2,"dr":false,"us":[300647,300627,300681,300682]}
3摸牌16
通知玩家3摸牌:{"dt":30,"pd":40,"ot":130,"m":16,"us":[300682]}
通知其他玩家有摸牌事件:{"dt":30,"t":256,"pd":40,"idx":3,"us":[300647,300627,300681]}
3:出牌16
通知其他人3出牌:{"dt":30,"c":16,"t":128,"pd":40,"it":false,"idx":3,"dr":false,"us":[300647,300627,300681,300682]}
0摸牌17
通知玩家0摸牌:{"dt":30,"pd":39,"ot":130,"m":17,"us":[300627]}
通知其他玩家有摸牌事件:{"dt":30,"t":256,"pd":39,"idx":0,"us":[300647,300681,300682]}
2017-02-23 16:35:22pais:{"dt":30,"hz":-1,"s":0,"pd":84,"sz":[6,1],"pai":[4,0,0,0,4,0,0,0,4,0,0,0,1,0,0,0,0,0,0,0,0,0,0,0,0,0,0,0,0,0,0,0,0,0],"z":0,"us":[300791]}
2017-02-23 16:35:22pais:{"dt":30,"hz":-1,"s":0,"pd":84,"sz":[6,1],"pai":[0,4,0,0,0,4,0,0,0,4,0,0,1,0,0,0,0,0,0,0,0,0,0,0,0,0,0,0,0,0,0,0,0,0],"z":0,"us":[300792]}
2017-02-23 16:35:22pais:{"dt":30,"hz":-1,"s":0,"pd":84,"sz":[6,1],"pai":[0,0,4,0,0,0,4,0,0,0,4,0,1,0,0,0,0,0,0,0,0,0,0,0,0,0,0,0,0,0,0,0,0,0],"z":0,"us":[300790]}
2017-02-23 16:35:22pais:{"dt":30,"hz":-1,"s":0,"pd":84,"sz":[6,1],"pai":[0,0,0,4,0,0,0,4,0,0,0,4,1,0,0,0,0,0,0,0,0,0,0,0,0,0,0,0,0,0,0,0,0,0],"z":0,"us":[300789]}
0摸牌13
通知玩家0摸牌:{"dt":30,"pd":83,"ot":130,"m":13,"us":[300791]}
通知其他玩家有摸牌事件:{"dt":30,"t":256,"pd":83,"idx":0,"us":[300789,300790,300792]}
0摸牌13
通知玩家0摸牌:{"dt":30,"pd":82,"ot":130,"m":13,"us":[300791]}
通知其他玩家有摸牌事件:{"dt":30,"t":256,"pd":82,"idx":0,"us":[300789,300790,300792]}
0摸牌13
0没有听牌，且可以听牌
通知玩家0摸牌:{"dt":30,"pd":81,"ot":194,"m":13,"us":[300791],"ts":[{"chu":4,"hu":[11,12,14]},{"chu":12,"hu":[4]}]}
通知其他玩家有摸牌事件:{"dt":30,"t":256,"pd":81,"idx":0,"us":[300789,300790,300792]}
0摸牌13
0没有听牌，且可以听牌
通知玩家0摸牌:{"dt":30,"pd":80,"ot":194,"m":13,"us":[300791],"ts":[{"chu":12,"hu":[13]},{"chu":13,"hu":[11,12,14]}]}
通知其他玩家有摸牌事件:{"dt":30,"t":256,"pd":80,"idx":0,"us":[300789,300790,300792]}
0摸牌14
0没有听牌，且可以听牌
通知玩家0摸牌:{"dt":30,"pd":79,"ot":192,"m":14,"us":[300791],"ts":[{"chu":12,"hu":[14]},{"chu":14,"hu":[12]}]}
通知其他玩家有摸牌事件:{"dt":30,"t":256,"pd":79,"idx":0,"us":[300789,300790,300792]}
0:出牌14
通知其他人0出牌:{"dt":30,"c":14,"t":128,"pd":79,"it":true,"idx":0,"dr":false,"us":[300789,300790,300791,300792]}
1摸牌14
通知玩家1摸牌:{"dt":30,"pd":78,"ot":130,"m":14,"us":[300792]}
通知其他玩家有摸牌事件:{"dt":30,"t":256,"pd":78,"idx":1,"us":[300789,300790,300791]}
1:出牌12
通知其他人1出牌:{"dt":30,"c":12,"t":128,"pd":78,"it":false,"idx":1,"dr":false,"us":[300789,300790,300791,300792]}
通知0-528
0摸牌13
通知玩家0摸牌:{"dt":30,"pd":83,"ot":130,"m":13,"us":[300791]}
通知其他玩家有摸牌事件:{"dt":30,"t":256,"pd":83,"idx":0,"us":[300789,300790,300792]}
0摸牌13
通知玩家0摸牌:{"dt":30,"pd":82,"ot":130,"m":13,"us":[300791]}
通知其他玩家有摸牌事件:{"dt":30,"t":256,"pd":82,"idx":0,"us":[300789,300790,300792]}
0摸牌13
0没有听牌，且可以听牌
通知玩家0摸牌:{"dt":30,"pd":81,"ot":194,"m":13,"us":[300791],"ts":[{"chu":4,"hu":[11,12,14]},{"chu":12,"hu":[4]}]}
通知其他玩家有摸牌事件:{"dt":30,"t":256,"pd":81,"idx":0,"us":[300789,300790,300792]}
0:出牌4
通知其他人0出牌:{"dt":30,"c":4,"t":128,"pd":81,"it":true,"idx":0,"dr":false,"us":[300789,300790,300791,300792]}
1摸牌13
通知玩家1摸牌:{"dt":30,"pd":80,"ot":130,"m":13,"us":[300792]}
通知其他玩家有摸牌事件:{"dt":30,"t":256,"pd":80,"idx":1,"us":[300789,300790,300791]}
1:出牌12
通知其他人1出牌:{"dt":30,"c":12,"t":128,"pd":80,"it":false,"idx":1,"dr":false,"us":[300789,300790,300791,300792]}
通知0-528
0摸牌13
通知玩家0摸牌:{"dt":30,"pd":83,"ot":130,"m":13,"us":[300791]}
通知其他玩家有摸牌事件:{"dt":30,"t":256,"pd":83,"idx":0,"us":[300789,300790,300792]}
0摸牌13
通知玩家0摸牌:{"dt":30,"pd":82,"ot":130,"m":13,"us":[300791]}
通知其他玩家有摸牌事件:{"dt":30,"t":256,"pd":82,"idx":0,"us":[300789,300790,300792]}
0摸牌13
0没有听牌，且可以听牌
通知玩家0摸牌:{"dt":30,"pd":81,"ot":194,"m":13,"us":[300791],"ts":[{"chu":4,"hu":[11,12,14]},{"chu":12,"hu":[4]}]}
通知其他玩家有摸牌事件:{"dt":30,"t":256,"pd":81,"idx":0,"us":[300789,300790,300792]}
0:出牌4
通知其他人0出牌:{"dt":30,"c":4,"t":128,"pd":81,"it":true,"idx":0,"dr":false,"us":[300789,300790,300791,300792]}
1摸牌13
通知玩家1摸牌:{"dt":30,"pd":80,"ot":130,"m":13,"us":[300792]}
通知其他玩家有摸牌事件:{"dt":30,"t":256,"pd":80,"idx":1,"us":[300789,300790,300791]}
1:出牌12
通知其他人1出牌:{"dt":30,"c":12,"t":128,"pd":80,"it":false,"idx":1,"dr":false,"us":[300789,300790,300791,300792]}
通知0-528
0摸牌13
通知玩家0摸牌:{"dt":30,"pd":83,"ot":130,"m":13,"us":[300791]}
通知其他玩家有摸牌事件:{"dt":30,"t":256,"pd":83,"idx":0,"us":[300789,300790,300792]}
0摸牌13
通知玩家0摸牌:{"dt":30,"pd":82,"ot":130,"m":13,"us":[300791]}
通知其他玩家有摸牌事件:{"dt":30,"t":256,"pd":82,"idx":0,"us":[300789,300790,300792]}
0摸牌13
0没有听牌，且可以听牌
通知玩家0摸牌:{"dt":30,"pd":81,"ot":194,"m":13,"us":[300791],"ts":[{"chu":4,"hu":[11,12,14]},{"chu":12,"hu":[4]}]}
通知其他玩家有摸牌事件:{"dt":30,"t":256,"pd":81,"idx":0,"us":[300789,300790,300792]}
0:出牌4
通知其他人0出牌:{"dt":30,"c":4,"t":128,"pd":81,"it":true,"idx":0,"dr":false,"us":[300789,300790,300791,300792]}
1摸牌13
通知玩家1摸牌:{"dt":30,"pd":80,"ot":130,"m":13,"us":[300792]}
通知其他玩家有摸牌事件:{"dt":30,"t":256,"pd":80,"idx":1,"us":[300789,300790,300791]}
1:出牌12
通知其他人1出牌:{"dt":30,"c":12,"t":128,"pd":80,"it":false,"idx":1,"dr":false,"us":[300789,300790,300791,300792]}
通知0-528
2017-02-23 16:49:58pais:{"dt":30,"hz":-1,"s":0,"pd":84,"sz":[3,1],"pai":[4,0,0,0,4,0,0,0,4,0,0,0,1,0,0,0,0,0,0,0,0,0,0,0,0,0,0,0,0,0,0,0,0,0],"z":0,"us":[300791]}
2017-02-23 16:49:58pais:{"dt":30,"hz":-1,"s":0,"pd":84,"sz":[3,1],"pai":[0,4,0,0,0,4,0,0,0,4,0,0,1,0,0,0,0,0,0,0,0,0,0,0,0,0,0,0,0,0,0,0,0,0],"z":0,"us":[300792]}
2017-02-23 16:49:58pais:{"dt":30,"hz":-1,"s":0,"pd":84,"sz":[3,1],"pai":[0,0,4,0,0,0,4,0,0,0,4,0,1,0,0,0,0,0,0,0,0,0,0,0,0,0,0,0,0,0,0,0,0,0],"z":0,"us":[300789]}
2017-02-23 16:49:58pais:{"dt":30,"hz":-1,"s":0,"pd":84,"sz":[3,1],"pai":[0,0,0,4,0,0,0,4,0,0,0,4,1,0,0,0,0,0,0,0,0,0,0,0,0,0,0,0,0,0,0,0,0,0],"z":0,"us":[300790]}
0摸牌13
通知玩家0摸牌:{"dt":30,"pd":83,"ot":130,"m":13,"us":[300791]}
通知其他玩家有摸牌事件:{"dt":30,"t":256,"pd":83,"idx":0,"us":[300789,300790,300792]}
0摸牌13
通知玩家0摸牌:{"dt":30,"pd":82,"ot":130,"m":13,"us":[300791]}
通知其他玩家有摸牌事件:{"dt":30,"t":256,"pd":82,"idx":0,"us":[300789,300790,300792]}
0摸牌13
0没有听牌，且可以听牌
通知玩家0摸牌:{"dt":30,"pd":81,"ot":194,"m":13,"us":[300791],"ts":[{"chu":4,"hu":[11,12,14]},{"chu":12,"hu":[4]}]}
通知其他玩家有摸牌事件:{"dt":30,"t":256,"pd":81,"idx":0,"us":[300789,300790,300792]}
0:出牌4
通知其他人0出牌:{"dt":30,"c":4,"t":128,"pd":81,"it":true,"idx":0,"dr":false,"us":[300789,300790,300791,300792]}
1摸牌13
通知玩家1摸牌:{"dt":30,"pd":80,"ot":130,"m":13,"us":[300792]}
通知其他玩家有摸牌事件:{"dt":30,"t":256,"pd":80,"idx":1,"us":[300789,300790,300791]}
1:出牌12
通知其他人1出牌:{"dt":30,"c":12,"t":128,"pd":80,"it":false,"idx":1,"dr":false,"us":[300789,300790,300791,300792]}
通知0-528
0摸牌13
通知玩家0摸牌:{"dt":30,"pd":83,"ot":130,"m":13,"us":[300791]}
通知其他玩家有摸牌事件:{"dt":30,"t":256,"pd":83,"idx":0,"us":[300789,300790,300792]}
0摸牌13
通知玩家0摸牌:{"dt":30,"pd":82,"ot":130,"m":13,"us":[300791]}
通知其他玩家有摸牌事件:{"dt":30,"t":256,"pd":82,"idx":0,"us":[300789,300790,300792]}
0摸牌13
0没有听牌，且可以听牌
通知玩家0摸牌:{"dt":30,"pd":81,"ot":194,"m":13,"us":[300791],"ts":[{"chu":4,"hu":[11,12,14]},{"chu":12,"hu":[4]}]}
通知其他玩家有摸牌事件:{"dt":30,"t":256,"pd":81,"idx":0,"us":[300789,300790,300792]}
0:出牌4
通知其他人0出牌:{"dt":30,"c":4,"t":128,"pd":81,"it":true,"idx":0,"dr":false,"us":[300789,300790,300791,300792]}
1摸牌13
通知玩家1摸牌:{"dt":30,"pd":80,"ot":130,"m":13,"us":[300792]}
通知其他玩家有摸牌事件:{"dt":30,"t":256,"pd":80,"idx":1,"us":[300789,300790,300791]}
1:出牌12
通知其他人1出牌:{"dt":30,"c":12,"t":128,"pd":80,"it":false,"idx":1,"dr":false,"us":[300789,300790,300791,300792]}
通知0-528
0摸牌13
通知玩家0摸牌:{"dt":30,"pd":83,"ot":130,"m":13,"us":[300791]}
通知其他玩家有摸牌事件:{"dt":30,"t":256,"pd":83,"idx":0,"us":[300789,300790,300792]}
0摸牌13
通知玩家0摸牌:{"dt":30,"pd":82,"ot":130,"m":13,"us":[300791]}
通知其他玩家有摸牌事件:{"dt":30,"t":256,"pd":82,"idx":0,"us":[300789,300790,300792]}
0摸牌13
0没有听牌，且可以听牌
通知玩家0摸牌:{"dt":30,"pd":81,"ot":194,"m":13,"us":[300791],"ts":[{"chu":4,"hu":[11,12,14]},{"chu":12,"hu":[4]}]}
通知其他玩家有摸牌事件:{"dt":30,"t":256,"pd":81,"idx":0,"us":[300789,300790,300792]}
0:出牌4
通知其他人0出牌:{"dt":30,"c":4,"t":128,"pd":81,"it":true,"idx":0,"dr":false,"us":[300789,300790,300791,300792]}
1摸牌13
通知玩家1摸牌:{"dt":30,"pd":80,"ot":130,"m":13,"us":[300792]}
通知其他玩家有摸牌事件:{"dt":30,"t":256,"pd":80,"idx":1,"us":[300789,300790,300791]}
1:出牌12
通知其他人1出牌:{"dt":30,"c":12,"t":128,"pd":80,"it":false,"idx":1,"dr":false,"us":[300789,300790,300791,300792]}
通知0-528
0摸牌13
通知玩家0摸牌:{"dt":30,"pd":83,"ot":130,"m":13,"us":[300791]}
通知其他玩家有摸牌事件:{"dt":30,"t":256,"pd":83,"idx":0,"us":[300789,300790,300792]}
0摸牌13
通知玩家0摸牌:{"dt":30,"pd":82,"ot":130,"m":13,"us":[300791]}
通知其他玩家有摸牌事件:{"dt":30,"t":256,"pd":82,"idx":0,"us":[300789,300790,300792]}
0摸牌13
0没有听牌，且可以听牌
通知玩家0摸牌:{"dt":30,"pd":81,"ot":194,"m":13,"us":[300791],"ts":[{"chu":4,"hu":[11,12,14]},{"chu":12,"hu":[4]}]}
通知其他玩家有摸牌事件:{"dt":30,"t":256,"pd":81,"idx":0,"us":[300789,300790,300792]}
0:出牌4
通知其他人0出牌:{"dt":30,"c":4,"t":128,"pd":81,"it":true,"idx":0,"dr":false,"us":[300789,300790,300791,300792]}
1摸牌13
通知玩家1摸牌:{"dt":30,"pd":80,"ot":130,"m":13,"us":[300792]}
通知其他玩家有摸牌事件:{"dt":30,"t":256,"pd":80,"idx":1,"us":[300789,300790,300791]}
1:出牌12
通知其他人1出牌:{"dt":30,"c":12,"t":128,"pd":80,"it":false,"idx":1,"dr":false,"us":[300789,300790,300791,300792]}
通知0-528
2017-02-23 17:05:49pais:{"dt":30,"hz":-1,"s":0,"pd":84,"sz":[1,1],"pai":[4,0,0,0,4,0,0,0,4,0,0,0,1,0,0,0,0,0,0,0,0,0,0,0,0,0,0,0,0,0,0,0,0,0],"z":0,"us":[300791]}
2017-02-23 17:05:49pais:{"dt":30,"hz":-1,"s":0,"pd":84,"sz":[1,1],"pai":[0,4,0,0,0,4,0,0,0,4,0,0,1,0,0,0,0,0,0,0,0,0,0,0,0,0,0,0,0,0,0,0,0,0],"z":0,"us":[300792]}
2017-02-23 17:05:49pais:{"dt":30,"hz":-1,"s":0,"pd":84,"sz":[1,1],"pai":[0,0,4,0,0,0,4,0,0,0,4,0,1,0,0,0,0,0,0,0,0,0,0,0,0,0,0,0,0,0,0,0,0,0],"z":0,"us":[300789]}
2017-02-23 17:05:49pais:{"dt":30,"hz":-1,"s":0,"pd":84,"sz":[1,1],"pai":[0,0,0,4,0,0,0,4,0,0,0,4,1,0,0,0,0,0,0,0,0,0,0,0,0,0,0,0,0,0,0,0,0,0],"z":0,"us":[300790]}
0摸牌13
通知玩家0摸牌:{"dt":30,"pd":83,"ot":130,"m":13,"us":[300791]}
通知其他玩家有摸牌事件:{"dt":30,"t":256,"pd":83,"idx":0,"us":[300789,300790,300792]}
0摸牌13
通知玩家0摸牌:{"dt":30,"pd":82,"ot":130,"m":13,"us":[300791]}
通知其他玩家有摸牌事件:{"dt":30,"t":256,"pd":82,"idx":0,"us":[300789,300790,300792]}
0摸牌13
0没有听牌，且可以听牌
通知玩家0摸牌:{"dt":30,"pd":81,"ot":194,"m":13,"us":[300791],"ts":[{"chu":4,"hu":[11,12,14]},{"chu":12,"hu":[4]}]}
通知其他玩家有摸牌事件:{"dt":30,"t":256,"pd":81,"idx":0,"us":[300789,300790,300792]}
0摸牌13
0没有听牌，且可以听牌
通知玩家0摸牌:{"dt":30,"pd":80,"ot":194,"m":13,"us":[300791],"ts":[{"chu":12,"hu":[13]},{"chu":13,"hu":[11,12,14]}]}
通知其他玩家有摸牌事件:{"dt":30,"t":256,"pd":80,"idx":0,"us":[300789,300790,300792]}
0:出牌13
通知其他人0出牌:{"dt":30,"c":13,"t":128,"pd":80,"it":true,"idx":0,"dr":false,"us":[300789,300790,300791,300792]}
1摸牌14
通知玩家1摸牌:{"dt":30,"pd":79,"ot":130,"m":14,"us":[300792]}
通知其他玩家有摸牌事件:{"dt":30,"t":256,"pd":79,"idx":1,"us":[300789,300790,300791]}
1:出牌12
通知其他人1出牌:{"dt":30,"c":12,"t":128,"pd":79,"it":false,"idx":1,"dr":false,"us":[300789,300790,300791,300792]}
通知0-528
0摸牌13
通知玩家0摸牌:{"dt":30,"pd":83,"ot":130,"m":13,"us":[300791]}
通知其他玩家有摸牌事件:{"dt":30,"t":256,"pd":83,"idx":0,"us":[300789,300790,300792]}
0摸牌13
通知玩家0摸牌:{"dt":30,"pd":82,"ot":130,"m":13,"us":[300791]}
通知其他玩家有摸牌事件:{"dt":30,"t":256,"pd":82,"idx":0,"us":[300789,300790,300792]}
0摸牌13
0没有听牌，且可以听牌
通知玩家0摸牌:{"dt":30,"pd":81,"ot":194,"m":13,"us":[300791],"ts":[{"chu":4,"hu":[11,12,14]},{"chu":12,"hu":[4]}]}
通知其他玩家有摸牌事件:{"dt":30,"t":256,"pd":81,"idx":0,"us":[300789,300790,300792]}
0:出牌4
通知其他人0出牌:{"dt":30,"c":4,"t":128,"pd":81,"it":true,"idx":0,"dr":false,"us":[300789,300790,300791,300792]}
1摸牌13
通知玩家1摸牌:{"dt":30,"pd":80,"ot":130,"m":13,"us":[300792]}
通知其他玩家有摸牌事件:{"dt":30,"t":256,"pd":80,"idx":1,"us":[300789,300790,300791]}
1:出牌12
通知其他人1出牌:{"dt":30,"c":12,"t":128,"pd":80,"it":false,"idx":1,"dr":false,"us":[300789,300790,300791,300792]}
通知0-528
0摸牌13
通知玩家0摸牌:{"dt":30,"pd":83,"ot":130,"m":13,"us":[300791]}
通知其他玩家有摸牌事件:{"dt":30,"t":256,"pd":83,"idx":0,"us":[300789,300790,300792]}
0摸牌13
通知玩家0摸牌:{"dt":30,"pd":82,"ot":130,"m":13,"us":[300791]}
通知其他玩家有摸牌事件:{"dt":30,"t":256,"pd":82,"idx":0,"us":[300789,300790,300792]}
0摸牌13
0没有听牌，且可以听牌
通知玩家0摸牌:{"dt":30,"pd":81,"ot":194,"m":13,"us":[300791],"ts":[{"chu":4,"hu":[11,12,14]},{"chu":12,"hu":[4]}]}
通知其他玩家有摸牌事件:{"dt":30,"t":256,"pd":81,"idx":0,"us":[300789,300790,300792]}
0摸牌13
0没有听牌，且可以听牌
通知玩家0摸牌:{"dt":30,"pd":80,"ot":194,"m":13,"us":[300791],"ts":[{"chu":12,"hu":[13]},{"chu":13,"hu":[11,12,14]}]}
通知其他玩家有摸牌事件:{"dt":30,"t":256,"pd":80,"idx":0,"us":[300789,300790,300792]}
0:出牌13
通知其他人0出牌:{"dt":30,"c":13,"t":128,"pd":80,"it":true,"idx":0,"dr":false,"us":[300789,300790,300791,300792]}
1摸牌14
通知玩家1摸牌:{"dt":30,"pd":79,"ot":130,"m":14,"us":[300792]}
通知其他玩家有摸牌事件:{"dt":30,"t":256,"pd":79,"idx":1,"us":[300789,300790,300791]}
1:出牌12
通知其他人1出牌:{"dt":30,"c":12,"t":128,"pd":79,"it":false,"idx":1,"dr":false,"us":[300789,300790,300791,300792]}
通知0-528
0摸牌13
通知玩家0摸牌:{"dt":30,"pd":83,"ot":130,"m":13,"us":[300791]}
通知其他玩家有摸牌事件:{"dt":30,"t":256,"pd":83,"idx":0,"us":[300789,300790,300792]}
0摸牌13
通知玩家0摸牌:{"dt":30,"pd":82,"ot":130,"m":13,"us":[300791]}
通知其他玩家有摸牌事件:{"dt":30,"t":256,"pd":82,"idx":0,"us":[300789,300790,300792]}
0摸牌13
0没有听牌，且可以听牌
通知玩家0摸牌:{"dt":30,"pd":81,"ot":194,"m":13,"us":[300791],"ts":[{"chu":4,"hu":[11,12,14]},{"chu":12,"hu":[4]}]}
通知其他玩家有摸牌事件:{"dt":30,"t":256,"pd":81,"idx":0,"us":[300789,300790,300792]}
0摸牌13
0没有听牌，且可以听牌
通知玩家0摸牌:{"dt":30,"pd":80,"ot":194,"m":13,"us":[300791],"ts":[{"chu":12,"hu":[13]},{"chu":13,"hu":[11,12,14]}]}
通知其他玩家有摸牌事件:{"dt":30,"t":256,"pd":80,"idx":0,"us":[300789,300790,300792]}
0:出牌13
通知其他人0出牌:{"dt":30,"c":13,"t":128,"pd":80,"it":true,"idx":0,"dr":false,"us":[300789,300790,300791,300792]}
1摸牌14
通知玩家1摸牌:{"dt":30,"pd":79,"ot":130,"m":14,"us":[300792]}
通知其他玩家有摸牌事件:{"dt":30,"t":256,"pd":79,"idx":1,"us":[300789,300790,300791]}
1:出牌12
通知其他人1出牌:{"dt":30,"c":12,"t":128,"pd":79,"it":false,"idx":1,"dr":false,"us":[300789,300790,300791,300792]}
通知0-528
2017-02-23 18:29:57pais:{"dt":30,"hz":-1,"s":0,"pd":56,"sz":[5,6],"pai":[4,0,0,0,4,0,0,0,4,0,0,0,1,0,0,0,0,0,0,0,0,0,0,0,0,0,0,0,0,0,0,0,0,0],"z":0,"us":[300627]}
2017-02-23 18:29:57pais:{"dt":30,"hz":-1,"s":0,"pd":56,"sz":[5,6],"pai":[0,4,0,0,0,4,0,0,0,4,0,0,1,0,0,0,0,0,0,0,0,0,0,0,0,0,0,0,0,0,0,0,0,0],"z":0,"us":[300647]}
2017-02-23 18:29:57pais:{"dt":30,"hz":-1,"s":0,"pd":56,"sz":[5,6],"pai":[0,0,4,0,0,0,4,0,0,0,4,0,1,0,0,0,0,0,0,0,0,0,0,0,0,0,0,0,0,0,0,0,0,0],"z":0,"us":[300681]}
2017-02-23 18:29:57pais:{"dt":30,"hz":-1,"s":0,"pd":56,"sz":[5,6],"pai":[0,0,0,4,0,0,0,4,0,0,0,4,1,0,0,0,0,0,0,0,0,0,0,0,0,0,0,0,0,0,0,0,0,0],"z":0,"us":[300682]}
0摸牌13
通知玩家0摸牌:{"dt":30,"pd":55,"ot":130,"m":13,"us":[300627]}
通知其他玩家有摸牌事件:{"dt":30,"t":256,"pd":55,"idx":0,"us":[300647,300681,300682]}
2017-02-23 18:32:36pais:{"dt":30,"hz":-1,"s":0,"pd":84,"sz":[6,6],"pai":[4,0,0,0,4,0,0,0,4,0,0,0,1,0,0,0,0,0,0,0,0,0,0,0,0,0,0,0,0,0,0,0,0,0],"z":0,"us":[300791]}
2017-02-23 18:32:36pais:{"dt":30,"hz":-1,"s":0,"pd":84,"sz":[6,6],"pai":[0,4,0,0,0,4,0,0,0,4,0,0,1,0,0,0,0,0,0,0,0,0,0,0,0,0,0,0,0,0,0,0,0,0],"z":0,"us":[300792]}
2017-02-23 18:32:36pais:{"dt":30,"hz":-1,"s":0,"pd":84,"sz":[6,6],"pai":[0,0,4,0,0,0,4,0,0,0,4,0,1,0,0,0,0,0,0,0,0,0,0,0,0,0,0,0,0,0,0,0,0,0],"z":0,"us":[300789]}
2017-02-23 18:32:36pais:{"dt":30,"hz":-1,"s":0,"pd":84,"sz":[6,6],"pai":[0,0,0,4,0,0,0,4,0,0,0,4,1,0,0,0,0,0,0,0,0,0,0,0,0,0,0,0,0,0,0,0,0,0],"z":0,"us":[300790]}
0摸牌13
通知玩家0摸牌:{"dt":30,"pd":83,"ot":130,"m":13,"us":[300791]}
通知其他玩家有摸牌事件:{"dt":30,"t":256,"pd":83,"idx":0,"us":[300789,300790,300792]}
0摸牌13
通知玩家0摸牌:{"dt":30,"pd":82,"ot":130,"m":13,"us":[300791]}
通知其他玩家有摸牌事件:{"dt":30,"t":256,"pd":82,"idx":0,"us":[300789,300790,300792]}
0摸牌13
0没有听牌，且可以听牌
通知玩家0摸牌:{"dt":30,"pd":81,"ot":194,"m":13,"us":[300791],"ts":[{"chu":4,"hu":[11,12,14]},{"chu":12,"hu":[4]}]}
通知其他玩家有摸牌事件:{"dt":30,"t":256,"pd":81,"idx":0,"us":[300789,300790,300792]}
0:出牌4
通知其他人0出牌:{"dt":30,"c":4,"t":128,"pd":81,"it":true,"idx":0,"dr":false,"us":[300789,300790,300791,300792]}
1摸牌13
通知玩家1摸牌:{"dt":30,"pd":80,"ot":130,"m":13,"us":[300792]}
通知其他玩家有摸牌事件:{"dt":30,"t":256,"pd":80,"idx":1,"us":[300789,300790,300791]}
1:出牌12
通知其他人1出牌:{"dt":30,"c":12,"t":128,"pd":80,"it":false,"idx":1,"dr":false,"us":[300789,300790,300791,300792]}
2摸牌14
通知玩家2摸牌:{"dt":30,"pd":79,"ot":130,"m":14,"us":[300789]}
通知其他玩家有摸牌事件:{"dt":30,"t":256,"pd":79,"idx":2,"us":[300790,300791,300792]}
2:出牌12
通知其他人2出牌:{"dt":30,"c":12,"t":128,"pd":79,"it":false,"idx":2,"dr":false,"us":[300789,300790,300791,300792]}
3摸牌14
通知玩家3摸牌:{"dt":30,"pd":78,"ot":130,"m":14,"us":[300790]}
通知其他玩家有摸牌事件:{"dt":30,"t":256,"pd":78,"idx":3,"us":[300789,300791,300792]}
3:出牌14
通知其他人3出牌:{"dt":30,"c":14,"t":128,"pd":78,"it":false,"idx":3,"dr":false,"us":[300789,300790,300791,300792]}
0摸牌14
0已经听牌
通知玩家0摸牌:{"dt":30,"pd":77,"ot":144,"m":14,"us":[300791]}
通知其他玩家有摸牌事件:{"dt":30,"t":256,"pd":77,"idx":0,"us":[300789,300790,300792]}
0摸牌13
通知玩家0摸牌:{"dt":30,"pd":83,"ot":130,"m":13,"us":[300791]}
通知其他玩家有摸牌事件:{"dt":30,"t":256,"pd":83,"idx":0,"us":[300789,300790,300792]}
2017-02-23 18:37:02pais:{"dt":30,"hz":-1,"s":0,"pd":84,"sz":[6,5],"pai":[4,0,0,0,4,0,0,0,4,0,0,0,1,0,0,0,0,0,0,0,0,0,0,0,0,0,0,0,0,0,0,0,0,0],"z":0,"us":[300791]}
2017-02-23 18:37:02pais:{"dt":30,"hz":-1,"s":0,"pd":84,"sz":[6,5],"pai":[0,4,0,0,0,4,0,0,0,4,0,0,1,0,0,0,0,0,0,0,0,0,0,0,0,0,0,0,0,0,0,0,0,0],"z":0,"us":[300792]}
2017-02-23 18:37:02pais:{"dt":30,"hz":-1,"s":0,"pd":84,"sz":[6,5],"pai":[0,0,4,0,0,0,4,0,0,0,4,0,1,0,0,0,0,0,0,0,0,0,0,0,0,0,0,0,0,0,0,0,0,0],"z":0,"us":[300789]}
2017-02-23 18:37:02pais:{"dt":30,"hz":-1,"s":0,"pd":84,"sz":[6,5],"pai":[0,0,0,4,0,0,0,4,0,0,0,4,1,0,0,0,0,0,0,0,0,0,0,0,0,0,0,0,0,0,0,0,0,0],"z":0,"us":[300790]}
0摸牌13
通知玩家0摸牌:{"dt":30,"pd":83,"ot":130,"m":13,"us":[300791]}
通知其他玩家有摸牌事件:{"dt":30,"t":256,"pd":83,"idx":0,"us":[300789,300790,300792]}
0摸牌13
通知玩家0摸牌:{"dt":30,"pd":82,"ot":130,"m":13,"us":[300791]}
通知其他玩家有摸牌事件:{"dt":30,"t":256,"pd":82,"idx":0,"us":[300789,300790,300792]}
0摸牌13
0没有听牌，且可以听牌
通知玩家0摸牌:{"dt":30,"pd":81,"ot":194,"m":13,"us":[300791],"ts":[{"chu":4,"hu":[11,12,14]},{"chu":12,"hu":[4]}]}
通知其他玩家有摸牌事件:{"dt":30,"t":256,"pd":81,"idx":0,"us":[300789,300790,300792]}
0:出牌4
通知其他人0出牌:{"dt":30,"c":4,"t":128,"pd":81,"it":true,"idx":0,"dr":false,"us":[300789,300790,300791,300792]}
1摸牌13
通知玩家1摸牌:{"dt":30,"pd":80,"ot":130,"m":13,"us":[300792]}
通知其他玩家有摸牌事件:{"dt":30,"t":256,"pd":80,"idx":1,"us":[300789,300790,300791]}
1:出牌12
通知其他人1出牌:{"dt":30,"c":12,"t":128,"pd":80,"it":false,"idx":1,"dr":false,"us":[300789,300790,300791,300792]}
通知0-528
0摸牌13
通知玩家0摸牌:{"dt":30,"pd":83,"ot":130,"m":13,"us":[300791]}
通知其他玩家有摸牌事件:{"dt":30,"t":256,"pd":83,"idx":0,"us":[300789,300790,300792]}
2017-02-23 18:38:31pais:{"dt":30,"hz":-1,"s":0,"pd":84,"sz":[5,1],"pai":[4,0,0,0,4,0,0,0,4,0,0,0,1,0,0,0,0,0,0,0,0,0,0,0,0,0,0,0,0,0,0,0,0,0],"z":0,"us":[300791]}
2017-02-23 18:38:31pais:{"dt":30,"hz":-1,"s":0,"pd":84,"sz":[5,1],"pai":[0,4,0,0,0,4,0,0,0,4,0,0,1,0,0,0,0,0,0,0,0,0,0,0,0,0,0,0,0,0,0,0,0,0],"z":0,"us":[300792]}
2017-02-23 18:38:31pais:{"dt":30,"hz":-1,"s":0,"pd":84,"sz":[5,1],"pai":[0,0,4,0,0,0,4,0,0,0,4,0,1,0,0,0,0,0,0,0,0,0,0,0,0,0,0,0,0,0,0,0,0,0],"z":0,"us":[300789]}
2017-02-23 18:38:31pais:{"dt":30,"hz":-1,"s":0,"pd":84,"sz":[5,1],"pai":[0,0,0,4,0,0,0,4,0,0,0,4,1,0,0,0,0,0,0,0,0,0,0,0,0,0,0,0,0,0,0,0,0,0],"z":0,"us":[300790]}
0摸牌13
通知玩家0摸牌:{"dt":30,"pd":83,"ot":130,"m":13,"us":[300791]}
通知其他玩家有摸牌事件:{"dt":30,"t":256,"pd":83,"idx":0,"us":[300789,300790,300792]}
0摸牌13
通知玩家0摸牌:{"dt":30,"pd":82,"ot":130,"m":13,"us":[300791]}
通知其他玩家有摸牌事件:{"dt":30,"t":256,"pd":82,"idx":0,"us":[300789,300790,300792]}
0摸牌13
0没有听牌，且可以听牌
通知玩家0摸牌:{"dt":30,"pd":81,"ot":194,"m":13,"us":[300791],"ts":[{"chu":4,"hu":[11,12,14]},{"chu":12,"hu":[4]}]}
通知其他玩家有摸牌事件:{"dt":30,"t":256,"pd":81,"idx":0,"us":[300789,300790,300792]}
0摸牌13
0没有听牌，且可以听牌
通知玩家0摸牌:{"dt":30,"pd":80,"ot":194,"m":13,"us":[300791],"ts":[{"chu":12,"hu":[13]},{"chu":13,"hu":[11,12,14]}]}
通知其他玩家有摸牌事件:{"dt":30,"t":256,"pd":80,"idx":0,"us":[300789,300790,300792]}
0摸牌14
0没有听牌，且可以听牌
通知玩家0摸牌:{"dt":30,"pd":79,"ot":192,"m":14,"us":[300791],"ts":[{"chu":12,"hu":[14]},{"chu":14,"hu":[12]}]}
通知其他玩家有摸牌事件:{"dt":30,"t":256,"pd":79,"idx":0,"us":[300789,300790,300792]}
0:出牌14
通知其他人0出牌:{"dt":30,"c":14,"t":128,"pd":79,"it":true,"idx":0,"dr":false,"us":[300789,300790,300791,300792]}
1摸牌14
通知玩家1摸牌:{"dt":30,"pd":78,"ot":130,"m":14,"us":[300792]}
通知其他玩家有摸牌事件:{"dt":30,"t":256,"pd":78,"idx":1,"us":[300789,300790,300791]}
1:出牌12
通知其他人1出牌:{"dt":30,"c":12,"t":128,"pd":78,"it":false,"idx":1,"dr":false,"us":[300789,300790,300791,300792]}
通知0-528
0摸牌13
通知玩家0摸牌:{"dt":30,"pd":83,"ot":130,"m":13,"us":[300791]}
通知其他玩家有摸牌事件:{"dt":30,"t":256,"pd":83,"idx":0,"us":[300789,300790,300792]}
0摸牌13
通知玩家0摸牌:{"dt":30,"pd":82,"ot":130,"m":13,"us":[300791]}
通知其他玩家有摸牌事件:{"dt":30,"t":256,"pd":82,"idx":0,"us":[300789,300790,300792]}
0摸牌13
0没有听牌，且可以听牌
通知玩家0摸牌:{"dt":30,"pd":81,"ot":194,"m":13,"us":[300791],"ts":[{"chu":4,"hu":[11,12,14]},{"chu":12,"hu":[4]}]}
通知其他玩家有摸牌事件:{"dt":30,"t":256,"pd":81,"idx":0,"us":[300789,300790,300792]}
0摸牌13
0没有听牌，且可以听牌
通知玩家0摸牌:{"dt":30,"pd":80,"ot":194,"m":13,"us":[300791],"ts":[{"chu":12,"hu":[13]},{"chu":13,"hu":[11,12,14]}]}
通知其他玩家有摸牌事件:{"dt":30,"t":256,"pd":80,"idx":0,"us":[300789,300790,300792]}
0摸牌14
0没有听牌，且可以听牌
通知玩家0摸牌:{"dt":30,"pd":79,"ot":192,"m":14,"us":[300791],"ts":[{"chu":12,"hu":[14]},{"chu":14,"hu":[12]}]}
通知其他玩家有摸牌事件:{"dt":30,"t":256,"pd":79,"idx":0,"us":[300789,300790,300792]}
0:出牌14
通知其他人0出牌:{"dt":30,"c":14,"t":128,"pd":79,"it":true,"idx":0,"dr":false,"us":[300789,300790,300791,300792]}
1摸牌14
通知玩家1摸牌:{"dt":30,"pd":78,"ot":130,"m":14,"us":[300792]}
通知其他玩家有摸牌事件:{"dt":30,"t":256,"pd":78,"idx":1,"us":[300789,300790,300791]}
1:出牌12
通知其他人1出牌:{"dt":30,"c":12,"t":128,"pd":78,"it":false,"idx":1,"dr":false,"us":[300789,300790,300791,300792]}
通知0-528
0摸牌13
通知玩家0摸牌:{"dt":30,"pd":83,"ot":130,"m":13,"us":[300791]}
通知其他玩家有摸牌事件:{"dt":30,"t":256,"pd":83,"idx":0,"us":[300789,300790,300792]}
0摸牌13
通知玩家0摸牌:{"dt":30,"pd":82,"ot":130,"m":13,"us":[300791]}
通知其他玩家有摸牌事件:{"dt":30,"t":256,"pd":82,"idx":0,"us":[300789,300790,300792]}
0摸牌13
0没有听牌，且可以听牌
通知玩家0摸牌:{"dt":30,"pd":81,"ot":194,"m":13,"us":[300791],"ts":[{"chu":4,"hu":[11,12,14]},{"chu":12,"hu":[4]}]}
通知其他玩家有摸牌事件:{"dt":30,"t":256,"pd":81,"idx":0,"us":[300789,300790,300792]}
0:出牌4
通知其他人0出牌:{"dt":30,"c":4,"t":128,"pd":81,"it":true,"idx":0,"dr":false,"us":[300789,300790,300791,300792]}
1摸牌13
通知玩家1摸牌:{"dt":30,"pd":80,"ot":130,"m":13,"us":[300792]}
通知其他玩家有摸牌事件:{"dt":30,"t":256,"pd":80,"idx":1,"us":[300789,300790,300791]}
1摸牌14
1没有听牌，且可以听牌
通知玩家1摸牌:{"dt":30,"pd":79,"ot":194,"m":14,"us":[300792],"ts":[{"chu":5,"hu":[9]},{"chu":9,"hu":[5]}]}
通知其他玩家有摸牌事件:{"dt":30,"t":256,"pd":79,"idx":1,"us":[300789,300790,300791]}
1摸牌14
1没有听牌，且可以听牌
通知玩家1摸牌:{"dt":30,"pd":78,"ot":194,"m":14,"us":[300792],"ts":[{"chu":5,"hu":[11,14]},{"chu":14,"hu":[5]}]}
通知其他玩家有摸牌事件:{"dt":30,"t":256,"pd":78,"idx":1,"us":[300789,300790,300791]}
1:出牌5
通知其他人1出牌:{"dt":30,"c":5,"t":128,"pd":78,"it":true,"idx":1,"dr":false,"us":[300789,300790,300791,300792]}
2摸牌14
通知玩家2摸牌:{"dt":30,"pd":77,"ot":130,"m":14,"us":[300789]}
通知其他玩家有摸牌事件:{"dt":30,"t":256,"pd":77,"idx":2,"us":[300790,300791,300792]}
2摸牌14
2没有听牌，且可以听牌
通知玩家2摸牌:{"dt":30,"pd":76,"ot":194,"m":14,"us":[300789],"ts":[{"chu":2,"hu":[11]}]}
通知其他玩家有摸牌事件:{"dt":30,"t":256,"pd":76,"idx":2,"us":[300790,300791,300792]}
2:出牌10
通知其他人2出牌:{"dt":30,"c":10,"t":128,"pd":76,"it":false,"idx":2,"dr":false,"us":[300789,300790,300791,300792]}
3摸牌15
通知玩家3摸牌:{"dt":30,"pd":75,"ot":130,"m":15,"us":[300790]}
通知其他玩家有摸牌事件:{"dt":30,"t":256,"pd":75,"idx":3,"us":[300789,300791,300792]}
3:出牌11
通知其他人3出牌:{"dt":30,"c":11,"t":128,"pd":75,"it":false,"idx":3,"dr":false,"us":[300789,300790,300791,300792]}
通知0-528
0摸牌13
通知玩家0摸牌:{"dt":30,"pd":83,"ot":130,"m":13,"us":[300791]}
通知其他玩家有摸牌事件:{"dt":30,"t":256,"pd":83,"idx":0,"us":[300789,300790,300792]}
0摸牌13
通知玩家0摸牌:{"dt":30,"pd":82,"ot":130,"m":13,"us":[300791]}
通知其他玩家有摸牌事件:{"dt":30,"t":256,"pd":82,"idx":0,"us":[300789,300790,300792]}
0摸牌13
0没有听牌，且可以听牌
通知玩家0摸牌:{"dt":30,"pd":81,"ot":194,"m":13,"us":[300791],"ts":[{"chu":8,"hu":[11,12,14]},{"chu":12,"hu":[8]}]}
通知其他玩家有摸牌事件:{"dt":30,"t":256,"pd":81,"idx":0,"us":[300789,300790,300792]}
0:出牌8
通知其他人0出牌:{"dt":30,"c":8,"t":128,"pd":81,"it":true,"idx":0,"dr":false,"us":[300789,300790,300791,300792]}
1摸牌13
通知玩家1摸牌:{"dt":30,"pd":80,"ot":130,"m":13,"us":[300792]}
通知其他玩家有摸牌事件:{"dt":30,"t":256,"pd":80,"idx":1,"us":[300789,300790,300791]}
1:出牌12
通知其他人1出牌:{"dt":30,"c":12,"t":128,"pd":80,"it":false,"idx":1,"dr":false,"us":[300789,300790,300791,300792]}
通知0-528
2017-02-23 18:42:57pais:{"dt":30,"hz":-1,"s":0,"pd":84,"sz":[4,3],"pai":[4,0,0,0,4,0,0,0,4,0,0,0,1,0,0,0,0,0,0,0,0,0,0,0,0,0,0,0,0,0,0,0,0,0],"z":0,"us":[300791]}
2017-02-23 18:42:57pais:{"dt":30,"hz":-1,"s":0,"pd":84,"sz":[4,3],"pai":[0,4,0,0,0,4,0,0,0,4,0,0,1,0,0,0,0,0,0,0,0,0,0,0,0,0,0,0,0,0,0,0,0,0],"z":0,"us":[300792]}
2017-02-23 18:42:57pais:{"dt":30,"hz":-1,"s":0,"pd":84,"sz":[4,3],"pai":[0,0,4,0,0,0,4,0,0,0,4,0,1,0,0,0,0,0,0,0,0,0,0,0,0,0,0,0,0,0,0,0,0,0],"z":0,"us":[300789]}
2017-02-23 18:42:57pais:{"dt":30,"hz":-1,"s":0,"pd":84,"sz":[4,3],"pai":[0,0,0,4,0,0,0,4,0,0,0,4,1,0,0,0,0,0,0,0,0,0,0,0,0,0,0,0,0,0,0,0,0,0],"z":0,"us":[300790]}
0摸牌13
通知玩家0摸牌:{"dt":30,"pd":83,"ot":130,"m":13,"us":[300791]}
通知其他玩家有摸牌事件:{"dt":30,"t":256,"pd":83,"idx":0,"us":[300789,300790,300792]}
0摸牌13
通知玩家0摸牌:{"dt":30,"pd":82,"ot":130,"m":13,"us":[300791]}
通知其他玩家有摸牌事件:{"dt":30,"t":256,"pd":82,"idx":0,"us":[300789,300790,300792]}
0摸牌13
0没有听牌，且可以听牌
通知玩家0摸牌:{"dt":30,"pd":81,"ot":194,"m":13,"us":[300791],"ts":[{"chu":4,"hu":[11,12,14]},{"chu":12,"hu":[4]}]}
通知其他玩家有摸牌事件:{"dt":30,"t":256,"pd":81,"idx":0,"us":[300789,300790,300792]}
0摸牌13
0没有听牌，且可以听牌
通知玩家0摸牌:{"dt":30,"pd":80,"ot":194,"m":13,"us":[300791],"ts":[{"chu":12,"hu":[13]},{"chu":13,"hu":[11,12,14]}]}
通知其他玩家有摸牌事件:{"dt":30,"t":256,"pd":80,"idx":0,"us":[300789,300790,300792]}
0:出牌13
通知其他人0出牌:{"dt":30,"c":13,"t":128,"pd":80,"it":true,"idx":0,"dr":false,"us":[300789,300790,300791,300792]}
1摸牌14
通知玩家1摸牌:{"dt":30,"pd":79,"ot":130,"m":14,"us":[300792]}
通知其他玩家有摸牌事件:{"dt":30,"t":256,"pd":79,"idx":1,"us":[300789,300790,300791]}
1:出牌14
通知其他人1出牌:{"dt":30,"c":14,"t":128,"pd":79,"it":false,"idx":1,"dr":false,"us":[300789,300790,300791,300792]}
通知0-528
0摸牌13
通知玩家0摸牌:{"dt":30,"pd":83,"ot":130,"m":13,"us":[300791]}
通知其他玩家有摸牌事件:{"dt":30,"t":256,"pd":83,"idx":0,"us":[300789,300790,300792]}
0摸牌13
通知玩家0摸牌:{"dt":30,"pd":82,"ot":130,"m":13,"us":[300791]}
通知其他玩家有摸牌事件:{"dt":30,"t":256,"pd":82,"idx":0,"us":[300789,300790,300792]}
0摸牌13
0没有听牌，且可以听牌
通知玩家0摸牌:{"dt":30,"pd":81,"ot":194,"m":13,"us":[300791],"ts":[{"chu":0,"hu":[11,12,14]},{"chu":12,"hu":[0]}]}
通知其他玩家有摸牌事件:{"dt":30,"t":256,"pd":81,"idx":0,"us":[300789,300790,300792]}
0摸牌13
0没有听牌，且可以听牌
通知玩家0摸牌:{"dt":30,"pd":80,"ot":194,"m":13,"us":[300791],"ts":[{"chu":12,"hu":[13]},{"chu":13,"hu":[11,12,14]}]}
通知其他玩家有摸牌事件:{"dt":30,"t":256,"pd":80,"idx":0,"us":[300789,300790,300792]}
0摸牌14
0没有听牌，且可以听牌
通知玩家0摸牌:{"dt":30,"pd":79,"ot":192,"m":14,"us":[300791],"ts":[{"chu":12,"hu":[14]},{"chu":14,"hu":[12]}]}
通知其他玩家有摸牌事件:{"dt":30,"t":256,"pd":79,"idx":0,"us":[300789,300790,300792]}
0:出牌12
通知其他人0出牌:{"dt":30,"c":12,"t":128,"pd":79,"it":true,"idx":0,"dr":false,"us":[300789,300790,300791,300792]}
1摸牌14
通知玩家1摸牌:{"dt":30,"pd":78,"ot":130,"m":14,"us":[300792]}
通知其他玩家有摸牌事件:{"dt":30,"t":256,"pd":78,"idx":1,"us":[300789,300790,300791]}
1:出牌14
通知其他人1出牌:{"dt":30,"c":14,"t":128,"pd":78,"it":false,"idx":1,"dr":false,"us":[300789,300790,300791,300792]}
通知0-528
0摸牌13
通知玩家0摸牌:{"dt":30,"pd":83,"ot":130,"m":13,"us":[300791]}
通知其他玩家有摸牌事件:{"dt":30,"t":256,"pd":83,"idx":0,"us":[300789,300790,300792]}
0摸牌13
通知玩家0摸牌:{"dt":30,"pd":82,"ot":130,"m":13,"us":[300791]}
通知其他玩家有摸牌事件:{"dt":30,"t":256,"pd":82,"idx":0,"us":[300789,300790,300792]}
0摸牌13
0没有听牌，且可以听牌
通知玩家0摸牌:{"dt":30,"pd":81,"ot":194,"m":13,"us":[300791],"ts":[{"chu":8,"hu":[11,12,14]},{"chu":12,"hu":[8]}]}
通知其他玩家有摸牌事件:{"dt":30,"t":256,"pd":81,"idx":0,"us":[300789,300790,300792]}
0摸牌13
0没有听牌，且可以听牌
通知玩家0摸牌:{"dt":30,"pd":80,"ot":194,"m":13,"us":[300791],"ts":[{"chu":12,"hu":[13]},{"chu":13,"hu":[11,12,14]}]}
通知其他玩家有摸牌事件:{"dt":30,"t":256,"pd":80,"idx":0,"us":[300789,300790,300792]}
0:出牌13
通知其他人0出牌:{"dt":30,"c":13,"t":128,"pd":80,"it":true,"idx":0,"dr":false,"us":[300789,300790,300791,300792]}
1摸牌14
通知玩家1摸牌:{"dt":30,"pd":79,"ot":130,"m":14,"us":[300792]}
通知其他玩家有摸牌事件:{"dt":30,"t":256,"pd":79,"idx":1,"us":[300789,300790,300791]}
1:出牌12
通知其他人1出牌:{"dt":30,"c":12,"t":128,"pd":79,"it":false,"idx":1,"dr":false,"us":[300789,300790,300791,300792]}
通知0-528
0摸牌13
通知玩家0摸牌:{"dt":30,"pd":83,"ot":130,"m":13,"us":[300791]}
通知其他玩家有摸牌事件:{"dt":30,"t":256,"pd":83,"idx":0,"us":[300789,300790,300792]}
0摸牌13
通知玩家0摸牌:{"dt":30,"pd":82,"ot":130,"m":13,"us":[300791]}
通知其他玩家有摸牌事件:{"dt":30,"t":256,"pd":82,"idx":0,"us":[300789,300790,300792]}
0摸牌13
0没有听牌，且可以听牌
通知玩家0摸牌:{"dt":30,"pd":81,"ot":194,"m":13,"us":[300791],"ts":[{"chu":4,"hu":[11,12,14]},{"chu":12,"hu":[4]}]}
通知其他玩家有摸牌事件:{"dt":30,"t":256,"pd":81,"idx":0,"us":[300789,300790,300792]}
0摸牌13
0没有听牌，且可以听牌
通知玩家0摸牌:{"dt":30,"pd":80,"ot":194,"m":13,"us":[300791],"ts":[{"chu":12,"hu":[13]},{"chu":13,"hu":[11,12,14]}]}
通知其他玩家有摸牌事件:{"dt":30,"t":256,"pd":80,"idx":0,"us":[300789,300790,300792]}
0:出牌13
通知其他人0出牌:{"dt":30,"c":13,"t":128,"pd":80,"it":true,"idx":0,"dr":false,"us":[300789,300790,300791,300792]}
1摸牌14
通知玩家1摸牌:{"dt":30,"pd":79,"ot":130,"m":14,"us":[300792]}
通知其他玩家有摸牌事件:{"dt":30,"t":256,"pd":79,"idx":1,"us":[300789,300790,300791]}
1:出牌12
通知其他人1出牌:{"dt":30,"c":12,"t":128,"pd":79,"it":false,"idx":1,"dr":false,"us":[300789,300790,300791,300792]}
通知0-528
2017-02-23 18:46:02pais:{"dt":30,"hz":-1,"s":0,"pd":56,"sz":[5,1],"pai":[4,0,0,0,4,0,0,0,4,0,0,0,1,0,0,0,0,0,0,0,0,0,0,0,0,0,0,0,0,0,0,0,0,0],"z":0,"us":[300627]}
2017-02-23 18:46:02pais:{"dt":30,"hz":-1,"s":0,"pd":56,"sz":[5,1],"pai":[0,4,0,0,0,4,0,0,0,4,0,0,1,0,0,0,0,0,0,0,0,0,0,0,0,0,0,0,0,0,0,0,0,0],"z":0,"us":[300647]}
2017-02-23 18:46:02pais:{"dt":30,"hz":-1,"s":0,"pd":56,"sz":[5,1],"pai":[0,0,4,0,0,0,4,0,0,0,4,0,1,0,0,0,0,0,0,0,0,0,0,0,0,0,0,0,0,0,0,0,0,0],"z":0,"us":[300681]}
2017-02-23 18:46:02pais:{"dt":30,"hz":-1,"s":0,"pd":56,"sz":[5,1],"pai":[0,0,0,4,0,0,0,4,0,0,0,4,1,0,0,0,0,0,0,0,0,0,0,0,0,0,0,0,0,0,0,0,0,0],"z":0,"us":[300682]}
0摸牌13
通知玩家0摸牌:{"dt":30,"pd":55,"ot":130,"m":13,"us":[300627]}
通知其他玩家有摸牌事件:{"dt":30,"t":256,"pd":55,"idx":0,"us":[300647,300681,300682]}
2017-02-23 19:51:45pais:{"dt":30,"hz":-1,"s":0,"pd":84,"sz":[3,4],"pai":[4,0,0,0,4,0,0,0,4,0,0,0,1,0,0,0,0,0,0,0,0,0,0,0,0,0,0,0,0,0,0,0,0,0],"z":0,"us":[300777]}
2017-02-23 19:51:45pais:{"dt":30,"hz":-1,"s":0,"pd":84,"sz":[3,4],"pai":[0,4,0,0,0,4,0,0,0,4,0,0,1,0,0,0,0,0,0,0,0,0,0,0,0,0,0,0,0,0,0,0,0,0],"z":0,"us":[300778]}
2017-02-23 19:51:45pais:{"dt":30,"hz":-1,"s":0,"pd":84,"sz":[3,4],"pai":[0,0,4,0,0,0,4,0,0,0,4,0,1,0,0,0,0,0,0,0,0,0,0,0,0,0,0,0,0,0,0,0,0,0],"z":0,"us":[300805]}
2017-02-23 19:51:45pais:{"dt":30,"hz":-1,"s":0,"pd":84,"sz":[3,4],"pai":[0,0,0,4,0,0,0,4,0,0,0,4,1,0,0,0,0,0,0,0,0,0,0,0,0,0,0,0,0,0,0,0,0,0],"z":0,"us":[300779]}
0摸牌13
通知玩家0摸牌:{"dt":30,"pd":83,"ot":130,"m":13,"us":[300777]}
通知其他玩家有摸牌事件:{"dt":30,"t":256,"pd":83,"idx":0,"us":[300805,300778,300779]}
0摸牌13
通知玩家0摸牌:{"dt":30,"pd":82,"ot":130,"m":13,"us":[300777]}
通知其他玩家有摸牌事件:{"dt":30,"t":256,"pd":82,"idx":0,"us":[300805,300778,300779]}
0摸牌13
0没有听牌，且可以听牌
通知玩家0摸牌:{"dt":30,"pd":81,"ot":194,"m":13,"us":[300777],"ts":[{"chu":4,"hu":[11,12,14]},{"chu":12,"hu":[4]}]}
通知其他玩家有摸牌事件:{"dt":30,"t":256,"pd":81,"idx":0,"us":[300805,300778,300779]}
0摸牌13
0没有听牌，且可以听牌
通知玩家0摸牌:{"dt":30,"pd":80,"ot":194,"m":13,"us":[300777],"ts":[{"chu":12,"hu":[13]},{"chu":13,"hu":[11,12,14]}]}
通知其他玩家有摸牌事件:{"dt":30,"t":256,"pd":80,"idx":0,"us":[300805,300778,300779]}
0摸牌14
0没有听牌，且可以听牌
通知玩家0摸牌:{"dt":30,"pd":79,"ot":192,"m":14,"us":[300777],"ts":[{"chu":12,"hu":[14]},{"chu":14,"hu":[12]}]}
通知其他玩家有摸牌事件:{"dt":30,"t":256,"pd":79,"idx":0,"us":[300805,300778,300779]}
0:出牌12
通知其他人0出牌:{"dt":30,"c":12,"t":128,"pd":79,"it":true,"idx":0,"dr":false,"us":[300805,300777,300778,300779]}
1摸牌14
通知玩家1摸牌:{"dt":30,"pd":78,"ot":130,"m":14,"us":[300778]}
通知其他玩家有摸牌事件:{"dt":30,"t":256,"pd":78,"idx":1,"us":[300805,300777,300779]}
1摸牌14
通知玩家1摸牌:{"dt":30,"pd":77,"ot":130,"m":14,"us":[300778]}
通知其他玩家有摸牌事件:{"dt":30,"t":256,"pd":77,"idx":1,"us":[300805,300777,300779]}
1摸牌14
1没有听牌，且可以听牌
通知玩家1摸牌:{"dt":30,"pd":76,"ot":194,"m":14,"us":[300778],"ts":[{"chu":5,"hu":[12,13]},{"chu":12,"hu":[5]}]}
通知其他玩家有摸牌事件:{"dt":30,"t":256,"pd":76,"idx":1,"us":[300805,300777,300779]}
1摸牌15
1没有听牌，且可以听牌
通知玩家1摸牌:{"dt":30,"pd":75,"ot":192,"m":15,"us":[300778],"ts":[{"chu":12,"hu":[13,15,16]},{"chu":15,"hu":[12,13]}]}
通知其他玩家有摸牌事件:{"dt":30,"t":256,"pd":75,"idx":1,"us":[300805,300777,300779]}
1:出牌12
通知其他人1出牌:{"dt":30,"c":12,"t":128,"pd":75,"it":true,"idx":1,"dr":false,"us":[300805,300777,300778,300779]}
2摸牌15
通知玩家2摸牌:{"dt":30,"pd":74,"ot":130,"m":15,"us":[300805]}
通知其他玩家有摸牌事件:{"dt":30,"t":256,"pd":74,"idx":2,"us":[300777,300778,300779]}
2摸牌15
通知玩家2摸牌:{"dt":30,"pd":73,"ot":130,"m":15,"us":[300805]}
通知其他玩家有摸牌事件:{"dt":30,"t":256,"pd":73,"idx":2,"us":[300777,300778,300779]}
2摸牌15
2没有听牌，且可以听牌
通知玩家2摸牌:{"dt":30,"pd":72,"ot":194,"m":15,"us":[300805],"ts":[{"chu":6,"hu":[12]},{"chu":12,"hu":[6]}]}
通知其他玩家有摸牌事件:{"dt":30,"t":256,"pd":72,"idx":2,"us":[300777,300778,300779]}
2摸牌16
2没有听牌，且可以听牌
通知玩家2摸牌:{"dt":30,"pd":71,"ot":192,"m":16,"us":[300805],"ts":[{"chu":16,"hu":[12]},{"chu":12,"hu":[14,16,17]}]}
通知其他玩家有摸牌事件:{"dt":30,"t":256,"pd":71,"idx":2,"us":[300777,300778,300779]}
2:出牌12
通知其他人2出牌:{"dt":30,"c":12,"t":128,"pd":71,"it":true,"idx":2,"dr":false,"us":[300805,300777,300778,300779]}
3摸牌16
通知玩家3摸牌:{"dt":30,"pd":70,"ot":130,"m":16,"us":[300779]}
通知其他玩家有摸牌事件:{"dt":30,"t":256,"pd":70,"idx":3,"us":[300805,300777,300778]}
3摸牌16
通知玩家3摸牌:{"dt":30,"pd":69,"ot":130,"m":16,"us":[300779]}
通知其他玩家有摸牌事件:{"dt":30,"t":256,"pd":69,"idx":3,"us":[300805,300777,300778]}
3摸牌16
3没有听牌，且可以听牌
通知玩家3摸牌:{"dt":30,"pd":68,"ot":194,"m":16,"us":[300779],"ts":[{"chu":7,"hu":[12]},{"chu":12,"hu":[7]}]}
通知其他玩家有摸牌事件:{"dt":30,"t":256,"pd":68,"idx":3,"us":[300805,300777,300778]}
3摸牌17
3没有听牌，且可以听牌
通知玩家3摸牌:{"dt":30,"pd":67,"ot":192,"m":17,"us":[300779],"ts":[{"chu":17,"hu":[12]},{"chu":12,"hu":[15,17]}]}
通知其他玩家有摸牌事件:{"dt":30,"t":256,"pd":67,"idx":3,"us":[300805,300777,300778]}
3:出牌12
通知其他人3出牌:{"dt":30,"c":12,"t":128,"pd":67,"it":true,"idx":3,"dr":false,"us":[300805,300777,300778,300779]}
0摸牌17
0已经听牌
通知玩家0摸牌:{"dt":30,"pd":66,"ot":128,"m":17,"us":[300777]}
通知其他玩家有摸牌事件:{"dt":30,"t":256,"pd":66,"idx":0,"us":[300805,300778,300779]}
0:出牌17
通知其他人0出牌:{"dt":30,"c":17,"t":128,"pd":66,"it":false,"idx":0,"dr":false,"us":[300805,300777,300778,300779]}
1摸牌17
1已经听牌
通知玩家1摸牌:{"dt":30,"pd":65,"ot":128,"m":17,"us":[300778]}
通知其他玩家有摸牌事件:{"dt":30,"t":256,"pd":65,"idx":1,"us":[300805,300777,300779]}
1:出牌17
通知其他人1出牌:{"dt":30,"c":17,"t":128,"pd":65,"it":false,"idx":1,"dr":false,"us":[300805,300777,300778,300779]}
2摸牌17
2已经听牌
通知玩家2摸牌:{"dt":30,"pd":64,"ot":144,"m":17,"us":[300805]}
通知其他玩家有摸牌事件:{"dt":30,"t":256,"pd":64,"idx":2,"us":[300777,300778,300779]}
2摸牌13
通知玩家2摸牌:{"dt":30,"pd":83,"ot":130,"m":13,"us":[300805]}
通知其他玩家有摸牌事件:{"dt":30,"t":256,"pd":83,"idx":2,"us":[300777,300778,300779]}
2摸牌13
通知玩家2摸牌:{"dt":30,"pd":82,"ot":130,"m":13,"us":[300805]}
通知其他玩家有摸牌事件:{"dt":30,"t":256,"pd":82,"idx":2,"us":[300777,300778,300779]}
2摸牌13
2没有听牌，且可以听牌
通知玩家2摸牌:{"dt":30,"pd":81,"ot":194,"m":13,"us":[300805],"ts":[{"chu":4,"hu":[11,12,14]},{"chu":12,"hu":[4]}]}
通知其他玩家有摸牌事件:{"dt":30,"t":256,"pd":81,"idx":2,"us":[300777,300778,300779]}
2摸牌13
2没有听牌，且可以听牌
通知玩家2摸牌:{"dt":30,"pd":80,"ot":194,"m":13,"us":[300805],"ts":[{"chu":12,"hu":[13]},{"chu":13,"hu":[11,12,14]}]}
通知其他玩家有摸牌事件:{"dt":30,"t":256,"pd":80,"idx":2,"us":[300777,300778,300779]}
2摸牌14
2没有听牌，且可以听牌
通知玩家2摸牌:{"dt":30,"pd":79,"ot":192,"m":14,"us":[300805],"ts":[{"chu":12,"hu":[14]},{"chu":14,"hu":[12]}]}
通知其他玩家有摸牌事件:{"dt":30,"t":256,"pd":79,"idx":2,"us":[300777,300778,300779]}
2:出牌12
通知其他人2出牌:{"dt":30,"c":12,"t":128,"pd":79,"it":true,"idx":2,"dr":false,"us":[300805,300777,300778,300779]}
3摸牌14
通知玩家3摸牌:{"dt":30,"pd":78,"ot":130,"m":14,"us":[300779]}
通知其他玩家有摸牌事件:{"dt":30,"t":256,"pd":78,"idx":3,"us":[300805,300777,300778]}
3摸牌14
通知玩家3摸牌:{"dt":30,"pd":77,"ot":130,"m":14,"us":[300779]}
通知其他玩家有摸牌事件:{"dt":30,"t":256,"pd":77,"idx":3,"us":[300805,300777,300778]}
3摸牌14
3没有听牌，且可以听牌
通知玩家3摸牌:{"dt":30,"pd":76,"ot":194,"m":14,"us":[300779],"ts":[{"chu":5,"hu":[12,13]},{"chu":12,"hu":[5]}]}
通知其他玩家有摸牌事件:{"dt":30,"t":256,"pd":76,"idx":3,"us":[300805,300777,300778]}
3摸牌15
3没有听牌，且可以听牌
通知玩家3摸牌:{"dt":30,"pd":75,"ot":192,"m":15,"us":[300779],"ts":[{"chu":12,"hu":[13,15,16]},{"chu":15,"hu":[12,13]}]}
通知其他玩家有摸牌事件:{"dt":30,"t":256,"pd":75,"idx":3,"us":[300805,300777,300778]}
3:出牌12
通知其他人3出牌:{"dt":30,"c":12,"t":128,"pd":75,"it":true,"idx":3,"dr":false,"us":[300805,300777,300778,300779]}
0摸牌15
通知玩家0摸牌:{"dt":30,"pd":74,"ot":130,"m":15,"us":[300777]}
通知其他玩家有摸牌事件:{"dt":30,"t":256,"pd":74,"idx":0,"us":[300805,300778,300779]}
0摸牌15
0没有听牌，且可以听牌
通知玩家0摸牌:{"dt":30,"pd":73,"ot":194,"m":15,"us":[300777],"ts":[{"chu":2,"hu":[11]}]}
通知其他玩家有摸牌事件:{"dt":30,"t":256,"pd":73,"idx":0,"us":[300805,300778,300779]}
0摸牌15
0没有听牌，且可以听牌
通知玩家0摸牌:{"dt":30,"pd":72,"ot":194,"m":15,"us":[300777],"ts":[{"chu":10,"hu":[11,12]},{"chu":12,"hu":[10]},{"chu":15,"hu":[11]}]}
通知其他玩家有摸牌事件:{"dt":30,"t":256,"pd":72,"idx":0,"us":[300805,300778,300779]}
0摸牌16
0没有听牌，且可以听牌
通知玩家0摸牌:{"dt":30,"pd":71,"ot":192,"m":16,"us":[300777],"ts":[{"chu":16,"hu":[12]},{"chu":12,"hu":[14,16,17]}]}
通知其他玩家有摸牌事件:{"dt":30,"t":256,"pd":71,"idx":0,"us":[300805,300778,300779]}
0:出牌12
通知其他人0出牌:{"dt":30,"c":12,"t":128,"pd":71,"it":true,"idx":0,"dr":false,"us":[300805,300777,300778,300779]}
1摸牌16
通知玩家1摸牌:{"dt":30,"pd":70,"ot":130,"m":16,"us":[300778]}
通知其他玩家有摸牌事件:{"dt":30,"t":256,"pd":70,"idx":1,"us":[300805,300777,300779]}
1摸牌16
通知玩家1摸牌:{"dt":30,"pd":69,"ot":130,"m":16,"us":[300778]}
通知其他玩家有摸牌事件:{"dt":30,"t":256,"pd":69,"idx":1,"us":[300805,300777,300779]}
1摸牌16
1没有听牌，且可以听牌
通知玩家1摸牌:{"dt":30,"pd":68,"ot":194,"m":16,"us":[300778],"ts":[{"chu":7,"hu":[12]},{"chu":12,"hu":[7]}]}
通知其他玩家有摸牌事件:{"dt":30,"t":256,"pd":68,"idx":1,"us":[300805,300777,300779]}
1摸牌17
1没有听牌，且可以听牌
通知玩家1摸牌:{"dt":30,"pd":67,"ot":192,"m":17,"us":[300778],"ts":[{"chu":17,"hu":[12]},{"chu":12,"hu":[15,17]}]}
通知其他玩家有摸牌事件:{"dt":30,"t":256,"pd":67,"idx":1,"us":[300805,300777,300779]}
1:出牌12
通知其他人1出牌:{"dt":30,"c":12,"t":128,"pd":67,"it":true,"idx":1,"dr":false,"us":[300805,300777,300778,300779]}
2摸牌17
2已经听牌
通知玩家2摸牌:{"dt":30,"pd":66,"ot":128,"m":17,"us":[300805]}
通知其他玩家有摸牌事件:{"dt":30,"t":256,"pd":66,"idx":2,"us":[300777,300778,300779]}
2:出牌17
通知其他人2出牌:{"dt":30,"c":17,"t":128,"pd":66,"it":false,"idx":2,"dr":false,"us":[300805,300777,300778,300779]}
3摸牌17
3已经听牌
通知玩家3摸牌:{"dt":30,"pd":65,"ot":128,"m":17,"us":[300779]}
通知其他玩家有摸牌事件:{"dt":30,"t":256,"pd":65,"idx":3,"us":[300805,300777,300778]}
3:出牌17
通知其他人3出牌:{"dt":30,"c":17,"t":128,"pd":65,"it":false,"idx":3,"dr":false,"us":[300805,300777,300778,300779]}
0摸牌17
0已经听牌
通知玩家0摸牌:{"dt":30,"pd":64,"ot":144,"m":17,"us":[300777]}
通知其他玩家有摸牌事件:{"dt":30,"t":256,"pd":64,"idx":0,"us":[300805,300778,300779]}
0摸牌13
通知玩家0摸牌:{"dt":30,"pd":83,"ot":130,"m":13,"us":[300777]}
通知其他玩家有摸牌事件:{"dt":30,"t":256,"pd":83,"idx":0,"us":[300805,300778,300779]}
0摸牌13
通知玩家0摸牌:{"dt":30,"pd":82,"ot":130,"m":13,"us":[300777]}
通知其他玩家有摸牌事件:{"dt":30,"t":256,"pd":82,"idx":0,"us":[300805,300778,300779]}
0摸牌13
0没有听牌，且可以听牌
通知玩家0摸牌:{"dt":30,"pd":81,"ot":194,"m":13,"us":[300777],"ts":[{"chu":4,"hu":[11,12,14]},{"chu":12,"hu":[4]}]}
通知其他玩家有摸牌事件:{"dt":30,"t":256,"pd":81,"idx":0,"us":[300805,300778,300779]}
0摸牌13
0没有听牌，且可以听牌
通知玩家0摸牌:{"dt":30,"pd":80,"ot":194,"m":13,"us":[300777],"ts":[{"chu":12,"hu":[13]},{"chu":13,"hu":[11,12,14]}]}
通知其他玩家有摸牌事件:{"dt":30,"t":256,"pd":80,"idx":0,"us":[300805,300778,300779]}
0:出牌13
通知其他人0出牌:{"dt":30,"c":13,"t":128,"pd":80,"it":true,"idx":0,"dr":false,"us":[300805,300777,300778,300779]}
1摸牌14
通知玩家1摸牌:{"dt":30,"pd":79,"ot":130,"m":14,"us":[300778]}
通知其他玩家有摸牌事件:{"dt":30,"t":256,"pd":79,"idx":1,"us":[300805,300777,300779]}
2017-02-23 20:29:27pais:{"dt":30,"hz":-1,"s":0,"pd":56,"sz":[6,5],"pai":[4,0,0,0,4,0,0,0,4,0,0,0,1,0,0,0,0,0,0,0,0,0,0,0,0,0,0,0,0,0,0,0,0,0],"z":0,"us":[300627]}
2017-02-23 20:29:27pais:{"dt":30,"hz":-1,"s":0,"pd":56,"sz":[6,5],"pai":[0,4,0,0,0,4,0,0,0,4,0,0,1,0,0,0,0,0,0,0,0,0,0,0,0,0,0,0,0,0,0,0,0,0],"z":0,"us":[300777]}
2017-02-23 20:29:27pais:{"dt":30,"hz":-1,"s":0,"pd":56,"sz":[6,5],"pai":[0,0,4,0,0,0,4,0,0,0,4,0,1,0,0,0,0,0,0,0,0,0,0,0,0,0,0,0,0,0,0,0,0,0],"z":0,"us":[300954]}
2017-02-23 20:29:27pais:{"dt":30,"hz":-1,"s":0,"pd":56,"sz":[6,5],"pai":[0,0,0,4,0,0,0,4,0,0,0,4,1,0,0,0,0,0,0,0,0,0,0,0,0,0,0,0,0,0,0,0,0,0],"z":0,"us":[300778]}
0摸牌13
通知玩家0摸牌:{"dt":30,"pd":55,"ot":130,"m":13,"us":[300627]}
通知其他玩家有摸牌事件:{"dt":30,"t":256,"pd":55,"idx":0,"us":[300777,300954,300778]}
0:出牌12
通知其他人0出牌:{"dt":30,"c":12,"t":128,"pd":55,"it":false,"idx":0,"dr":false,"us":[300627,300777,300954,300778]}
1摸牌13
通知玩家1摸牌:{"dt":30,"pd":54,"ot":130,"m":13,"us":[300777]}
通知其他玩家有摸牌事件:{"dt":30,"t":256,"pd":54,"idx":1,"us":[300627,300954,300778]}
1摸牌13
通知玩家1摸牌:{"dt":30,"pd":53,"ot":130,"m":13,"us":[300777]}
通知其他玩家有摸牌事件:{"dt":30,"t":256,"pd":53,"idx":1,"us":[300627,300954,300778]}
1摸牌13
1没有听牌，且可以听牌
通知玩家1摸牌:{"dt":30,"pd":52,"ot":194,"m":13,"us":[300777],"ts":[{"chu":9,"hu":[11,12,14]},{"chu":12,"hu":[9]}]}
通知其他玩家有摸牌事件:{"dt":30,"t":256,"pd":52,"idx":1,"us":[300627,300954,300778]}
1:出牌9
通知其他人1出牌:{"dt":30,"c":9,"t":128,"pd":52,"it":true,"idx":1,"dr":false,"us":[300627,300777,300954,300778]}
2摸牌14
通知玩家2摸牌:{"dt":30,"pd":51,"ot":130,"m":14,"us":[300954]}
通知其他玩家有摸牌事件:{"dt":30,"t":256,"pd":51,"idx":2,"us":[300627,300777,300778]}
2017-02-23 20:51:14pais:{"dt":30,"hz":-1,"s":0,"pd":84,"sz":[5,2],"pai":[4,0,0,0,4,0,0,0,4,0,0,0,1,0,0,0,0,0,0,0,0,0,0,0,0,0,0,0,0,0,0,0,0,0],"z":0,"us":[300791]}
2017-02-23 20:51:14pais:{"dt":30,"hz":-1,"s":0,"pd":84,"sz":[5,2],"pai":[0,4,0,0,0,4,0,0,0,4,0,0,1,0,0,0,0,0,0,0,0,0,0,0,0,0,0,0,0,0,0,0,0,0],"z":0,"us":[300792]}
2017-02-23 20:51:14pais:{"dt":30,"hz":-1,"s":0,"pd":84,"sz":[5,2],"pai":[0,0,4,0,0,0,4,0,0,0,4,0,1,0,0,0,0,0,0,0,0,0,0,0,0,0,0,0,0,0,0,0,0,0],"z":0,"us":[300789]}
2017-02-23 20:51:14pais:{"dt":30,"hz":-1,"s":0,"pd":84,"sz":[5,2],"pai":[0,0,0,4,0,0,0,4,0,0,0,4,1,0,0,0,0,0,0,0,0,0,0,0,0,0,0,0,0,0,0,0,0,0],"z":0,"us":[300790]}
0摸牌13
通知玩家0摸牌:{"dt":30,"pd":83,"ot":130,"m":13,"us":[300791]}
通知其他玩家有摸牌事件:{"dt":30,"t":256,"pd":83,"idx":0,"us":[300789,300790,300792]}
0摸牌13
通知玩家0摸牌:{"dt":30,"pd":82,"ot":130,"m":13,"us":[300791]}
通知其他玩家有摸牌事件:{"dt":30,"t":256,"pd":82,"idx":0,"us":[300789,300790,300792]}
0摸牌13
0没有听牌，且可以听牌
通知玩家0摸牌:{"dt":30,"pd":81,"ot":194,"m":13,"us":[300791],"ts":[{"chu":4,"hu":[11,12,14]},{"chu":12,"hu":[4]}]}
通知其他玩家有摸牌事件:{"dt":30,"t":256,"pd":81,"idx":0,"us":[300789,300790,300792]}
0:出牌4
通知其他人0出牌:{"dt":30,"c":4,"t":128,"pd":81,"it":true,"idx":0,"dr":false,"us":[300789,300790,300791,300792]}
1摸牌13
通知玩家1摸牌:{"dt":30,"pd":80,"ot":130,"m":13,"us":[300792]}
通知其他玩家有摸牌事件:{"dt":30,"t":256,"pd":80,"idx":1,"us":[300789,300790,300791]}
1:出牌12
通知其他人1出牌:{"dt":30,"c":12,"t":128,"pd":80,"it":false,"idx":1,"dr":false,"us":[300789,300790,300791,300792]}
通知0-528
0摸牌13
通知玩家0摸牌:{"dt":30,"pd":83,"ot":130,"m":13,"us":[300791]}
通知其他玩家有摸牌事件:{"dt":30,"t":256,"pd":83,"idx":0,"us":[300789,300790,300792]}
2017-02-23 21:05:31pais:{"dt":30,"hz":-1,"s":0,"pd":84,"sz":[6,5],"pai":[4,0,0,0,4,0,0,0,4,0,0,0,1,0,0,0,0,0,0,0,0,0,0,0,0,0,0,0,0,0,0,0,0,0],"z":0,"us":[300791]}
2017-02-23 21:05:31pais:{"dt":30,"hz":-1,"s":0,"pd":84,"sz":[6,5],"pai":[0,4,0,0,0,4,0,0,0,4,0,0,1,0,0,0,0,0,0,0,0,0,0,0,0,0,0,0,0,0,0,0,0,0],"z":0,"us":[300792]}
2017-02-23 21:05:31pais:{"dt":30,"hz":-1,"s":0,"pd":84,"sz":[6,5],"pai":[0,0,4,0,0,0,4,0,0,0,4,0,1,0,0,0,0,0,0,0,0,0,0,0,0,0,0,0,0,0,0,0,0,0],"z":0,"us":[300789]}
2017-02-23 21:05:31pais:{"dt":30,"hz":-1,"s":0,"pd":84,"sz":[6,5],"pai":[0,0,0,4,0,0,0,4,0,0,0,4,1,0,0,0,0,0,0,0,0,0,0,0,0,0,0,0,0,0,0,0,0,0],"z":0,"us":[300790]}
0摸牌13
通知玩家0摸牌:{"dt":30,"pd":83,"ot":130,"m":13,"us":[300791]}
通知其他玩家有摸牌事件:{"dt":30,"t":256,"pd":83,"idx":0,"us":[300789,300790,300792]}
0摸牌13
通知玩家0摸牌:{"dt":30,"pd":82,"ot":130,"m":13,"us":[300791]}
通知其他玩家有摸牌事件:{"dt":30,"t":256,"pd":82,"idx":0,"us":[300789,300790,300792]}
0摸牌13
0没有听牌，且可以听牌
通知玩家0摸牌:{"dt":30,"pd":81,"ot":194,"m":13,"us":[300791],"ts":[{"chu":4,"hu":[11,12,14]},{"chu":12,"hu":[4]}]}
通知其他玩家有摸牌事件:{"dt":30,"t":256,"pd":81,"idx":0,"us":[300789,300790,300792]}
0:出牌4
通知其他人0出牌:{"dt":30,"c":4,"t":128,"pd":81,"it":true,"idx":0,"dr":false,"us":[300789,300790,300791,300792]}
1摸牌13
通知玩家1摸牌:{"dt":30,"pd":80,"ot":130,"m":13,"us":[300792]}
通知其他玩家有摸牌事件:{"dt":30,"t":256,"pd":80,"idx":1,"us":[300789,300790,300791]}
1:出牌12
通知其他人1出牌:{"dt":30,"c":12,"t":128,"pd":80,"it":false,"idx":1,"dr":false,"us":[300789,300790,300791,300792]}
通知0-528
2摸牌14
通知玩家2摸牌:{"dt":30,"pd":79,"ot":130,"m":14,"us":[300789]}
通知其他玩家有摸牌事件:{"dt":30,"t":256,"pd":79,"idx":2,"us":[300790,300791,300792]}
2:出牌12
通知其他人2出牌:{"dt":30,"c":12,"t":128,"pd":79,"it":false,"idx":2,"dr":false,"us":[300789,300790,300791,300792]}
3摸牌14
通知玩家3摸牌:{"dt":30,"pd":78,"ot":130,"m":14,"us":[300790]}
通知其他玩家有摸牌事件:{"dt":30,"t":256,"pd":78,"idx":3,"us":[300789,300791,300792]}
3:出牌12
通知其他人3出牌:{"dt":30,"c":12,"t":128,"pd":78,"it":false,"idx":3,"dr":false,"us":[300789,300790,300791,300792]}
0摸牌14
0已经听牌
通知玩家0摸牌:{"dt":30,"pd":77,"ot":144,"m":14,"us":[300791]}
通知其他玩家有摸牌事件:{"dt":30,"t":256,"pd":77,"idx":0,"us":[300789,300790,300792]}
2017-02-23 21:36:10pais:{"dt":30,"hz":-1,"s":0,"pd":84,"sz":[6,3],"pai":[4,0,0,0,4,0,0,0,4,0,0,0,1,0,0,0,0,0,0,0,0,0,0,0,0,0,0,0,0,0,0,0,0,0],"z":0,"us":[300777]}
2017-02-23 21:36:10pais:{"dt":30,"hz":-1,"s":0,"pd":84,"sz":[6,3],"pai":[0,4,0,0,0,4,0,0,0,4,0,0,1,0,0,0,0,0,0,0,0,0,0,0,0,0,0,0,0,0,0,0,0,0],"z":0,"us":[300627]}
2017-02-23 21:36:10pais:{"dt":30,"hz":-1,"s":0,"pd":84,"sz":[6,3],"pai":[0,0,4,0,0,0,4,0,0,0,4,0,1,0,0,0,0,0,0,0,0,0,0,0,0,0,0,0,0,0,0,0,0,0],"z":0,"us":[300647]}
2017-02-23 21:36:10pais:{"dt":30,"hz":-1,"s":0,"pd":84,"sz":[6,3],"pai":[0,0,0,4,0,0,0,4,0,0,0,4,1,0,0,0,0,0,0,0,0,0,0,0,0,0,0,0,0,0,0,0,0,0],"z":0,"us":[300681]}
0摸牌13
通知玩家0摸牌:{"dt":30,"pd":83,"ot":130,"m":13,"us":[300777]}
通知其他玩家有摸牌事件:{"dt":30,"t":256,"pd":83,"idx":0,"us":[300647,300627,300681]}
2017-02-23 23:12:09pais:{"dt":30,"hz":-1,"s":0,"pd":84,"sz":[2,6],"pai":[4,0,0,0,4,0,0,0,4,0,0,0,1,0,0,0,0,0,0,0,0,0,0,0,0,0,0,0,0,0,0,0,0,0],"z":0,"us":[300779]}
2017-02-23 23:12:09pais:{"dt":30,"hz":-1,"s":0,"pd":84,"sz":[2,6],"pai":[0,4,0,0,0,4,0,0,0,4,0,0,1,0,0,0,0,0,0,0,0,0,0,0,0,0,0,0,0,0,0,0,0,0],"z":0,"us":[300954]}
2017-02-23 23:12:09pais:{"dt":30,"hz":-1,"s":0,"pd":84,"sz":[2,6],"pai":[0,0,4,0,0,0,4,0,0,0,4,0,1,0,0,0,0,0,0,0,0,0,0,0,0,0,0,0,0,0,0,0,0,0],"z":0,"us":[301050]}
2017-02-23 23:12:09pais:{"dt":30,"hz":-1,"s":0,"pd":84,"sz":[2,6],"pai":[0,0,0,4,0,0,0,4,0,0,0,4,1,0,0,0,0,0,0,0,0,0,0,0,0,0,0,0,0,0,0,0,0,0],"z":0,"us":[301051]}
0摸牌13
通知玩家0摸牌:{"dt":30,"pd":83,"ot":130,"m":13,"us":[300779]}
通知其他玩家有摸牌事件:{"dt":30,"t":256,"pd":83,"idx":0,"us":[300954,301050,301051]}
0:出牌13
通知其他人0出牌:{"dt":30,"c":13,"t":128,"pd":83,"it":false,"idx":0,"dr":false,"us":[300954,301050,300779,301051]}
1摸牌13
通知玩家1摸牌:{"dt":30,"pd":82,"ot":130,"m":13,"us":[300954]}
通知其他玩家有摸牌事件:{"dt":30,"t":256,"pd":82,"idx":1,"us":[301050,300779,301051]}
1摸牌13
通知玩家1摸牌:{"dt":30,"pd":81,"ot":130,"m":13,"us":[300954]}
通知其他玩家有摸牌事件:{"dt":30,"t":256,"pd":81,"idx":1,"us":[301050,300779,301051]}
1摸牌13
1没有听牌，且可以听牌
通知玩家1摸牌:{"dt":30,"pd":80,"ot":194,"m":13,"us":[300954],"ts":[{"chu":5,"hu":[11,12,14]},{"chu":12,"hu":[5]}]}
通知其他玩家有摸牌事件:{"dt":30,"t":256,"pd":80,"idx":1,"us":[301050,300779,301051]}
1摸牌14
1没有听牌，且可以听牌
通知玩家1摸牌:{"dt":30,"pd":79,"ot":192,"m":14,"us":[300954],"ts":[{"chu":12,"hu":[12,14,15]},{"chu":13,"hu":[13]},{"chu":14,"hu":[11,12,14]}]}
通知其他玩家有摸牌事件:{"dt":30,"t":256,"pd":79,"idx":1,"us":[301050,300779,301051]}
1:出牌14
通知其他人1出牌:{"dt":30,"c":14,"t":128,"pd":79,"it":true,"idx":1,"dr":false,"us":[300954,301050,300779,301051]}
2摸牌14
通知玩家2摸牌:{"dt":30,"pd":78,"ot":130,"m":14,"us":[301050]}
通知其他玩家有摸牌事件:{"dt":30,"t":256,"pd":78,"idx":2,"us":[300954,300779,301051]}
2摸牌14
2没有听牌，且可以听牌
通知玩家2摸牌:{"dt":30,"pd":77,"ot":194,"m":14,"us":[301050],"ts":[{"chu":6,"hu":[11]}]}
通知其他玩家有摸牌事件:{"dt":30,"t":256,"pd":77,"idx":2,"us":[300954,300779,301051]}
2摸牌14
2没有听牌，且可以听牌
通知玩家2摸牌:{"dt":30,"pd":76,"ot":194,"m":14,"us":[301050],"ts":[{"chu":10,"hu":[11,12,13]},{"chu":12,"hu":[10]},{"chu":14,"hu":[11]}]}
通知其他玩家有摸牌事件:{"dt":30,"t":256,"pd":76,"idx":2,"us":[300954,300779,301051]}
2摸牌15
2没有听牌，且可以听牌
通知玩家2摸牌:{"dt":30,"pd":75,"ot":192,"m":15,"us":[301050],"ts":[{"chu":12,"hu":[13,15,16]},{"chu":15,"hu":[12,13]}]}
通知其他玩家有摸牌事件:{"dt":30,"t":256,"pd":75,"idx":2,"us":[300954,300779,301051]}
2:出牌12
通知其他人2出牌:{"dt":30,"c":12,"t":128,"pd":75,"it":true,"idx":2,"dr":false,"us":[300954,301050,300779,301051]}
3摸牌15
通知玩家3摸牌:{"dt":30,"pd":74,"ot":130,"m":15,"us":[301051]}
通知其他玩家有摸牌事件:{"dt":30,"t":256,"pd":74,"idx":3,"us":[300954,301050,300779]}
3摸牌15
通知玩家3摸牌:{"dt":30,"pd":73,"ot":130,"m":15,"us":[301051]}
通知其他玩家有摸牌事件:{"dt":30,"t":256,"pd":73,"idx":3,"us":[300954,301050,300779]}
3摸牌15
3没有听牌，且可以听牌
通知玩家3摸牌:{"dt":30,"pd":72,"ot":194,"m":15,"us":[301051],"ts":[{"chu":7,"hu":[12]},{"chu":12,"hu":[7]}]}
通知其他玩家有摸牌事件:{"dt":30,"t":256,"pd":72,"idx":3,"us":[300954,301050,300779]}
3摸牌16
3没有听牌，且可以听牌
通知玩家3摸牌:{"dt":30,"pd":71,"ot":192,"m":16,"us":[301051],"ts":[{"chu":16,"hu":[12]},{"chu":12,"hu":[14,16,17]}]}
通知其他玩家有摸牌事件:{"dt":30,"t":256,"pd":71,"idx":3,"us":[300954,301050,300779]}
3:出牌12
通知其他人3出牌:{"dt":30,"c":12,"t":128,"pd":71,"it":true,"idx":3,"dr":false,"us":[300954,301050,300779,301051]}
0摸牌16
通知玩家0摸牌:{"dt":30,"pd":70,"ot":130,"m":16,"us":[300779]}
通知其他玩家有摸牌事件:{"dt":30,"t":256,"pd":70,"idx":0,"us":[300954,301050,301051]}
0摸牌16
通知玩家0摸牌:{"dt":30,"pd":69,"ot":130,"m":16,"us":[300779]}
通知其他玩家有摸牌事件:{"dt":30,"t":256,"pd":69,"idx":0,"us":[300954,301050,301051]}
0摸牌16
0没有听牌，且可以听牌
通知玩家0摸牌:{"dt":30,"pd":68,"ot":194,"m":16,"us":[300779],"ts":[{"chu":8,"hu":[12]},{"chu":12,"hu":[8]}]}
通知其他玩家有摸牌事件:{"dt":30,"t":256,"pd":68,"idx":0,"us":[300954,301050,301051]}
0摸牌17
0没有听牌，且可以听牌
通知玩家0摸牌:{"dt":30,"pd":67,"ot":192,"m":17,"us":[300779],"ts":[{"chu":17,"hu":[12]},{"chu":12,"hu":[15,17]}]}
通知其他玩家有摸牌事件:{"dt":30,"t":256,"pd":67,"idx":0,"us":[300954,301050,301051]}
0:出牌12
通知其他人0出牌:{"dt":30,"c":12,"t":128,"pd":67,"it":true,"idx":0,"dr":false,"us":[300954,301050,300779,301051]}
1摸牌17
1已经听牌
通知玩家1摸牌:{"dt":30,"pd":66,"ot":128,"m":17,"us":[300954]}
通知其他玩家有摸牌事件:{"dt":30,"t":256,"pd":66,"idx":1,"us":[301050,300779,301051]}
1:出牌17
通知其他人1出牌:{"dt":30,"c":17,"t":128,"pd":66,"it":false,"idx":1,"dr":false,"us":[300954,301050,300779,301051]}
通知3-528
3摸牌33
通知玩家3摸牌:{"dt":30,"pd":83,"ot":128,"m":33,"us":[301051]}
通知其他玩家有摸牌事件:{"dt":30,"t":256,"pd":83,"idx":3,"us":[300954,301050,300779]}
3:出牌33
通知其他人3出牌:{"dt":30,"c":33,"t":128,"pd":83,"it":false,"idx":3,"dr":false,"us":[300954,301050,300779,301051]}
0摸牌3
通知玩家0摸牌:{"dt":30,"pd":82,"ot":128,"m":3,"us":[300779]}
通知其他玩家有摸牌事件:{"dt":30,"t":256,"pd":82,"idx":0,"us":[300954,301050,301051]}
0:出牌26
通知其他人0出牌:{"dt":30,"c":26,"t":128,"pd":82,"it":false,"idx":0,"dr":false,"us":[300954,301050,300779,301051]}
1摸牌16
通知玩家1摸牌:{"dt":30,"pd":81,"ot":128,"m":16,"us":[300954]}
通知其他玩家有摸牌事件:{"dt":30,"t":256,"pd":81,"idx":1,"us":[301050,300779,301051]}
1:出牌33
通知其他人1出牌:{"dt":30,"c":33,"t":128,"pd":81,"it":false,"idx":1,"dr":false,"us":[300954,301050,300779,301051]}
2摸牌9
通知玩家2摸牌:{"dt":30,"pd":80,"ot":128,"m":9,"us":[301050]}
通知其他玩家有摸牌事件:{"dt":30,"t":256,"pd":80,"idx":2,"us":[300954,300779,301051]}
2:出牌30
通知其他人2出牌:{"dt":30,"c":30,"t":128,"pd":80,"it":false,"idx":2,"dr":false,"us":[300954,301050,300779,301051]}
通知0-513
通知0-128
0:出牌27
通知其他人0出牌:{"dt":30,"c":27,"t":128,"pd":80,"it":false,"idx":0,"dr":false,"us":[300954,301050,300779,301051]}
1摸牌16
通知玩家1摸牌:{"dt":30,"pd":79,"ot":128,"m":16,"us":[300954]}
通知其他玩家有摸牌事件:{"dt":30,"t":256,"pd":79,"idx":1,"us":[301050,300779,301051]}
1:出牌30
通知其他人1出牌:{"dt":30,"c":30,"t":128,"pd":79,"it":false,"idx":1,"dr":false,"us":[300954,301050,300779,301051]}
2摸牌28
通知玩家2摸牌:{"dt":30,"pd":78,"ot":128,"m":28,"us":[301050]}
通知其他玩家有摸牌事件:{"dt":30,"t":256,"pd":78,"idx":2,"us":[300954,300779,301051]}
2:出牌27
通知其他人2出牌:{"dt":30,"c":27,"t":128,"pd":78,"it":false,"idx":2,"dr":false,"us":[300954,301050,300779,301051]}
3摸牌19
通知玩家3摸牌:{"dt":30,"pd":77,"ot":128,"m":19,"us":[301051]}
通知其他玩家有摸牌事件:{"dt":30,"t":256,"pd":77,"idx":3,"us":[300954,301050,300779]}
3:出牌32
通知其他人3出牌:{"dt":30,"c":32,"t":128,"pd":77,"it":false,"idx":3,"dr":false,"us":[300954,301050,300779,301051]}
0摸牌29
通知玩家0摸牌:{"dt":30,"pd":76,"ot":128,"m":29,"us":[300779]}
通知其他玩家有摸牌事件:{"dt":30,"t":256,"pd":76,"idx":0,"us":[300954,301050,301051]}
0:出牌29
通知其他人0出牌:{"dt":30,"c":29,"t":128,"pd":76,"it":false,"idx":0,"dr":false,"us":[300954,301050,300779,301051]}
1摸牌25
通知玩家1摸牌:{"dt":30,"pd":75,"ot":128,"m":25,"us":[300954]}
通知其他玩家有摸牌事件:{"dt":30,"t":256,"pd":75,"idx":1,"us":[301050,300779,301051]}
1:出牌27
通知其他人1出牌:{"dt":30,"c":27,"t":128,"pd":75,"it":false,"idx":1,"dr":false,"us":[300954,301050,300779,301051]}
2摸牌33
通知玩家2摸牌:{"dt":30,"pd":74,"ot":128,"m":33,"us":[301050]}
通知其他玩家有摸牌事件:{"dt":30,"t":256,"pd":74,"idx":2,"us":[300954,300779,301051]}
2:出牌28
通知其他人2出牌:{"dt":30,"c":28,"t":128,"pd":74,"it":false,"idx":2,"dr":false,"us":[300954,301050,300779,301051]}
3摸牌31
通知玩家3摸牌:{"dt":30,"pd":73,"ot":128,"m":31,"us":[301051]}
通知其他玩家有摸牌事件:{"dt":30,"t":256,"pd":73,"idx":3,"us":[300954,301050,300779]}
3:出牌27
通知其他人3出牌:{"dt":30,"c":27,"t":128,"pd":73,"it":false,"idx":3,"dr":false,"us":[300954,301050,300779,301051]}
0摸牌21
通知玩家0摸牌:{"dt":30,"pd":72,"ot":128,"m":21,"us":[300779]}
通知其他玩家有摸牌事件:{"dt":30,"t":256,"pd":72,"idx":0,"us":[300954,301050,301051]}
0:出牌21
通知其他人0出牌:{"dt":30,"c":21,"t":128,"pd":72,"it":false,"idx":0,"dr":false,"us":[300954,301050,300779,301051]}
通知2-513
通知2-128
2:出牌33
通知其他人2出牌:{"dt":30,"c":33,"t":128,"pd":72,"it":false,"idx":2,"dr":false,"us":[300954,301050,300779,301051]}
3摸牌15
通知玩家3摸牌:{"dt":30,"pd":71,"ot":128,"m":15,"us":[301051]}
通知其他玩家有摸牌事件:{"dt":30,"t":256,"pd":71,"idx":3,"us":[300954,301050,300779]}
3:出牌29
通知其他人3出牌:{"dt":30,"c":29,"t":128,"pd":71,"it":false,"idx":3,"dr":false,"us":[300954,301050,300779,301051]}
0摸牌29
通知玩家0摸牌:{"dt":30,"pd":70,"ot":128,"m":29,"us":[300779]}
通知其他玩家有摸牌事件:{"dt":30,"t":256,"pd":70,"idx":0,"us":[300954,301050,301051]}
0:出牌29
通知其他人0出牌:{"dt":30,"c":29,"t":128,"pd":70,"it":false,"idx":0,"dr":false,"us":[300954,301050,300779,301051]}
1摸牌32
通知玩家1摸牌:{"dt":30,"pd":69,"ot":128,"m":32,"us":[300954]}
通知其他玩家有摸牌事件:{"dt":30,"t":256,"pd":69,"idx":1,"us":[301050,300779,301051]}
1:出牌32
通知其他人1出牌:{"dt":30,"c":32,"t":128,"pd":69,"it":false,"idx":1,"dr":false,"us":[300954,301050,300779,301051]}
2摸牌0
通知玩家2摸牌:{"dt":30,"pd":68,"ot":128,"m":0,"us":[301050]}
通知其他玩家有摸牌事件:{"dt":30,"t":256,"pd":68,"idx":2,"us":[300954,300779,301051]}
2:出牌23
通知其他人2出牌:{"dt":30,"c":23,"t":128,"pd":68,"it":false,"idx":2,"dr":false,"us":[300954,301050,300779,301051]}
3摸牌2
通知玩家3摸牌:{"dt":30,"pd":67,"ot":128,"m":2,"us":[301051]}
通知其他玩家有摸牌事件:{"dt":30,"t":256,"pd":67,"idx":3,"us":[300954,301050,300779]}
3:出牌31
通知其他人3出牌:{"dt":30,"c":31,"t":128,"pd":67,"it":false,"idx":3,"dr":false,"us":[300954,301050,300779,301051]}
0摸牌6
通知玩家0摸牌:{"dt":30,"pd":66,"ot":128,"m":6,"us":[300779]}
通知其他玩家有摸牌事件:{"dt":30,"t":256,"pd":66,"idx":0,"us":[300954,301050,301051]}
0:出牌19
通知其他人0出牌:{"dt":30,"c":19,"t":128,"pd":66,"it":false,"idx":0,"dr":false,"us":[300954,301050,300779,301051]}
通知3-513
通知3-128
3:出牌26
通知其他人3出牌:{"dt":30,"c":26,"t":128,"pd":66,"it":false,"idx":3,"dr":false,"us":[300954,301050,300779,301051]}
0摸牌14
通知玩家0摸牌:{"dt":30,"pd":65,"ot":128,"m":14,"us":[300779]}
通知其他玩家有摸牌事件:{"dt":30,"t":256,"pd":65,"idx":0,"us":[300954,301050,301051]}
0:出牌10
通知其他人0出牌:{"dt":30,"c":10,"t":128,"pd":65,"it":false,"idx":0,"dr":false,"us":[300954,301050,300779,301051]}
1摸牌22
通知玩家1摸牌:{"dt":30,"pd":64,"ot":128,"m":22,"us":[300954]}
通知其他玩家有摸牌事件:{"dt":30,"t":256,"pd":64,"idx":1,"us":[301050,300779,301051]}
