2017-03-06 10:15:20pais:{"dt":30,"hz":-1,"s":0,"pd":84,"sz":[2,4],"pai":[0,0,0,1,0,0,0,0,0,0,1,0,0,1,0,2,1,1,1,0,0,0,0,1,0,0,0,1,1,1,0,0,1,0],"z":0,"us":[301140]}
2017-03-06 10:15:20pais:{"dt":30,"hz":-1,"s":0,"pd":84,"sz":[2,4],"pai":[1,1,1,0,0,0,0,1,0,0,0,0,1,0,0,0,0,1,1,0,1,0,0,1,1,0,1,0,0,0,1,0,0,1],"z":0,"us":[301142]}
2017-03-06 10:15:20pais:{"dt":30,"hz":-1,"s":0,"pd":84,"sz":[2,4],"pai":[0,1,0,2,1,0,0,0,0,0,0,1,0,0,0,1,1,0,0,0,3,0,1,0,0,0,0,1,1,0,0,0,0,0],"z":0,"us":[301145]}
2017-03-06 10:15:20pais:{"dt":30,"hz":-1,"s":0,"pd":84,"sz":[2,4],"pai":[0,0,0,0,0,1,1,0,0,1,0,0,1,2,0,0,0,0,0,1,0,1,0,0,1,0,0,1,0,1,0,1,0,1],"z":0,"us":[301146]}
0摸牌8
通知玩家0摸牌:{"dt":30,"pd":83,"ot":128,"m":8,"us":[301140]}
通知其他玩家有摸牌事件:{"dt":30,"t":256,"pd":83,"idx":0,"us":[301142,301145,301146]}
2017-03-06 10:15:58pais:{"dt":30,"hz":-1,"s":0,"pd":56,"sz":[2,2],"pai":[2,1,0,1,1,0,0,0,0,0,1,0,1,1,0,0,1,0,0,0,0,1,1,1,1,0,0,0,0,0,0,0,0,0],"z":0,"us":[301140]}
2017-03-06 10:15:58pais:{"dt":30,"hz":-1,"s":0,"pd":56,"sz":[2,2],"pai":[2,1,1,1,0,0,1,1,0,0,0,1,0,0,0,0,0,0,0,0,1,0,0,1,2,0,1,0,0,0,0,0,0,0],"z":0,"us":[301142]}
2017-03-06 10:15:58pais:{"dt":30,"hz":-1,"s":0,"pd":56,"sz":[2,2],"pai":[0,2,1,1,0,0,0,1,1,1,0,1,0,0,1,1,0,1,1,0,0,0,1,0,0,0,0,0,0,0,0,0,0,0],"z":0,"us":[301145]}
2017-03-06 10:15:58pais:{"dt":30,"hz":-1,"s":0,"pd":56,"sz":[2,2],"pai":[0,0,1,1,2,1,0,0,2,0,1,0,1,0,0,0,0,1,0,1,1,1,0,0,0,0,0,0,0,0,0,0,0,0],"z":0,"us":[301146]}
0摸牌16
通知玩家0摸牌:{"dt":30,"pd":55,"ot":128,"m":16,"us":[301140]}
通知其他玩家有摸牌事件:{"dt":30,"t":256,"pd":55,"idx":0,"us":[301142,301145,301146]}
0:出牌10
通知其他人0出牌:{"dt":30,"c":10,"t":128,"pd":55,"it":false,"idx":0,"dr":false,"us":[301140,301142,301145,301146]}
1摸牌6
通知玩家1摸牌:{"dt":30,"pd":54,"ot":128,"m":6,"us":[301142]}
通知其他玩家有摸牌事件:{"dt":30,"t":256,"pd":54,"idx":1,"us":[301140,301145,301146]}
1:出牌11
通知其他人1出牌:{"dt":30,"c":11,"t":128,"pd":54,"it":false,"idx":1,"dr":false,"us":[301140,301142,301145,301146]}
2摸牌21
通知玩家2摸牌:{"dt":30,"pd":53,"ot":128,"m":21,"us":[301145]}
通知其他玩家有摸牌事件:{"dt":30,"t":256,"pd":53,"idx":2,"us":[301140,301142,301146]}
2:出牌18
通知其他人2出牌:{"dt":30,"c":18,"t":128,"pd":53,"it":false,"idx":2,"dr":false,"us":[301140,301142,301145,301146]}
3摸牌19
通知玩家3摸牌:{"dt":30,"pd":52,"ot":128,"m":19,"us":[301146]}
通知其他玩家有摸牌事件:{"dt":30,"t":256,"pd":52,"idx":3,"us":[301140,301142,301145]}
3:出牌10
通知其他人3出牌:{"dt":30,"c":10,"t":128,"pd":52,"it":false,"idx":3,"dr":false,"us":[301140,301142,301145,301146]}
0摸牌23
通知玩家0摸牌:{"dt":30,"pd":51,"ot":128,"m":23,"us":[301140]}
通知其他玩家有摸牌事件:{"dt":30,"t":256,"pd":51,"idx":0,"us":[301142,301145,301146]}
0:出牌1
通知其他人0出牌:{"dt":30,"c":1,"t":128,"pd":51,"it":false,"idx":0,"dr":false,"us":[301140,301142,301145,301146]}
通知2-513
通知2-128
2:出牌9
通知其他人2出牌:{"dt":30,"c":9,"t":128,"pd":51,"it":false,"idx":2,"dr":false,"us":[301140,301142,301145,301146]}
3摸牌8
通知玩家3摸牌:{"dt":30,"pd":50,"ot":128,"m":8,"us":[301146]}
通知其他玩家有摸牌事件:{"dt":30,"t":256,"pd":50,"idx":3,"us":[301140,301142,301145]}
3:出牌12
通知其他人3出牌:{"dt":30,"c":12,"t":128,"pd":50,"it":false,"idx":3,"dr":false,"us":[301140,301142,301145,301146]}
0摸牌24
通知玩家0摸牌:{"dt":30,"pd":49,"ot":128,"m":24,"us":[301140]}
通知其他玩家有摸牌事件:{"dt":30,"t":256,"pd":49,"idx":0,"us":[301142,301145,301146]}
0:出牌12
通知其他人0出牌:{"dt":30,"c":12,"t":128,"pd":49,"it":false,"idx":0,"dr":false,"us":[301140,301142,301145,301146]}
1摸牌15
通知玩家1摸牌:{"dt":30,"pd":48,"ot":128,"m":15,"us":[301142]}
通知其他玩家有摸牌事件:{"dt":30,"t":256,"pd":48,"idx":1,"us":[301140,301145,301146]}
1:出牌15
通知其他人1出牌:{"dt":30,"c":15,"t":128,"pd":48,"it":false,"idx":1,"dr":false,"us":[301140,301142,301145,301146]}
2摸牌25
通知玩家2摸牌:{"dt":30,"pd":47,"ot":128,"m":25,"us":[301145]}
通知其他玩家有摸牌事件:{"dt":30,"t":256,"pd":47,"idx":2,"us":[301140,301142,301146]}
2:出牌11
通知其他人2出牌:{"dt":30,"c":11,"t":128,"pd":47,"it":false,"idx":2,"dr":false,"us":[301140,301142,301145,301146]}
3摸牌25
通知玩家3摸牌:{"dt":30,"pd":46,"ot":128,"m":25,"us":[301146]}
通知其他玩家有摸牌事件:{"dt":30,"t":256,"pd":46,"idx":3,"us":[301140,301142,301145]}
3:出牌19
通知其他人3出牌:{"dt":30,"c":19,"t":128,"pd":46,"it":false,"idx":3,"dr":false,"us":[301140,301142,301145,301146]}
0摸牌10
通知玩家0摸牌:{"dt":30,"pd":45,"ot":128,"m":10,"us":[301140]}
通知其他玩家有摸牌事件:{"dt":30,"t":256,"pd":45,"idx":0,"us":[301142,301145,301146]}
0:出牌10
通知其他人0出牌:{"dt":30,"c":10,"t":128,"pd":45,"it":false,"idx":0,"dr":false,"us":[301140,301142,301145,301146]}
1摸牌26
通知玩家1摸牌:{"dt":30,"pd":44,"ot":128,"m":26,"us":[301142]}
通知其他玩家有摸牌事件:{"dt":30,"t":256,"pd":44,"idx":1,"us":[301140,301145,301146]}
1:出牌20
通知其他人1出牌:{"dt":30,"c":20,"t":128,"pd":44,"it":false,"idx":1,"dr":false,"us":[301140,301142,301145,301146]}
2摸牌18
通知玩家2摸牌:{"dt":30,"pd":43,"ot":128,"m":18,"us":[301145]}
通知其他玩家有摸牌事件:{"dt":30,"t":256,"pd":43,"idx":2,"us":[301140,301142,301146]}
2:出牌18
通知其他人2出牌:{"dt":30,"c":18,"t":128,"pd":43,"it":false,"idx":2,"dr":false,"us":[301140,301142,301145,301146]}
3摸牌17
3没有听牌，且可以听牌
通知玩家3摸牌:{"dt":30,"pd":42,"ot":192,"m":17,"us":[301146],"ts":[{"chu":25,"hu":[6]}]}
通知其他玩家有摸牌事件:{"dt":30,"t":256,"pd":42,"idx":3,"us":[301140,301142,301145]}
3:出牌25
通知其他人3出牌:{"dt":30,"c":25,"t":128,"pd":42,"it":false,"idx":3,"dr":false,"us":[301140,301142,301145,301146]}
0摸牌20
通知玩家0摸牌:{"dt":30,"pd":41,"ot":128,"m":20,"us":[301140]}
通知其他玩家有摸牌事件:{"dt":30,"t":256,"pd":41,"idx":0,"us":[301142,301145,301146]}
0:出牌13
通知其他人0出牌:{"dt":30,"c":13,"t":128,"pd":41,"it":false,"idx":0,"dr":false,"us":[301140,301142,301145,301146]}
1摸牌6
通知玩家1摸牌:{"dt":30,"pd":40,"ot":128,"m":6,"us":[301142]}
通知其他玩家有摸牌事件:{"dt":30,"t":256,"pd":40,"idx":1,"us":[301140,301145,301146]}
1:出牌23
通知其他人1出牌:{"dt":30,"c":23,"t":128,"pd":40,"it":false,"idx":1,"dr":false,"us":[301140,301142,301145,301146]}
通知0-513
通知0-128
0:出牌3
通知其他人0出牌:{"dt":30,"c":3,"t":128,"pd":40,"it":false,"idx":0,"dr":false,"us":[301140,301142,301145,301146]}
1摸牌20
通知玩家1摸牌:{"dt":30,"pd":39,"ot":128,"m":20,"us":[301142]}
通知其他玩家有摸牌事件:{"dt":30,"t":256,"pd":39,"idx":1,"us":[301140,301145,301146]}
1:出牌20
通知其他人1出牌:{"dt":30,"c":20,"t":128,"pd":39,"it":false,"idx":1,"dr":false,"us":[301140,301142,301145,301146]}
2摸牌14
通知玩家2摸牌:{"dt":30,"pd":38,"ot":128,"m":14,"us":[301145]}
通知其他玩家有摸牌事件:{"dt":30,"t":256,"pd":38,"idx":2,"us":[301140,301142,301146]}
2:出牌2
通知其他人2出牌:{"dt":30,"c":2,"t":128,"pd":38,"it":false,"idx":2,"dr":false,"us":[301140,301142,301145,301146]}
3摸牌9
3没有听牌，且可以听牌
通知玩家3摸牌:{"dt":30,"pd":37,"ot":192,"m":9,"us":[301146],"ts":[{"chu":9,"hu":[6]}]}
通知其他玩家有摸牌事件:{"dt":30,"t":256,"pd":37,"idx":3,"us":[301140,301142,301145]}
3:出牌9
通知其他人3出牌:{"dt":30,"c":9,"t":128,"pd":37,"it":false,"idx":3,"dr":false,"us":[301140,301142,301145,301146]}
0摸牌22
通知玩家0摸牌:{"dt":30,"pd":36,"ot":128,"m":22,"us":[301140]}
通知其他玩家有摸牌事件:{"dt":30,"t":256,"pd":36,"idx":0,"us":[301142,301145,301146]}
0:出牌4
通知其他人0出牌:{"dt":30,"c":4,"t":128,"pd":36,"it":false,"idx":0,"dr":false,"us":[301140,301142,301145,301146]}
通知3-513
1摸牌2
通知玩家1摸牌:{"dt":30,"pd":35,"ot":128,"m":2,"us":[301142]}
通知其他玩家有摸牌事件:{"dt":30,"t":256,"pd":35,"idx":1,"us":[301140,301145,301146]}
1:出牌24
通知其他人1出牌:{"dt":30,"c":24,"t":128,"pd":35,"it":false,"idx":1,"dr":false,"us":[301140,301142,301145,301146]}
通知0-513
0:出牌22
通知其他人0出牌:{"dt":30,"c":22,"t":128,"pd":35,"it":true,"idx":0,"dr":false,"us":[301140,301142,301145,301146]}
1摸牌5
通知玩家1摸牌:{"dt":30,"pd":34,"ot":128,"m":5,"us":[301142]}
通知其他玩家有摸牌事件:{"dt":30,"t":256,"pd":34,"idx":1,"us":[301140,301145,301146]}
1:出牌24
通知其他人1出牌:{"dt":30,"c":24,"t":128,"pd":34,"it":false,"idx":1,"dr":false,"us":[301140,301142,301145,301146]}
2摸牌5
通知玩家2摸牌:{"dt":30,"pd":33,"ot":128,"m":5,"us":[301145]}
通知其他玩家有摸牌事件:{"dt":30,"t":256,"pd":33,"idx":2,"us":[301140,301142,301146]}
2:出牌3
通知其他人2出牌:{"dt":30,"c":3,"t":128,"pd":33,"it":false,"idx":2,"dr":false,"us":[301140,301142,301145,301146]}
3摸牌9
3没有听牌，且可以听牌
通知玩家3摸牌:{"dt":30,"pd":32,"ot":192,"m":9,"us":[301146],"ts":[{"chu":9,"hu":[6]}]}
通知其他玩家有摸牌事件:{"dt":30,"t":256,"pd":32,"idx":3,"us":[301140,301142,301145]}
3:出牌9
通知其他人3出牌:{"dt":30,"c":9,"t":128,"pd":32,"it":false,"idx":3,"dr":false,"us":[301140,301142,301145,301146]}
0摸牌18
0已经听牌
通知玩家0摸牌:{"dt":30,"pd":31,"ot":128,"m":18,"us":[301140]}
通知其他玩家有摸牌事件:{"dt":30,"t":256,"pd":31,"idx":0,"us":[301142,301145,301146]}
0:出牌18
通知其他人0出牌:{"dt":30,"c":18,"t":128,"pd":31,"it":false,"idx":0,"dr":false,"us":[301140,301142,301145,301146]}
1摸牌19
通知玩家1摸牌:{"dt":30,"pd":30,"ot":128,"m":19,"us":[301142]}
通知其他玩家有摸牌事件:{"dt":30,"t":256,"pd":30,"idx":1,"us":[301140,301145,301146]}
1:出牌19
通知其他人1出牌:{"dt":30,"c":19,"t":128,"pd":30,"it":false,"idx":1,"dr":false,"us":[301140,301142,301145,301146]}
2摸牌21
通知玩家2摸牌:{"dt":30,"pd":29,"ot":128,"m":21,"us":[301145]}
通知其他玩家有摸牌事件:{"dt":30,"t":256,"pd":29,"idx":2,"us":[301140,301142,301146]}
2:出牌5
通知其他人2出牌:{"dt":30,"c":5,"t":128,"pd":29,"it":false,"idx":2,"dr":false,"us":[301140,301142,301145,301146]}
3摸牌25
3没有听牌，且可以听牌
通知玩家3摸牌:{"dt":30,"pd":28,"ot":192,"m":25,"us":[301146],"ts":[{"chu":25,"hu":[6]}]}
通知其他玩家有摸牌事件:{"dt":30,"t":256,"pd":28,"idx":3,"us":[301140,301142,301145]}
3:出牌25
通知其他人3出牌:{"dt":30,"c":25,"t":128,"pd":28,"it":false,"idx":3,"dr":false,"us":[301140,301142,301145,301146]}
0摸牌4
0已经听牌
通知玩家0摸牌:{"dt":30,"pd":27,"ot":128,"m":4,"us":[301140]}
通知其他玩家有摸牌事件:{"dt":30,"t":256,"pd":27,"idx":0,"us":[301142,301145,301146]}
0:出牌4
通知其他人0出牌:{"dt":30,"c":4,"t":128,"pd":27,"it":false,"idx":0,"dr":false,"us":[301140,301142,301145,301146]}
通知3-513
1摸牌13
通知玩家1摸牌:{"dt":30,"pd":26,"ot":128,"m":13,"us":[301142]}
通知其他玩家有摸牌事件:{"dt":30,"t":256,"pd":26,"idx":1,"us":[301140,301145,301146]}
1:出牌13
通知其他人1出牌:{"dt":30,"c":13,"t":128,"pd":26,"it":false,"idx":1,"dr":false,"us":[301140,301142,301145,301146]}
2摸牌7
通知玩家2摸牌:{"dt":30,"pd":25,"ot":128,"m":7,"us":[301145]}
通知其他玩家有摸牌事件:{"dt":30,"t":256,"pd":25,"idx":2,"us":[301140,301142,301146]}
2:出牌17
通知其他人2出牌:{"dt":30,"c":17,"t":128,"pd":25,"it":false,"idx":2,"dr":false,"us":[301140,301142,301145,301146]}
通知3-513
3:出牌4
通知其他人3出牌:{"dt":30,"c":4,"t":128,"pd":25,"it":false,"idx":3,"dr":false,"us":[301140,301142,301145,301146]}
0摸牌12
0已经听牌
通知玩家0摸牌:{"dt":30,"pd":24,"ot":128,"m":12,"us":[301140]}
通知其他玩家有摸牌事件:{"dt":30,"t":256,"pd":24,"idx":0,"us":[301142,301145,301146]}
0:出牌12
通知其他人0出牌:{"dt":30,"c":12,"t":128,"pd":24,"it":false,"idx":0,"dr":false,"us":[301140,301142,301145,301146]}
1摸牌15
通知玩家1摸牌:{"dt":30,"pd":23,"ot":128,"m":15,"us":[301142]}
通知其他玩家有摸牌事件:{"dt":30,"t":256,"pd":23,"idx":1,"us":[301140,301145,301146]}
1:出牌15
通知其他人1出牌:{"dt":30,"c":15,"t":128,"pd":23,"it":false,"idx":1,"dr":false,"us":[301140,301142,301145,301146]}
2摸牌6
通知玩家2摸牌:{"dt":30,"pd":22,"ot":128,"m":6,"us":[301145]}
通知其他玩家有摸牌事件:{"dt":30,"t":256,"pd":22,"idx":2,"us":[301140,301142,301146]}
2:出牌25
通知其他人2出牌:{"dt":30,"c":25,"t":128,"pd":22,"it":false,"idx":2,"dr":false,"us":[301140,301142,301145,301146]}
3摸牌15
3没有听牌，且可以听牌
通知玩家3摸牌:{"dt":30,"pd":21,"ot":192,"m":15,"us":[301146],"ts":[{"chu":2,"hu":[15]},{"chu":5,"hu":[15]},{"chu":15,"hu":[5]}]}
通知其他玩家有摸牌事件:{"dt":30,"t":256,"pd":21,"idx":3,"us":[301140,301142,301145]}
3:出牌15
通知其他人3出牌:{"dt":30,"c":15,"t":128,"pd":21,"it":false,"idx":3,"dr":false,"us":[301140,301142,301145,301146]}
0摸牌19
0已经听牌
通知玩家0摸牌:{"dt":30,"pd":20,"ot":128,"m":19,"us":[301140]}
通知其他玩家有摸牌事件:{"dt":30,"t":256,"pd":20,"idx":0,"us":[301142,301145,301146]}
0:出牌19
通知其他人0出牌:{"dt":30,"c":19,"t":128,"pd":20,"it":false,"idx":0,"dr":false,"us":[301140,301142,301145,301146]}
1摸牌12
通知玩家1摸牌:{"dt":30,"pd":19,"ot":128,"m":12,"us":[301142]}
通知其他玩家有摸牌事件:{"dt":30,"t":256,"pd":19,"idx":1,"us":[301140,301145,301146]}
1:出牌12
通知其他人1出牌:{"dt":30,"c":12,"t":128,"pd":19,"it":false,"idx":1,"dr":false,"us":[301140,301142,301145,301146]}
2摸牌7
通知玩家2摸牌:{"dt":30,"pd":18,"ot":128,"m":7,"us":[301145]}
通知其他玩家有摸牌事件:{"dt":30,"t":256,"pd":18,"idx":2,"us":[301140,301142,301146]}
2:出牌22
通知其他人2出牌:{"dt":30,"c":22,"t":128,"pd":18,"it":false,"idx":2,"dr":false,"us":[301140,301142,301145,301146]}
3摸牌11
3没有听牌，且可以听牌
通知玩家3摸牌:{"dt":30,"pd":17,"ot":192,"m":11,"us":[301146],"ts":[{"chu":11,"hu":[5]}]}
通知其他玩家有摸牌事件:{"dt":30,"t":256,"pd":17,"idx":3,"us":[301140,301142,301145]}
3:出牌11
通知其他人3出牌:{"dt":30,"c":11,"t":128,"pd":17,"it":false,"idx":3,"dr":false,"us":[301140,301142,301145,301146]}
0摸牌26
0已经听牌
通知玩家0摸牌:{"dt":30,"pd":16,"ot":128,"m":26,"us":[301140]}
通知其他玩家有摸牌事件:{"dt":30,"t":256,"pd":16,"idx":0,"us":[301142,301145,301146]}
0:出牌26
通知其他人0出牌:{"dt":30,"c":26,"t":128,"pd":16,"it":false,"idx":0,"dr":false,"us":[301140,301142,301145,301146]}
通知1-513
1:出牌2
通知其他人1出牌:{"dt":30,"c":2,"t":128,"pd":16,"it":true,"idx":1,"dr":false,"us":[301140,301142,301145,301146]}
2摸牌26
通知玩家2摸牌:{"dt":30,"pd":15,"ot":128,"m":26,"us":[301145]}
通知其他玩家有摸牌事件:{"dt":30,"t":256,"pd":15,"idx":2,"us":[301140,301142,301146]}
2:出牌26
通知其他人2出牌:{"dt":30,"c":26,"t":128,"pd":15,"it":false,"idx":2,"dr":false,"us":[301140,301142,301145,301146]}
3摸牌13
3没有听牌，且可以听牌
通知玩家3摸牌:{"dt":30,"pd":14,"ot":192,"m":13,"us":[301146],"ts":[{"chu":13,"hu":[5]}]}
通知其他玩家有摸牌事件:{"dt":30,"t":256,"pd":14,"idx":3,"us":[301140,301142,301145]}
3:出牌13
通知其他人3出牌:{"dt":30,"c":13,"t":128,"pd":14,"it":false,"idx":3,"dr":false,"us":[301140,301142,301145,301146]}
0摸牌9
0已经听牌
通知玩家0摸牌:{"dt":30,"pd":13,"ot":128,"m":9,"us":[301140]}
通知其他玩家有摸牌事件:{"dt":30,"t":256,"pd":13,"idx":0,"us":[301142,301145,301146]}
0:出牌9
通知其他人0出牌:{"dt":30,"c":9,"t":128,"pd":13,"it":false,"idx":0,"dr":false,"us":[301140,301142,301145,301146]}
1摸牌14
1已经听牌
通知玩家1摸牌:{"dt":30,"pd":12,"ot":128,"m":14,"us":[301142]}
通知其他玩家有摸牌事件:{"dt":30,"t":256,"pd":12,"idx":1,"us":[301140,301145,301146]}
1:出牌14
通知其他人1出牌:{"dt":30,"c":14,"t":128,"pd":12,"it":false,"idx":1,"dr":false,"us":[301140,301142,301145,301146]}
通知2-513
2:出牌15
通知其他人2出牌:{"dt":30,"c":15,"t":128,"pd":12,"it":true,"idx":2,"dr":false,"us":[301140,301142,301145,301146]}
3摸牌22
3没有听牌，且可以听牌
通知玩家3摸牌:{"dt":30,"pd":11,"ot":192,"m":22,"us":[301146],"ts":[{"chu":19,"hu":[5]},{"chu":22,"hu":[5]}]}
通知其他玩家有摸牌事件:{"dt":30,"t":256,"pd":11,"idx":3,"us":[301140,301142,301145]}
3:出牌22
通知其他人3出牌:{"dt":30,"c":22,"t":128,"pd":11,"it":false,"idx":3,"dr":false,"us":[301140,301142,301145,301146]}
0摸牌16
0已经听牌
通知玩家0摸牌:{"dt":30,"pd":10,"ot":144,"m":16,"us":[301140]}
通知其他玩家有摸牌事件:{"dt":30,"t":256,"pd":10,"idx":0,"us":[301142,301145,301146]}
0摸牌22
通知玩家0摸牌:{"dt":30,"pd":55,"ot":128,"m":22,"us":[301140]}
通知其他玩家有摸牌事件:{"dt":30,"t":256,"pd":55,"idx":0,"us":[301142,301145,301146]}
0:出牌22
通知其他人0出牌:{"dt":30,"c":22,"t":128,"pd":55,"it":false,"idx":0,"dr":false,"us":[301140,301142,301145,301146]}
1摸牌11
通知玩家1摸牌:{"dt":30,"pd":54,"ot":128,"m":11,"us":[301142]}
通知其他玩家有摸牌事件:{"dt":30,"t":256,"pd":54,"idx":1,"us":[301140,301145,301146]}
1:出牌11
通知其他人1出牌:{"dt":30,"c":11,"t":128,"pd":54,"it":false,"idx":1,"dr":false,"us":[301140,301142,301145,301146]}
2摸牌3
通知玩家2摸牌:{"dt":30,"pd":53,"ot":128,"m":3,"us":[301145]}
通知其他玩家有摸牌事件:{"dt":30,"t":256,"pd":53,"idx":2,"us":[301140,301142,301146]}
2:出牌3
通知其他人2出牌:{"dt":30,"c":3,"t":128,"pd":53,"it":false,"idx":2,"dr":false,"us":[301140,301146]}
通知0-513
3摸牌10
通知玩家3摸牌:{"dt":30,"pd":52,"ot":128,"m":10,"us":[301146]}
通知其他玩家有摸牌事件:{"dt":30,"t":256,"pd":52,"idx":3,"us":[301140]}
3:出牌10
通知其他人3出牌:{"dt":30,"c":10,"t":128,"pd":52,"it":false,"idx":3,"dr":false,"us":[301140]}
0摸牌26
通知玩家0摸牌:{"dt":30,"pd":51,"ot":128,"m":26,"us":[301140]}
通知其他玩家有摸牌事件:{"dt":30,"t":256,"pd":51,"idx":0}
0:出牌26
通知其他人0出牌:{"dt":30,"c":26,"t":128,"pd":51,"it":false,"idx":0,"dr":false,"us":[301140]}
1摸牌4
超时任务出错,位置:0,动作:128.{}
java.lang.NullPointerException: null
	at com.net.business.extensions.core.BaseGameExtension.send(BaseGameExtension.java:102) ~[classes/:na]
	at com.net.business.extensions.core.BaseGameExtension.send(BaseGameExtension.java:83) ~[classes/:na]
	at com.net.business.util.game.GameUtils.moPai(GameUtils.java:229) ~[classes/:na]
	at com.net.business.util.game.GameUtils.chuPai(GameUtils.java:372) ~[classes/:na]
	at com.net.business.util.game.GameUtils.doTimeOutOperation(GameUtils.java:960) ~[classes/:na]
	at com.net.business.util.game.TimeOutRunner.run(TimeOutRunner.java:20) [classes/:na]
	at io.netty.util.concurrent.PromiseTask$RunnableAdapter.call(PromiseTask.java:38) [netty-all-4.1.5.Final.jar:4.1.5.Final]
	at io.netty.util.concurrent.ScheduledFutureTask.run(ScheduledFutureTask.java:120) [netty-all-4.1.5.Final.jar:4.1.5.Final]
	at io.netty.util.concurrent.DefaultEventExecutor.run(DefaultEventExecutor.java:66) [netty-all-4.1.5.Final.jar:4.1.5.Final]
	at io.netty.util.concurrent.SingleThreadEventExecutor$5.run(SingleThreadEventExecutor.java:873) [netty-all-4.1.5.Final.jar:4.1.5.Final]
	at io.netty.util.concurrent.DefaultThreadFactory$DefaultRunnableDecorator.run(DefaultThreadFactory.java:144) [netty-all-4.1.5.Final.jar:4.1.5.Final]
	at java.lang.Thread.run(Thread.java:745) [na:1.8.0_60]
