2017-02-24 00:10:11pais:{"dt":30,"hz":-1,"s":0,"pd":84,"sz":[1,3],"pai":[0,1,0,0,0,0,1,0,0,0,0,1,1,0,0,0,2,0,0,0,1,0,1,0,0,0,1,1,0,0,0,1,1,1],"z":0,"us":[300791]}
2017-02-24 00:10:11pais:{"dt":30,"hz":-1,"s":0,"pd":84,"sz":[1,3],"pai":[1,1,1,0,1,0,1,0,0,1,0,0,0,0,1,0,1,0,2,0,0,0,1,1,0,0,0,0,0,1,0,0,0,0],"z":0,"us":[300792]}
2017-02-24 00:10:11pais:{"dt":30,"hz":-1,"s":0,"pd":84,"sz":[1,3],"pai":[0,0,0,0,0,0,0,0,1,0,1,1,0,0,0,0,0,0,0,2,0,0,0,1,1,1,0,2,0,0,0,0,2,1],"z":0,"us":[300789]}
2017-02-24 00:10:11pais:{"dt":30,"hz":-1,"s":0,"pd":84,"sz":[1,3],"pai":[0,0,2,1,1,0,0,0,0,0,0,0,0,0,1,0,0,1,1,0,0,2,0,0,0,0,1,0,0,0,2,0,0,1],"z":0,"us":[300790]}
0摸牌13
通知玩家0摸牌:{"dt":30,"pd":83,"ot":128,"m":13,"us":[300791]}
通知其他玩家有摸牌事件:{"dt":30,"t":256,"pd":83,"idx":0,"us":[300789,300790,300792]}
0:出牌13
通知其他人0出牌:{"dt":30,"c":13,"t":128,"pd":83,"it":false,"idx":0,"dr":false,"us":[300789,300790,300791,300792]}
1摸牌28
通知玩家1摸牌:{"dt":30,"pd":82,"ot":128,"m":28,"us":[300792]}
通知其他玩家有摸牌事件:{"dt":30,"t":256,"pd":82,"idx":1,"us":[300789,300790,300791]}
2017-02-24 00:12:29pais:{"dt":30,"hz":-1,"s":0,"pd":84,"sz":[4,6],"pai":[0,1,0,0,0,0,0,1,0,0,1,0,1,1,0,0,1,0,0,1,0,0,1,0,0,0,1,1,0,0,0,3,0,0],"z":0,"us":[300791]}
2017-02-24 00:12:29pais:{"dt":30,"hz":-1,"s":0,"pd":84,"sz":[4,6],"pai":[1,1,0,0,0,0,0,0,0,0,0,0,1,1,1,0,1,0,0,0,0,0,0,1,1,1,0,0,2,1,0,1,0,0],"z":0,"us":[300792]}
2017-02-24 00:12:29pais:{"dt":30,"hz":-1,"s":0,"pd":84,"sz":[4,6],"pai":[0,0,0,0,1,1,0,0,0,1,0,0,1,1,1,0,1,2,1,0,1,1,0,0,0,0,0,0,0,0,1,0,0,0],"z":0,"us":[300789]}
2017-02-24 00:12:29pais:{"dt":30,"hz":-1,"s":0,"pd":84,"sz":[4,6],"pai":[0,0,0,1,0,0,0,0,1,0,0,2,1,0,0,3,0,0,0,0,2,1,1,0,0,0,0,0,0,0,0,0,1,0],"z":0,"us":[300790]}
0摸牌13
通知玩家0摸牌:{"dt":30,"pd":83,"ot":128,"m":13,"us":[300791]}
通知其他玩家有摸牌事件:{"dt":30,"t":256,"pd":83,"idx":0,"us":[300789,300790,300792]}
2017-02-24 01:12:52pais:{"dt":30,"hz":-1,"s":0,"pd":84,"sz":[6,6],"pai":[1,1,1,1,0,1,0,0,0,0,0,0,0,1,1,0,0,1,0,0,0,0,1,1,0,0,0,1,1,0,0,0,0,1],"z":0,"us":[300791]}
2017-02-24 01:12:52pais:{"dt":30,"hz":-1,"s":0,"pd":84,"sz":[6,6],"pai":[0,0,1,1,2,1,0,0,0,2,0,0,0,0,1,0,0,0,0,0,0,0,1,0,1,0,1,1,0,0,0,0,1,0],"z":0,"us":[300792]}
2017-02-24 01:12:52pais:{"dt":30,"hz":-1,"s":0,"pd":84,"sz":[6,6],"pai":[2,0,0,0,0,0,0,0,0,0,1,0,0,0,0,0,1,1,2,0,0,1,0,0,0,0,0,0,1,0,1,1,1,1],"z":0,"us":[300789]}
2017-02-24 01:12:52pais:{"dt":30,"hz":-1,"s":0,"pd":84,"sz":[6,6],"pai":[0,0,1,0,0,0,1,0,0,0,0,1,2,0,0,1,1,1,1,0,0,1,0,0,1,0,0,0,0,0,2,0,0,0],"z":0,"us":[300790]}
0摸牌16
通知玩家0摸牌:{"dt":30,"pd":83,"ot":128,"m":16,"us":[300791]}
通知其他玩家有摸牌事件:{"dt":30,"t":256,"pd":83,"idx":0,"us":[300789,300790,300792]}
2017-02-24 01:17:21pais:{"dt":30,"hz":-1,"s":0,"pd":84,"sz":[5,4],"pai":[0,0,0,0,1,0,2,0,0,0,1,0,0,0,0,1,1,0,0,0,1,0,1,0,1,0,0,0,0,2,1,0,1,0],"z":0,"us":[300791]}
2017-02-24 01:17:21pais:{"dt":30,"hz":-1,"s":0,"pd":84,"sz":[5,4],"pai":[0,0,1,0,1,0,1,0,1,0,0,0,0,3,1,0,0,1,1,0,0,0,0,0,0,0,0,0,0,1,0,1,0,1],"z":0,"us":[300792]}
2017-02-24 01:17:21pais:{"dt":30,"hz":-1,"s":0,"pd":84,"sz":[5,4],"pai":[0,0,0,0,0,1,0,1,1,0,0,1,1,0,0,0,0,0,1,1,1,1,0,0,0,0,1,2,0,0,0,0,0,1],"z":0,"us":[300789]}
2017-02-24 01:17:21pais:{"dt":30,"hz":-1,"s":0,"pd":84,"sz":[5,4],"pai":[0,0,1,0,0,0,0,0,1,1,1,0,1,0,0,0,1,0,0,0,0,1,0,0,0,1,0,1,1,1,1,0,0,1],"z":0,"us":[300790]}
0摸牌14
通知玩家0摸牌:{"dt":30,"pd":83,"ot":128,"m":14,"us":[300791]}
通知其他玩家有摸牌事件:{"dt":30,"t":256,"pd":83,"idx":0,"us":[300789,300790,300792]}
2017-02-24 01:22:06pais:{"dt":30,"hz":-1,"s":0,"pd":84,"sz":[4,1],"pai":[1,0,1,1,0,0,0,0,0,2,0,1,0,0,1,0,0,0,0,0,0,0,0,0,1,0,1,0,1,1,0,1,0,1],"z":0,"us":[300791]}
2017-02-24 01:22:06pais:{"dt":30,"hz":-1,"s":0,"pd":84,"sz":[4,1],"pai":[0,1,0,0,0,0,0,0,0,0,0,1,0,1,0,0,2,1,1,0,0,0,1,0,0,0,0,0,1,2,0,0,1,1],"z":0,"us":[300792]}
2017-02-24 01:22:06pais:{"dt":30,"hz":-1,"s":0,"pd":84,"sz":[4,1],"pai":[0,0,0,1,1,0,1,0,0,0,0,0,0,0,0,0,1,0,1,1,1,0,0,0,1,0,1,1,0,0,1,0,1,1],"z":0,"us":[300789]}
2017-02-24 01:22:06pais:{"dt":30,"hz":-1,"s":0,"pd":84,"sz":[4,1],"pai":[0,0,1,0,1,1,0,0,1,0,0,1,0,0,0,1,0,0,0,0,1,0,1,1,0,0,0,0,0,1,2,1,0,0],"z":0,"us":[300790]}
0摸牌4
通知玩家0摸牌:{"dt":30,"pd":83,"ot":128,"m":4,"us":[300791]}
通知其他玩家有摸牌事件:{"dt":30,"t":256,"pd":83,"idx":0,"us":[300789,300790,300792]}
2017-02-24 01:28:20pais:{"dt":30,"hz":-1,"s":0,"pd":84,"sz":[6,6],"pai":[0,2,0,2,0,0,0,0,0,0,0,1,0,0,1,0,0,1,0,0,0,0,0,1,2,1,0,0,0,1,0,0,1,0],"z":0,"us":[300791]}
2017-02-24 01:28:20pais:{"dt":30,"hz":-1,"s":0,"pd":84,"sz":[6,6],"pai":[0,0,0,0,0,0,0,0,1,0,0,0,0,1,0,1,0,0,1,0,0,0,1,0,0,0,1,0,1,1,1,0,1,3],"z":0,"us":[300792]}
2017-02-24 01:28:20pais:{"dt":30,"hz":-1,"s":0,"pd":84,"sz":[6,6],"pai":[0,0,1,0,2,1,1,2,0,0,0,0,1,1,0,0,0,0,0,0,1,1,0,0,1,0,0,0,0,0,0,1,0,0],"z":0,"us":[300789]}
2017-02-24 01:28:20pais:{"dt":30,"hz":-1,"s":0,"pd":84,"sz":[6,6],"pai":[0,0,0,0,0,0,0,1,1,1,1,0,0,0,0,0,1,0,1,0,0,0,0,2,0,0,2,1,0,1,0,1,0,0],"z":0,"us":[300790]}
0摸牌12
通知玩家0摸牌:{"dt":30,"pd":83,"ot":128,"m":12,"us":[300791]}
通知其他玩家有摸牌事件:{"dt":30,"t":256,"pd":83,"idx":0,"us":[300789,300790,300792]}
2017-02-24 01:29:58pais:{"dt":30,"hz":-1,"s":0,"pd":84,"sz":[2,4],"pai":[1,1,0,0,0,1,1,0,0,0,0,0,1,1,0,1,0,0,0,0,0,0,1,0,0,0,0,1,1,0,1,2,0,0],"z":0,"us":[300791]}
2017-02-24 01:29:58pais:{"dt":30,"hz":-1,"s":0,"pd":84,"sz":[2,4],"pai":[1,0,0,0,0,0,0,1,0,0,1,1,0,0,0,0,1,0,0,2,1,0,0,0,0,0,2,0,1,1,0,0,1,0],"z":0,"us":[300792]}
2017-02-24 01:29:58pais:{"dt":30,"hz":-1,"s":0,"pd":84,"sz":[2,4],"pai":[1,0,0,0,0,0,0,0,0,0,0,0,0,0,2,1,0,1,1,1,1,0,0,2,0,1,0,0,0,0,1,0,0,1],"z":0,"us":[300789]}
2017-02-24 01:29:58pais:{"dt":30,"hz":-1,"s":0,"pd":84,"sz":[2,4],"pai":[0,1,1,0,0,0,1,2,2,0,0,0,0,1,0,0,0,0,0,0,1,0,1,0,0,0,0,1,0,0,1,0,1,0],"z":0,"us":[300790]}
0摸牌16
通知玩家0摸牌:{"dt":30,"pd":83,"ot":128,"m":16,"us":[300791]}
通知其他玩家有摸牌事件:{"dt":30,"t":256,"pd":83,"idx":0,"us":[300789,300790,300792]}
0:出牌16
通知其他人0出牌:{"dt":30,"c":16,"t":128,"pd":83,"it":false,"idx":0,"dr":false,"us":[300789,300790,300791,300792]}
1摸牌23
通知玩家1摸牌:{"dt":30,"pd":82,"ot":128,"m":23,"us":[300792]}
通知其他玩家有摸牌事件:{"dt":30,"t":256,"pd":82,"idx":1,"us":[300789,300790,300791]}
1:出牌23
通知其他人1出牌:{"dt":30,"c":23,"t":128,"pd":82,"it":false,"idx":1,"dr":false,"us":[300789,300790,300791,300792]}
通知2-513
2摸牌13
通知玩家2摸牌:{"dt":30,"pd":81,"ot":128,"m":13,"us":[300789]}
通知其他玩家有摸牌事件:{"dt":30,"t":256,"pd":81,"idx":2,"us":[300790,300791,300792]}
2:出牌13
通知其他人2出牌:{"dt":30,"c":13,"t":128,"pd":81,"it":false,"idx":2,"dr":false}
3摸牌30
超时任务出错,位置:2,动作:128.{}
java.lang.NullPointerException: null
	at com.net.business.extensions.core.BaseGameExtension.send(BaseGameExtension.java:102) ~[classes/:na]
	at com.net.business.extensions.core.BaseGameExtension.send(BaseGameExtension.java:83) ~[classes/:na]
	at com.net.business.util.game.GameUtils.moPai(GameUtils.java:229) ~[classes/:na]
	at com.net.business.util.game.GameUtils.chuPai(GameUtils.java:351) ~[classes/:na]
	at com.net.business.util.game.GameUtils.doTimeOutOperation(GameUtils.java:926) ~[classes/:na]
	at com.net.business.util.game.TimeOutRunner.run(TimeOutRunner.java:20) [classes/:na]
	at io.netty.util.concurrent.PromiseTask$RunnableAdapter.call(PromiseTask.java:38) [netty-all-4.1.5.Final.jar:4.1.5.Final]
	at io.netty.util.concurrent.ScheduledFutureTask.run(ScheduledFutureTask.java:120) [netty-all-4.1.5.Final.jar:4.1.5.Final]
	at io.netty.util.concurrent.DefaultEventExecutor.run(DefaultEventExecutor.java:66) [netty-all-4.1.5.Final.jar:4.1.5.Final]
	at io.netty.util.concurrent.SingleThreadEventExecutor$5.run(SingleThreadEventExecutor.java:873) [netty-all-4.1.5.Final.jar:4.1.5.Final]
	at io.netty.util.concurrent.DefaultThreadFactory$DefaultRunnableDecorator.run(DefaultThreadFactory.java:144) [netty-all-4.1.5.Final.jar:4.1.5.Final]
	at java.lang.Thread.run(Thread.java:745) [na:1.8.0_60]
