2017-02-18 02:46:45pais:{"dt":30,"hz":-1,"s":0,"pd":84,"sz":[4,5],"pai":[0,0,0,0,1,0,0,1,1,0,0,0,1,0,0,1,0,0,1,1,1,0,0,1,1,1,0,0,0,0,1,1,0,0],"z":0,"us":[300627]}
2017-02-18 02:46:45pais:{"dt":30,"hz":-1,"s":0,"pd":84,"sz":[4,5],"pai":[1,0,2,0,0,0,0,0,0,0,0,0,1,0,0,1,0,0,0,0,0,1,0,0,1,1,0,1,0,0,1,1,1,1],"z":0,"us":[300647]}
2017-02-18 02:46:45pais:{"dt":30,"hz":-1,"s":0,"pd":84,"sz":[4,5],"pai":[0,0,0,1,0,0,1,1,0,0,0,1,0,0,1,0,0,0,0,1,1,0,0,0,0,1,0,0,2,0,0,1,1,1],"z":0,"us":[300681]}
2017-02-18 02:46:45pais:{"dt":30,"hz":-1,"s":0,"pd":84,"sz":[4,5],"pai":[1,0,1,0,0,1,1,0,0,1,0,0,0,1,0,0,1,2,0,1,0,0,1,1,0,0,0,0,0,1,0,0,0,0],"z":0,"us":[300682]}
0摸牌9
通知玩家0摸牌:{"dt":30,"pd":83,"ot":128,"m":9,"us":[300627]}
通知其他玩家有摸牌事件:{"dt":30,"t":256,"pd":83,"idx":0,"us":[300647,300681,300682]}
2017-02-18 10:19:42pais:{"dt":30,"hz":-1,"s":0,"pd":56,"sz":[6,6],"pai":[1,1,1,1,2,0,0,0,1,0,1,1,0,0,0,1,0,0,0,0,0,1,0,0,1,0,1,0,0,0,0,0,0,0],"z":0,"us":[300875]}
2017-02-18 10:19:42pais:{"dt":30,"hz":-1,"s":0,"pd":56,"sz":[6,6],"pai":[2,0,0,0,0,0,1,0,0,1,0,0,1,0,1,0,1,1,1,1,0,1,1,0,0,0,1,0,0,0,0,0,0,0],"z":0,"us":[300864]}
2017-02-18 10:19:42pais:{"dt":30,"hz":-1,"s":0,"pd":56,"sz":[6,6],"pai":[0,0,0,1,0,0,0,1,1,0,0,2,0,1,1,1,0,1,0,0,0,0,0,1,2,0,1,0,0,0,0,0,0,0],"z":0,"us":[300945]}
2017-02-18 10:19:42pais:{"dt":30,"hz":-1,"s":0,"pd":56,"sz":[6,6],"pai":[0,2,0,1,0,0,0,0,0,1,1,0,0,0,2,1,1,0,2,1,1,0,0,0,0,0,0,0,0,0,0,0,0,0],"z":0,"us":[300946]}
0摸牌4
通知玩家0摸牌:{"dt":30,"pd":55,"ot":128,"m":4,"us":[300875]}
通知其他玩家有摸牌事件:{"dt":30,"t":256,"pd":55,"idx":0,"us":[300864,300945,300946]}
2017-02-18 11:30:17pais:{"dt":30,"hz":-1,"s":0,"pd":84,"sz":[4,2],"pai":[0,0,1,0,1,0,0,0,1,1,0,0,0,0,2,0,1,0,0,1,0,1,0,1,0,0,0,0,0,1,1,0,1,0],"z":0,"us":[300764]}
2017-02-18 11:30:17pais:{"dt":30,"hz":-1,"s":0,"pd":84,"sz":[4,2],"pai":[0,0,0,0,0,0,1,0,1,1,1,0,0,0,0,1,0,2,1,0,0,1,2,0,0,0,0,0,1,0,0,0,1,0],"z":0,"us":[300765]}
2017-02-18 11:30:17pais:{"dt":30,"hz":-1,"s":0,"pd":84,"sz":[4,2],"pai":[1,0,0,0,0,0,1,0,0,0,0,1,2,0,0,0,0,0,0,0,1,0,1,0,1,0,0,1,0,1,1,1,0,1],"z":0,"us":[300766]}
2017-02-18 11:30:17pais:{"dt":30,"hz":-1,"s":0,"pd":84,"sz":[4,2],"pai":[0,2,0,0,0,1,1,0,0,0,0,0,0,2,0,0,1,2,1,0,0,0,0,0,0,0,1,1,0,0,0,0,0,1],"z":0,"us":[300767]}
0摸牌32
通知玩家0摸牌:{"dt":30,"pd":83,"ot":128,"m":32,"us":[300764]}
通知其他玩家有摸牌事件:{"dt":30,"t":256,"pd":83,"idx":0,"us":[300765,300766,300767]}
2017-02-18 11:34:12pais:{"dt":30,"hz":-1,"s":0,"pd":84,"sz":[2,2],"pai":[0,1,2,0,0,0,0,1,0,0,0,1,2,1,0,0,1,1,2,0,0,0,0,1,0,0,0,0,0,0,0,0,0,0],"z":0,"us":[300764]}
2017-02-18 11:34:12pais:{"dt":30,"hz":-1,"s":0,"pd":84,"sz":[2,2],"pai":[0,0,0,1,1,1,0,1,1,0,0,0,0,0,1,0,0,2,0,2,0,0,1,0,1,0,0,0,0,0,0,0,0,1],"z":0,"us":[300765]}
2017-02-18 11:34:12pais:{"dt":30,"hz":-1,"s":0,"pd":84,"sz":[2,2],"pai":[1,1,1,1,0,0,0,0,0,0,0,2,1,1,0,1,1,0,1,1,0,0,0,0,0,0,0,0,0,0,1,0,0,0],"z":0,"us":[300766]}
2017-02-18 11:34:12pais:{"dt":30,"hz":-1,"s":0,"pd":84,"sz":[2,2],"pai":[0,0,0,0,0,0,1,0,0,1,0,0,1,1,0,0,1,1,1,0,0,0,2,0,0,1,1,0,0,2,0,0,0,0],"z":0,"us":[300767]}
0摸牌1
通知玩家0摸牌:{"dt":30,"pd":83,"ot":128,"m":1,"us":[300764]}
通知其他玩家有摸牌事件:{"dt":30,"t":256,"pd":83,"idx":0,"us":[300765,300766,300767]}
2017-02-18 11:57:24pais:{"dt":30,"hz":-1,"s":0,"pd":84,"sz":[2,6],"pai":[0,0,0,1,0,0,0,0,0,0,0,0,1,0,0,2,1,1,0,2,0,1,0,0,1,0,0,0,0,0,0,1,1,1],"z":0,"us":[300700]}
2017-02-18 11:57:24pais:{"dt":30,"hz":-1,"s":0,"pd":84,"sz":[2,6],"pai":[0,0,0,1,0,0,1,0,2,0,0,0,0,1,1,1,0,1,1,0,0,2,0,0,0,1,0,0,0,0,0,1,0,0],"z":0,"us":[300701]}
2017-02-18 11:57:24pais:{"dt":30,"hz":-1,"s":0,"pd":84,"sz":[2,6],"pai":[0,1,0,0,0,0,0,1,0,1,0,0,1,0,0,0,1,0,0,0,1,0,1,1,0,0,1,0,0,1,1,1,1,0],"z":0,"us":[300702]}
2017-02-18 11:57:24pais:{"dt":30,"hz":-1,"s":0,"pd":84,"sz":[2,6],"pai":[1,1,0,1,0,0,0,0,0,1,0,0,2,1,1,0,0,0,0,0,2,0,0,0,1,0,1,0,0,0,0,0,1,0],"z":0,"us":[300703]}
0摸牌1
通知玩家0摸牌:{"dt":30,"pd":83,"ot":128,"m":1,"us":[300700]}
通知其他玩家有摸牌事件:{"dt":30,"t":256,"pd":83,"idx":0,"us":[300701,300702,300703]}
2017-02-18 19:50:07pais:{"dt":30,"hz":-1,"s":0,"pd":84,"sz":[3,6],"pai":[2,1,0,0,0,0,1,1,0,0,0,0,0,0,1,0,1,1,1,0,0,0,0,0,0,0,1,1,0,0,0,0,1,1],"z":0,"us":[300627]}
2017-02-18 19:50:07pais:{"dt":30,"hz":-1,"s":0,"pd":84,"sz":[3,6],"pai":[0,0,1,1,0,0,0,0,0,0,0,1,0,1,0,0,0,1,0,1,1,0,2,0,1,0,1,0,1,0,1,0,0,0],"z":0,"us":[300647]}
2017-02-18 19:50:07pais:{"dt":30,"hz":-1,"s":0,"pd":84,"sz":[3,6],"pai":[0,1,0,1,1,0,2,1,0,0,0,0,0,0,0,0,0,0,1,1,0,0,0,1,0,0,0,0,0,1,0,1,1,1],"z":0,"us":[300681]}
2017-02-18 19:50:07pais:{"dt":30,"hz":-1,"s":0,"pd":84,"sz":[3,6],"pai":[2,0,0,0,0,0,0,0,0,0,1,0,0,0,0,1,2,0,0,0,2,1,0,0,0,0,1,0,0,3,0,0,0,0],"z":0,"us":[300682]}
0摸牌13
通知玩家0摸牌:{"dt":30,"pd":83,"ot":128,"m":13,"us":[300627]}
通知其他玩家有摸牌事件:{"dt":30,"t":256,"pd":83,"idx":0,"us":[300647,300681,300682]}
2017-02-18 19:57:16pais:{"dt":30,"hz":-1,"s":0,"pd":84,"sz":[4,2],"pai":[0,1,0,1,1,0,0,0,0,0,1,0,1,0,0,0,0,0,1,0,0,0,1,1,0,0,0,0,1,0,2,1,0,1],"z":0,"us":[300627]}
2017-02-18 19:57:16pais:{"dt":30,"hz":-1,"s":0,"pd":84,"sz":[4,2],"pai":[0,0,2,0,0,0,2,1,0,1,0,1,1,1,2,0,0,0,0,0,0,1,0,0,0,0,0,0,0,0,0,0,0,1],"z":0,"us":[300647]}
2017-02-18 19:57:16pais:{"dt":30,"hz":-1,"s":0,"pd":84,"sz":[4,2],"pai":[0,0,1,0,1,0,0,1,1,0,0,0,0,0,0,0,1,0,1,0,0,1,0,1,1,2,1,0,0,0,0,0,1,0],"z":0,"us":[300681]}
2017-02-18 19:57:16pais:{"dt":30,"hz":-1,"s":0,"pd":84,"sz":[4,2],"pai":[0,1,0,0,0,0,0,0,0,0,1,1,0,0,0,1,0,1,0,1,2,0,1,0,1,0,0,0,0,0,1,0,2,0],"z":0,"us":[300682]}
0摸牌5
通知玩家0摸牌:{"dt":30,"pd":83,"ot":128,"m":5,"us":[300627]}
通知其他玩家有摸牌事件:{"dt":30,"t":256,"pd":83,"idx":0,"us":[300647,300681,300682]}
0:出牌10
通知其他人0出牌:{"dt":30,"c":10,"t":128,"pd":83,"it":false,"idx":0,"dr":false,"us":[300647,300627,300681,300682]}
1摸牌9
通知玩家1摸牌:{"dt":30,"pd":82,"ot":128,"m":9,"us":[300647]}
通知其他玩家有摸牌事件:{"dt":30,"t":256,"pd":82,"idx":1,"us":[300627,300681,300682]}
1:出牌33
通知其他人1出牌:{"dt":30,"c":33,"t":128,"pd":82,"it":false,"idx":1,"dr":false,"us":[300647,300627,300681,300682]}
2摸牌30
通知玩家2摸牌:{"dt":30,"pd":81,"ot":128,"m":30,"us":[300681]}
通知其他玩家有摸牌事件:{"dt":30,"t":256,"pd":81,"idx":2,"us":[300647,300627,300682]}
2:出牌30
通知其他人2出牌:{"dt":30,"c":30,"t":128,"pd":81,"it":false,"idx":2,"dr":false,"us":[300647,300627,300681,300682]}
通知0-513
通知0-128
0:出牌12
通知其他人0出牌:{"dt":30,"c":12,"t":128,"pd":81,"it":false,"idx":0,"dr":false,"us":[300647,300627,300681,300682]}
1摸牌15
通知玩家1摸牌:{"dt":30,"pd":80,"ot":128,"m":15,"us":[300647]}
通知其他玩家有摸牌事件:{"dt":30,"t":256,"pd":80,"idx":1,"us":[300627,300681,300682]}
1:出牌21
通知其他人1出牌:{"dt":30,"c":21,"t":128,"pd":80,"it":false,"idx":1,"dr":false,"us":[300647,300627,300681,300682]}
2摸牌25
通知玩家2摸牌:{"dt":30,"pd":79,"ot":128,"m":25,"us":[300681]}
通知其他玩家有摸牌事件:{"dt":30,"t":256,"pd":79,"idx":2,"us":[300647,300627,300682]}
2:出牌32
通知其他人2出牌:{"dt":30,"c":32,"t":128,"pd":79,"it":false,"idx":2,"dr":false,"us":[300647,300627,300681,300682]}
通知3-513
通知3-128
3:出牌30
通知其他人3出牌:{"dt":30,"c":30,"t":128,"pd":79,"it":false,"idx":3,"dr":false,"us":[300647,300627,300681,300682]}
0摸牌19
通知玩家0摸牌:{"dt":30,"pd":78,"ot":128,"m":19,"us":[300627]}
通知其他玩家有摸牌事件:{"dt":30,"t":256,"pd":78,"idx":0,"us":[300647,300681,300682]}
0:出牌33
通知其他人0出牌:{"dt":30,"c":33,"t":128,"pd":78,"it":false,"idx":0,"dr":false,"us":[300647,300627,300681,300682]}
1摸牌5
通知玩家1摸牌:{"dt":30,"pd":77,"ot":128,"m":5,"us":[300647]}
通知其他玩家有摸牌事件:{"dt":30,"t":256,"pd":77,"idx":1,"us":[300627,300681,300682]}
1:出牌6
通知其他人1出牌:{"dt":30,"c":6,"t":128,"pd":77,"it":false,"idx":1,"dr":false,"us":[300647,300627,300681,300682]}
2摸牌8
通知玩家2摸牌:{"dt":30,"pd":76,"ot":128,"m":8,"us":[300681]}
通知其他玩家有摸牌事件:{"dt":30,"t":256,"pd":76,"idx":2,"us":[300647,300627,300682]}
2:出牌16
通知其他人2出牌:{"dt":30,"c":16,"t":128,"pd":76,"it":false,"idx":2,"dr":false,"us":[300647,300627,300681,300682]}
3摸牌12
通知玩家3摸牌:{"dt":30,"pd":75,"ot":128,"m":12,"us":[300682]}
通知其他玩家有摸牌事件:{"dt":30,"t":256,"pd":75,"idx":3,"us":[300647,300627,300681]}
3:出牌1
通知其他人3出牌:{"dt":30,"c":1,"t":128,"pd":75,"it":false,"idx":3,"dr":false,"us":[300647,300627,300681,300682]}
0摸牌31
通知玩家0摸牌:{"dt":30,"pd":74,"ot":128,"m":31,"us":[300627]}
通知其他玩家有摸牌事件:{"dt":30,"t":256,"pd":74,"idx":0,"us":[300647,300681,300682]}
0:出牌28
通知其他人0出牌:{"dt":30,"c":28,"t":128,"pd":74,"it":false,"idx":0,"dr":false,"us":[300647,300627,300681,300682]}
1摸牌16
1没有听牌，且可以听牌
通知玩家1摸牌:{"dt":30,"pd":73,"ot":192,"m":16,"us":[300647],"ts":[{"chu":9,"hu":[10]},{"chu":11,"hu":[2,9]},{"chu":14,"hu":[2,9]}]}
通知其他玩家有摸牌事件:{"dt":30,"t":256,"pd":73,"idx":1,"us":[300627,300681,300682]}
1:出牌11
通知其他人1出牌:{"dt":30,"c":11,"t":128,"pd":73,"it":true,"idx":1,"dr":false,"us":[300647,300627,300681,300682]}
2摸牌15
通知玩家2摸牌:{"dt":30,"pd":72,"ot":128,"m":15,"us":[300681]}
通知其他玩家有摸牌事件:{"dt":30,"t":256,"pd":72,"idx":2,"us":[300647,300627,300682]}
2:出牌18
通知其他人2出牌:{"dt":30,"c":18,"t":128,"pd":72,"it":false,"idx":2,"dr":false,"us":[300647,300627,300681,300682]}
3摸牌18
通知玩家3摸牌:{"dt":30,"pd":71,"ot":128,"m":18,"us":[300682]}
通知其他玩家有摸牌事件:{"dt":30,"t":256,"pd":71,"idx":3,"us":[300647,300627,300681]}
3:出牌24
通知其他人3出牌:{"dt":30,"c":24,"t":128,"pd":71,"it":false,"idx":3,"dr":false,"us":[300647,300627,300681,300682]}
0摸牌5
通知玩家0摸牌:{"dt":30,"pd":70,"ot":128,"m":5,"us":[300627]}
通知其他玩家有摸牌事件:{"dt":30,"t":256,"pd":70,"idx":0,"us":[300647,300681,300682]}
0:出牌1
通知其他人0出牌:{"dt":30,"c":1,"t":128,"pd":70,"it":false,"idx":0,"dr":false,"us":[300647,300627,300681,300682]}
1摸牌5
1已经听牌
通知玩家1摸牌:{"dt":30,"pd":69,"ot":128,"m":5,"us":[300647]}
通知其他玩家有摸牌事件:{"dt":30,"t":256,"pd":69,"idx":1,"us":[300627,300681,300682]}
1:出牌5
通知其他人1出牌:{"dt":30,"c":5,"t":128,"pd":69,"it":false,"idx":1,"dr":false,"us":[300647,300627,300681,300682]}
通知0-513
通知0-128
0:出牌3
通知其他人0出牌:{"dt":30,"c":3,"t":128,"pd":69,"it":false,"idx":0,"dr":false,"us":[300647,300627,300681,300682]}
1摸牌19
1已经听牌
通知玩家1摸牌:{"dt":30,"pd":68,"ot":128,"m":19,"us":[300647]}
通知其他玩家有摸牌事件:{"dt":30,"t":256,"pd":68,"idx":1,"us":[300627,300681,300682]}
1:出牌19
通知其他人1出牌:{"dt":30,"c":19,"t":128,"pd":68,"it":false,"idx":1,"dr":false,"us":[300647,300627,300681,300682]}
2摸牌21
通知玩家2摸牌:{"dt":30,"pd":67,"ot":128,"m":21,"us":[300681]}
通知其他玩家有摸牌事件:{"dt":30,"t":256,"pd":67,"idx":2,"us":[300647,300627,300682]}
2:出牌15
通知其他人2出牌:{"dt":30,"c":15,"t":128,"pd":67,"it":false,"idx":2,"dr":false,"us":[300647,300627,300681,300682]}
3摸牌14
通知玩家3摸牌:{"dt":30,"pd":66,"ot":128,"m":14,"us":[300682]}
通知其他玩家有摸牌事件:{"dt":30,"t":256,"pd":66,"idx":3,"us":[300647,300627,300681]}
3:出牌17
通知其他人3出牌:{"dt":30,"c":17,"t":128,"pd":66,"it":false,"idx":3,"dr":false,"us":[300647,300627,300681,300682]}
0摸牌28
通知玩家0摸牌:{"dt":30,"pd":65,"ot":128,"m":28,"us":[300627]}
通知其他玩家有摸牌事件:{"dt":30,"t":256,"pd":65,"idx":0,"us":[300647,300681,300682]}
0:出牌28
通知其他人0出牌:{"dt":30,"c":28,"t":128,"pd":65,"it":false,"idx":0,"dr":false,"us":[300647,300627,300681,300682]}
1摸牌14
1已经听牌
通知玩家1摸牌:{"dt":30,"pd":64,"ot":128,"m":14,"us":[300647]}
通知其他玩家有摸牌事件:{"dt":30,"t":256,"pd":64,"idx":1,"us":[300627,300681,300682]}
1:出牌14
通知其他人1出牌:{"dt":30,"c":14,"t":128,"pd":64,"it":false,"idx":1,"dr":false,"us":[300647,300627,300681,300682]}
2摸牌1
通知玩家2摸牌:{"dt":30,"pd":63,"ot":128,"m":1,"us":[300681]}
通知其他玩家有摸牌事件:{"dt":30,"t":256,"pd":63,"idx":2,"us":[300647,300627,300682]}
2:出牌26
通知其他人2出牌:{"dt":30,"c":26,"t":128,"pd":63,"it":false,"idx":2,"dr":false,"us":[300647,300627,300681,300682]}
3摸牌0
通知玩家3摸牌:{"dt":30,"pd":62,"ot":128,"m":0,"us":[300682]}
通知其他玩家有摸牌事件:{"dt":30,"t":256,"pd":62,"idx":3,"us":[300647,300627,300681]}
3:出牌0
通知其他人3出牌:{"dt":30,"c":0,"t":128,"pd":62,"it":false,"idx":3,"dr":false,"us":[300647,300627,300681,300682]}
0摸牌3
通知玩家0摸牌:{"dt":30,"pd":61,"ot":128,"m":3,"us":[300627]}
通知其他玩家有摸牌事件:{"dt":30,"t":256,"pd":61,"idx":0,"us":[300647,300681,300682]}
0:出牌18
通知其他人0出牌:{"dt":30,"c":18,"t":128,"pd":61,"it":false,"idx":0,"dr":false,"us":[300647,300627,300681,300682]}
1摸牌12
1已经听牌
通知玩家1摸牌:{"dt":30,"pd":60,"ot":128,"m":12,"us":[300647]}
通知其他玩家有摸牌事件:{"dt":30,"t":256,"pd":60,"idx":1,"us":[300627,300681,300682]}
1:出牌12
通知其他人1出牌:{"dt":30,"c":12,"t":128,"pd":60,"it":false,"idx":1,"dr":false,"us":[300647,300627,300681,300682]}
2摸牌20
通知玩家2摸牌:{"dt":30,"pd":59,"ot":128,"m":20,"us":[300681]}
通知其他玩家有摸牌事件:{"dt":30,"t":256,"pd":59,"idx":2,"us":[300647,300627,300682]}
2:出牌20
通知其他人2出牌:{"dt":30,"c":20,"t":128,"pd":59,"it":false,"idx":2,"dr":false,"us":[300647,300627,300681,300682]}
通知3-513
通知3-128
3:出牌22
通知其他人3出牌:{"dt":30,"c":22,"t":128,"pd":59,"it":false,"idx":3,"dr":false,"us":[300647,300627,300681,300682]}
0摸牌11
通知玩家0摸牌:{"dt":30,"pd":58,"ot":128,"m":11,"us":[300627]}
通知其他玩家有摸牌事件:{"dt":30,"t":256,"pd":58,"idx":0,"us":[300647,300681,300682]}
0:出牌11
通知其他人0出牌:{"dt":30,"c":11,"t":128,"pd":58,"it":false,"idx":0,"dr":false,"us":[300647,300627,300681,300682]}
1摸牌2
1已经听牌
通知玩家1摸牌:{"dt":30,"pd":57,"ot":144,"m":2,"us":[300647]}
通知其他玩家有摸牌事件:{"dt":30,"t":256,"pd":57,"idx":1,"us":[300627,300681,300682]}
1摸牌31
通知玩家1摸牌:{"dt":30,"pd":83,"ot":128,"m":31,"us":[300647]}
通知其他玩家有摸牌事件:{"dt":30,"t":256,"pd":83,"idx":1,"us":[300627,300681,300682]}
