2017-02-20 08:56:41pais:{"dt":30,"hz":-1,"s":0,"pd":84,"sz":[6,6],"pai":[1,0,0,0,0,0,2,0,0,0,0,1,0,1,1,0,0,0,0,1,1,1,0,0,0,0,0,0,2,0,0,0,2,0],"z":0,"us":[300627]}
2017-02-20 08:56:41pais:{"dt":30,"hz":-1,"s":0,"pd":84,"sz":[6,6],"pai":[0,0,2,0,2,0,0,0,0,0,0,0,0,1,0,0,1,0,0,0,0,0,0,2,1,0,2,0,0,0,0,2,0,0],"z":0,"us":[300647]}
2017-02-20 08:56:41pais:{"dt":30,"hz":-1,"s":0,"pd":84,"sz":[6,6],"pai":[0,1,0,1,0,0,0,1,1,2,0,1,1,1,0,0,1,0,0,0,0,0,0,1,0,0,1,1,0,0,0,0,0,0],"z":0,"us":[300681]}
2017-02-20 08:56:41pais:{"dt":30,"hz":-1,"s":0,"pd":84,"sz":[6,6],"pai":[2,0,0,1,0,1,0,1,0,0,0,0,0,1,0,0,0,1,0,0,0,0,1,0,0,1,0,0,0,1,1,1,0,1],"z":0,"us":[300682]}
0摸牌3
通知玩家0摸牌:{"dt":30,"pd":83,"ot":128,"m":3,"us":[300627]}
通知其他玩家有摸牌事件:{"dt":30,"t":256,"pd":83,"idx":0,"us":[300647,300681,300682]}
0:出牌11
通知其他人0出牌:{"dt":30,"c":11,"t":128,"pd":83,"it":false,"idx":0,"dr":false,"us":[300647,300627,300681,300682]}
1摸牌11
通知玩家1摸牌:{"dt":30,"pd":82,"ot":128,"m":11,"us":[300647]}
通知其他玩家有摸牌事件:{"dt":30,"t":256,"pd":82,"idx":1,"us":[300627,300681,300682]}
1:出牌16
通知其他人1出牌:{"dt":30,"c":16,"t":128,"pd":82,"it":false,"idx":1,"dr":false,"us":[300647,300627,300681,300682]}
2摸牌33
通知玩家2摸牌:{"dt":30,"pd":81,"ot":128,"m":33,"us":[300681]}
通知其他玩家有摸牌事件:{"dt":30,"t":256,"pd":81,"idx":2,"us":[300647,300627,300682]}
2:出牌16
通知其他人2出牌:{"dt":30,"c":16,"t":128,"pd":81,"it":false,"idx":2,"dr":false,"us":[300647,300627,300681,300682]}
3摸牌17
通知玩家3摸牌:{"dt":30,"pd":80,"ot":128,"m":17,"us":[300682]}
通知其他玩家有摸牌事件:{"dt":30,"t":256,"pd":80,"idx":3,"us":[300647,300627,300681]}
3:出牌31
通知其他人3出牌:{"dt":30,"c":31,"t":128,"pd":80,"it":false,"idx":3,"dr":false,"us":[300647,300627,300681,300682]}
通知1-513
通知1-128
1:出牌24
通知其他人1出牌:{"dt":30,"c":24,"t":128,"pd":80,"it":false,"idx":1,"dr":false,"us":[300647,300627,300681,300682]}
2摸牌4
通知玩家2摸牌:{"dt":30,"pd":79,"ot":128,"m":4,"us":[300681]}
通知其他玩家有摸牌事件:{"dt":30,"t":256,"pd":79,"idx":2,"us":[300647,300627,300682]}
2:出牌23
通知其他人2出牌:{"dt":30,"c":23,"t":128,"pd":79,"it":false,"idx":2,"dr":false,"us":[300647,300627,300681,300682]}
通知1-513
通知1-128
1:出牌13
通知其他人1出牌:{"dt":30,"c":13,"t":128,"pd":79,"it":false,"idx":1,"dr":false,"us":[300647,300627,300681,300682]}
2摸牌15
通知玩家2摸牌:{"dt":30,"pd":78,"ot":128,"m":15,"us":[300681]}
通知其他玩家有摸牌事件:{"dt":30,"t":256,"pd":78,"idx":2,"us":[300647,300627,300682]}
2:出牌26
通知其他人2出牌:{"dt":30,"c":26,"t":128,"pd":78,"it":false,"idx":2,"dr":false,"us":[300647,300627,300681,300682]}
通知1-513
碰牌之后有听牌
1:出牌11
通知其他人1出牌:{"dt":30,"c":11,"t":128,"pd":78,"it":true,"idx":1,"dr":false,"us":[300647,300627,300681,300682]}
2摸牌18
通知玩家2摸牌:{"dt":30,"pd":77,"ot":128,"m":18,"us":[300681]}
通知其他玩家有摸牌事件:{"dt":30,"t":256,"pd":77,"idx":2,"us":[300647,300627,300682]}
2:出牌18
通知其他人2出牌:{"dt":30,"c":18,"t":128,"pd":77,"it":false,"idx":2,"dr":false,"us":[300647,300627,300681,300682]}
3摸牌10
通知玩家3摸牌:{"dt":30,"pd":76,"ot":128,"m":10,"us":[300682]}
通知其他玩家有摸牌事件:{"dt":30,"t":256,"pd":76,"idx":3,"us":[300647,300627,300681]}
3:出牌10
通知其他人3出牌:{"dt":30,"c":10,"t":128,"pd":76,"it":false,"idx":3,"dr":false,"us":[300647,300627,300681,300682]}
0摸牌25
通知玩家0摸牌:{"dt":30,"pd":75,"ot":128,"m":25,"us":[300627]}
通知其他玩家有摸牌事件:{"dt":30,"t":256,"pd":75,"idx":0,"us":[300647,300681,300682]}
0:出牌25
通知其他人0出牌:{"dt":30,"c":25,"t":128,"pd":75,"it":false,"idx":0,"dr":false,"us":[300647,300627,300681,300682]}
1摸牌27
1已经听牌
通知玩家1摸牌:{"dt":30,"pd":74,"ot":128,"m":27,"us":[300647]}
通知其他玩家有摸牌事件:{"dt":30,"t":256,"pd":74,"idx":1,"us":[300627,300681,300682]}
1:出牌27
通知其他人1出牌:{"dt":30,"c":27,"t":128,"pd":74,"it":false,"idx":1,"dr":false,"us":[300647,300627,300681,300682]}
2摸牌9
通知玩家2摸牌:{"dt":30,"pd":73,"ot":128,"m":9,"us":[300681]}
通知其他玩家有摸牌事件:{"dt":30,"t":256,"pd":73,"idx":2,"us":[300647,300627,300682]}
2:出牌4
通知其他人2出牌:{"dt":30,"c":4,"t":128,"pd":73,"it":false,"idx":2,"dr":false,"us":[300647,300627,300681,300682]}
通知1-528
2017-02-20 10:01:06pais:{"dt":30,"hz":-1,"s":0,"pd":84,"sz":[2,1],"pai":[1,0,0,0,0,1,0,0,0,0,0,0,2,0,2,0,0,1,0,1,0,1,1,0,1,0,0,0,0,0,1,1,0,0],"z":0,"us":[300630]}
2017-02-20 10:01:06pais:{"dt":30,"hz":-1,"s":0,"pd":84,"sz":[2,1],"pai":[0,0,1,0,0,0,1,2,0,0,1,2,0,0,1,0,2,0,0,0,0,0,0,0,1,0,1,0,0,1,0,0,0,0],"z":0,"us":[300761]}
2017-02-20 10:01:06pais:{"dt":30,"hz":-1,"s":0,"pd":84,"sz":[2,1],"pai":[0,0,0,1,0,1,0,0,0,1,1,2,0,0,0,0,1,0,1,1,0,0,0,1,0,0,0,0,0,0,1,2,0,0],"z":0,"us":[300762]}
2017-02-20 10:01:06pais:{"dt":30,"hz":-1,"s":0,"pd":84,"sz":[2,1],"pai":[1,0,0,0,0,0,0,0,1,1,0,0,0,0,0,1,0,1,0,0,0,0,2,0,0,0,2,1,1,2,0,0,0,0],"z":0,"us":[300763]}
0摸牌18
通知玩家0摸牌:{"dt":30,"pd":83,"ot":128,"m":18,"us":[300630]}
通知其他玩家有摸牌事件:{"dt":30,"t":256,"pd":83,"idx":0,"us":[300761,300762,300763]}
0:出牌31
通知其他人0出牌:{"dt":30,"c":31,"t":128,"pd":83,"it":false,"idx":0,"dr":false,"us":[300630,300761,300762,300763]}
通知2-513
通知2-128
2:出牌23
通知其他人2出牌:{"dt":30,"c":23,"t":128,"pd":83,"it":false,"idx":2,"dr":false,"us":[300630,300761,300762,300763]}
3摸牌21
通知玩家3摸牌:{"dt":30,"pd":82,"ot":128,"m":21,"us":[300763]}
通知其他玩家有摸牌事件:{"dt":30,"t":256,"pd":82,"idx":3,"us":[300630,300761,300762]}
3:出牌0
通知其他人3出牌:{"dt":30,"c":0,"t":128,"pd":82,"it":false,"idx":3,"dr":false,"us":[300630,300761,300762,300763]}
0摸牌3
通知玩家0摸牌:{"dt":30,"pd":81,"ot":128,"m":3,"us":[300630]}
通知其他玩家有摸牌事件:{"dt":30,"t":256,"pd":81,"idx":0,"us":[300761,300762,300763]}
0:出牌0
通知其他人0出牌:{"dt":30,"c":0,"t":128,"pd":81,"it":false,"idx":0,"dr":false,"us":[300630,300761,300762,300763]}
1摸牌2
通知玩家1摸牌:{"dt":30,"pd":80,"ot":128,"m":2,"us":[300761]}
通知其他玩家有摸牌事件:{"dt":30,"t":256,"pd":80,"idx":1,"us":[300630,300762,300763]}
1:出牌29
通知其他人1出牌:{"dt":30,"c":29,"t":128,"pd":80,"it":false,"idx":1,"dr":false,"us":[300630,300761,300762,300763]}
通知3-513
通知3-128
3:出牌8
通知其他人3出牌:{"dt":30,"c":8,"t":128,"pd":80,"it":false,"idx":3,"dr":false,"us":[300630,300761,300762,300763]}
0摸牌12
通知玩家0摸牌:{"dt":30,"pd":79,"ot":128,"m":12,"us":[300630]}
通知其他玩家有摸牌事件:{"dt":30,"t":256,"pd":79,"idx":0,"us":[300761,300762,300763]}
0:出牌24
通知其他人0出牌:{"dt":30,"c":24,"t":128,"pd":79,"it":false,"idx":0,"dr":false,"us":[300630,300761,300762,300763]}
1摸牌28
通知玩家1摸牌:{"dt":30,"pd":78,"ot":128,"m":28,"us":[300761]}
通知其他玩家有摸牌事件:{"dt":30,"t":256,"pd":78,"idx":1,"us":[300630,300762,300763]}
1:出牌28
通知其他人1出牌:{"dt":30,"c":28,"t":128,"pd":78,"it":false,"idx":1,"dr":false,"us":[300630,300761,300762,300763]}
2摸牌20
通知玩家2摸牌:{"dt":30,"pd":77,"ot":128,"m":20,"us":[300762]}
通知其他玩家有摸牌事件:{"dt":30,"t":256,"pd":77,"idx":2,"us":[300630,300761,300763]}
2:出牌30
通知其他人2出牌:{"dt":30,"c":30,"t":128,"pd":77,"it":false,"idx":2,"dr":false,"us":[300630,300761,300762,300763]}
3摸牌20
通知玩家3摸牌:{"dt":30,"pd":76,"ot":128,"m":20,"us":[300763]}
通知其他玩家有摸牌事件:{"dt":30,"t":256,"pd":76,"idx":3,"us":[300630,300761,300762]}
3:出牌27
通知其他人3出牌:{"dt":30,"c":27,"t":128,"pd":76,"it":false,"idx":3,"dr":false,"us":[300630,300761,300762,300763]}
0摸牌14
通知玩家0摸牌:{"dt":30,"pd":75,"ot":128,"m":14,"us":[300630]}
通知其他玩家有摸牌事件:{"dt":30,"t":256,"pd":75,"idx":0,"us":[300761,300762,300763]}
0:出牌30
通知其他人0出牌:{"dt":30,"c":30,"t":128,"pd":75,"it":false,"idx":0,"dr":false,"us":[300630,300761,300762,300763]}
1摸牌28
通知玩家1摸牌:{"dt":30,"pd":74,"ot":128,"m":28,"us":[300761]}
通知其他玩家有摸牌事件:{"dt":30,"t":256,"pd":74,"idx":1,"us":[300630,300762,300763]}
1:出牌28
通知其他人1出牌:{"dt":30,"c":28,"t":128,"pd":74,"it":false,"idx":1,"dr":false,"us":[300630,300761,300762,300763]}
2摸牌7
通知玩家2摸牌:{"dt":30,"pd":73,"ot":128,"m":7,"us":[300762]}
通知其他玩家有摸牌事件:{"dt":30,"t":256,"pd":73,"idx":2,"us":[300630,300761,300763]}
2:出牌16
通知其他人2出牌:{"dt":30,"c":16,"t":128,"pd":73,"it":false,"idx":2,"dr":false,"us":[300630,300761,300762,300763]}
通知1-513
通知1-128
1:出牌14
通知其他人1出牌:{"dt":30,"c":14,"t":128,"pd":73,"it":false,"idx":1,"dr":false,"us":[300630,300761,300762,300763]}
通知0-517
0摸牌13
通知玩家0摸牌:{"dt":30,"pd":72,"ot":128,"m":13,"us":[300630]}
通知其他玩家有摸牌事件:{"dt":30,"t":256,"pd":72,"idx":0,"us":[300761,300762,300763]}
0:出牌17
通知其他人0出牌:{"dt":30,"c":17,"t":128,"pd":72,"it":false,"idx":0,"dr":false,"us":[300630,300761,300762,300763]}
1摸牌0
通知玩家1摸牌:{"dt":30,"pd":71,"ot":128,"m":0,"us":[300761]}
通知其他玩家有摸牌事件:{"dt":30,"t":256,"pd":71,"idx":1,"us":[300630,300762,300763]}
1:出牌10
通知其他人1出牌:{"dt":30,"c":10,"t":128,"pd":71,"it":false,"idx":1,"dr":false,"us":[300630,300761,300762,300763]}
2摸牌27
通知玩家2摸牌:{"dt":30,"pd":70,"ot":128,"m":27,"us":[300762]}
通知其他玩家有摸牌事件:{"dt":30,"t":256,"pd":70,"idx":2,"us":[300630,300761,300763]}
2:出牌11
通知其他人2出牌:{"dt":30,"c":11,"t":128,"pd":70,"it":false,"idx":2,"dr":false,"us":[300630,300761,300762,300763]}
通知1-513
通知1-128
1:出牌0
通知其他人1出牌:{"dt":30,"c":0,"t":128,"pd":70,"it":false,"idx":1,"dr":false,"us":[300630,300761,300762,300763]}
2摸牌32
通知玩家2摸牌:{"dt":30,"pd":69,"ot":128,"m":32,"us":[300762]}
通知其他玩家有摸牌事件:{"dt":30,"t":256,"pd":69,"idx":2,"us":[300630,300761,300763]}
2:出牌27
通知其他人2出牌:{"dt":30,"c":27,"t":128,"pd":69,"it":false,"idx":2,"dr":false,"us":[300630,300761,300762,300763]}
3摸牌25
通知玩家3摸牌:{"dt":30,"pd":68,"ot":128,"m":25,"us":[300763]}
通知其他玩家有摸牌事件:{"dt":30,"t":256,"pd":68,"idx":3,"us":[300630,300761,300762]}
3:出牌9
通知其他人3出牌:{"dt":30,"c":9,"t":128,"pd":68,"it":false,"idx":3,"dr":false,"us":[300630,300761,300762,300763]}
0摸牌15
通知玩家0摸牌:{"dt":30,"pd":67,"ot":128,"m":15,"us":[300630]}
通知其他玩家有摸牌事件:{"dt":30,"t":256,"pd":67,"idx":0,"us":[300761,300762,300763]}
0:出牌18
通知其他人0出牌:{"dt":30,"c":18,"t":128,"pd":67,"it":false,"idx":0,"dr":false,"us":[300630,300761,300762,300763]}
1摸牌18
通知玩家1摸牌:{"dt":30,"pd":66,"ot":128,"m":18,"us":[300761]}
通知其他玩家有摸牌事件:{"dt":30,"t":256,"pd":66,"idx":1,"us":[300630,300762,300763]}
1:出牌18
通知其他人1出牌:{"dt":30,"c":18,"t":128,"pd":66,"it":false,"idx":1,"dr":false,"us":[300630,300761,300762,300763]}
2摸牌5
通知玩家2摸牌:{"dt":30,"pd":65,"ot":128,"m":5,"us":[300762]}
通知其他玩家有摸牌事件:{"dt":30,"t":256,"pd":65,"idx":2,"us":[300630,300761,300763]}
2:出牌32
通知其他人2出牌:{"dt":30,"c":32,"t":128,"pd":65,"it":false,"idx":2,"dr":false,"us":[300630,300761,300762,300763]}
3摸牌4
通知玩家3摸牌:{"dt":30,"pd":64,"ot":128,"m":4,"us":[300763]}
通知其他玩家有摸牌事件:{"dt":30,"t":256,"pd":64,"idx":3,"us":[300630,300761,300762]}
3:出牌4
通知其他人3出牌:{"dt":30,"c":4,"t":128,"pd":64,"it":false,"idx":3,"dr":false,"us":[300630,300761,300762,300763]}
0摸牌1
通知玩家0摸牌:{"dt":30,"pd":63,"ot":128,"m":1,"us":[300630]}
通知其他玩家有摸牌事件:{"dt":30,"t":256,"pd":63,"idx":0,"us":[300761,300762,300763]}
0:出牌1
通知其他人0出牌:{"dt":30,"c":1,"t":128,"pd":63,"it":false,"idx":0,"dr":false,"us":[300630,300761,300762,300763]}
1摸牌3
通知玩家1摸牌:{"dt":30,"pd":62,"ot":128,"m":3,"us":[300761]}
通知其他玩家有摸牌事件:{"dt":30,"t":256,"pd":62,"idx":1,"us":[300630,300762,300763]}
1:出牌26
通知其他人1出牌:{"dt":30,"c":26,"t":128,"pd":62,"it":false,"idx":1,"dr":false,"us":[300630,300761,300762,300763]}
通知3-513
通知3-128
3:出牌28
通知其他人3出牌:{"dt":30,"c":28,"t":128,"pd":62,"it":false,"idx":3,"dr":false,"us":[300630,300761,300762,300763]}
0摸牌4
通知玩家0摸牌:{"dt":30,"pd":61,"ot":128,"m":4,"us":[300630]}
通知其他玩家有摸牌事件:{"dt":30,"t":256,"pd":61,"idx":0,"us":[300761,300762,300763]}
0:出牌19
通知其他人0出牌:{"dt":30,"c":19,"t":128,"pd":61,"it":false,"idx":0,"dr":false,"us":[300630,300761,300762,300763]}
1摸牌25
通知玩家1摸牌:{"dt":30,"pd":60,"ot":128,"m":25,"us":[300761]}
通知其他玩家有摸牌事件:{"dt":30,"t":256,"pd":60,"idx":1,"us":[300630,300762,300763]}
1:出牌3
通知其他人1出牌:{"dt":30,"c":3,"t":128,"pd":60,"it":false,"idx":1,"dr":false,"us":[300630,300761,300762,300763]}
2摸牌17
通知玩家2摸牌:{"dt":30,"pd":59,"ot":128,"m":17,"us":[300762]}
通知其他玩家有摸牌事件:{"dt":30,"t":256,"pd":59,"idx":2,"us":[300630,300761,300763]}
2:出牌17
通知其他人2出牌:{"dt":30,"c":17,"t":128,"pd":59,"it":false,"idx":2,"dr":false,"us":[300630,300761,300762,300763]}
3摸牌32
通知玩家3摸牌:{"dt":30,"pd":58,"ot":128,"m":32,"us":[300763]}
通知其他玩家有摸牌事件:{"dt":30,"t":256,"pd":58,"idx":3,"us":[300630,300761,300762]}
3:出牌32
通知其他人3出牌:{"dt":30,"c":32,"t":128,"pd":58,"it":false,"idx":3,"dr":false,"us":[300630,300761,300762,300763]}
0摸牌8
通知玩家0摸牌:{"dt":30,"pd":57,"ot":128,"m":8,"us":[300630]}
通知其他玩家有摸牌事件:{"dt":30,"t":256,"pd":57,"idx":0,"us":[300761,300762,300763]}
0:出牌8
通知其他人0出牌:{"dt":30,"c":8,"t":128,"pd":57,"it":false,"idx":0,"dr":false,"us":[300630,300761,300762,300763]}
1摸牌19
通知玩家1摸牌:{"dt":30,"pd":56,"ot":128,"m":19,"us":[300761]}
通知其他玩家有摸牌事件:{"dt":30,"t":256,"pd":56,"idx":1,"us":[300630,300762,300763]}
1:出牌19
通知其他人1出牌:{"dt":30,"c":19,"t":128,"pd":56,"it":false,"idx":1,"dr":false,"us":[300630,300761,300762,300763]}
2摸牌24
通知玩家2摸牌:{"dt":30,"pd":55,"ot":128,"m":24,"us":[300762]}
通知其他玩家有摸牌事件:{"dt":30,"t":256,"pd":55,"idx":2,"us":[300630,300761,300763]}
2:出牌24
通知其他人2出牌:{"dt":30,"c":24,"t":128,"pd":55,"it":false,"idx":2,"dr":false,"us":[300630,300761,300762,300763]}
3摸牌2
通知玩家3摸牌:{"dt":30,"pd":54,"ot":128,"m":2,"us":[300763]}
通知其他玩家有摸牌事件:{"dt":30,"t":256,"pd":54,"idx":3,"us":[300630,300761,300762]}
3:出牌2
通知其他人3出牌:{"dt":30,"c":2,"t":128,"pd":54,"it":false,"idx":3,"dr":false,"us":[300630,300761,300762,300763]}
通知1-513
碰牌之后有听牌
1:出牌6
通知其他人1出牌:{"dt":30,"c":6,"t":128,"pd":54,"it":true,"idx":1,"dr":false,"us":[300630,300761,300762,300763]}
2摸牌21
通知玩家2摸牌:{"dt":30,"pd":53,"ot":128,"m":21,"us":[300762]}
通知其他玩家有摸牌事件:{"dt":30,"t":256,"pd":53,"idx":2,"us":[300630,300761,300763]}
2:出牌18
通知其他人2出牌:{"dt":30,"c":18,"t":128,"pd":53,"it":false,"idx":2,"dr":false,"us":[300630,300761,300762,300763]}
3摸牌25
3没有听牌，且可以听牌
通知玩家3摸牌:{"dt":30,"pd":52,"ot":192,"m":25,"us":[300763],"ts":[{"chu":22,"hu":[16]}]}
通知其他玩家有摸牌事件:{"dt":30,"t":256,"pd":52,"idx":3,"us":[300630,300761,300762]}
3:出牌22
通知其他人3出牌:{"dt":30,"c":22,"t":128,"pd":52,"it":true,"idx":3,"dr":false,"us":[300630,300761,300762,300763]}
0摸牌13
0没有听牌，且可以听牌
通知玩家0摸牌:{"dt":30,"pd":51,"ot":192,"m":13,"us":[300630],"ts":[{"chu":15,"hu":[20,23]}]}
通知其他玩家有摸牌事件:{"dt":30,"t":256,"pd":51,"idx":0,"us":[300761,300762,300763]}
0:出牌15
通知其他人0出牌:{"dt":30,"c":15,"t":128,"pd":51,"it":true,"idx":0,"dr":false,"us":[300630,300761,300762,300763]}
1摸牌20
1已经听牌
通知玩家1摸牌:{"dt":30,"pd":50,"ot":128,"m":20,"us":[300761]}
通知其他玩家有摸牌事件:{"dt":30,"t":256,"pd":50,"idx":1,"us":[300630,300762,300763]}
1:出牌20
通知其他人1出牌:{"dt":30,"c":20,"t":128,"pd":50,"it":false,"idx":1,"dr":false,"us":[300630,300761,300762,300763]}
通知0-528
2017-02-20 10:08:12pais:{"dt":30,"hz":-1,"s":0,"pd":84,"sz":[5,6],"pai":[0,0,0,0,0,2,1,1,0,0,0,0,1,1,0,0,1,0,0,0,0,1,1,0,0,1,0,2,0,0,0,0,1,0],"z":0,"us":[300764]}
2017-02-20 10:08:12pais:{"dt":30,"hz":-1,"s":0,"pd":84,"sz":[5,6],"pai":[0,0,0,0,1,0,0,0,1,0,0,0,0,0,0,0,1,0,0,1,3,1,1,0,2,0,0,0,0,1,1,0,0,0],"z":0,"us":[300765]}
2017-02-20 10:08:12pais:{"dt":30,"hz":-1,"s":0,"pd":84,"sz":[5,6],"pai":[0,0,0,1,0,0,0,1,0,0,0,0,1,1,1,1,1,0,2,0,0,0,0,2,0,1,0,0,1,0,0,0,0,0],"z":0,"us":[300766]}
2017-02-20 10:08:12pais:{"dt":30,"hz":-1,"s":0,"pd":84,"sz":[5,6],"pai":[2,2,0,0,0,0,0,1,0,0,1,1,0,0,0,1,0,0,0,1,0,0,0,1,0,1,1,1,0,0,0,0,0,0],"z":0,"us":[300767]}
0摸牌13
通知玩家0摸牌:{"dt":30,"pd":83,"ot":128,"m":13,"us":[300764]}
通知其他玩家有摸牌事件:{"dt":30,"t":256,"pd":83,"idx":0,"us":[300765,300766,300767]}
0:出牌16
通知其他人0出牌:{"dt":30,"c":16,"t":128,"pd":83,"it":false,"idx":0,"dr":false,"us":[300764,300765,300766,300767]}
1摸牌14
通知玩家1摸牌:{"dt":30,"pd":82,"ot":128,"m":14,"us":[300765]}
通知其他玩家有摸牌事件:{"dt":30,"t":256,"pd":82,"idx":1,"us":[300764,300766,300767]}
1:出牌4
通知其他人1出牌:{"dt":30,"c":4,"t":128,"pd":82,"it":false,"idx":1,"dr":false,"us":[300764,300765,300766,300767]}
2摸牌10
通知玩家2摸牌:{"dt":30,"pd":81,"ot":128,"m":10,"us":[300766]}
通知其他玩家有摸牌事件:{"dt":30,"t":256,"pd":81,"idx":2,"us":[300764,300765,300767]}
2:出牌3
通知其他人2出牌:{"dt":30,"c":3,"t":128,"pd":81,"it":false,"idx":2,"dr":false,"us":[300764,300765,300766,300767]}
3摸牌29
通知玩家3摸牌:{"dt":30,"pd":80,"ot":128,"m":29,"us":[300767]}
通知其他玩家有摸牌事件:{"dt":30,"t":256,"pd":80,"idx":3,"us":[300764,300765,300766]}
3:出牌27
通知其他人3出牌:{"dt":30,"c":27,"t":128,"pd":80,"it":false,"idx":3,"dr":false,"us":[300764,300765,300766,300767]}
通知0-513
通知0-128
0:出牌32
通知其他人0出牌:{"dt":30,"c":32,"t":128,"pd":80,"it":false,"idx":0,"dr":false,"us":[300764,300765,300766,300767]}
1摸牌3
通知玩家1摸牌:{"dt":30,"pd":79,"ot":128,"m":3,"us":[300765]}
通知其他玩家有摸牌事件:{"dt":30,"t":256,"pd":79,"idx":1,"us":[300764,300766,300767]}
1:出牌8
通知其他人1出牌:{"dt":30,"c":8,"t":128,"pd":79,"it":false,"idx":1,"dr":false,"us":[300764,300765,300766,300767]}
2摸牌31
通知玩家2摸牌:{"dt":30,"pd":78,"ot":128,"m":31,"us":[300766]}
通知其他玩家有摸牌事件:{"dt":30,"t":256,"pd":78,"idx":2,"us":[300764,300765,300767]}
2:出牌7
通知其他人2出牌:{"dt":30,"c":7,"t":128,"pd":78,"it":false,"idx":2,"dr":false,"us":[300764,300765,300766,300767]}
3摸牌12
通知玩家3摸牌:{"dt":30,"pd":77,"ot":128,"m":12,"us":[300767]}
通知其他玩家有摸牌事件:{"dt":30,"t":256,"pd":77,"idx":3,"us":[300764,300765,300766]}
3:出牌15
通知其他人3出牌:{"dt":30,"c":15,"t":128,"pd":77,"it":false,"idx":3,"dr":false,"us":[300764,300765,300766,300767]}
0摸牌3
通知玩家0摸牌:{"dt":30,"pd":76,"ot":128,"m":3,"us":[300764]}
通知其他玩家有摸牌事件:{"dt":30,"t":256,"pd":76,"idx":0,"us":[300765,300766,300767]}
0:出牌25
通知其他人0出牌:{"dt":30,"c":25,"t":128,"pd":76,"it":false,"idx":0,"dr":false,"us":[300764,300765,300766,300767]}
1摸牌9
通知玩家1摸牌:{"dt":30,"pd":75,"ot":128,"m":9,"us":[300765]}
通知其他玩家有摸牌事件:{"dt":30,"t":256,"pd":75,"idx":1,"us":[300764,300766,300767]}
1:出牌3
通知其他人1出牌:{"dt":30,"c":3,"t":128,"pd":75,"it":false,"idx":1,"dr":false,"us":[300764,300765,300766,300767]}
2摸牌16
通知玩家2摸牌:{"dt":30,"pd":74,"ot":128,"m":16,"us":[300766]}
通知其他玩家有摸牌事件:{"dt":30,"t":256,"pd":74,"idx":2,"us":[300764,300765,300767]}
2:出牌10
通知其他人2出牌:{"dt":30,"c":10,"t":128,"pd":74,"it":false,"idx":2,"dr":false,"us":[300764,300765,300766,300767]}
3摸牌10
通知玩家3摸牌:{"dt":30,"pd":73,"ot":128,"m":10,"us":[300767]}
通知其他玩家有摸牌事件:{"dt":30,"t":256,"pd":73,"idx":3,"us":[300764,300765,300766]}
3:出牌10
通知其他人3出牌:{"dt":30,"c":10,"t":128,"pd":73,"it":false,"idx":3,"dr":false,"us":[300764,300765,300766,300767]}
0摸牌14
通知玩家0摸牌:{"dt":30,"pd":72,"ot":128,"m":14,"us":[300764]}
通知其他玩家有摸牌事件:{"dt":30,"t":256,"pd":72,"idx":0,"us":[300765,300766,300767]}
0:出牌13
通知其他人0出牌:{"dt":30,"c":13,"t":128,"pd":72,"it":false,"idx":0,"dr":false,"us":[300764,300765,300766,300767]}
1摸牌6
通知玩家1摸牌:{"dt":30,"pd":71,"ot":128,"m":6,"us":[300765]}
通知其他玩家有摸牌事件:{"dt":30,"t":256,"pd":71,"idx":1,"us":[300764,300766,300767]}
1:出牌6
通知其他人1出牌:{"dt":30,"c":6,"t":128,"pd":71,"it":false,"idx":1,"dr":false,"us":[300764,300765,300766,300767]}
2摸牌7
通知玩家2摸牌:{"dt":30,"pd":70,"ot":128,"m":7,"us":[300766]}
通知其他玩家有摸牌事件:{"dt":30,"t":256,"pd":70,"idx":2,"us":[300764,300765,300767]}
2:出牌7
通知其他人2出牌:{"dt":30,"c":7,"t":128,"pd":70,"it":false,"idx":2,"dr":false,"us":[300764,300765,300766,300767]}
3摸牌6
通知玩家3摸牌:{"dt":30,"pd":69,"ot":128,"m":6,"us":[300767]}
通知其他玩家有摸牌事件:{"dt":30,"t":256,"pd":69,"idx":3,"us":[300764,300765,300766]}
3:出牌19
通知其他人3出牌:{"dt":30,"c":19,"t":128,"pd":69,"it":false,"idx":3,"dr":false,"us":[300764,300765,300766,300767]}
0摸牌23
0没有听牌，且可以听牌
通知玩家0摸牌:{"dt":30,"pd":68,"ot":192,"m":23,"us":[300764],"ts":[{"chu":3,"hu":[5,8]},{"chu":5,"hu":[3]}]}
通知其他玩家有摸牌事件:{"dt":30,"t":256,"pd":68,"idx":0,"us":[300765,300766,300767]}
0:出牌3
通知其他人0出牌:{"dt":30,"c":3,"t":128,"pd":68,"it":true,"idx":0,"dr":false,"us":[300764,300765,300766,300767]}
1摸牌5
通知玩家1摸牌:{"dt":30,"pd":67,"ot":128,"m":5,"us":[300765]}
通知其他玩家有摸牌事件:{"dt":30,"t":256,"pd":67,"idx":1,"us":[300764,300766,300767]}
1:出牌5
通知其他人1出牌:{"dt":30,"c":5,"t":128,"pd":67,"it":false,"idx":1,"dr":false,"us":[300764,300765,300766,300767]}
通知0-528
2017-02-20 10:40:05pais:{"dt":30,"hz":-1,"s":0,"pd":84,"sz":[1,3],"pai":[1,0,0,1,2,0,2,0,0,0,0,0,0,0,0,1,1,0,0,0,1,0,0,1,0,1,0,0,1,0,0,1,0,0],"z":0,"us":[300627]}
2017-02-20 10:40:05pais:{"dt":30,"hz":-1,"s":0,"pd":84,"sz":[1,3],"pai":[1,0,1,1,0,2,0,0,0,0,1,0,0,0,1,0,0,1,0,0,0,0,0,0,0,1,1,0,1,1,0,0,0,1],"z":0,"us":[300647]}
2017-02-20 10:40:05pais:{"dt":30,"hz":-1,"s":0,"pd":84,"sz":[1,3],"pai":[0,1,0,0,0,1,1,1,1,0,0,0,0,0,1,0,0,0,0,0,0,0,0,0,1,0,0,0,1,3,0,1,0,1],"z":0,"us":[300681]}
2017-02-20 10:40:05pais:{"dt":30,"hz":-1,"s":0,"pd":84,"sz":[1,3],"pai":[0,2,1,0,0,1,0,0,0,0,0,0,0,1,1,0,1,1,1,0,0,0,0,1,0,0,1,0,0,0,1,0,1,0],"z":0,"us":[300682]}
0摸牌3
通知玩家0摸牌:{"dt":30,"pd":83,"ot":128,"m":3,"us":[300627]}
通知其他玩家有摸牌事件:{"dt":30,"t":256,"pd":83,"idx":0,"us":[300647,300681,300682]}
0:出牌28
通知其他人0出牌:{"dt":30,"c":28,"t":128,"pd":83,"it":false,"idx":0,"dr":false,"us":[300647,300627,300681,300682]}
1摸牌12
通知玩家1摸牌:{"dt":30,"pd":82,"ot":128,"m":12,"us":[300647]}
通知其他玩家有摸牌事件:{"dt":30,"t":256,"pd":82,"idx":1,"us":[300627,300681,300682]}
1:出牌29
通知其他人1出牌:{"dt":30,"c":29,"t":128,"pd":82,"it":false,"idx":1,"dr":false,"us":[300647,300627,300681,300682]}
通知2-517
2摸牌17
通知玩家2摸牌:{"dt":30,"pd":81,"ot":128,"m":17,"us":[300681]}
通知其他玩家有摸牌事件:{"dt":30,"t":256,"pd":81,"idx":2,"us":[300647,300627,300682]}
2:出牌17
通知其他人2出牌:{"dt":30,"c":17,"t":128,"pd":81,"it":false,"idx":2,"dr":false,"us":[300647,300627,300681,300682]}
3摸牌32
通知玩家3摸牌:{"dt":30,"pd":80,"ot":128,"m":32,"us":[300682]}
通知其他玩家有摸牌事件:{"dt":30,"t":256,"pd":80,"idx":3,"us":[300647,300627,300681]}
3:出牌5
通知其他人3出牌:{"dt":30,"c":5,"t":128,"pd":80,"it":false,"idx":3,"dr":false,"us":[300647,300627,300681,300682]}
通知1-513
通知1-128
1:出牌0
通知其他人1出牌:{"dt":30,"c":0,"t":128,"pd":80,"it":false,"idx":1,"dr":false,"us":[300647,300627,300681,300682]}
2摸牌27
通知玩家2摸牌:{"dt":30,"pd":79,"ot":128,"m":27,"us":[300681]}
通知其他玩家有摸牌事件:{"dt":30,"t":256,"pd":79,"idx":2,"us":[300647,300627,300682]}
2:出牌1
通知其他人2出牌:{"dt":30,"c":1,"t":128,"pd":79,"it":false,"idx":2,"dr":false,"us":[300647,300627,300681,300682]}
通知3-513
通知3-128
3:出牌2
通知其他人3出牌:{"dt":30,"c":2,"t":128,"pd":79,"it":false,"idx":3,"dr":false,"us":[300647,300627,300681,300682]}
0摸牌15
通知玩家0摸牌:{"dt":30,"pd":78,"ot":128,"m":15,"us":[300627]}
通知其他玩家有摸牌事件:{"dt":30,"t":256,"pd":78,"idx":0,"us":[300647,300681,300682]}
0:出牌0
通知其他人0出牌:{"dt":30,"c":0,"t":128,"pd":78,"it":false,"idx":0,"dr":false,"us":[300647,300627,300681,300682]}
1摸牌10
通知玩家1摸牌:{"dt":30,"pd":77,"ot":128,"m":10,"us":[300647]}
通知其他玩家有摸牌事件:{"dt":30,"t":256,"pd":77,"idx":1,"us":[300627,300681,300682]}
1:出牌28
通知其他人1出牌:{"dt":30,"c":28,"t":128,"pd":77,"it":false,"idx":1,"dr":false,"us":[300647,300627,300681,300682]}
2摸牌20
通知玩家2摸牌:{"dt":30,"pd":76,"ot":128,"m":20,"us":[300681]}
通知其他玩家有摸牌事件:{"dt":30,"t":256,"pd":76,"idx":2,"us":[300647,300627,300682]}
2:出牌28
通知其他人2出牌:{"dt":30,"c":28,"t":128,"pd":76,"it":false,"idx":2,"dr":false,"us":[300647,300627,300681,300682]}
3摸牌13
通知玩家3摸牌:{"dt":30,"pd":75,"ot":128,"m":13,"us":[300682]}
通知其他玩家有摸牌事件:{"dt":30,"t":256,"pd":75,"idx":3,"us":[300647,300627,300681]}
3:出牌18
通知其他人3出牌:{"dt":30,"c":18,"t":128,"pd":75,"it":false,"idx":3,"dr":false,"us":[300647,300627,300681,300682]}
0摸牌20
通知玩家0摸牌:{"dt":30,"pd":74,"ot":128,"m":20,"us":[300627]}
通知其他玩家有摸牌事件:{"dt":30,"t":256,"pd":74,"idx":0,"us":[300647,300681,300682]}
0:出牌16
通知其他人0出牌:{"dt":30,"c":16,"t":128,"pd":74,"it":false,"idx":0,"dr":false,"us":[300647,300627,300681,300682]}
1摸牌30
通知玩家1摸牌:{"dt":30,"pd":73,"ot":128,"m":30,"us":[300647]}
通知其他玩家有摸牌事件:{"dt":30,"t":256,"pd":73,"idx":1,"us":[300627,300681,300682]}
1:出牌3
通知其他人1出牌:{"dt":30,"c":3,"t":128,"pd":73,"it":false,"idx":1,"dr":false,"us":[300647,300627,300681,300682]}
通知0-513
通知0-128
0:出牌25
通知其他人0出牌:{"dt":30,"c":25,"t":128,"pd":73,"it":false,"idx":0,"dr":false,"us":[300647,300627,300681,300682]}
1摸牌8
通知玩家1摸牌:{"dt":30,"pd":72,"ot":128,"m":8,"us":[300647]}
通知其他玩家有摸牌事件:{"dt":30,"t":256,"pd":72,"idx":1,"us":[300627,300681,300682]}
1:出牌8
通知其他人1出牌:{"dt":30,"c":8,"t":128,"pd":72,"it":false,"idx":1,"dr":false,"us":[300647,300627,300681,300682]}
2摸牌19
通知玩家2摸牌:{"dt":30,"pd":71,"ot":128,"m":19,"us":[300681]}
通知其他玩家有摸牌事件:{"dt":30,"t":256,"pd":71,"idx":2,"us":[300647,300627,300682]}
2:出牌24
通知其他人2出牌:{"dt":30,"c":24,"t":128,"pd":71,"it":false,"idx":2,"dr":false,"us":[300647,300627,300681,300682]}
3摸牌18
通知玩家3摸牌:{"dt":30,"pd":70,"ot":128,"m":18,"us":[300682]}
通知其他玩家有摸牌事件:{"dt":30,"t":256,"pd":70,"idx":3,"us":[300647,300627,300681]}
3:出牌18
通知其他人3出牌:{"dt":30,"c":18,"t":128,"pd":70,"it":false,"idx":3,"dr":false,"us":[300647,300627,300681,300682]}
0摸牌17
通知玩家0摸牌:{"dt":30,"pd":69,"ot":128,"m":17,"us":[300627]}
通知其他玩家有摸牌事件:{"dt":30,"t":256,"pd":69,"idx":0,"us":[300647,300681,300682]}
0:出牌17
通知其他人0出牌:{"dt":30,"c":17,"t":128,"pd":69,"it":false,"idx":0,"dr":false,"us":[300647,300627,300681,300682]}
1摸牌32
通知玩家1摸牌:{"dt":30,"pd":68,"ot":128,"m":32,"us":[300647]}
通知其他玩家有摸牌事件:{"dt":30,"t":256,"pd":68,"idx":1,"us":[300627,300681,300682]}
1:出牌32
通知其他人1出牌:{"dt":30,"c":32,"t":128,"pd":68,"it":false,"idx":1,"dr":false,"us":[300647,300627,300681,300682]}
通知3-513
通知3-128
3:出牌30
通知其他人3出牌:{"dt":30,"c":30,"t":128,"pd":68,"it":false,"idx":3,"dr":false,"us":[300647,300627,300681,300682]}
0摸牌11
通知玩家0摸牌:{"dt":30,"pd":67,"ot":128,"m":11,"us":[300627]}
通知其他玩家有摸牌事件:{"dt":30,"t":256,"pd":67,"idx":0,"us":[300647,300681,300682]}
0:出牌11
通知其他人0出牌:{"dt":30,"c":11,"t":128,"pd":67,"it":false,"idx":0,"dr":false,"us":[300647,300627,300681,300682]}
1摸牌21
通知玩家1摸牌:{"dt":30,"pd":66,"ot":128,"m":21,"us":[300647]}
通知其他玩家有摸牌事件:{"dt":30,"t":256,"pd":66,"idx":1,"us":[300627,300681,300682]}
1:出牌21
通知其他人1出牌:{"dt":30,"c":21,"t":128,"pd":66,"it":false,"idx":1,"dr":false,"us":[300647,300627,300681,300682]}
2摸牌10
通知玩家2摸牌:{"dt":30,"pd":65,"ot":128,"m":10,"us":[300681]}
通知其他玩家有摸牌事件:{"dt":30,"t":256,"pd":65,"idx":2,"us":[300647,300627,300682]}
2:出牌10
通知其他人2出牌:{"dt":30,"c":10,"t":128,"pd":65,"it":false,"idx":2,"dr":false,"us":[300647,300627,300681,300682]}
通知1-513
通知1-128
1:出牌2
通知其他人1出牌:{"dt":30,"c":2,"t":128,"pd":65,"it":false,"idx":1,"dr":false,"us":[300647,300627,300681,300682]}
2摸牌32
通知玩家2摸牌:{"dt":30,"pd":64,"ot":128,"m":32,"us":[300681]}
通知其他玩家有摸牌事件:{"dt":30,"t":256,"pd":64,"idx":2,"us":[300647,300627,300682]}
2:出牌32
通知其他人2出牌:{"dt":30,"c":32,"t":128,"pd":64,"it":false,"idx":2,"dr":false,"us":[300647,300627,300681,300682]}
3摸牌9
通知玩家3摸牌:{"dt":30,"pd":63,"ot":128,"m":9,"us":[300682]}
通知其他玩家有摸牌事件:{"dt":30,"t":256,"pd":63,"idx":3,"us":[300647,300627,300681]}
3:出牌9
通知其他人3出牌:{"dt":30,"c":9,"t":128,"pd":63,"it":false,"idx":3,"dr":false,"us":[300647,300627,300681,300682]}
0摸牌9
通知玩家0摸牌:{"dt":30,"pd":62,"ot":128,"m":9,"us":[300627]}
通知其他玩家有摸牌事件:{"dt":30,"t":256,"pd":62,"idx":0,"us":[300647,300681,300682]}
0:出牌9
通知其他人0出牌:{"dt":30,"c":9,"t":128,"pd":62,"it":false,"idx":0,"dr":false,"us":[300647,300627,300681,300682]}
1摸牌12
通知玩家1摸牌:{"dt":30,"pd":61,"ot":128,"m":12,"us":[300647]}
通知其他玩家有摸牌事件:{"dt":30,"t":256,"pd":61,"idx":1,"us":[300627,300681,300682]}
1:出牌30
通知其他人1出牌:{"dt":30,"c":30,"t":128,"pd":61,"it":false,"idx":1,"dr":false,"us":[300647,300627,300681,300682]}
2摸牌4
通知玩家2摸牌:{"dt":30,"pd":60,"ot":128,"m":4,"us":[300681]}
通知其他玩家有摸牌事件:{"dt":30,"t":256,"pd":60,"idx":2,"us":[300647,300627,300682]}
2:出牌14
通知其他人2出牌:{"dt":30,"c":14,"t":128,"pd":60,"it":false,"idx":2,"dr":false,"us":[300647,300627,300681,300682]}
3摸牌21
通知玩家3摸牌:{"dt":30,"pd":59,"ot":128,"m":21,"us":[300682]}
通知其他玩家有摸牌事件:{"dt":30,"t":256,"pd":59,"idx":3,"us":[300647,300627,300681]}
3:出牌26
通知其他人3出牌:{"dt":30,"c":26,"t":128,"pd":59,"it":false,"idx":3,"dr":false,"us":[300647,300627,300681,300682]}
0摸牌11
通知玩家0摸牌:{"dt":30,"pd":58,"ot":128,"m":11,"us":[300627]}
通知其他玩家有摸牌事件:{"dt":30,"t":256,"pd":58,"idx":0,"us":[300647,300681,300682]}
0:出牌11
通知其他人0出牌:{"dt":30,"c":11,"t":128,"pd":58,"it":false,"idx":0,"dr":false,"us":[300647,300627,300681,300682]}
1摸牌31
通知玩家1摸牌:{"dt":30,"pd":57,"ot":128,"m":31,"us":[300647]}
通知其他玩家有摸牌事件:{"dt":30,"t":256,"pd":57,"idx":1,"us":[300627,300681,300682]}
1:出牌31
通知其他人1出牌:{"dt":30,"c":31,"t":128,"pd":57,"it":false,"idx":1,"dr":false,"us":[300647,300627,300681,300682]}
2摸牌16
通知玩家2摸牌:{"dt":30,"pd":56,"ot":128,"m":16,"us":[300681]}
通知其他玩家有摸牌事件:{"dt":30,"t":256,"pd":56,"idx":2,"us":[300647,300627,300682]}
2:出牌16
通知其他人2出牌:{"dt":30,"c":16,"t":128,"pd":56,"it":false,"idx":2,"dr":false,"us":[300647,300627,300681,300682]}
3摸牌33
通知玩家3摸牌:{"dt":30,"pd":55,"ot":128,"m":33,"us":[300682]}
通知其他玩家有摸牌事件:{"dt":30,"t":256,"pd":55,"idx":3,"us":[300647,300627,300681]}
3:出牌33
通知其他人3出牌:{"dt":30,"c":33,"t":128,"pd":55,"it":false,"idx":3,"dr":false,"us":[300647,300627,300681,300682]}
0摸牌33
通知玩家0摸牌:{"dt":30,"pd":54,"ot":128,"m":33,"us":[300627]}
通知其他玩家有摸牌事件:{"dt":30,"t":256,"pd":54,"idx":0,"us":[300647,300681,300682]}
0:出牌33
通知其他人0出牌:{"dt":30,"c":33,"t":128,"pd":54,"it":false,"idx":0,"dr":false,"us":[300647,300627,300681,300682]}
1摸牌23
通知玩家1摸牌:{"dt":30,"pd":53,"ot":128,"m":23,"us":[300647]}
通知其他玩家有摸牌事件:{"dt":30,"t":256,"pd":53,"idx":1,"us":[300627,300681,300682]}
1:出牌33
通知其他人1出牌:{"dt":30,"c":33,"t":128,"pd":53,"it":false,"idx":1,"dr":false,"us":[300647,300627,300681,300682]}
2摸牌7
通知玩家2摸牌:{"dt":30,"pd":52,"ot":128,"m":7,"us":[300681]}
通知其他玩家有摸牌事件:{"dt":30,"t":256,"pd":52,"idx":2,"us":[300647,300627,300682]}
2:出牌33
通知其他人2出牌:{"dt":30,"c":33,"t":128,"pd":52,"it":false,"idx":2,"dr":false,"us":[300647,300627,300681,300682]}
3摸牌11
通知玩家3摸牌:{"dt":30,"pd":51,"ot":128,"m":11,"us":[300682]}
通知其他玩家有摸牌事件:{"dt":30,"t":256,"pd":51,"idx":3,"us":[300647,300627,300681]}
3:出牌23
通知其他人3出牌:{"dt":30,"c":23,"t":128,"pd":51,"it":false,"idx":3,"dr":false,"us":[300647,300627,300681,300682]}
0摸牌15
通知玩家0摸牌:{"dt":30,"pd":50,"ot":128,"m":15,"us":[300627]}
通知其他玩家有摸牌事件:{"dt":30,"t":256,"pd":50,"idx":0,"us":[300647,300681,300682]}
0:出牌23
通知其他人0出牌:{"dt":30,"c":23,"t":128,"pd":50,"it":false,"idx":0,"dr":false,"us":[300647,300627,300681,300682]}
1摸牌8
通知玩家1摸牌:{"dt":30,"pd":49,"ot":128,"m":8,"us":[300647]}
通知其他玩家有摸牌事件:{"dt":30,"t":256,"pd":49,"idx":1,"us":[300627,300681,300682]}
1:出牌8
通知其他人1出牌:{"dt":30,"c":8,"t":128,"pd":49,"it":false,"idx":1,"dr":false,"us":[300647,300627,300681,300682]}
2摸牌19
通知玩家2摸牌:{"dt":30,"pd":48,"ot":128,"m":19,"us":[300681]}
通知其他玩家有摸牌事件:{"dt":30,"t":256,"pd":48,"idx":2,"us":[300647,300627,300682]}
2:出牌20
通知其他人2出牌:{"dt":30,"c":20,"t":128,"pd":48,"it":false,"idx":2,"dr":false,"us":[300647,300627,300681,300682]}
通知0-513
碰牌之后有听牌
0:出牌31
通知其他人0出牌:{"dt":30,"c":31,"t":128,"pd":48,"it":true,"idx":0,"dr":false,"us":[300647,300627,300681,300682]}
1摸牌18
通知玩家1摸牌:{"dt":30,"pd":47,"ot":128,"m":18,"us":[300647]}
通知其他玩家有摸牌事件:{"dt":30,"t":256,"pd":47,"idx":1,"us":[300627,300681,300682]}
1:出牌18
通知其他人1出牌:{"dt":30,"c":18,"t":128,"pd":47,"it":false,"idx":1,"dr":false,"us":[300647,300627,300681,300682]}
2摸牌25
通知玩家2摸牌:{"dt":30,"pd":46,"ot":128,"m":25,"us":[300681]}
通知其他玩家有摸牌事件:{"dt":30,"t":256,"pd":46,"idx":2,"us":[300647,300627,300682]}
2:出牌4
通知其他人2出牌:{"dt":30,"c":4,"t":128,"pd":46,"it":false,"idx":2,"dr":false,"us":[300647,300627,300681,300682]}
通知0-528
2017-02-20 11:41:57pais:{"dt":30,"hz":-1,"s":0,"pd":84,"sz":[5,6],"pai":[0,1,0,0,0,1,0,0,3,0,0,1,0,0,0,0,0,0,0,0,0,1,2,0,1,0,1,1,0,1,0,0,0,0],"z":0,"us":[300700]}
2017-02-20 11:41:57pais:{"dt":30,"hz":-1,"s":0,"pd":84,"sz":[5,6],"pai":[0,0,0,0,0,1,0,1,0,0,0,0,0,1,1,0,0,0,0,0,0,0,0,1,2,0,1,1,1,1,0,1,1,0],"z":0,"us":[300701]}
2017-02-20 11:41:57pais:{"dt":30,"hz":-1,"s":0,"pd":84,"sz":[5,6],"pai":[1,0,0,0,0,0,0,0,0,1,1,1,0,1,0,0,1,2,0,1,0,0,0,0,0,0,0,0,0,1,1,0,1,1],"z":0,"us":[300702]}
2017-02-20 11:41:57pais:{"dt":30,"hz":-1,"s":0,"pd":84,"sz":[5,6],"pai":[0,3,0,0,1,0,0,0,1,0,1,1,0,0,1,0,1,0,2,0,0,1,0,0,0,0,0,0,0,0,1,0,0,0],"z":0,"us":[300703]}
0摸牌19
通知玩家0摸牌:{"dt":30,"pd":83,"ot":128,"m":19,"us":[300700]}
通知其他玩家有摸牌事件:{"dt":30,"t":256,"pd":83,"idx":0,"us":[300701,300702,300703]}
0:出牌1
通知其他人0出牌:{"dt":30,"c":1,"t":128,"pd":83,"it":false,"idx":0,"dr":false,"us":[300700,300701,300702,300703]}
通知3-517
3摸牌27
通知玩家3摸牌:{"dt":30,"pd":82,"ot":128,"m":27,"us":[300703]}
通知其他玩家有摸牌事件:{"dt":30,"t":256,"pd":82,"idx":3,"us":[300700,300701,300702]}
3:出牌8
通知其他人3出牌:{"dt":30,"c":8,"t":128,"pd":82,"it":false,"idx":3,"dr":false,"us":[300700,300701,300702,300703]}
通知0-517
0摸牌3
通知玩家0摸牌:{"dt":30,"pd":81,"ot":128,"m":3,"us":[300700]}
通知其他玩家有摸牌事件:{"dt":30,"t":256,"pd":81,"idx":0,"us":[300701,300702,300703]}
0:出牌27
通知其他人0出牌:{"dt":30,"c":27,"t":128,"pd":81,"it":false,"idx":0,"dr":false,"us":[300700,300701,300702,300703]}
1摸牌17
通知玩家1摸牌:{"dt":30,"pd":80,"ot":128,"m":17,"us":[300701]}
通知其他玩家有摸牌事件:{"dt":30,"t":256,"pd":80,"idx":1,"us":[300700,300702,300703]}
1:出牌27
通知其他人1出牌:{"dt":30,"c":27,"t":128,"pd":80,"it":false,"idx":1,"dr":false,"us":[300700,300701,300702,300703]}
2摸牌24
通知玩家2摸牌:{"dt":30,"pd":79,"ot":128,"m":24,"us":[300702]}
通知其他玩家有摸牌事件:{"dt":30,"t":256,"pd":79,"idx":2,"us":[300700,300701,300703]}
2:出牌0
通知其他人2出牌:{"dt":30,"c":0,"t":128,"pd":79,"it":false,"idx":2,"dr":false,"us":[300700,300701,300702,300703]}
3摸牌14
通知玩家3摸牌:{"dt":30,"pd":78,"ot":128,"m":14,"us":[300703]}
通知其他玩家有摸牌事件:{"dt":30,"t":256,"pd":78,"idx":3,"us":[300700,300701,300702]}
3:出牌27
通知其他人3出牌:{"dt":30,"c":27,"t":128,"pd":78,"it":false,"idx":3,"dr":false,"us":[300700,300701,300702,300703]}
0摸牌6
通知玩家0摸牌:{"dt":30,"pd":77,"ot":128,"m":6,"us":[300700]}
通知其他玩家有摸牌事件:{"dt":30,"t":256,"pd":77,"idx":0,"us":[300701,300702,300703]}
0:出牌24
通知其他人0出牌:{"dt":30,"c":24,"t":128,"pd":77,"it":false,"idx":0,"dr":false,"us":[300700,300701,300702,300703]}
通知1-513
通知1-128
1:出牌17
通知其他人1出牌:{"dt":30,"c":17,"t":128,"pd":77,"it":false,"idx":1,"dr":false,"us":[300700,300701,300702,300703]}
通知2-513
通知2-128
2:出牌9
通知其他人2出牌:{"dt":30,"c":9,"t":128,"pd":77,"it":false,"idx":2,"dr":false,"us":[300700,300701,300702,300703]}
3摸牌4
通知玩家3摸牌:{"dt":30,"pd":76,"ot":128,"m":4,"us":[300703]}
通知其他玩家有摸牌事件:{"dt":30,"t":256,"pd":76,"idx":3,"us":[300700,300701,300702]}
3:出牌16
通知其他人3出牌:{"dt":30,"c":16,"t":128,"pd":76,"it":false,"idx":3,"dr":false,"us":[300700,300701,300702,300703]}
0摸牌19
通知玩家0摸牌:{"dt":30,"pd":75,"ot":128,"m":19,"us":[300700]}
通知其他玩家有摸牌事件:{"dt":30,"t":256,"pd":75,"idx":0,"us":[300701,300702,300703]}
0:出牌11
通知其他人0出牌:{"dt":30,"c":11,"t":128,"pd":75,"it":false,"idx":0,"dr":false,"us":[300700,300701,300702,300703]}
1摸牌28
通知玩家1摸牌:{"dt":30,"pd":74,"ot":128,"m":28,"us":[300701]}
通知其他玩家有摸牌事件:{"dt":30,"t":256,"pd":74,"idx":1,"us":[300700,300702,300703]}
1:出牌29
通知其他人1出牌:{"dt":30,"c":29,"t":128,"pd":74,"it":false,"idx":1,"dr":false,"us":[300700,300701,300702,300703]}
2摸牌0
通知玩家2摸牌:{"dt":30,"pd":73,"ot":128,"m":0,"us":[300702]}
通知其他玩家有摸牌事件:{"dt":30,"t":256,"pd":73,"idx":2,"us":[300700,300701,300703]}
2:出牌24
通知其他人2出牌:{"dt":30,"c":24,"t":128,"pd":73,"it":false,"idx":2,"dr":false,"us":[300700,300701,300702,300703]}
3摸牌31
通知玩家3摸牌:{"dt":30,"pd":72,"ot":128,"m":31,"us":[300703]}
通知其他玩家有摸牌事件:{"dt":30,"t":256,"pd":72,"idx":3,"us":[300700,300701,300702]}
3:出牌31
通知其他人3出牌:{"dt":30,"c":31,"t":128,"pd":72,"it":false,"idx":3,"dr":false,"us":[300700,300701,300702,300703]}
0摸牌5
通知玩家0摸牌:{"dt":30,"pd":71,"ot":128,"m":5,"us":[300700]}
通知其他玩家有摸牌事件:{"dt":30,"t":256,"pd":71,"idx":0,"us":[300701,300702,300703]}
0:出牌3
通知其他人0出牌:{"dt":30,"c":3,"t":128,"pd":71,"it":false,"idx":0,"dr":false,"us":[300700,300701,300702,300703]}
1摸牌9
通知玩家1摸牌:{"dt":30,"pd":70,"ot":128,"m":9,"us":[300701]}
通知其他玩家有摸牌事件:{"dt":30,"t":256,"pd":70,"idx":1,"us":[300700,300702,300703]}
1:出牌14
通知其他人1出牌:{"dt":30,"c":14,"t":128,"pd":70,"it":false,"idx":1,"dr":false,"us":[300700,300701,300702,300703]}
通知3-513
通知3-128
3:出牌30
通知其他人3出牌:{"dt":30,"c":30,"t":128,"pd":70,"it":false,"idx":3,"dr":false,"us":[300700,300701,300702,300703]}
0摸牌13
通知玩家0摸牌:{"dt":30,"pd":69,"ot":128,"m":13,"us":[300700]}
通知其他玩家有摸牌事件:{"dt":30,"t":256,"pd":69,"idx":0,"us":[300701,300702,300703]}
0:出牌13
通知其他人0出牌:{"dt":30,"c":13,"t":128,"pd":69,"it":false,"idx":0,"dr":false,"us":[300700,300701,300702,300703]}
1摸牌28
通知玩家1摸牌:{"dt":30,"pd":68,"ot":128,"m":28,"us":[300701]}
通知其他玩家有摸牌事件:{"dt":30,"t":256,"pd":68,"idx":1,"us":[300700,300702,300703]}
1:出牌5
通知其他人1出牌:{"dt":30,"c":5,"t":128,"pd":68,"it":false,"idx":1,"dr":false,"us":[300700,300701,300702,300703]}
通知0-513
通知0-128
0:出牌6
通知其他人0出牌:{"dt":30,"c":6,"t":128,"pd":68,"it":false,"idx":0,"dr":false,"us":[300700,300701,300702,300703]}
1摸牌15
通知玩家1摸牌:{"dt":30,"pd":67,"ot":128,"m":15,"us":[300701]}
通知其他玩家有摸牌事件:{"dt":30,"t":256,"pd":67,"idx":1,"us":[300700,300702,300703]}
1:出牌7
通知其他人1出牌:{"dt":30,"c":7,"t":128,"pd":67,"it":false,"idx":1,"dr":false,"us":[300700,300701,300702,300703]}
2摸牌22
通知玩家2摸牌:{"dt":30,"pd":66,"ot":128,"m":22,"us":[300702]}
通知其他玩家有摸牌事件:{"dt":30,"t":256,"pd":66,"idx":2,"us":[300700,300701,300703]}
2:出牌0
通知其他人2出牌:{"dt":30,"c":0,"t":128,"pd":66,"it":false,"idx":2,"dr":false,"us":[300700,300701,300702,300703]}
3摸牌13
通知玩家3摸牌:{"dt":30,"pd":65,"ot":128,"m":13,"us":[300703]}
通知其他玩家有摸牌事件:{"dt":30,"t":256,"pd":65,"idx":3,"us":[300700,300701,300702]}
3:出牌13
通知其他人3出牌:{"dt":30,"c":13,"t":128,"pd":65,"it":false,"idx":3,"dr":false,"us":[300700,300701,300702,300703]}
0摸牌6
通知玩家0摸牌:{"dt":30,"pd":64,"ot":128,"m":6,"us":[300700]}
通知其他玩家有摸牌事件:{"dt":30,"t":256,"pd":64,"idx":0,"us":[300701,300702,300703]}
0:出牌6
通知其他人0出牌:{"dt":30,"c":6,"t":128,"pd":64,"it":false,"idx":0,"dr":false,"us":[300700,300701,300702,300703]}
1摸牌2
通知玩家1摸牌:{"dt":30,"pd":63,"ot":128,"m":2,"us":[300701]}
通知其他玩家有摸牌事件:{"dt":30,"t":256,"pd":63,"idx":1,"us":[300700,300702,300703]}
1:出牌2
通知其他人1出牌:{"dt":30,"c":2,"t":128,"pd":63,"it":false,"idx":1,"dr":false,"us":[300700,300701,300702,300703]}
2摸牌2
通知玩家2摸牌:{"dt":30,"pd":62,"ot":128,"m":2,"us":[300702]}
通知其他玩家有摸牌事件:{"dt":30,"t":256,"pd":62,"idx":2,"us":[300700,300701,300703]}
2:出牌2
通知其他人2出牌:{"dt":30,"c":2,"t":128,"pd":62,"it":false,"idx":2,"dr":false,"us":[300700,300701,300702,300703]}
3摸牌12
3没有听牌，且可以听牌
通知玩家3摸牌:{"dt":30,"pd":61,"ot":192,"m":12,"us":[300703],"ts":[{"chu":21,"hu":[4,18]}]}
通知其他玩家有摸牌事件:{"dt":30,"t":256,"pd":61,"idx":3,"us":[300700,300701,300702]}
3:出牌21
通知其他人3出牌:{"dt":30,"c":21,"t":128,"pd":61,"it":true,"idx":3,"dr":false,"us":[300700,300701,300702,300703]}
0摸牌20
通知玩家0摸牌:{"dt":30,"pd":60,"ot":128,"m":20,"us":[300700]}
通知其他玩家有摸牌事件:{"dt":30,"t":256,"pd":60,"idx":0,"us":[300701,300702,300703]}
2017-02-20 17:04:19pais:{"dt":30,"hz":-1,"s":0,"pd":84,"sz":[5,5],"pai":[0,1,0,1,1,0,0,0,0,0,0,0,1,0,0,0,1,0,0,2,0,0,0,0,0,1,1,1,2,0,1,0,0,0],"z":0,"us":[300627]}
2017-02-20 17:04:19pais:{"dt":30,"hz":-1,"s":0,"pd":84,"sz":[5,5],"pai":[1,1,1,0,0,0,1,0,0,1,0,1,0,0,0,0,1,0,0,0,1,2,0,0,0,1,0,0,0,1,1,0,0,0],"z":0,"us":[300647]}
2017-02-20 17:04:19pais:{"dt":30,"hz":-1,"s":0,"pd":84,"sz":[5,5],"pai":[0,0,1,0,0,1,1,1,0,1,0,0,0,1,0,0,0,0,0,0,0,0,0,2,1,0,1,1,0,0,0,0,1,1],"z":0,"us":[300681]}
2017-02-20 17:04:19pais:{"dt":30,"hz":-1,"s":0,"pd":84,"sz":[5,5],"pai":[1,1,0,0,0,1,0,0,0,1,0,1,0,0,1,2,0,1,0,0,0,0,0,0,0,0,1,1,0,1,0,0,1,0],"z":0,"us":[300682]}
0摸牌12
通知玩家0摸牌:{"dt":30,"pd":83,"ot":128,"m":12,"us":[300627]}
通知其他玩家有摸牌事件:{"dt":30,"t":256,"pd":83,"idx":0,"us":[300647,300681,300682]}
0:出牌16
通知其他人0出牌:{"dt":30,"c":16,"t":128,"pd":83,"it":false,"idx":0,"dr":false,"us":[300647,300627,300681,300682]}
1摸牌7
通知玩家1摸牌:{"dt":30,"pd":82,"ot":128,"m":7,"us":[300647]}
通知其他玩家有摸牌事件:{"dt":30,"t":256,"pd":82,"idx":1,"us":[300627,300681,300682]}
1:出牌16
通知其他人1出牌:{"dt":30,"c":16,"t":128,"pd":82,"it":false,"idx":1,"dr":false,"us":[300647,300627,300681,300682]}
2摸牌25
通知玩家2摸牌:{"dt":30,"pd":81,"ot":128,"m":25,"us":[300681]}
通知其他玩家有摸牌事件:{"dt":30,"t":256,"pd":81,"idx":2,"us":[300647,300627,300682]}
2:出牌9
通知其他人2出牌:{"dt":30,"c":9,"t":128,"pd":81,"it":false,"idx":2,"dr":false,"us":[300647,300627,300681,300682]}
3摸牌18
通知玩家3摸牌:{"dt":30,"pd":80,"ot":128,"m":18,"us":[300682]}
通知其他玩家有摸牌事件:{"dt":30,"t":256,"pd":80,"idx":3,"us":[300647,300627,300681]}
3:出牌27
通知其他人3出牌:{"dt":30,"c":27,"t":128,"pd":80,"it":false,"idx":3,"dr":false,"us":[300647,300627,300681,300682]}
0摸牌8
通知玩家0摸牌:{"dt":30,"pd":79,"ot":128,"m":8,"us":[300627]}
通知其他玩家有摸牌事件:{"dt":30,"t":256,"pd":79,"idx":0,"us":[300647,300681,300682]}
0:出牌8
通知其他人0出牌:{"dt":30,"c":8,"t":128,"pd":79,"it":false,"idx":0,"dr":false,"us":[300647,300627,300681,300682]}
1摸牌20
通知玩家1摸牌:{"dt":30,"pd":78,"ot":128,"m":20,"us":[300647]}
通知其他玩家有摸牌事件:{"dt":30,"t":256,"pd":78,"idx":1,"us":[300627,300681,300682]}
1:出牌9
通知其他人1出牌:{"dt":30,"c":9,"t":128,"pd":78,"it":false,"idx":1,"dr":false,"us":[300647,300627,300681,300682]}
2摸牌22
通知玩家2摸牌:{"dt":30,"pd":77,"ot":128,"m":22,"us":[300681]}
通知其他玩家有摸牌事件:{"dt":30,"t":256,"pd":77,"idx":2,"us":[300647,300627,300682]}
2:出牌33
通知其他人2出牌:{"dt":30,"c":33,"t":128,"pd":77,"it":false,"idx":2,"dr":false,"us":[300647,300627,300681,300682]}
3摸牌15
通知玩家3摸牌:{"dt":30,"pd":76,"ot":128,"m":15,"us":[300682]}
通知其他玩家有摸牌事件:{"dt":30,"t":256,"pd":76,"idx":3,"us":[300647,300627,300681]}
3:出牌18
通知其他人3出牌:{"dt":30,"c":18,"t":128,"pd":76,"it":false,"idx":3,"dr":false,"us":[300647,300627,300681,300682]}
0摸牌9
通知玩家0摸牌:{"dt":30,"pd":75,"ot":128,"m":9,"us":[300627]}
通知其他玩家有摸牌事件:{"dt":30,"t":256,"pd":75,"idx":0,"us":[300647,300681,300682]}
0:出牌9
通知其他人0出牌:{"dt":30,"c":9,"t":128,"pd":75,"it":false,"idx":0,"dr":false,"us":[300647,300627,300681,300682]}
1摸牌17
通知玩家1摸牌:{"dt":30,"pd":74,"ot":128,"m":17,"us":[300647]}
通知其他玩家有摸牌事件:{"dt":30,"t":256,"pd":74,"idx":1,"us":[300627,300681,300682]}
1:出牌17
通知其他人1出牌:{"dt":30,"c":17,"t":128,"pd":74,"it":false,"idx":1,"dr":false,"us":[300647,300627,300681,300682]}
2摸牌23
通知玩家2摸牌:{"dt":30,"pd":73,"ot":128,"m":23,"us":[300681]}
通知其他玩家有摸牌事件:{"dt":30,"t":256,"pd":73,"idx":2,"us":[300647,300627,300682]}
2:出牌27
通知其他人2出牌:{"dt":30,"c":27,"t":128,"pd":73,"it":false,"idx":2,"dr":false,"us":[300647,300627,300681,300682]}
3摸牌19
通知玩家3摸牌:{"dt":30,"pd":72,"ot":128,"m":19,"us":[300682]}
通知其他玩家有摸牌事件:{"dt":30,"t":256,"pd":72,"idx":3,"us":[300647,300627,300681]}
3:出牌29
通知其他人3出牌:{"dt":30,"c":29,"t":128,"pd":72,"it":false,"idx":3,"dr":false,"us":[300647,300627,300681,300682]}
0摸牌10
通知玩家0摸牌:{"dt":30,"pd":71,"ot":128,"m":10,"us":[300627]}
通知其他玩家有摸牌事件:{"dt":30,"t":256,"pd":71,"idx":0,"us":[300647,300681,300682]}
0:出牌26
通知其他人0出牌:{"dt":30,"c":26,"t":128,"pd":71,"it":false,"idx":0,"dr":false,"us":[300647,300627,300681,300682]}
1摸牌30
通知玩家1摸牌:{"dt":30,"pd":70,"ot":128,"m":30,"us":[300647]}
通知其他玩家有摸牌事件:{"dt":30,"t":256,"pd":70,"idx":1,"us":[300627,300681,300682]}
1:出牌29
通知其他人1出牌:{"dt":30,"c":29,"t":128,"pd":70,"it":false,"idx":1,"dr":false,"us":[300647,300627,300681,300682]}
2摸牌26
通知玩家2摸牌:{"dt":30,"pd":69,"ot":128,"m":26,"us":[300681]}
通知其他玩家有摸牌事件:{"dt":30,"t":256,"pd":69,"idx":2,"us":[300647,300627,300682]}
2:出牌32
通知其他人2出牌:{"dt":30,"c":32,"t":128,"pd":69,"it":false,"idx":2,"dr":false,"us":[300647,300627,300681,300682]}
3摸牌22
通知玩家3摸牌:{"dt":30,"pd":68,"ot":128,"m":22,"us":[300682]}
通知其他玩家有摸牌事件:{"dt":30,"t":256,"pd":68,"idx":3,"us":[300647,300627,300681]}
3:出牌32
通知其他人3出牌:{"dt":30,"c":32,"t":128,"pd":68,"it":false,"idx":3,"dr":false,"us":[300647,300627,300681,300682]}
0摸牌17
通知玩家0摸牌:{"dt":30,"pd":67,"ot":128,"m":17,"us":[300627]}
通知其他玩家有摸牌事件:{"dt":30,"t":256,"pd":67,"idx":0,"us":[300647,300681,300682]}
0:出牌30
通知其他人0出牌:{"dt":30,"c":30,"t":128,"pd":67,"it":false,"idx":0,"dr":false,"us":[300647,300627,300681,300682]}
通知1-513
通知1-128
1:出牌11
通知其他人1出牌:{"dt":30,"c":11,"t":128,"pd":67,"it":false,"idx":1,"dr":false,"us":[300647,300627,300681,300682]}
2摸牌10
通知玩家2摸牌:{"dt":30,"pd":66,"ot":128,"m":10,"us":[300681]}
通知其他玩家有摸牌事件:{"dt":30,"t":256,"pd":66,"idx":2,"us":[300647,300627,300682]}
2:出牌10
通知其他人2出牌:{"dt":30,"c":10,"t":128,"pd":66,"it":false,"idx":2,"dr":false,"us":[300647,300627,300681,300682]}
3摸牌12
通知玩家3摸牌:{"dt":30,"pd":65,"ot":128,"m":12,"us":[300682]}
通知其他玩家有摸牌事件:{"dt":30,"t":256,"pd":65,"idx":3,"us":[300647,300627,300681]}
3:出牌9
通知其他人3出牌:{"dt":30,"c":9,"t":128,"pd":65,"it":false,"idx":3,"dr":false,"us":[300647,300627,300681,300682]}
0摸牌14
通知玩家0摸牌:{"dt":30,"pd":64,"ot":128,"m":14,"us":[300627]}
通知其他玩家有摸牌事件:{"dt":30,"t":256,"pd":64,"idx":0,"us":[300647,300681,300682]}
0:出牌17
通知其他人0出牌:{"dt":30,"c":17,"t":128,"pd":64,"it":false,"idx":0,"dr":false,"us":[300647,300627,300681,300682]}
1摸牌6
通知玩家1摸牌:{"dt":30,"pd":63,"ot":128,"m":6,"us":[300647]}
通知其他玩家有摸牌事件:{"dt":30,"t":256,"pd":63,"idx":1,"us":[300627,300681,300682]}
1:出牌7
通知其他人1出牌:{"dt":30,"c":7,"t":128,"pd":63,"it":false,"idx":1,"dr":false,"us":[300647,300627,300681,300682]}
2摸牌18
通知玩家2摸牌:{"dt":30,"pd":62,"ot":128,"m":18,"us":[300681]}
通知其他玩家有摸牌事件:{"dt":30,"t":256,"pd":62,"idx":2,"us":[300647,300627,300682]}
2:出牌13
通知其他人2出牌:{"dt":30,"c":13,"t":128,"pd":62,"it":false,"idx":2,"dr":false,"us":[300647,300627,300681,300682]}
3摸牌5
通知玩家3摸牌:{"dt":30,"pd":61,"ot":128,"m":5,"us":[300682]}
通知其他玩家有摸牌事件:{"dt":30,"t":256,"pd":61,"idx":3,"us":[300647,300627,300681]}
3:出牌0
通知其他人3出牌:{"dt":30,"c":0,"t":128,"pd":61,"it":false,"idx":3,"dr":false,"us":[300647,300627,300681,300682]}
0摸牌7
通知玩家0摸牌:{"dt":30,"pd":60,"ot":128,"m":7,"us":[300627]}
通知其他玩家有摸牌事件:{"dt":30,"t":256,"pd":60,"idx":0,"us":[300647,300681,300682]}
0:出牌7
通知其他人0出牌:{"dt":30,"c":7,"t":128,"pd":60,"it":false,"idx":0,"dr":false,"us":[300647,300627,300681,300682]}
1摸牌19
1没有听牌，且可以听牌
通知玩家1摸牌:{"dt":30,"pd":59,"ot":192,"m":19,"us":[300647],"ts":[{"chu":25,"hu":[19,22]}]}
通知其他玩家有摸牌事件:{"dt":30,"t":256,"pd":59,"idx":1,"us":[300627,300681,300682]}
1:出牌25
通知其他人1出牌:{"dt":30,"c":25,"t":128,"pd":59,"it":true,"idx":1,"dr":false,"us":[300647,300627,300681,300682]}
2摸牌2
通知玩家2摸牌:{"dt":30,"pd":58,"ot":128,"m":2,"us":[300681]}
通知其他玩家有摸牌事件:{"dt":30,"t":256,"pd":58,"idx":2,"us":[300647,300627,300682]}
2017-02-20 17:27:29pais:{"dt":30,"hz":-1,"s":0,"pd":84,"sz":[2,4],"pai":[0,0,0,0,0,0,0,1,0,1,0,0,0,1,1,1,0,0,0,0,0,0,2,0,1,1,0,2,0,0,0,0,0,2],"z":0,"us":[300627]}
2017-02-20 17:27:29pais:{"dt":30,"hz":-1,"s":0,"pd":84,"sz":[2,4],"pai":[0,1,0,0,1,1,1,0,0,0,0,0,0,0,0,0,1,0,0,1,0,0,0,0,1,0,0,0,1,0,1,2,1,1],"z":0,"us":[300647]}
2017-02-20 17:27:29pais:{"dt":30,"hz":-1,"s":0,"pd":84,"sz":[2,4],"pai":[0,1,0,2,0,2,1,0,2,0,1,0,1,1,0,0,0,0,0,0,0,0,0,0,0,0,1,1,0,0,0,0,0,0],"z":0,"us":[300681]}
2017-02-20 17:27:29pais:{"dt":30,"hz":-1,"s":0,"pd":84,"sz":[2,4],"pai":[0,0,0,1,0,0,0,1,1,0,0,0,1,0,3,0,0,0,0,0,0,0,1,1,0,0,0,0,0,2,1,0,1,0],"z":0,"us":[300682]}
0摸牌16
通知玩家0摸牌:{"dt":30,"pd":83,"ot":128,"m":16,"us":[300627]}
通知其他玩家有摸牌事件:{"dt":30,"t":256,"pd":83,"idx":0,"us":[300647,300681,300682]}
0:出牌7
通知其他人0出牌:{"dt":30,"c":7,"t":128,"pd":83,"it":false,"idx":0,"dr":false,"us":[300647,300627,300681,300682]}
1摸牌21
通知玩家1摸牌:{"dt":30,"pd":82,"ot":128,"m":21,"us":[300647]}
通知其他玩家有摸牌事件:{"dt":30,"t":256,"pd":82,"idx":1,"us":[300627,300681,300682]}
1:出牌33
通知其他人1出牌:{"dt":30,"c":33,"t":128,"pd":82,"it":false,"idx":1,"dr":false,"us":[300647,300627,300681,300682]}
通知0-513
通知0-128
0:出牌9
通知其他人0出牌:{"dt":30,"c":9,"t":128,"pd":82,"it":false,"idx":0,"dr":false,"us":[300647,300627,300681,300682]}
1摸牌11
通知玩家1摸牌:{"dt":30,"pd":81,"ot":128,"m":11,"us":[300647]}
通知其他玩家有摸牌事件:{"dt":30,"t":256,"pd":81,"idx":1,"us":[300627,300681,300682]}
1:出牌11
通知其他人1出牌:{"dt":30,"c":11,"t":128,"pd":81,"it":false,"idx":1,"dr":false,"us":[300647,300627,300681,300682]}
2摸牌0
通知玩家2摸牌:{"dt":30,"pd":80,"ot":128,"m":0,"us":[300681]}
通知其他玩家有摸牌事件:{"dt":30,"t":256,"pd":80,"idx":2,"us":[300647,300627,300682]}
2:出牌27
通知其他人2出牌:{"dt":30,"c":27,"t":128,"pd":80,"it":false,"idx":2,"dr":false,"us":[300647,300627,300681,300682]}
通知0-513
碰牌之后有听牌
0:出牌13
通知其他人0出牌:{"dt":30,"c":13,"t":128,"pd":80,"it":true,"idx":0,"dr":false,"us":[300647,300627,300681,300682]}
1摸牌24
通知玩家1摸牌:{"dt":30,"pd":79,"ot":128,"m":24,"us":[300647]}
通知其他玩家有摸牌事件:{"dt":30,"t":256,"pd":79,"idx":1,"us":[300627,300681,300682]}
1:出牌16
通知其他人1出牌:{"dt":30,"c":16,"t":128,"pd":79,"it":false,"idx":1,"dr":false,"us":[300647,300627,300681,300682]}
2摸牌29
通知玩家2摸牌:{"dt":30,"pd":78,"ot":128,"m":29,"us":[300681]}
通知其他玩家有摸牌事件:{"dt":30,"t":256,"pd":78,"idx":2,"us":[300647,300627,300682]}
2:出牌29
通知其他人2出牌:{"dt":30,"c":29,"t":128,"pd":78,"it":false,"idx":2,"dr":false,"us":[300647,300627,300681,300682]}
通知3-513
通知3-128
3:出牌8
通知其他人3出牌:{"dt":30,"c":8,"t":128,"pd":78,"it":false,"idx":3,"dr":false,"us":[300647,300627,300681,300682]}
通知2-513
通知2-128
2:出牌10
通知其他人2出牌:{"dt":30,"c":10,"t":128,"pd":78,"it":false,"idx":2,"dr":false,"us":[300647,300627,300681,300682]}
3摸牌20
通知玩家3摸牌:{"dt":30,"pd":77,"ot":128,"m":20,"us":[300682]}
通知其他玩家有摸牌事件:{"dt":30,"t":256,"pd":77,"idx":3,"us":[300647,300627,300681]}
3:出牌20
通知其他人3出牌:{"dt":30,"c":20,"t":128,"pd":77,"it":false,"idx":3,"dr":false,"us":[300647,300627,300681,300682]}
0摸牌13
0已经听牌
通知玩家0摸牌:{"dt":30,"pd":76,"ot":128,"m":13,"us":[300627]}
通知其他玩家有摸牌事件:{"dt":30,"t":256,"pd":76,"idx":0,"us":[300647,300681,300682]}
0:出牌13
通知其他人0出牌:{"dt":30,"c":13,"t":128,"pd":76,"it":false,"idx":0,"dr":false,"us":[300647,300627,300681,300682]}
1摸牌30
通知玩家1摸牌:{"dt":30,"pd":75,"ot":128,"m":30,"us":[300647]}
通知其他玩家有摸牌事件:{"dt":30,"t":256,"pd":75,"idx":1,"us":[300627,300681,300682]}
1:出牌28
通知其他人1出牌:{"dt":30,"c":28,"t":128,"pd":75,"it":false,"idx":1,"dr":false,"us":[300647,300627,300681,300682]}
2摸牌0
通知玩家2摸牌:{"dt":30,"pd":74,"ot":128,"m":0,"us":[300681]}
通知其他玩家有摸牌事件:{"dt":30,"t":256,"pd":74,"idx":2,"us":[300647,300627,300682]}
2:出牌26
通知其他人2出牌:{"dt":30,"c":26,"t":128,"pd":74,"it":false,"idx":2,"dr":false,"us":[300647,300627,300681,300682]}
通知0-528
3摸牌31
通知玩家3摸牌:{"dt":30,"pd":73,"ot":128,"m":31,"us":[300682]}
通知其他玩家有摸牌事件:{"dt":30,"t":256,"pd":73,"idx":3,"us":[300647,300627,300681]}
3:出牌30
通知其他人3出牌:{"dt":30,"c":30,"t":128,"pd":73,"it":false,"idx":3,"dr":false,"us":[300647,300627,300681,300682]}
通知1-513
通知1-128
1:出牌32
通知其他人1出牌:{"dt":30,"c":32,"t":128,"pd":73,"it":false,"idx":1,"dr":false,"us":[300647,300627,300681,300682]}
2摸牌20
通知玩家2摸牌:{"dt":30,"pd":72,"ot":128,"m":20,"us":[300681]}
通知其他玩家有摸牌事件:{"dt":30,"t":256,"pd":72,"idx":2,"us":[300647,300627,300682]}
2:出牌20
通知其他人2出牌:{"dt":30,"c":20,"t":128,"pd":72,"it":false,"idx":2,"dr":false,"us":[300647,300627,300681,300682]}
3摸牌32
通知玩家3摸牌:{"dt":30,"pd":71,"ot":128,"m":32,"us":[300682]}
通知其他玩家有摸牌事件:{"dt":30,"t":256,"pd":71,"idx":3,"us":[300647,300627,300681]}
3:出牌31
通知其他人3出牌:{"dt":30,"c":31,"t":128,"pd":71,"it":false,"idx":3,"dr":false,"us":[300647,300627,300681,300682]}
通知1-513
碰牌之后有听牌
1:出牌1
通知其他人1出牌:{"dt":30,"c":1,"t":128,"pd":71,"it":true,"idx":1,"dr":false,"us":[300647,300627,300681,300682]}
2摸牌7
通知玩家2摸牌:{"dt":30,"pd":70,"ot":128,"m":7,"us":[300681]}
通知其他玩家有摸牌事件:{"dt":30,"t":256,"pd":70,"idx":2,"us":[300647,300627,300682]}
2017-02-20 18:30:22pais:{"dt":30,"hz":-1,"s":0,"pd":84,"sz":[5,4],"pai":[0,0,0,1,1,1,1,0,0,0,0,0,1,0,0,1,1,1,0,0,1,0,0,0,0,0,2,0,0,1,0,0,1,0],"z":0,"us":[300627]}
2017-02-20 18:30:22pais:{"dt":30,"hz":-1,"s":0,"pd":84,"sz":[5,4],"pai":[2,0,1,0,0,0,1,1,1,0,0,0,0,1,0,2,0,0,0,0,1,1,1,0,0,0,1,0,0,0,0,0,0,0],"z":0,"us":[300647]}
2017-02-20 18:30:22pais:{"dt":30,"hz":-1,"s":0,"pd":84,"sz":[5,4],"pai":[0,0,0,0,0,0,0,0,1,1,0,1,1,0,1,0,0,0,0,0,0,1,1,1,0,0,0,1,1,0,0,2,0,1],"z":0,"us":[300681]}
2017-02-20 18:30:22pais:{"dt":30,"hz":-1,"s":0,"pd":84,"sz":[5,4],"pai":[0,0,0,0,1,0,0,0,0,0,1,0,1,0,0,1,1,0,0,0,0,0,0,1,0,0,1,1,0,2,1,0,1,1],"z":0,"us":[300682]}
0摸牌31
通知玩家0摸牌:{"dt":30,"pd":83,"ot":128,"m":31,"us":[300627]}
通知其他玩家有摸牌事件:{"dt":30,"t":256,"pd":83,"idx":0,"us":[300647,300681,300682]}
2017-02-20 21:17:47pais:{"dt":30,"hz":-1,"s":0,"pd":84,"sz":[4,3],"pai":[1,0,1,0,0,1,1,0,0,1,1,1,0,0,0,0,0,0,1,0,1,0,0,2,0,0,1,0,0,0,0,0,1,0],"z":0,"us":[300700]}
2017-02-20 21:17:47pais:{"dt":30,"hz":-1,"s":0,"pd":84,"sz":[4,3],"pai":[0,0,0,1,1,0,0,0,1,1,0,0,1,0,1,0,0,1,0,0,0,0,0,0,0,1,0,1,1,1,0,1,0,1],"z":0,"us":[300701]}
2017-02-20 21:17:47pais:{"dt":30,"hz":-1,"s":0,"pd":84,"sz":[4,3],"pai":[0,0,1,0,0,1,0,2,0,0,0,1,0,1,0,0,0,2,0,1,0,0,1,0,0,0,1,0,1,0,0,0,1,0],"z":0,"us":[300702]}
2017-02-20 21:17:47pais:{"dt":30,"hz":-1,"s":0,"pd":84,"sz":[4,3],"pai":[1,0,0,1,0,0,0,0,0,1,0,0,2,0,0,2,1,0,1,0,0,0,1,0,1,0,0,0,0,0,2,0,0,0],"z":0,"us":[300703]}
0摸牌23
通知玩家0摸牌:{"dt":30,"pd":83,"ot":128,"m":23,"us":[300700]}
通知其他玩家有摸牌事件:{"dt":30,"t":256,"pd":83,"idx":0,"us":[300701,300702,300703]}
0:出牌18
通知其他人0出牌:{"dt":30,"c":18,"t":128,"pd":83,"it":false,"idx":0,"dr":false,"us":[300700,300701,300702,300703]}
1摸牌14
通知玩家1摸牌:{"dt":30,"pd":82,"ot":128,"m":14,"us":[300701]}
通知其他玩家有摸牌事件:{"dt":30,"t":256,"pd":82,"idx":1,"us":[300700,300702,300703]}
1:出牌17
通知其他人1出牌:{"dt":30,"c":17,"t":128,"pd":82,"it":false,"idx":1,"dr":false,"us":[300700,300701,300702,300703]}
通知2-513
通知2-128
2:出牌11
通知其他人2出牌:{"dt":30,"c":11,"t":128,"pd":82,"it":false,"idx":2,"dr":false,"us":[300700,300701,300702,300703]}
3摸牌25
通知玩家3摸牌:{"dt":30,"pd":81,"ot":128,"m":25,"us":[300703]}
通知其他玩家有摸牌事件:{"dt":30,"t":256,"pd":81,"idx":3,"us":[300700,300701,300702]}
3:出牌18
通知其他人3出牌:{"dt":30,"c":18,"t":128,"pd":81,"it":false,"idx":3,"dr":false,"us":[300700,300701,300702,300703]}
0摸牌32
通知玩家0摸牌:{"dt":30,"pd":80,"ot":128,"m":32,"us":[300700]}
通知其他玩家有摸牌事件:{"dt":30,"t":256,"pd":80,"idx":0,"us":[300701,300702,300703]}
0:出牌20
通知其他人0出牌:{"dt":30,"c":20,"t":128,"pd":80,"it":false,"idx":0,"dr":false,"us":[300700,300701,300702,300703]}
1摸牌12
通知玩家1摸牌:{"dt":30,"pd":79,"ot":128,"m":12,"us":[300701]}
通知其他玩家有摸牌事件:{"dt":30,"t":256,"pd":79,"idx":1,"us":[300700,300702,300703]}
1:出牌25
通知其他人1出牌:{"dt":30,"c":25,"t":128,"pd":79,"it":false,"idx":1,"dr":false,"us":[300700,300701,300702,300703]}
2摸牌24
通知玩家2摸牌:{"dt":30,"pd":78,"ot":128,"m":24,"us":[300702]}
通知其他玩家有摸牌事件:{"dt":30,"t":256,"pd":78,"idx":2,"us":[300700,300701,300703]}
2:出牌32
通知其他人2出牌:{"dt":30,"c":32,"t":128,"pd":78,"it":false,"idx":2,"dr":false,"us":[300700,300701,300702,300703]}
通知0-513
通知0-128
0:出牌26
通知其他人0出牌:{"dt":30,"c":26,"t":128,"pd":78,"it":false,"idx":0,"dr":false,"us":[300700,300701,300702,300703]}
1摸牌25
通知玩家1摸牌:{"dt":30,"pd":77,"ot":128,"m":25,"us":[300701]}
通知其他玩家有摸牌事件:{"dt":30,"t":256,"pd":77,"idx":1,"us":[300700,300702,300703]}
1:出牌25
通知其他人1出牌:{"dt":30,"c":25,"t":128,"pd":77,"it":false,"idx":1,"dr":false,"us":[300700,300701,300702,300703]}
2摸牌21
通知玩家2摸牌:{"dt":30,"pd":76,"ot":128,"m":21,"us":[300702]}
通知其他玩家有摸牌事件:{"dt":30,"t":256,"pd":76,"idx":2,"us":[300700,300701,300703]}
2:出牌19
通知其他人2出牌:{"dt":30,"c":19,"t":128,"pd":76,"it":false,"idx":2,"dr":false,"us":[300700,300701,300702,300703]}
3摸牌8
通知玩家3摸牌:{"dt":30,"pd":75,"ot":128,"m":8,"us":[300703]}
通知其他玩家有摸牌事件:{"dt":30,"t":256,"pd":75,"idx":3,"us":[300700,300701,300702]}
3:出牌8
通知其他人3出牌:{"dt":30,"c":8,"t":128,"pd":75,"it":false,"idx":3,"dr":false,"us":[300700,300701,300702,300703]}
0摸牌16
通知玩家0摸牌:{"dt":30,"pd":74,"ot":128,"m":16,"us":[300700]}
通知其他玩家有摸牌事件:{"dt":30,"t":256,"pd":74,"idx":0,"us":[300701,300702,300703]}
0:出牌16
通知其他人0出牌:{"dt":30,"c":16,"t":128,"pd":74,"it":false,"idx":0,"dr":false,"us":[300700,300701,300702,300703]}
1摸牌20
通知玩家1摸牌:{"dt":30,"pd":73,"ot":128,"m":20,"us":[300701]}
通知其他玩家有摸牌事件:{"dt":30,"t":256,"pd":73,"idx":1,"us":[300700,300702,300703]}
1:出牌20
通知其他人1出牌:{"dt":30,"c":20,"t":128,"pd":73,"it":false,"idx":1,"dr":false,"us":[300700,300701,300702,300703]}
2摸牌25
通知玩家2摸牌:{"dt":30,"pd":72,"ot":128,"m":25,"us":[300702]}
通知其他玩家有摸牌事件:{"dt":30,"t":256,"pd":72,"idx":2,"us":[300700,300701,300703]}
2:出牌13
通知其他人2出牌:{"dt":30,"c":13,"t":128,"pd":72,"it":false,"idx":2,"dr":false,"us":[300700,300701,300702,300703]}
3摸牌27
通知玩家3摸牌:{"dt":30,"pd":71,"ot":128,"m":27,"us":[300703]}
通知其他玩家有摸牌事件:{"dt":30,"t":256,"pd":71,"idx":3,"us":[300700,300701,300702]}
3:出牌22
通知其他人3出牌:{"dt":30,"c":22,"t":128,"pd":71,"it":false,"idx":3,"dr":false,"us":[300700,300701,300702,300703]}
0摸牌31
通知玩家0摸牌:{"dt":30,"pd":70,"ot":128,"m":31,"us":[300700]}
通知其他玩家有摸牌事件:{"dt":30,"t":256,"pd":70,"idx":0,"us":[300701,300702,300703]}
0:出牌31
通知其他人0出牌:{"dt":30,"c":31,"t":128,"pd":70,"it":false,"idx":0,"dr":false,"us":[300700,300701,300702,300703]}
1摸牌20
通知玩家1摸牌:{"dt":30,"pd":69,"ot":128,"m":20,"us":[300701]}
通知其他玩家有摸牌事件:{"dt":30,"t":256,"pd":69,"idx":1,"us":[300700,300702,300703]}
1:出牌20
通知其他人1出牌:{"dt":30,"c":20,"t":128,"pd":69,"it":false,"idx":1,"dr":false,"us":[300700,300701,300702,300703]}
2摸牌7
通知玩家2摸牌:{"dt":30,"pd":68,"ot":128,"m":7,"us":[300702]}
通知其他玩家有摸牌事件:{"dt":30,"t":256,"pd":68,"idx":2,"us":[300700,300701,300703]}
2:出牌2
通知其他人2出牌:{"dt":30,"c":2,"t":128,"pd":68,"it":false,"idx":2,"dr":false,"us":[300700,300701,300702,300703]}
3摸牌0
通知玩家3摸牌:{"dt":30,"pd":67,"ot":128,"m":0,"us":[300703]}
通知其他玩家有摸牌事件:{"dt":30,"t":256,"pd":67,"idx":3,"us":[300700,300701,300702]}
3:出牌3
通知其他人3出牌:{"dt":30,"c":3,"t":128,"pd":67,"it":false,"idx":3,"dr":false,"us":[300700,300701,300702,300703]}
0摸牌18
通知玩家0摸牌:{"dt":30,"pd":66,"ot":128,"m":18,"us":[300700]}
通知其他玩家有摸牌事件:{"dt":30,"t":256,"pd":66,"idx":0,"us":[300701,300702,300703]}
0:出牌18
通知其他人0出牌:{"dt":30,"c":18,"t":128,"pd":66,"it":false,"idx":0,"dr":false,"us":[300700,300701,300702,300703]}
1摸牌18
通知玩家1摸牌:{"dt":30,"pd":65,"ot":128,"m":18,"us":[300701]}
通知其他玩家有摸牌事件:{"dt":30,"t":256,"pd":65,"idx":1,"us":[300700,300702,300703]}
1:出牌18
通知其他人1出牌:{"dt":30,"c":18,"t":128,"pd":65,"it":false,"idx":1,"dr":false,"us":[300700,300701,300702,300703]}
2摸牌3
通知玩家2摸牌:{"dt":30,"pd":64,"ot":128,"m":3,"us":[300702]}
通知其他玩家有摸牌事件:{"dt":30,"t":256,"pd":64,"idx":2,"us":[300700,300701,300703]}
2:出牌3
通知其他人2出牌:{"dt":30,"c":3,"t":128,"pd":64,"it":false,"idx":2,"dr":false,"us":[300700,300701,300702,300703]}
3摸牌6
通知玩家3摸牌:{"dt":30,"pd":63,"ot":128,"m":6,"us":[300703]}
通知其他玩家有摸牌事件:{"dt":30,"t":256,"pd":63,"idx":3,"us":[300700,300701,300702]}
3:出牌6
通知其他人3出牌:{"dt":30,"c":6,"t":128,"pd":63,"it":false,"idx":3,"dr":false,"us":[300700,300701,300702,300703]}
0摸牌15
通知玩家0摸牌:{"dt":30,"pd":62,"ot":128,"m":15,"us":[300700]}
通知其他玩家有摸牌事件:{"dt":30,"t":256,"pd":62,"idx":0,"us":[300701,300702,300703]}
0:出牌15
通知其他人0出牌:{"dt":30,"c":15,"t":128,"pd":62,"it":false,"idx":0,"dr":false,"us":[300700,300701,300702,300703]}
通知3-513
通知3-128
3:出牌16
通知其他人3出牌:{"dt":30,"c":16,"t":128,"pd":62,"it":false,"idx":3,"dr":false,"us":[300700,300701,300702,300703]}
0摸牌2
0没有听牌，且可以听牌
通知玩家0摸牌:{"dt":30,"pd":61,"ot":192,"m":2,"us":[300700],"ts":[{"chu":0,"hu":[4,7]}]}
通知其他玩家有摸牌事件:{"dt":30,"t":256,"pd":61,"idx":0,"us":[300701,300702,300703]}
0:出牌0
通知其他人0出牌:{"dt":30,"c":0,"t":128,"pd":61,"it":true,"idx":0,"dr":false,"us":[300700,300701,300702,300703]}
1摸牌16
通知玩家1摸牌:{"dt":30,"pd":60,"ot":128,"m":16,"us":[300701]}
通知其他玩家有摸牌事件:{"dt":30,"t":256,"pd":60,"idx":1,"us":[300700,300702,300703]}
1:出牌16
通知其他人1出牌:{"dt":30,"c":16,"t":128,"pd":60,"it":false,"idx":1,"dr":false,"us":[300700,300701,300702,300703]}
2摸牌19
通知玩家2摸牌:{"dt":30,"pd":59,"ot":128,"m":19,"us":[300702]}
通知其他玩家有摸牌事件:{"dt":30,"t":256,"pd":59,"idx":2,"us":[300700,300701,300703]}
2:出牌28
通知其他人2出牌:{"dt":30,"c":28,"t":128,"pd":59,"it":false,"idx":2,"dr":false,"us":[300700,300701,300702,300703]}
3摸牌4
通知玩家3摸牌:{"dt":30,"pd":58,"ot":128,"m":4,"us":[300703]}
通知其他玩家有摸牌事件:{"dt":30,"t":256,"pd":58,"idx":3,"us":[300700,300701,300702]}
3:出牌4
通知其他人3出牌:{"dt":30,"c":4,"t":128,"pd":58,"it":false,"idx":3,"dr":false,"us":[300700,300701,300702,300703]}
0摸牌4
0已经听牌
通知玩家0摸牌:{"dt":30,"pd":57,"ot":144,"m":4,"us":[300700]}
通知其他玩家有摸牌事件:{"dt":30,"t":256,"pd":57,"idx":0,"us":[300701,300702,300703]}
2017-02-20 23:01:40pais:{"dt":30,"hz":15,"s":0,"pd":56,"sz":[5,2],"pai":[0,0,0,2,0,0,1,0,0,0,1,0,1,2,0,1,0,1,0,0,0,2,0,0,0,1,1,0,0,0,0,0,0,0],"z":0,"us":[300591]}
2017-02-20 23:01:40pais:{"dt":30,"hz":15,"s":0,"pd":56,"sz":[5,2],"pai":[0,0,1,1,0,0,0,2,0,1,0,1,0,0,0,0,1,1,0,1,0,1,1,0,1,1,0,0,0,0,0,0,0,0],"z":0,"us":[300592]}
2017-02-20 23:01:40pais:{"dt":30,"hz":15,"s":0,"pd":56,"sz":[5,2],"pai":[0,3,1,0,2,1,0,0,0,0,1,1,0,0,0,0,1,0,0,0,1,0,0,1,0,0,1,0,0,0,0,0,0,0],"z":0,"us":[300593]}
2017-02-20 23:01:40pais:{"dt":30,"hz":15,"s":0,"pd":56,"sz":[5,2],"pai":[2,1,0,0,1,0,0,0,1,0,0,0,1,0,1,1,0,0,0,1,1,0,1,0,1,1,0,0,0,0,0,0,0,0],"z":0,"us":[300594]}
0摸牌18
通知玩家0摸牌:{"dt":30,"pd":55,"ot":128,"m":18,"us":[300591]}
通知其他玩家有摸牌事件:{"dt":30,"t":256,"pd":55,"idx":0,"us":[300592,300593,300594]}
2017-02-20 23:03:15pais:{"dt":30,"hz":-1,"s":0,"pd":99,"sz":[4,4],"pai":[0,0,0,0,0,0,0,1,0,0,0,0,0,0,0,3,0,0,0,0,0,0,0,0,0,0,0,0,0,0,0,0,0,0],"z":0,"us":[300591]}
2017-02-20 23:03:15pais:{"dt":30,"hz":-1,"s":0,"pd":99,"sz":[4,4],"pai":[0,2,0,0,0,0,0,0,0,0,0,0,0,0,0,1,0,0,0,0,0,0,0,0,0,0,0,0,0,0,0,0,0,0],"z":0,"us":[300592]}
2017-02-20 23:03:15pais:{"dt":30,"hz":-1,"s":0,"pd":99,"sz":[4,4],"pai":[0,1,0,0,0,0,0,0,0,0,0,0,0,0,0,0,0,0,0,0,0,0,0,0,0,0,0,0,0,0,0,0,0,0],"z":0,"us":[300593]}
2017-02-20 23:03:15pais:{"dt":30,"hz":-1,"s":0,"pd":99,"sz":[4,4],"pai":[0,1,0,0,0,0,0,0,0,0,0,0,0,0,0,0,0,0,0,0,0,0,0,0,0,0,0,0,0,0,0,0,0,0],"z":0,"us":[300594]}
0摸牌0
0没有听牌，且可以听牌
通知玩家0摸牌:{"dt":30,"pd":98,"ot":192,"m":0,"us":[300591],"ts":[{"chu":0,"hu":[7]}]}
通知其他玩家有摸牌事件:{"dt":30,"t":256,"pd":98,"idx":0,"us":[300592,300593,300594]}
0:出牌0
通知其他人0出牌:{"dt":30,"c":0,"t":128,"pd":98,"it":false,"idx":0,"dr":false,"us":[300592,300593,300594,300591]}
1摸牌0
通知玩家1摸牌:{"dt":30,"pd":97,"ot":128,"m":0,"us":[300592]}
通知其他玩家有摸牌事件:{"dt":30,"t":256,"pd":97,"idx":1,"us":[300593,300594,300591]}
1:出牌15
通知其他人1出牌:{"dt":30,"c":15,"t":128,"pd":97,"it":false,"idx":1,"dr":false,"us":[300592,300593,300594,300591]}
通知0-517
0摸牌0
0没有听牌，且可以听牌
通知玩家0摸牌:{"dt":30,"pd":96,"ot":192,"m":0,"us":[300591],"ts":[{"chu":0,"hu":[7]}]}
通知其他玩家有摸牌事件:{"dt":30,"t":256,"pd":96,"idx":0,"us":[300592,300593,300594]}
2017-02-20 23:05:17pais:{"dt":30,"hz":15,"s":0,"pd":99,"sz":[3,6],"pai":[0,0,0,0,0,0,0,1,0,0,0,0,0,0,0,3,0,0,0,0,0,0,0,0,0,0,0,0,0,0,0,0,0,0],"z":0,"us":[300591]}
2017-02-20 23:05:17pais:{"dt":30,"hz":15,"s":0,"pd":99,"sz":[3,6],"pai":[0,2,0,0,0,0,0,0,0,0,0,0,0,0,0,1,0,0,0,0,0,0,0,0,0,0,0,0,0,0,0,0,0,0],"z":0,"us":[300592]}
2017-02-20 23:05:17pais:{"dt":30,"hz":15,"s":0,"pd":99,"sz":[3,6],"pai":[0,1,0,0,0,0,0,0,0,0,0,0,0,0,0,0,0,0,0,0,0,0,0,0,0,0,0,0,0,0,0,0,0,0],"z":0,"us":[300593]}
2017-02-20 23:05:17pais:{"dt":30,"hz":15,"s":0,"pd":99,"sz":[3,6],"pai":[0,1,0,0,0,0,0,0,0,0,0,0,0,0,0,0,0,0,0,0,0,0,0,0,0,0,0,0,0,0,0,0,0,0],"z":0,"us":[300594]}
0摸牌0
0没有听牌，且可以听牌
通知玩家0摸牌:{"dt":30,"pd":98,"ot":192,"m":0,"us":[300591],"ts":[{"chu":0,"hu":[6,7,8,14,16]},{"chu":7,"hu":[14,16]},{"chu":15,"hu":[6,7,8]}]}
通知其他玩家有摸牌事件:{"dt":30,"t":256,"pd":98,"idx":0,"us":[300592,300593,300594]}
0:出牌0
通知其他人0出牌:{"dt":30,"c":0,"t":128,"pd":98,"it":false,"idx":0,"dr":false,"us":[300592,300593,300594,300591]}
1摸牌0
通知玩家1摸牌:{"dt":30,"pd":97,"ot":128,"m":0,"us":[300592]}
通知其他玩家有摸牌事件:{"dt":30,"t":256,"pd":97,"idx":1,"us":[300593,300594,300591]}
1:出牌15
通知其他人1出牌:{"dt":30,"c":15,"t":128,"pd":97,"it":false,"idx":1,"dr":false,"us":[300592,300593,300594,300591]}
2摸牌0
通知玩家2摸牌:{"dt":30,"pd":96,"ot":128,"m":0,"us":[300593]}
通知其他玩家有摸牌事件:{"dt":30,"t":256,"pd":96,"idx":2,"us":[300592,300594,300591]}
2017-02-20 23:08:22pais:{"dt":30,"hz":15,"s":0,"pd":98,"sz":[5,5],"pai":[0,0,0,0,0,0,0,0,0,0,0,0,0,0,0,1,0,0,0,0,0,0,0,0,0,0,0,0,0,0,0,0,0,0],"z":0,"us":[300591]}
2017-02-20 23:08:22pais:{"dt":30,"hz":15,"s":0,"pd":98,"sz":[5,5],"pai":[0,0,0,1,1,0,0,0,0,0,0,0,0,0,0,3,0,0,0,0,0,0,1,1,0,0,0,0,0,0,0,0,0,0],"z":0,"us":[300592]}
2017-02-20 23:08:22pais:{"dt":30,"hz":15,"s":0,"pd":98,"sz":[5,5],"pai":[0,1,0,0,0,0,0,0,0,0,0,0,0,0,0,0,0,0,0,0,0,0,0,0,0,0,0,0,0,0,0,0,0,0],"z":0,"us":[300594]}
2017-02-20 23:08:22pais:{"dt":30,"hz":15,"s":0,"pd":98,"sz":[5,5],"pai":[0,1,0,0,0,0,0,0,0,0,0,0,0,0,0,0,0,0,0,0,0,0,0,0,0,0,0,0,0,0,0,0,0,0],"z":0,"us":[300593]}
0摸牌0
0没有听牌，且可以听牌
通知玩家0摸牌:{"dt":30,"pd":97,"ot":192,"m":0,"us":[300591],"ts":[{"chu":0,"hu":[14,16]}]}
通知其他玩家有摸牌事件:{"dt":30,"t":256,"pd":97,"idx":0,"us":[300592,300593,300594]}
0:出牌0
通知其他人0出牌:{"dt":30,"c":0,"t":128,"pd":97,"it":true,"idx":0,"dr":false,"us":[300592,300593,300594,300591]}
1摸牌0
1没有听牌，且可以听牌
通知玩家1摸牌:{"dt":30,"pd":96,"ot":192,"m":0,"us":[300592],"ts":[{"chu":0,"hu":[5,14,16,23,24]},{"chu":3,"hu":[5,24]},{"chu":4,"hu":[24]},{"chu":22,"hu":[5,23,24]},{"chu":23,"hu":[5,23]},{"chu":15,"hu":[5,24]}]}
通知其他玩家有摸牌事件:{"dt":30,"t":256,"pd":96,"idx":1,"us":[300593,300594,300591]}
1:出牌3
通知其他人1出牌:{"dt":30,"c":3,"t":128,"pd":96,"it":false,"idx":1,"dr":false,"us":[300592,300593,300594,300591]}
2摸牌0
通知玩家2摸牌:{"dt":30,"pd":95,"ot":128,"m":0,"us":[300594]}
通知其他玩家有摸牌事件:{"dt":30,"t":256,"pd":95,"idx":2,"us":[300592,300593,300591]}
2:出牌1
通知其他人2出牌:{"dt":30,"c":1,"t":128,"pd":95,"it":false,"idx":2,"dr":false,"us":[300592,300593,300594,300591]}
3摸牌0
通知玩家3摸牌:{"dt":30,"pd":94,"ot":128,"m":0,"us":[300593]}
通知其他玩家有摸牌事件:{"dt":30,"t":256,"pd":94,"idx":3,"us":[300592,300594,300591]}
3:出牌1
通知其他人3出牌:{"dt":30,"c":1,"t":128,"pd":94,"it":false,"idx":3,"dr":false,"us":[300592,300593,300594,300591]}
0摸牌1
0已经听牌
通知玩家0摸牌:{"dt":30,"pd":93,"ot":144,"m":1,"us":[300591]}
通知其他玩家有摸牌事件:{"dt":30,"t":256,"pd":93,"idx":0,"us":[300592,300593,300594]}
0摸牌0
0没有听牌，且可以听牌
通知玩家0摸牌:{"dt":30,"pd":97,"ot":192,"m":0,"us":[300591],"ts":[{"chu":0,"hu":[14,16]}]}
通知其他玩家有摸牌事件:{"dt":30,"t":256,"pd":97,"idx":0,"us":[300592,300593,300594]}
0:出牌0
通知其他人0出牌:{"dt":30,"c":0,"t":128,"pd":97,"it":true,"idx":0,"dr":false,"us":[300592,300593,300594,300591]}
1摸牌0
1没有听牌，且可以听牌
通知玩家1摸牌:{"dt":30,"pd":96,"ot":192,"m":0,"us":[300592],"ts":[{"chu":0,"hu":[5,14,16,23,24]},{"chu":3,"hu":[5,24]},{"chu":4,"hu":[24]},{"chu":22,"hu":[5,23,24]},{"chu":23,"hu":[5,23]},{"chu":15,"hu":[5,24]}]}
通知其他玩家有摸牌事件:{"dt":30,"t":256,"pd":96,"idx":1,"us":[300593,300594,300591]}
1:出牌15
通知其他人1出牌:{"dt":30,"c":15,"t":128,"pd":96,"it":false,"idx":1,"dr":false,"us":[300592,300593,300594,300591]}
2摸牌0
通知玩家2摸牌:{"dt":30,"pd":95,"ot":128,"m":0,"us":[300594]}
通知其他玩家有摸牌事件:{"dt":30,"t":256,"pd":95,"idx":2,"us":[300592,300593,300591]}
2:出牌0
通知其他人2出牌:{"dt":30,"c":0,"t":128,"pd":95,"it":false,"idx":2,"dr":false,"us":[300592,300593,300594,300591]}
3摸牌0
通知玩家3摸牌:{"dt":30,"pd":94,"ot":128,"m":0,"us":[300593]}
通知其他玩家有摸牌事件:{"dt":30,"t":256,"pd":94,"idx":3,"us":[300592,300594,300591]}
3:出牌0
通知其他人3出牌:{"dt":30,"c":0,"t":128,"pd":94,"it":false,"idx":3,"dr":false,"us":[300592,300593,300594,300591]}
0摸牌1
0已经听牌
通知玩家0摸牌:{"dt":30,"pd":93,"ot":144,"m":1,"us":[300591]}
通知其他玩家有摸牌事件:{"dt":30,"t":256,"pd":93,"idx":0,"us":[300592,300593,300594]}
2017-02-20 23:18:43pais:{"dt":30,"hz":15,"s":0,"pd":98,"sz":[5,3],"pai":[0,0,0,0,0,0,0,0,0,0,0,0,0,0,0,1,0,0,0,0,0,0,0,0,0,0,0,0,0,0,0,0,0,0],"z":0,"us":[300591]}
2017-02-20 23:18:43pais:{"dt":30,"hz":15,"s":0,"pd":98,"sz":[5,3],"pai":[0,0,0,1,1,0,0,0,0,0,0,0,0,0,0,3,0,0,0,0,0,0,1,1,0,0,0,0,0,0,0,0,0,0],"z":0,"us":[300592]}
2017-02-20 23:18:43pais:{"dt":30,"hz":15,"s":0,"pd":98,"sz":[5,3],"pai":[0,1,0,0,0,0,0,0,0,0,0,0,0,0,0,0,0,0,0,0,0,0,0,0,0,0,0,0,0,0,0,0,0,0],"z":0,"us":[300593]}
2017-02-20 23:18:43pais:{"dt":30,"hz":15,"s":0,"pd":98,"sz":[5,3],"pai":[0,1,0,0,0,0,0,0,0,0,0,0,0,0,0,0,0,0,0,0,0,0,0,0,0,0,0,0,0,0,0,0,0,0],"z":0,"us":[300594]}
0摸牌0
0没有听牌，且可以听牌
通知玩家0摸牌:{"dt":30,"pd":97,"ot":192,"m":0,"us":[300591],"ts":[{"chu":0,"hu":[14,16]}]}
通知其他玩家有摸牌事件:{"dt":30,"t":256,"pd":97,"idx":0,"us":[300592,300593,300594]}
0:出牌0
通知其他人0出牌:{"dt":30,"c":0,"t":128,"pd":97,"it":true,"idx":0,"dr":false,"us":[300592,300593,300594,300591]}
1摸牌0
1没有听牌，且可以听牌
通知玩家1摸牌:{"dt":30,"pd":96,"ot":192,"m":0,"us":[300592],"ts":[{"chu":0,"hu":[5,14,16,23,24]},{"chu":3,"hu":[5,24]},{"chu":4,"hu":[24]},{"chu":22,"hu":[5,23,24]},{"chu":23,"hu":[5,23]},{"chu":15,"hu":[5,24]}]}
通知其他玩家有摸牌事件:{"dt":30,"t":256,"pd":96,"idx":1,"us":[300593,300594,300591]}
1:出牌23
通知其他人1出牌:{"dt":30,"c":23,"t":128,"pd":96,"it":false,"idx":1,"dr":false,"us":[300592,300593,300594,300591]}
通知0-528
2摸牌0
通知玩家2摸牌:{"dt":30,"pd":95,"ot":128,"m":0,"us":[300593]}
通知其他玩家有摸牌事件:{"dt":30,"t":256,"pd":95,"idx":2,"us":[300592,300594,300591]}
2:出牌0
通知其他人2出牌:{"dt":30,"c":0,"t":128,"pd":95,"it":false,"idx":2,"dr":false,"us":[300592,300593,300594,300591]}
3摸牌0
通知玩家3摸牌:{"dt":30,"pd":94,"ot":128,"m":0,"us":[300594]}
通知其他玩家有摸牌事件:{"dt":30,"t":256,"pd":94,"idx":3,"us":[300592,300593,300591]}
3:出牌1
通知其他人3出牌:{"dt":30,"c":1,"t":128,"pd":94,"it":false,"idx":3,"dr":false,"us":[300592,300593,300594,300591]}
0摸牌1
0已经听牌
通知玩家0摸牌:{"dt":30,"pd":93,"ot":144,"m":1,"us":[300591]}
通知其他玩家有摸牌事件:{"dt":30,"t":256,"pd":93,"idx":0,"us":[300592,300593,300594]}
2017-02-20 23:23:06pais:{"dt":30,"hz":15,"s":0,"pd":95,"sz":[4,4],"pai":[0,2,0,0,0,0,0,0,0,0,0,0,0,1,1,0,0,0,0,0,0,0,0,0,0,0,0,0,0,0,0,0,0,0],"z":0,"us":[300591]}
2017-02-20 23:23:06pais:{"dt":30,"hz":15,"s":0,"pd":95,"sz":[4,4],"pai":[0,0,0,1,1,0,0,0,0,0,0,0,0,0,0,3,0,0,0,0,0,0,1,1,0,0,0,0,0,0,0,0,0,0],"z":0,"us":[300592]}
2017-02-20 23:23:06pais:{"dt":30,"hz":15,"s":0,"pd":95,"sz":[4,4],"pai":[0,1,0,0,0,0,0,0,0,0,0,0,0,0,0,0,0,0,0,0,0,0,0,0,0,0,0,0,0,0,0,0,0,0],"z":0,"us":[300593]}
2017-02-20 23:23:06pais:{"dt":30,"hz":15,"s":0,"pd":95,"sz":[4,4],"pai":[0,1,0,0,0,0,0,0,0,0,0,0,0,0,0,0,0,0,0,0,0,0,0,0,0,0,0,0,0,0,0,0,0,0],"z":0,"us":[300594]}
0摸牌0
通知玩家0摸牌:{"dt":30,"pd":94,"ot":128,"m":0,"us":[300591]}
通知其他玩家有摸牌事件:{"dt":30,"t":256,"pd":94,"idx":0,"us":[300592,300593,300594]}
0:出牌0
通知其他人0出牌:{"dt":30,"c":0,"t":128,"pd":94,"it":false,"idx":0,"dr":false,"us":[300592,300593,300594,300591]}
1摸牌0
1没有听牌，且可以听牌
通知玩家1摸牌:{"dt":30,"pd":93,"ot":192,"m":0,"us":[300592],"ts":[{"chu":0,"hu":[5,14,16,23,24]},{"chu":3,"hu":[5,24]},{"chu":4,"hu":[24]},{"chu":22,"hu":[5,23,24]},{"chu":23,"hu":[5,23]},{"chu":15,"hu":[5,24]}]}
通知其他玩家有摸牌事件:{"dt":30,"t":256,"pd":93,"idx":1,"us":[300593,300594,300591]}
1:出牌0
通知其他人1出牌:{"dt":30,"c":0,"t":128,"pd":93,"it":false,"idx":1,"dr":false,"us":[300592,300593,300594,300591]}
2摸牌0
通知玩家2摸牌:{"dt":30,"pd":92,"ot":128,"m":0,"us":[300593]}
通知其他玩家有摸牌事件:{"dt":30,"t":256,"pd":92,"idx":2,"us":[300592,300594,300591]}
2:出牌1
通知其他人2出牌:{"dt":30,"c":1,"t":128,"pd":92,"it":false,"idx":2,"dr":false,"us":[300592,300593,300594,300591]}
通知0-513
3摸牌0
通知玩家3摸牌:{"dt":30,"pd":91,"ot":128,"m":0,"us":[300594]}
通知其他玩家有摸牌事件:{"dt":30,"t":256,"pd":91,"idx":3,"us":[300592,300593,300591]}
3:出牌0
通知其他人3出牌:{"dt":30,"c":0,"t":128,"pd":91,"it":false,"idx":3,"dr":false,"us":[300592,300593,300594,300591]}
0摸牌2
通知玩家0摸牌:{"dt":30,"pd":90,"ot":128,"m":2,"us":[300591]}
通知其他玩家有摸牌事件:{"dt":30,"t":256,"pd":90,"idx":0,"us":[300592,300593,300594]}
0:出牌2
通知其他人0出牌:{"dt":30,"c":2,"t":128,"pd":90,"it":false,"idx":0,"dr":false,"us":[300592,300593,300594,300591]}
1摸牌2
1没有听牌，且可以听牌
通知玩家1摸牌:{"dt":30,"pd":89,"ot":192,"m":2,"us":[300592],"ts":[{"chu":2,"hu":[5,14,16,23,24]},{"chu":3,"hu":[5,14,16,23,24]},{"chu":4,"hu":[14,16,23,24]},{"chu":22,"hu":[5,14,16,23,24]},{"chu":23,"hu":[5,14,16,23]},{"chu":15,"hu":[5,14,16,23,24]}]}
通知其他玩家有摸牌事件:{"dt":30,"t":256,"pd":89,"idx":1,"us":[300593,300594,300591]}
2017-02-20 23:26:40pais:{"dt":30,"hz":0,"s":0,"pd":102,"sz":[6,5],"pai":[0,1,0,0,0,0,0,0,0,0,0,0,0,0,0,0,0,0,0,0,0,0,0,0,0,0,0,0,0,0,0,0,0,0],"z":0,"us":[300591]}
2017-02-20 23:26:40pais:{"dt":30,"hz":0,"s":0,"pd":102,"sz":[6,5],"pai":[0,0,0,0,0,0,0,0,0,0,0,0,0,0,0,1,0,0,0,0,0,0,0,0,0,0,0,0,0,0,0,0,0,0],"z":0,"us":[300592]}
2017-02-20 23:26:40pais:{"dt":30,"hz":0,"s":0,"pd":102,"sz":[6,5],"pai":[0,1,0,0,0,0,0,0,0,0,0,0,0,0,0,0,0,0,0,0,0,0,0,0,0,0,0,0,0,0,0,0,0,0],"z":0,"us":[300593]}
2017-02-20 23:26:40pais:{"dt":30,"hz":0,"s":0,"pd":102,"sz":[6,5],"pai":[0,0,0,0,0,0,1,0,0,0,0,0,0,0,0,2,0,0,0,0,0,0,0,0,0,0,0,0,0,0,0,0,0,0],"z":0,"us":[300594]}
0摸牌0
通知玩家0摸牌:{"dt":30,"pd":101,"ot":128,"m":0,"us":[300591]}
通知其他玩家有摸牌事件:{"dt":30,"t":256,"pd":101,"idx":0,"us":[300592,300593,300594]}
0:出牌1
通知其他人0出牌:{"dt":30,"c":1,"t":128,"pd":101,"it":false,"idx":0,"dr":false,"us":[300592,300593,300594,300591]}
1摸牌0
1没有听牌，且可以听牌
通知玩家1摸牌:{"dt":30,"pd":100,"ot":192,"m":0,"us":[300592],"ts":[{"chu":0,"hu":[15]}]}
通知其他玩家有摸牌事件:{"dt":30,"t":256,"pd":100,"idx":1,"us":[300593,300594,300591]}
1:出牌15
通知其他人1出牌:{"dt":30,"c":15,"t":128,"pd":100,"it":false,"idx":1,"dr":false,"us":[300592,300593,300594,300591]}
通知3-513
通知3-128
3:出牌6
通知其他人3出牌:{"dt":30,"c":6,"t":128,"pd":100,"it":false,"idx":3,"dr":false,"us":[300592,300593,300594,300591]}
0摸牌0
通知玩家0摸牌:{"dt":30,"pd":99,"ot":128,"m":0,"us":[300591]}
通知其他玩家有摸牌事件:{"dt":30,"t":256,"pd":99,"idx":0,"us":[300592,300593,300594]}
